[ 2016-05-15T14:03:17+08:00 ] 141.212.122.161 /
INFO: [ app_init ] --START--
INFO: Run Behavior\BuildLiteBehavior [ RunTime:0.000000s ]
INFO: [ app_init ] --END-- [ RunTime:0.000000s ]
INFO: [ app_begin ] --START--
INFO: Run Behavior\ReadHtmlCacheBehavior [ RunTime:0.000000s ]
INFO: [ app_begin ] --END-- [ RunTime:0.000000s ]
SQL: SHOW COLUMNS FROM `zp_information` [ RunTime:0.0000s ]
SQL: SELECT `id`,`title` FROM `zp_information` WHERE `class` = '工作动态'  [ RunTime:0.0000s ]
SQL: SELECT `id`,`title` FROM `zp_information` WHERE `class` = '相关信息'  [ RunTime:0.0156s ]
SQL: SELECT * FROM `zp_information` WHERE `class` = '相关信息' ORDER BY id desc  [ RunTime:0.0000s ]
SQL: SELECT * FROM `zp_information` WHERE `class` = '工作动态' ORDER BY id desc  [ RunTime:0.0000s ]
INFO: [ view_parse ] --START--
INFO: [ template_filter ] --START--
INFO: Run Behavior\ContentReplaceBehavior [ RunTime:0.000000s ]
INFO: [ template_filter ] --END-- [ RunTime:0.000000s ]
INFO: Run Behavior\ParseTemplateBehavior [ RunTime:0.015625s ]
INFO: [ view_parse ] --END-- [ RunTime:0.015625s ]
INFO: [ view_filter ] --START--
INFO: Run Behavior\WriteHtmlCacheBehavior [ RunTime:0.000000s ]
INFO: [ view_filter ] --END-- [ RunTime:0.000000s ]
INFO: [ app_end ] --START--
INFO: Run Behavior\ShowPageTraceBehavior [ RunTime:0.000000s ]
INFO: [ app_end ] --END-- [ RunTime:0.000000s ]

[ 2016-05-15T18:38:23+08:00 ] 169.229.3.91 
INFO: [ app_init ] --START--
INFO: Run Behavior\BuildLiteBehavior [ RunTime:0.000000s ]
INFO: [ app_init ] --END-- [ RunTime:0.000000s ]
INFO: [ app_begin ] --START--
INFO: Run Behavior\ReadHtmlCacheBehavior [ RunTime:0.000000s ]
INFO: [ app_begin ] --END-- [ RunTime:0.000000s ]
SQL: SHOW COLUMNS FROM `zp_information` [ RunTime:0.0156s ]
SQL: SELECT `id`,`title` FROM `zp_information` WHERE `class` = '工作动态'  [ RunTime:0.0000s ]
SQL: SELECT `id`,`title` FROM `zp_information` WHERE `class` = '相关信息'  [ RunTime:0.0000s ]
SQL: SELECT * FROM `zp_information` WHERE `class` = '相关信息' ORDER BY id desc  [ RunTime:0.0000s ]
SQL: SELECT * FROM `zp_information` WHERE `class` = '工作动态' ORDER BY id desc  [ RunTime:0.0000s ]
INFO: [ view_parse ] --START--
INFO: [ template_filter ] --START--
INFO: Run Behavior\ContentReplaceBehavior [ RunTime:0.000000s ]
INFO: [ template_filter ] --END-- [ RunTime:0.000000s ]
INFO: Run Behavior\ParseTemplateBehavior [ RunTime:0.031250s ]
INFO: [ view_parse ] --END-- [ RunTime:0.031250s ]
INFO: [ view_filter ] --START--
INFO: Run Behavior\WriteHtmlCacheBehavior [ RunTime:0.000000s ]
INFO: [ view_filter ] --END-- [ RunTime:0.000000s ]
INFO: [ app_end ] --START--
INFO: Run Behavior\ShowPageTraceBehavior [ RunTime:0.000000s ]
INFO: [ app_end ] --END-- [ RunTime:0.000000s ]

[ 2016-05-15T22:56:04+08:00 ] 118.193.27.2 /
INFO: [ app_init ] --START--
INFO: Run Behavior\BuildLiteBehavior [ RunTime:0.000000s ]
INFO: [ app_init ] --END-- [ RunTime:0.000000s ]
INFO: [ app_begin ] --START--
INFO: Run Behavior\ReadHtmlCacheBehavior [ RunTime:0.000000s ]
INFO: [ app_begin ] --END-- [ RunTime:0.000000s ]
SQL: SHOW COLUMNS FROM `zp_information` [ RunTime:0.0000s ]
SQL: SELECT `id`,`title` FROM `zp_information` WHERE `class` = '工作动态'  [ RunTime:0.0000s ]
SQL: SELECT `id`,`title` FROM `zp_information` WHERE `class` = '相关信息'  [ RunTime:0.0000s ]
SQL: SELECT * FROM `zp_information` WHERE `class` = '相关信息' ORDER BY id desc  [ RunTime:0.0000s ]
SQL: SELECT * FROM `zp_information` WHERE `class` = '工作动态' ORDER BY id desc  [ RunTime:0.0000s ]
INFO: [ view_parse ] --START--
INFO: [ template_filter ] --START--
INFO: Run Behavior\ContentReplaceBehavior [ RunTime:0.000000s ]
INFO: [ template_filter ] --END-- [ RunTime:0.000000s ]
INFO: Run Behavior\ParseTemplateBehavior [ RunTime:0.015625s ]
INFO: [ view_parse ] --END-- [ RunTime:0.015625s ]
INFO: [ view_filter ] --START--
INFO: Run Behavior\WriteHtmlCacheBehavior [ RunTime:0.000000s ]
INFO: [ view_filter ] --END-- [ RunTime:0.000000s ]
INFO: [ app_end ] --START--
INFO: Run Behavior\ShowPageTraceBehavior [ RunTime:0.000000s ]
INFO: [ app_end ] --END-- [ RunTime:0.000000s ]

[ 2016-05-15T23:36:20+08:00 ] 107.150.32.60 /
INFO: [ app_init ] --START--
INFO: Run Behavior\BuildLiteBehavior [ RunTime:0.000000s ]
INFO: [ app_init ] --END-- [ RunTime:0.000000s ]
INFO: [ app_begin ] --START--
INFO: Run Behavior\ReadHtmlCacheBehavior [ RunTime:0.000000s ]
INFO: [ app_begin ] --END-- [ RunTime:0.000000s ]
SQL: SHOW COLUMNS FROM `zp_information` [ RunTime:0.0156s ]
SQL: SELECT `id`,`title` FROM `zp_information` WHERE `class` = '工作动态'  [ RunTime:0.0000s ]
SQL: SELECT `id`,`title` FROM `zp_information` WHERE `class` = '相关信息'  [ RunTime:0.0000s ]
SQL: SELECT * FROM `zp_information` WHERE `class` = '相关信息' ORDER BY id desc  [ RunTime:0.0000s ]
SQL: SELECT * FROM `zp_information` WHERE `class` = '工作动态' ORDER BY id desc  [ RunTime:0.0000s ]
INFO: [ view_parse ] --START--
INFO: [ template_filter ] --START--
INFO: Run Behavior\ContentReplaceBehavior [ RunTime:0.000000s ]
INFO: [ template_filter ] --END-- [ RunTime:0.000000s ]
INFO: Run Behavior\ParseTemplateBehavior [ RunTime:0.015625s ]
INFO: [ view_parse ] --END-- [ RunTime:0.015625s ]
INFO: [ view_filter ] --START--
INFO: Run Behavior\WriteHtmlCacheBehavior [ RunTime:0.000000s ]
INFO: [ view_filter ] --END-- [ RunTime:0.000000s ]
INFO: [ app_end ] --START--
INFO: Run Behavior\ShowPageTraceBehavior [ RunTime:0.000000s ]
INFO: [ app_end ] --END-- [ RunTime:0.000000s ]

