[ 2016-03-20T02:10:05+08:00 ] 112.74.206.117 /
INFO: [ app_init ] --START--
INFO: Run Behavior\BuildLiteBehavior [ RunTime:0.000000s ]
INFO: [ app_init ] --END-- [ RunTime:0.000000s ]
INFO: [ app_begin ] --START--
INFO: Run Behavior\ReadHtmlCacheBehavior [ RunTime:0.000000s ]
INFO: [ app_begin ] --END-- [ RunTime:0.000000s ]
SQL: SHOW COLUMNS FROM `zp_information` [ RunTime:0.0000s ]
SQL: SELECT `id`,`title` FROM `zp_information` WHERE `class` = '工作动态'  [ RunTime:0.0000s ]
SQL: SELECT `id`,`title` FROM `zp_information` WHERE `class` = '相关信息'  [ RunTime:0.0000s ]
SQL: SELECT * FROM `zp_information` WHERE `class` = '相关信息' ORDER BY id desc  [ RunTime:0.0156s ]
SQL: SELECT * FROM `zp_information` WHERE `class` = '工作动态' ORDER BY id desc  [ RunTime:0.0000s ]
INFO: [ view_parse ] --START--
INFO: [ template_filter ] --START--
INFO: Run Behavior\ContentReplaceBehavior [ RunTime:0.000000s ]
INFO: [ template_filter ] --END-- [ RunTime:0.000000s ]
INFO: Run Behavior\ParseTemplateBehavior [ RunTime:0.015625s ]
INFO: [ view_parse ] --END-- [ RunTime:0.015625s ]
INFO: [ view_filter ] --START--
INFO: Run Behavior\WriteHtmlCacheBehavior [ RunTime:0.000000s ]
INFO: [ view_filter ] --END-- [ RunTime:0.000000s ]
INFO: [ app_end ] --START--
INFO: Run Behavior\ShowPageTraceBehavior [ RunTime:0.000000s ]
INFO: [ app_end ] --END-- [ RunTime:0.000000s ]

[ 2016-03-20T05:11:05+08:00 ] 108.26.200.209 /
INFO: [ app_init ] --START--
INFO: Run Behavior\BuildLiteBehavior [ RunTime:0.000000s ]
INFO: [ app_init ] --END-- [ RunTime:0.000000s ]
INFO: [ app_begin ] --START--
INFO: Run Behavior\ReadHtmlCacheBehavior [ RunTime:0.000000s ]
INFO: [ app_begin ] --END-- [ RunTime:0.000000s ]
SQL: SHOW COLUMNS FROM `zp_information` [ RunTime:0.0156s ]
SQL: SELECT `id`,`title` FROM `zp_information` WHERE `class` = '工作动态'  [ RunTime:0.0000s ]
SQL: SELECT `id`,`title` FROM `zp_information` WHERE `class` = '相关信息'  [ RunTime:0.0000s ]
SQL: SELECT * FROM `zp_information` WHERE `class` = '相关信息' ORDER BY id desc  [ RunTime:0.0000s ]
SQL: SELECT * FROM `zp_information` WHERE `class` = '工作动态' ORDER BY id desc  [ RunTime:0.0000s ]
INFO: [ view_parse ] --START--
INFO: [ template_filter ] --START--
INFO: Run Behavior\ContentReplaceBehavior [ RunTime:0.000000s ]
INFO: [ template_filter ] --END-- [ RunTime:0.000000s ]
INFO: Run Behavior\ParseTemplateBehavior [ RunTime:0.015625s ]
INFO: [ view_parse ] --END-- [ RunTime:0.015625s ]
INFO: [ view_filter ] --START--
INFO: Run Behavior\WriteHtmlCacheBehavior [ RunTime:0.000000s ]
INFO: [ view_filter ] --END-- [ RunTime:0.000000s ]
INFO: [ app_end ] --START--
INFO: Run Behavior\ShowPageTraceBehavior [ RunTime:0.000000s ]
INFO: [ app_end ] --END-- [ RunTime:0.000000s ]

[ 2016-03-20T05:11:06+08:00 ] 108.26.200.209 /
INFO: [ app_init ] --START--
INFO: Run Behavior\BuildLiteBehavior [ RunTime:0.000000s ]
INFO: [ app_init ] --END-- [ RunTime:0.000000s ]
INFO: [ app_begin ] --START--
INFO: Run Behavior\ReadHtmlCacheBehavior [ RunTime:0.015625s ]
INFO: [ app_begin ] --END-- [ RunTime:0.015625s ]
SQL: SHOW COLUMNS FROM `zp_information` [ RunTime:0.0000s ]
SQL: SELECT `id`,`title` FROM `zp_information` WHERE `class` = '工作动态'  [ RunTime:0.0000s ]
SQL: SELECT `id`,`title` FROM `zp_information` WHERE `class` = '相关信息'  [ RunTime:0.0000s ]
SQL: SELECT * FROM `zp_information` WHERE `class` = '相关信息' ORDER BY id desc  [ RunTime:0.0000s ]
SQL: SELECT * FROM `zp_information` WHERE `class` = '工作动态' ORDER BY id desc  [ RunTime:0.0000s ]
INFO: [ view_parse ] --START--
INFO: [ template_filter ] --START--
INFO: Run Behavior\ContentReplaceBehavior [ RunTime:0.000000s ]
INFO: [ template_filter ] --END-- [ RunTime:0.000000s ]
INFO: Run Behavior\ParseTemplateBehavior [ RunTime:0.015625s ]
INFO: [ view_parse ] --END-- [ RunTime:0.015625s ]
INFO: [ view_filter ] --START--
INFO: Run Behavior\WriteHtmlCacheBehavior [ RunTime:0.000000s ]
INFO: [ view_filter ] --END-- [ RunTime:0.000000s ]
INFO: [ app_end ] --START--
INFO: Run Behavior\ShowPageTraceBehavior [ RunTime:0.000000s ]
INFO: [ app_end ] --END-- [ RunTime:0.000000s ]

[ 2016-03-20T05:11:08+08:00 ] 108.26.200.209 /
INFO: [ app_init ] --START--
INFO: Run Behavior\BuildLiteBehavior [ RunTime:0.000000s ]
INFO: [ app_init ] --END-- [ RunTime:0.000000s ]
INFO: [ app_begin ] --START--
INFO: Run Behavior\ReadHtmlCacheBehavior [ RunTime:0.000000s ]
INFO: [ app_begin ] --END-- [ RunTime:0.000000s ]
SQL: SHOW COLUMNS FROM `zp_information` [ RunTime:0.0000s ]
SQL: SELECT `id`,`title` FROM `zp_information` WHERE `class` = '工作动态'  [ RunTime:0.0000s ]
SQL: SELECT `id`,`title` FROM `zp_information` WHERE `class` = '相关信息'  [ RunTime:0.0000s ]
SQL: SELECT * FROM `zp_information` WHERE `class` = '相关信息' ORDER BY id desc  [ RunTime:0.0000s ]
SQL: SELECT * FROM `zp_information` WHERE `class` = '工作动态' ORDER BY id desc  [ RunTime:0.0000s ]
INFO: [ view_parse ] --START--
INFO: [ template_filter ] --START--
INFO: Run Behavior\ContentReplaceBehavior [ RunTime:0.000000s ]
INFO: [ template_filter ] --END-- [ RunTime:0.000000s ]
INFO: Run Behavior\ParseTemplateBehavior [ RunTime:0.031250s ]
INFO: [ view_parse ] --END-- [ RunTime:0.031250s ]
INFO: [ view_filter ] --START--
INFO: Run Behavior\WriteHtmlCacheBehavior [ RunTime:0.000000s ]
INFO: [ view_filter ] --END-- [ RunTime:0.000000s ]
INFO: [ app_end ] --START--
INFO: Run Behavior\ShowPageTraceBehavior [ RunTime:0.000000s ]
INFO: [ app_end ] --END-- [ RunTime:0.000000s ]

[ 2016-03-20T05:15:26+08:00 ] 80.240.130.152 /
INFO: [ app_init ] --START--
INFO: Run Behavior\BuildLiteBehavior [ RunTime:0.000000s ]
INFO: [ app_init ] --END-- [ RunTime:0.000000s ]
INFO: [ app_begin ] --START--
INFO: Run Behavior\ReadHtmlCacheBehavior [ RunTime:0.000000s ]
INFO: [ app_begin ] --END-- [ RunTime:0.000000s ]
SQL: SHOW COLUMNS FROM `zp_information` [ RunTime:0.0000s ]
SQL: SELECT `id`,`title` FROM `zp_information` WHERE `class` = '工作动态'  [ RunTime:0.0000s ]
SQL: SELECT `id`,`title` FROM `zp_information` WHERE `class` = '相关信息'  [ RunTime:0.0000s ]
SQL: SELECT * FROM `zp_information` WHERE `class` = '相关信息' ORDER BY id desc  [ RunTime:0.0000s ]
SQL: SELECT * FROM `zp_information` WHERE `class` = '工作动态' ORDER BY id desc  [ RunTime:0.0156s ]
INFO: [ view_parse ] --START--
INFO: [ template_filter ] --START--
INFO: Run Behavior\ContentReplaceBehavior [ RunTime:0.000000s ]
INFO: [ template_filter ] --END-- [ RunTime:0.015625s ]
INFO: Run Behavior\ParseTemplateBehavior [ RunTime:0.015625s ]
INFO: [ view_parse ] --END-- [ RunTime:0.015625s ]
INFO: [ view_filter ] --START--
INFO: Run Behavior\WriteHtmlCacheBehavior [ RunTime:0.000000s ]
INFO: [ view_filter ] --END-- [ RunTime:0.000000s ]
INFO: [ app_end ] --START--
INFO: Run Behavior\ShowPageTraceBehavior [ RunTime:0.000000s ]
INFO: [ app_end ] --END-- [ RunTime:0.000000s ]

[ 2016-03-20T05:15:35+08:00 ] 80.240.130.152 /
INFO: [ app_init ] --START--
INFO: Run Behavior\BuildLiteBehavior [ RunTime:0.000000s ]
INFO: [ app_init ] --END-- [ RunTime:0.000000s ]
INFO: [ app_begin ] --START--
INFO: Run Behavior\ReadHtmlCacheBehavior [ RunTime:0.000000s ]
INFO: [ app_begin ] --END-- [ RunTime:0.000000s ]
SQL: SHOW COLUMNS FROM `zp_information` [ RunTime:0.0000s ]
SQL: SELECT `id`,`title` FROM `zp_information` WHERE `class` = '工作动态'  [ RunTime:0.0000s ]
SQL: SELECT `id`,`title` FROM `zp_information` WHERE `class` = '相关信息'  [ RunTime:0.0000s ]
SQL: SELECT * FROM `zp_information` WHERE `class` = '相关信息' ORDER BY id desc  [ RunTime:0.0000s ]
SQL: SELECT * FROM `zp_information` WHERE `class` = '工作动态' ORDER BY id desc  [ RunTime:0.0000s ]
INFO: [ view_parse ] --START--
INFO: [ template_filter ] --START--
INFO: Run Behavior\ContentReplaceBehavior [ RunTime:0.000000s ]
INFO: [ template_filter ] --END-- [ RunTime:0.000000s ]
INFO: Run Behavior\ParseTemplateBehavior [ RunTime:0.015625s ]
INFO: [ view_parse ] --END-- [ RunTime:0.015625s ]
INFO: [ view_filter ] --START--
INFO: Run Behavior\WriteHtmlCacheBehavior [ RunTime:0.000000s ]
INFO: [ view_filter ] --END-- [ RunTime:0.000000s ]
INFO: [ app_end ] --START--
INFO: Run Behavior\ShowPageTraceBehavior [ RunTime:0.000000s ]
INFO: [ app_end ] --END-- [ RunTime:0.000000s ]

[ 2016-03-20T05:16:02+08:00 ] 80.240.130.152 /
INFO: [ app_init ] --START--
INFO: Run Behavior\BuildLiteBehavior [ RunTime:0.000000s ]
INFO: [ app_init ] --END-- [ RunTime:0.000000s ]
INFO: [ app_begin ] --START--
INFO: Run Behavior\ReadHtmlCacheBehavior [ RunTime:0.000000s ]
INFO: [ app_begin ] --END-- [ RunTime:0.000000s ]
SQL: SHOW COLUMNS FROM `zp_information` [ RunTime:0.0000s ]
SQL: SELECT `id`,`title` FROM `zp_information` WHERE `class` = '工作动态'  [ RunTime:0.0000s ]
SQL: SELECT `id`,`title` FROM `zp_information` WHERE `class` = '相关信息'  [ RunTime:0.0000s ]
SQL: SELECT * FROM `zp_information` WHERE `class` = '相关信息' ORDER BY id desc  [ RunTime:0.0000s ]
SQL: SELECT * FROM `zp_information` WHERE `class` = '工作动态' ORDER BY id desc  [ RunTime:0.0000s ]
INFO: [ view_parse ] --START--
INFO: [ template_filter ] --START--
INFO: Run Behavior\ContentReplaceBehavior [ RunTime:0.000000s ]
INFO: [ template_filter ] --END-- [ RunTime:0.000000s ]
INFO: Run Behavior\ParseTemplateBehavior [ RunTime:0.031250s ]
INFO: [ view_parse ] --END-- [ RunTime:0.031250s ]
INFO: [ view_filter ] --START--
INFO: Run Behavior\WriteHtmlCacheBehavior [ RunTime:0.000000s ]
INFO: [ view_filter ] --END-- [ RunTime:0.000000s ]
INFO: [ app_end ] --START--
INFO: Run Behavior\ShowPageTraceBehavior [ RunTime:0.000000s ]
INFO: [ app_end ] --END-- [ RunTime:0.000000s ]

[ 2016-03-20T12:20:39+08:00 ] 58.30.249.220 http://www.so.com/
INFO: [ app_init ] --START--
INFO: Run Behavior\BuildLiteBehavior [ RunTime:0.000000s ]
INFO: [ app_init ] --END-- [ RunTime:0.000000s ]
INFO: [ app_begin ] --START--
INFO: Run Behavior\ReadHtmlCacheBehavior [ RunTime:0.000000s ]
INFO: [ app_begin ] --END-- [ RunTime:0.000000s ]
SQL: SHOW COLUMNS FROM `zp_information` [ RunTime:0.0000s ]
SQL: SELECT `id`,`title` FROM `zp_information` WHERE `class` = '工作动态'  [ RunTime:0.0000s ]
SQL: SELECT `id`,`title` FROM `zp_information` WHERE `class` = '相关信息'  [ RunTime:0.0000s ]
SQL: SELECT * FROM `zp_information` WHERE `class` = '相关信息' ORDER BY id desc  [ RunTime:0.0000s ]
SQL: SELECT * FROM `zp_information` WHERE `class` = '工作动态' ORDER BY id desc  [ RunTime:0.0000s ]
INFO: [ view_parse ] --START--
INFO: [ template_filter ] --START--
INFO: Run Behavior\ContentReplaceBehavior [ RunTime:0.000000s ]
INFO: [ template_filter ] --END-- [ RunTime:0.000000s ]
INFO: Run Behavior\ParseTemplateBehavior [ RunTime:0.031250s ]
INFO: [ view_parse ] --END-- [ RunTime:0.031250s ]
INFO: [ view_filter ] --START--
INFO: Run Behavior\WriteHtmlCacheBehavior [ RunTime:0.000000s ]
INFO: [ view_filter ] --END-- [ RunTime:0.000000s ]
INFO: [ app_end ] --START--
INFO: Run Behavior\ShowPageTraceBehavior [ RunTime:0.000000s ]
INFO: [ app_end ] --END-- [ RunTime:0.000000s ]

[ 2016-03-20T18:25:44+08:00 ] 23.253.107.96 /
INFO: [ app_init ] --START--
INFO: Run Behavior\BuildLiteBehavior [ RunTime:0.000000s ]
INFO: [ app_init ] --END-- [ RunTime:0.000000s ]
INFO: [ app_begin ] --START--
INFO: Run Behavior\ReadHtmlCacheBehavior [ RunTime:0.000000s ]
INFO: [ app_begin ] --END-- [ RunTime:0.000000s ]
SQL: SHOW COLUMNS FROM `zp_information` [ RunTime:0.0156s ]
SQL: SELECT `id`,`title` FROM `zp_information` WHERE `class` = '工作动态'  [ RunTime:0.0000s ]
SQL: SELECT `id`,`title` FROM `zp_information` WHERE `class` = '相关信息'  [ RunTime:0.0000s ]
SQL: SELECT * FROM `zp_information` WHERE `class` = '相关信息' ORDER BY id desc  [ RunTime:0.0000s ]
SQL: SELECT * FROM `zp_information` WHERE `class` = '工作动态' ORDER BY id desc  [ RunTime:0.0000s ]
INFO: [ view_parse ] --START--
INFO: [ template_filter ] --START--
INFO: Run Behavior\ContentReplaceBehavior [ RunTime:0.000000s ]
INFO: [ template_filter ] --END-- [ RunTime:0.000000s ]
INFO: Run Behavior\ParseTemplateBehavior [ RunTime:0.015625s ]
INFO: [ view_parse ] --END-- [ RunTime:0.015625s ]
INFO: [ view_filter ] --START--
INFO: Run Behavior\WriteHtmlCacheBehavior [ RunTime:0.000000s ]
INFO: [ view_filter ] --END-- [ RunTime:0.000000s ]
INFO: [ app_end ] --START--
INFO: Run Behavior\ShowPageTraceBehavior [ RunTime:0.000000s ]
INFO: [ app_end ] --END-- [ RunTime:0.000000s ]

[ 2016-03-20T18:25:45+08:00 ] 23.253.107.96 /
INFO: [ app_init ] --START--
INFO: Run Behavior\BuildLiteBehavior [ RunTime:0.000000s ]
INFO: [ app_init ] --END-- [ RunTime:0.000000s ]
INFO: [ app_begin ] --START--
INFO: Run Behavior\ReadHtmlCacheBehavior [ RunTime:0.000000s ]
INFO: [ app_begin ] --END-- [ RunTime:0.000000s ]
SQL: SHOW COLUMNS FROM `zp_information` [ RunTime:0.0000s ]
SQL: SELECT `id`,`title` FROM `zp_information` WHERE `class` = '工作动态'  [ RunTime:0.0156s ]
SQL: SELECT `id`,`title` FROM `zp_information` WHERE `class` = '相关信息'  [ RunTime:0.0000s ]
SQL: SELECT * FROM `zp_information` WHERE `class` = '相关信息' ORDER BY id desc  [ RunTime:0.0000s ]
SQL: SELECT * FROM `zp_information` WHERE `class` = '工作动态' ORDER BY id desc  [ RunTime:0.0000s ]
INFO: [ view_parse ] --START--
INFO: [ template_filter ] --START--
INFO: Run Behavior\ContentReplaceBehavior [ RunTime:0.000000s ]
INFO: [ template_filter ] --END-- [ RunTime:0.000000s ]
INFO: Run Behavior\ParseTemplateBehavior [ RunTime:0.015625s ]
INFO: [ view_parse ] --END-- [ RunTime:0.015625s ]
INFO: [ view_filter ] --START--
INFO: Run Behavior\WriteHtmlCacheBehavior [ RunTime:0.000000s ]
INFO: [ view_filter ] --END-- [ RunTime:0.000000s ]
INFO: [ app_end ] --START--
INFO: Run Behavior\ShowPageTraceBehavior [ RunTime:0.000000s ]
INFO: [ app_end ] --END-- [ RunTime:0.000000s ]

[ 2016-03-20T18:25:47+08:00 ] 23.253.107.96 /
INFO: [ app_init ] --START--
INFO: Run Behavior\BuildLiteBehavior [ RunTime:0.000000s ]
INFO: [ app_init ] --END-- [ RunTime:0.000000s ]
INFO: [ app_begin ] --START--
INFO: Run Behavior\ReadHtmlCacheBehavior [ RunTime:0.000000s ]
INFO: [ app_begin ] --END-- [ RunTime:0.000000s ]
SQL: SHOW COLUMNS FROM `zp_information` [ RunTime:0.0000s ]
SQL: SELECT `id`,`title` FROM `zp_information` WHERE `class` = '工作动态'  [ RunTime:0.0000s ]
SQL: SELECT `id`,`title` FROM `zp_information` WHERE `class` = '相关信息'  [ RunTime:0.0000s ]
SQL: SELECT * FROM `zp_information` WHERE `class` = '相关信息' ORDER BY id desc  [ RunTime:0.0000s ]
SQL: SELECT * FROM `zp_information` WHERE `class` = '工作动态' ORDER BY id desc  [ RunTime:0.0000s ]
INFO: [ view_parse ] --START--
INFO: [ template_filter ] --START--
INFO: Run Behavior\ContentReplaceBehavior [ RunTime:0.000000s ]
INFO: [ template_filter ] --END-- [ RunTime:0.000000s ]
INFO: Run Behavior\ParseTemplateBehavior [ RunTime:0.015625s ]
INFO: [ view_parse ] --END-- [ RunTime:0.015625s ]
INFO: [ view_filter ] --START--
INFO: Run Behavior\WriteHtmlCacheBehavior [ RunTime:0.015625s ]
INFO: [ view_filter ] --END-- [ RunTime:0.015625s ]
INFO: [ app_end ] --START--
INFO: Run Behavior\ShowPageTraceBehavior [ RunTime:0.000000s ]
INFO: [ app_end ] --END-- [ RunTime:0.000000s ]

[ 2016-03-20T23:43:38+08:00 ] 123.59.59.52 http://www.mafengwo.cn/
INFO: [ app_init ] --START--
INFO: Run Behavior\BuildLiteBehavior [ RunTime:0.000000s ]
INFO: [ app_init ] --END-- [ RunTime:0.000000s ]
INFO: [ app_begin ] --START--
INFO: Run Behavior\ReadHtmlCacheBehavior [ RunTime:0.015625s ]
INFO: [ app_begin ] --END-- [ RunTime:0.015625s ]
SQL: SHOW COLUMNS FROM `zp_information` [ RunTime:0.0000s ]
SQL: SELECT `id`,`title` FROM `zp_information` WHERE `class` = '工作动态'  [ RunTime:0.0000s ]
SQL: SELECT `id`,`title` FROM `zp_information` WHERE `class` = '相关信息'  [ RunTime:0.0000s ]
SQL: SELECT * FROM `zp_information` WHERE `class` = '相关信息' ORDER BY id desc  [ RunTime:0.0000s ]
SQL: SELECT * FROM `zp_information` WHERE `class` = '工作动态' ORDER BY id desc  [ RunTime:0.0000s ]
INFO: [ view_parse ] --START--
INFO: [ template_filter ] --START--
INFO: Run Behavior\ContentReplaceBehavior [ RunTime:0.000000s ]
INFO: [ template_filter ] --END-- [ RunTime:0.000000s ]
INFO: Run Behavior\ParseTemplateBehavior [ RunTime:0.031250s ]
INFO: [ view_parse ] --END-- [ RunTime:0.031250s ]
INFO: [ view_filter ] --START--
INFO: Run Behavior\WriteHtmlCacheBehavior [ RunTime:0.000000s ]
INFO: [ view_filter ] --END-- [ RunTime:0.000000s ]
INFO: [ app_end ] --START--
INFO: Run Behavior\ShowPageTraceBehavior [ RunTime:0.000000s ]
INFO: [ app_end ] --END-- [ RunTime:0.000000s ]

