[ 2016-07-01T00:50:13+08:00 ] 182.118.60.101 /
INFO: [ app_init ] --START--
INFO: Run Behavior\BuildLiteBehavior [ RunTime:0.000000s ]
INFO: [ app_init ] --END-- [ RunTime:0.000000s ]
INFO: [ app_begin ] --START--
INFO: Run Behavior\ReadHtmlCacheBehavior [ RunTime:0.000000s ]
INFO: [ app_begin ] --END-- [ RunTime:0.000000s ]
SQL: SHOW COLUMNS FROM `zp_information` [ RunTime:0.0000s ]
SQL: SELECT `id`,`title` FROM `zp_information` WHERE `class` = '工作动态'  [ RunTime:0.0000s ]
SQL: SELECT `id`,`title` FROM `zp_information` WHERE `class` = '相关信息'  [ RunTime:0.0000s ]
SQL: SELECT * FROM `zp_information` WHERE `class` = '相关信息' ORDER BY id desc  [ RunTime:0.0000s ]
SQL: SELECT * FROM `zp_information` WHERE `class` = '工作动态' ORDER BY id desc  [ RunTime:0.0000s ]
INFO: [ view_parse ] --START--
INFO: [ template_filter ] --START--
INFO: Run Behavior\ContentReplaceBehavior [ RunTime:0.000000s ]
INFO: [ template_filter ] --END-- [ RunTime:0.000000s ]
INFO: Run Behavior\ParseTemplateBehavior [ RunTime:0.015625s ]
INFO: [ view_parse ] --END-- [ RunTime:0.015625s ]
INFO: [ view_filter ] --START--
INFO: Run Behavior\WriteHtmlCacheBehavior [ RunTime:0.000000s ]
INFO: [ view_filter ] --END-- [ RunTime:0.000000s ]
INFO: [ app_end ] --START--
INFO: Run Behavior\ShowPageTraceBehavior [ RunTime:0.000000s ]
INFO: [ app_end ] --END-- [ RunTime:0.000000s ]

[ 2016-07-01T04:53:27+08:00 ] 101.4.109.50 /
INFO: [ app_init ] --START--
INFO: Run Behavior\BuildLiteBehavior [ RunTime:0.000000s ]
INFO: [ app_init ] --END-- [ RunTime:0.000000s ]
INFO: [ app_begin ] --START--
INFO: Run Behavior\ReadHtmlCacheBehavior [ RunTime:0.000000s ]
INFO: [ app_begin ] --END-- [ RunTime:0.000000s ]
SQL: SHOW COLUMNS FROM `zp_information` [ RunTime:0.0156s ]
SQL: SELECT `id`,`title` FROM `zp_information` WHERE `class` = '工作动态'  [ RunTime:0.0000s ]
SQL: SELECT `id`,`title` FROM `zp_information` WHERE `class` = '相关信息'  [ RunTime:0.0000s ]
SQL: SELECT * FROM `zp_information` WHERE `class` = '相关信息' ORDER BY id desc  [ RunTime:0.0000s ]
SQL: SELECT * FROM `zp_information` WHERE `class` = '工作动态' ORDER BY id desc  [ RunTime:0.0000s ]
INFO: [ view_parse ] --START--
INFO: [ template_filter ] --START--
INFO: Run Behavior\ContentReplaceBehavior [ RunTime:0.000000s ]
INFO: [ template_filter ] --END-- [ RunTime:0.000000s ]
INFO: Run Behavior\ParseTemplateBehavior [ RunTime:0.031250s ]
INFO: [ view_parse ] --END-- [ RunTime:0.031250s ]
INFO: [ view_filter ] --START--
INFO: Run Behavior\WriteHtmlCacheBehavior [ RunTime:0.000000s ]
INFO: [ view_filter ] --END-- [ RunTime:0.000000s ]
INFO: [ app_end ] --START--
INFO: Run Behavior\ShowPageTraceBehavior [ RunTime:0.000000s ]
INFO: [ app_end ] --END-- [ RunTime:0.000000s ]

[ 2016-07-01T06:36:43+08:00 ] 45.56.67.146 /
INFO: [ app_init ] --START--
INFO: Run Behavior\BuildLiteBehavior [ RunTime:0.000000s ]
INFO: [ app_init ] --END-- [ RunTime:0.000000s ]
INFO: [ app_begin ] --START--
INFO: Run Behavior\ReadHtmlCacheBehavior [ RunTime:0.000000s ]
INFO: [ app_begin ] --END-- [ RunTime:0.000000s ]
SQL: SHOW COLUMNS FROM `zp_information` [ RunTime:0.0000s ]
SQL: SELECT `id`,`title` FROM `zp_information` WHERE `class` = '工作动态'  [ RunTime:0.0000s ]
SQL: SELECT `id`,`title` FROM `zp_information` WHERE `class` = '相关信息'  [ RunTime:0.0000s ]
SQL: SELECT * FROM `zp_information` WHERE `class` = '相关信息' ORDER BY id desc  [ RunTime:0.0000s ]
SQL: SELECT * FROM `zp_information` WHERE `class` = '工作动态' ORDER BY id desc  [ RunTime:0.0000s ]
INFO: [ view_parse ] --START--
INFO: [ template_filter ] --START--
INFO: Run Behavior\ContentReplaceBehavior [ RunTime:0.000000s ]
INFO: [ template_filter ] --END-- [ RunTime:0.000000s ]
INFO: Run Behavior\ParseTemplateBehavior [ RunTime:0.031250s ]
INFO: [ view_parse ] --END-- [ RunTime:0.031250s ]
INFO: [ view_filter ] --START--
INFO: Run Behavior\WriteHtmlCacheBehavior [ RunTime:0.000000s ]
INFO: [ view_filter ] --END-- [ RunTime:0.000000s ]
INFO: [ app_end ] --START--
INFO: Run Behavior\ShowPageTraceBehavior [ RunTime:0.000000s ]
INFO: [ app_end ] --END-- [ RunTime:0.000000s ]

[ 2016-07-01T06:36:49+08:00 ] 45.56.67.146 
INFO: [ app_init ] --START--
INFO: Run Behavior\BuildLiteBehavior [ RunTime:0.000000s ]
INFO: [ app_init ] --END-- [ RunTime:0.000000s ]
INFO: [ app_begin ] --START--
INFO: Run Behavior\ReadHtmlCacheBehavior [ RunTime:0.000000s ]
INFO: [ app_begin ] --END-- [ RunTime:0.000000s ]
SQL: SHOW COLUMNS FROM `zp_information` [ RunTime:0.0000s ]
SQL: SELECT `id`,`title` FROM `zp_information` WHERE `class` = '工作动态'  [ RunTime:0.0000s ]
SQL: SELECT `id`,`title` FROM `zp_information` WHERE `class` = '相关信息'  [ RunTime:0.0000s ]
SQL: SELECT * FROM `zp_information` WHERE `class` = '相关信息' ORDER BY id desc  [ RunTime:0.0000s ]
SQL: SELECT * FROM `zp_information` WHERE `class` = '工作动态' ORDER BY id desc  [ RunTime:0.0000s ]
INFO: [ view_parse ] --START--
INFO: [ template_filter ] --START--
INFO: Run Behavior\ContentReplaceBehavior [ RunTime:0.000000s ]
INFO: [ template_filter ] --END-- [ RunTime:0.000000s ]
INFO: Run Behavior\ParseTemplateBehavior [ RunTime:0.031250s ]
INFO: [ view_parse ] --END-- [ RunTime:0.031250s ]
INFO: [ view_filter ] --START--
INFO: Run Behavior\WriteHtmlCacheBehavior [ RunTime:0.000000s ]
INFO: [ view_filter ] --END-- [ RunTime:0.000000s ]
INFO: [ app_end ] --START--
INFO: Run Behavior\ShowPageTraceBehavior [ RunTime:0.000000s ]
INFO: [ app_end ] --END-- [ RunTime:0.000000s ]

[ 2016-07-01T06:37:02+08:00 ] 45.56.67.146 
INFO: [ app_init ] --START--
INFO: Run Behavior\BuildLiteBehavior [ RunTime:0.000000s ]
INFO: [ app_init ] --END-- [ RunTime:0.000000s ]
INFO: [ app_begin ] --START--
INFO: Run Behavior\ReadHtmlCacheBehavior [ RunTime:0.000000s ]
INFO: [ app_begin ] --END-- [ RunTime:0.000000s ]
SQL: SHOW COLUMNS FROM `zp_information` [ RunTime:0.0156s ]
SQL: SELECT `id`,`title` FROM `zp_information` WHERE `class` = '工作动态'  [ RunTime:0.0000s ]
SQL: SELECT `id`,`title` FROM `zp_information` WHERE `class` = '相关信息'  [ RunTime:0.0000s ]
SQL: SELECT * FROM `zp_information` WHERE `class` = '相关信息' ORDER BY id desc  [ RunTime:0.0000s ]
SQL: SELECT * FROM `zp_information` WHERE `class` = '工作动态' ORDER BY id desc  [ RunTime:0.0000s ]
INFO: [ view_parse ] --START--
INFO: [ template_filter ] --START--
INFO: Run Behavior\ContentReplaceBehavior [ RunTime:0.000000s ]
INFO: [ template_filter ] --END-- [ RunTime:0.000000s ]
INFO: Run Behavior\ParseTemplateBehavior [ RunTime:0.031250s ]
INFO: [ view_parse ] --END-- [ RunTime:0.031250s ]
INFO: [ view_filter ] --START--
INFO: Run Behavior\WriteHtmlCacheBehavior [ RunTime:0.000000s ]
INFO: [ view_filter ] --END-- [ RunTime:0.000000s ]
INFO: [ app_end ] --START--
INFO: Run Behavior\ShowPageTraceBehavior [ RunTime:0.000000s ]
INFO: [ app_end ] --END-- [ RunTime:0.000000s ]

