[ 2016-03-02T16:44:41+08:00 ] 127.0.0.1 /zhaopin/Public/images/ipt-sprite.png
INFO: [ app_init ] --START--
INFO: Run Behavior\BuildLiteBehavior [ RunTime:0.000048s ]
INFO: [ app_init ] --END-- [ RunTime:0.047080s ]
ERR: 无法加载模块:Public

[ 2016-03-02T16:54:48+08:00 ] 127.0.0.1 /zhaopin/Public/images/ipt-sprite.png
INFO: [ app_init ] --START--
INFO: Run Behavior\BuildLiteBehavior [ RunTime:0.000034s ]
INFO: [ app_init ] --END-- [ RunTime:0.000631s ]
ERR: 无法加载模块:Public

[ 2016-03-02T16:59:20+08:00 ] 127.0.0.1 /zhaopin/Public/images/ipt-sprite.png
INFO: [ app_init ] --START--
INFO: Run Behavior\BuildLiteBehavior [ RunTime:0.000042s ]
INFO: [ app_init ] --END-- [ RunTime:0.000912s ]
ERR: 无法加载模块:Public

[ 2016-03-02T18:14:33+08:00 ] 127.0.0.1 /zhaopin/Public/images/ipt-sprite.png
INFO: [ app_init ] --START--
INFO: Run Behavior\BuildLiteBehavior [ RunTime:0.000044s ]
INFO: [ app_init ] --END-- [ RunTime:0.000895s ]
ERR: 无法加载模块:Public

[ 2016-03-02T18:34:00+08:00 ] 127.0.0.1 /zhaopin/Public/images/ipt-sprite.png
INFO: [ app_init ] --START--
INFO: Run Behavior\BuildLiteBehavior [ RunTime:0.000048s ]
INFO: [ app_init ] --END-- [ RunTime:0.001111s ]
ERR: 无法加载模块:Public

