[ 2016-02-01T09:58:32+08:00 ] 127.0.0.1 /zhaopin/index.php/index.php/admin/Xmanager/index.html
INFO: [ app_init ] --START--
INFO: Run Behavior\BuildLiteBehavior [ RunTime:0.000000s ]
INFO: [ app_init ] --END-- [ RunTime:0.000000s ]
ERR: 无法加载模块:Index.php

[ 2016-02-01T10:50:23+08:00 ] 127.0.0.1 /zhaopin/index.php/index.php/admin/Xmanager/index.html
INFO: [ app_init ] --START--
INFO: Run Behavior\BuildLiteBehavior [ RunTime:0.000000s ]
INFO: [ app_init ] --END-- [ RunTime:0.000000s ]
ERR: 无法加载模块:Index.php

[ 2016-02-01T10:57:11+08:00 ] 127.0.0.1 /zhaopin/index.php/index.php/admin/Xmanager/index.html
INFO: [ app_init ] --START--
INFO: Run Behavior\BuildLiteBehavior [ RunTime:0.000000s ]
INFO: [ app_init ] --END-- [ RunTime:0.000000s ]
ERR: 无法加载模块:Index.php

[ 2016-02-01T11:05:36+08:00 ] 127.0.0.1 /zhaopin/index.php/index.php/admin/Xmanager/look.html
INFO: [ app_init ] --START--
INFO: Run Behavior\BuildLiteBehavior [ RunTime:0.000000s ]
INFO: [ app_init ] --END-- [ RunTime:0.000000s ]
ERR: 无法加载模块:Index.php

[ 2016-02-01T14:31:04+08:00 ] 127.0.0.1 /zhaopin/index.php/index.php/admin/Xmanager/look.html
INFO: [ app_init ] --START--
INFO: Run Behavior\BuildLiteBehavior [ RunTime:0.000000s ]
INFO: [ app_init ] --END-- [ RunTime:0.000000s ]
ERR: 无法加载模块:Index.php

[ 2016-02-01T14:32:08+08:00 ] 127.0.0.1 /zhaopin/index.php/index.php/admin/Yexpert/index.html
INFO: [ app_init ] --START--
INFO: Run Behavior\BuildLiteBehavior [ RunTime:0.000000s ]
INFO: [ app_init ] --END-- [ RunTime:0.000000s ]
ERR: 无法加载模块:Index.php

[ 2016-02-01T14:32:50+08:00 ] 127.0.0.1 /zhaopin/index.php/index.php/admin/Yexpert/index.html
INFO: [ app_init ] --START--
INFO: Run Behavior\BuildLiteBehavior [ RunTime:0.000000s ]
INFO: [ app_init ] --END-- [ RunTime:0.000000s ]
ERR: 无法加载模块:Index.php

[ 2016-02-01T14:33:00+08:00 ] 127.0.0.1 /zhaopin/index.php/index.php/admin/Yexpert/index.html
INFO: [ app_init ] --START--
INFO: Run Behavior\BuildLiteBehavior [ RunTime:0.000000s ]
INFO: [ app_init ] --END-- [ RunTime:0.015600s ]
ERR: 无法加载模块:Index.php

[ 2016-02-01T14:33:30+08:00 ] 127.0.0.1 /zhaopin/index.php/index.php/admin/Yexpert/index.html
INFO: [ app_init ] --START--
INFO: Run Behavior\BuildLiteBehavior [ RunTime:0.000000s ]
INFO: [ app_init ] --END-- [ RunTime:0.000000s ]
ERR: 无法加载模块:Index.php

[ 2016-02-01T14:34:22+08:00 ] 127.0.0.1 /zhaopin/index.php/index.php/admin/Yexpert/none.html
INFO: [ app_init ] --START--
INFO: Run Behavior\BuildLiteBehavior [ RunTime:0.000000s ]
INFO: [ app_init ] --END-- [ RunTime:0.000000s ]
ERR: 无法加载模块:Index.php

[ 2016-02-01T14:34:33+08:00 ] 127.0.0.1 /zhaopin/index.php/index.php/admin/Yexpert/cancle.html
INFO: [ app_init ] --START--
INFO: Run Behavior\BuildLiteBehavior [ RunTime:0.000000s ]
INFO: [ app_init ] --END-- [ RunTime:0.000000s ]
ERR: 无法加载模块:Index.php

[ 2016-02-01T14:34:55+08:00 ] 127.0.0.1 /zhaopin/index.php/index.php/admin/Yexpert/none.html
INFO: [ app_init ] --START--
INFO: Run Behavior\BuildLiteBehavior [ RunTime:0.000000s ]
INFO: [ app_init ] --END-- [ RunTime:0.000000s ]
ERR: 无法加载模块:Index.php

[ 2016-02-01T14:59:26+08:00 ] 127.0.0.1 /zhaopin/index.php/index.php/admin/Yexpert/none.html
INFO: [ app_init ] --START--
INFO: Run Behavior\BuildLiteBehavior [ RunTime:0.000000s ]
INFO: [ app_init ] --END-- [ RunTime:0.000000s ]
ERR: 无法加载模块:Index.php

[ 2016-02-01T14:59:30+08:00 ] 127.0.0.1 /zhaopin/index.php/index.php/admin/Yexpert/cancle.html
INFO: [ app_init ] --START--
INFO: Run Behavior\BuildLiteBehavior [ RunTime:0.000000s ]
INFO: [ app_init ] --END-- [ RunTime:0.000000s ]
ERR: 无法加载模块:Index.php

[ 2016-02-01T14:59:34+08:00 ] 127.0.0.1 /zhaopin/index.php/index.php/admin/Yexpert/none.html
INFO: [ app_init ] --START--
INFO: Run Behavior\BuildLiteBehavior [ RunTime:0.000000s ]
INFO: [ app_init ] --END-- [ RunTime:0.000000s ]
ERR: 无法加载模块:Index.php

[ 2016-02-01T15:00:01+08:00 ] 127.0.0.1 /zhaopin/index.php/index.php/admin/Yexpert/index.html
INFO: [ app_init ] --START--
INFO: Run Behavior\BuildLiteBehavior [ RunTime:0.000000s ]
INFO: [ app_init ] --END-- [ RunTime:0.000000s ]
ERR: 无法加载模块:Index.php

[ 2016-02-01T15:00:12+08:00 ] 127.0.0.1 /zhaopin/index.php/index.php/admin/Yexpert/index.html
INFO: [ app_init ] --START--
INFO: Run Behavior\BuildLiteBehavior [ RunTime:0.000000s ]
INFO: [ app_init ] --END-- [ RunTime:0.000000s ]
ERR: 无法加载模块:Index.php

[ 2016-02-01T15:00:39+08:00 ] 127.0.0.1 /zhaopin/index.php/index.php/admin/Yexpert/none.html
INFO: [ app_init ] --START--
INFO: Run Behavior\BuildLiteBehavior [ RunTime:0.000000s ]
INFO: [ app_init ] --END-- [ RunTime:0.000000s ]
ERR: 无法加载模块:Index.php

[ 2016-02-01T15:01:24+08:00 ] 127.0.0.1 /zhaopin/index.php/index.php/admin/Yexpert/index.html
INFO: [ app_init ] --START--
INFO: Run Behavior\BuildLiteBehavior [ RunTime:0.000000s ]
INFO: [ app_init ] --END-- [ RunTime:0.000000s ]
ERR: 无法加载模块:Index.php

