[ 2016-01-31T16:56:59+08:00 ] 127.0.0.1 /zhaopin/index.php/admin/Ymanager/application.html
INFO: [ app_init ] --START--
INFO: Run Behavior\BuildLiteBehavior [ RunTime:0.000000s ]
INFO: [ app_init ] --END-- [ RunTime:0.000000s ]
INFO: [ app_begin ] --START--
INFO: Run Behavior\ReadHtmlCacheBehavior [ RunTime:0.000000s ]
INFO: [ app_begin ] --END-- [ RunTime:0.000000s ]
INFO: [ view_parse ] --START--
INFO: [ template_filter ] --START--
INFO: Run Behavior\ContentReplaceBehavior [ RunTime:0.000000s ]
INFO: [ template_filter ] --END-- [ RunTime:0.002500s ]
INFO: Run Behavior\ParseTemplateBehavior [ RunTime:0.055500s ]
INFO: [ view_parse ] --END-- [ RunTime:0.055500s ]
INFO: [ view_filter ] --START--
INFO: Run Behavior\WriteHtmlCacheBehavior [ RunTime:0.002500s ]
INFO: [ view_filter ] --END-- [ RunTime:0.002500s ]
INFO: [ app_end ] --START--
INFO: Run Behavior\ShowPageTraceBehavior [ RunTime:0.002500s ]
INFO: [ app_end ] --END-- [ RunTime:0.002500s ]

[ 2016-01-31T16:58:25+08:00 ] 127.0.0.1 /zhaopin/index.php/admin/Ymanager/application.html
INFO: [ app_init ] --START--
INFO: Run Behavior\BuildLiteBehavior [ RunTime:0.000000s ]
INFO: [ app_init ] --END-- [ RunTime:0.002500s ]
INFO: [ app_begin ] --START--
INFO: Run Behavior\ReadHtmlCacheBehavior [ RunTime:0.002500s ]
INFO: [ app_begin ] --END-- [ RunTime:0.002500s ]
INFO: [ view_parse ] --START--
INFO: [ template_filter ] --START--
INFO: Run Behavior\ContentReplaceBehavior [ RunTime:0.000000s ]
INFO: [ template_filter ] --END-- [ RunTime:0.000000s ]
INFO: Run Behavior\ParseTemplateBehavior [ RunTime:0.019500s ]
INFO: [ view_parse ] --END-- [ RunTime:0.019500s ]
INFO: [ view_filter ] --START--
INFO: Run Behavior\WriteHtmlCacheBehavior [ RunTime:0.002500s ]
INFO: [ view_filter ] --END-- [ RunTime:0.002500s ]
INFO: [ app_end ] --START--
INFO: Run Behavior\ShowPageTraceBehavior [ RunTime:0.000000s ]
INFO: [ app_end ] --END-- [ RunTime:0.000000s ]

[ 2016-01-31T16:58:27+08:00 ] 127.0.0.1 /zhaopin/index.php/Admin/Ymanager/apform
INFO: [ app_init ] --START--
INFO: Run Behavior\BuildLiteBehavior [ RunTime:0.000000s ]
INFO: [ app_init ] --END-- [ RunTime:0.002500s ]
INFO: [ app_begin ] --START--
INFO: Run Behavior\ReadHtmlCacheBehavior [ RunTime:0.000000s ]
INFO: [ app_begin ] --END-- [ RunTime:0.002500s ]
INFO: [ view_parse ] --START--
INFO: [ template_filter ] --START--
INFO: Run Behavior\ContentReplaceBehavior [ RunTime:0.000000s ]
INFO: [ template_filter ] --END-- [ RunTime:0.000000s ]
NOTIC: [8] Undefined variable: list E:\shq\wamp\www\zhaopin\Application\Runtime\Cache\Admin\f8f8e30f400e24299ff7b855204445a2.php 第 101 行.
NOTIC: [8] Undefined variable: list E:\shq\wamp\www\zhaopin\Application\Runtime\Cache\Admin\f8f8e30f400e24299ff7b855204445a2.php 第 102 行.
NOTIC: [8] Undefined variable: list E:\shq\wamp\www\zhaopin\Application\Runtime\Cache\Admin\f8f8e30f400e24299ff7b855204445a2.php 第 103 行.
NOTIC: [8] Undefined variable: list E:\shq\wamp\www\zhaopin\Application\Runtime\Cache\Admin\f8f8e30f400e24299ff7b855204445a2.php 第 104 行.
NOTIC: [8] Undefined variable: list E:\shq\wamp\www\zhaopin\Application\Runtime\Cache\Admin\f8f8e30f400e24299ff7b855204445a2.php 第 107 行.
NOTIC: [8] Undefined variable: list E:\shq\wamp\www\zhaopin\Application\Runtime\Cache\Admin\f8f8e30f400e24299ff7b855204445a2.php 第 108 行.
NOTIC: [8] Undefined variable: list E:\shq\wamp\www\zhaopin\Application\Runtime\Cache\Admin\f8f8e30f400e24299ff7b855204445a2.php 第 109 行.
NOTIC: [8] Undefined variable: list E:\shq\wamp\www\zhaopin\Application\Runtime\Cache\Admin\f8f8e30f400e24299ff7b855204445a2.php 第 113 行.
NOTIC: [8] Undefined variable: list E:\shq\wamp\www\zhaopin\Application\Runtime\Cache\Admin\f8f8e30f400e24299ff7b855204445a2.php 第 114 行.
NOTIC: [8] Undefined variable: list E:\shq\wamp\www\zhaopin\Application\Runtime\Cache\Admin\f8f8e30f400e24299ff7b855204445a2.php 第 117 行.
NOTIC: [8] Undefined variable: list E:\shq\wamp\www\zhaopin\Application\Runtime\Cache\Admin\f8f8e30f400e24299ff7b855204445a2.php 第 118 行.
NOTIC: [8] Undefined variable: list2 E:\shq\wamp\www\zhaopin\Application\Runtime\Cache\Admin\f8f8e30f400e24299ff7b855204445a2.php 第 125 行.
NOTIC: [8] Undefined variable: list3 E:\shq\wamp\www\zhaopin\Application\Runtime\Cache\Admin\f8f8e30f400e24299ff7b855204445a2.php 第 133 行.
NOTIC: [8] Undefined variable: list E:\shq\wamp\www\zhaopin\Application\Runtime\Cache\Admin\f8f8e30f400e24299ff7b855204445a2.php 第 139 行.
NOTIC: [8] Undefined variable: list E:\shq\wamp\www\zhaopin\Application\Runtime\Cache\Admin\f8f8e30f400e24299ff7b855204445a2.php 第 146 行.
INFO: Run Behavior\ParseTemplateBehavior [ RunTime:0.022500s ]
INFO: [ view_parse ] --END-- [ RunTime:0.025000s ]
INFO: [ view_filter ] --START--
INFO: Run Behavior\WriteHtmlCacheBehavior [ RunTime:0.000000s ]
INFO: [ view_filter ] --END-- [ RunTime:0.000000s ]
INFO: [ app_end ] --START--
INFO: Run Behavior\ShowPageTraceBehavior [ RunTime:0.002500s ]
INFO: [ app_end ] --END-- [ RunTime:0.002500s ]

[ 2016-01-31T16:58:42+08:00 ] 127.0.0.1 /zhaopin/index.php/Admin/Ymanager/apform
INFO: [ app_init ] --START--
INFO: Run Behavior\BuildLiteBehavior [ RunTime:0.000000s ]
INFO: [ app_init ] --END-- [ RunTime:0.002500s ]
INFO: [ app_begin ] --START--
INFO: Run Behavior\ReadHtmlCacheBehavior [ RunTime:0.000000s ]
INFO: [ app_begin ] --END-- [ RunTime:0.000000s ]
INFO: [ view_parse ] --START--
INFO: [ template_filter ] --START--
INFO: Run Behavior\ContentReplaceBehavior [ RunTime:0.000000s ]
INFO: [ template_filter ] --END-- [ RunTime:0.000000s ]
NOTIC: [8] Undefined variable: list E:\shq\wamp\www\zhaopin\Application\Runtime\Cache\Admin\f8f8e30f400e24299ff7b855204445a2.php 第 101 行.
NOTIC: [8] Undefined variable: list E:\shq\wamp\www\zhaopin\Application\Runtime\Cache\Admin\f8f8e30f400e24299ff7b855204445a2.php 第 102 行.
NOTIC: [8] Undefined variable: list E:\shq\wamp\www\zhaopin\Application\Runtime\Cache\Admin\f8f8e30f400e24299ff7b855204445a2.php 第 103 行.
NOTIC: [8] Undefined variable: list E:\shq\wamp\www\zhaopin\Application\Runtime\Cache\Admin\f8f8e30f400e24299ff7b855204445a2.php 第 104 行.
NOTIC: [8] Undefined variable: list E:\shq\wamp\www\zhaopin\Application\Runtime\Cache\Admin\f8f8e30f400e24299ff7b855204445a2.php 第 107 行.
NOTIC: [8] Undefined variable: list E:\shq\wamp\www\zhaopin\Application\Runtime\Cache\Admin\f8f8e30f400e24299ff7b855204445a2.php 第 108 行.
NOTIC: [8] Undefined variable: list E:\shq\wamp\www\zhaopin\Application\Runtime\Cache\Admin\f8f8e30f400e24299ff7b855204445a2.php 第 109 行.
NOTIC: [8] Undefined variable: list E:\shq\wamp\www\zhaopin\Application\Runtime\Cache\Admin\f8f8e30f400e24299ff7b855204445a2.php 第 113 行.
NOTIC: [8] Undefined variable: list E:\shq\wamp\www\zhaopin\Application\Runtime\Cache\Admin\f8f8e30f400e24299ff7b855204445a2.php 第 114 行.
NOTIC: [8] Undefined variable: list E:\shq\wamp\www\zhaopin\Application\Runtime\Cache\Admin\f8f8e30f400e24299ff7b855204445a2.php 第 117 行.
NOTIC: [8] Undefined variable: list E:\shq\wamp\www\zhaopin\Application\Runtime\Cache\Admin\f8f8e30f400e24299ff7b855204445a2.php 第 118 行.
NOTIC: [8] Undefined variable: list2 E:\shq\wamp\www\zhaopin\Application\Runtime\Cache\Admin\f8f8e30f400e24299ff7b855204445a2.php 第 125 行.
NOTIC: [8] Undefined variable: list3 E:\shq\wamp\www\zhaopin\Application\Runtime\Cache\Admin\f8f8e30f400e24299ff7b855204445a2.php 第 133 行.
NOTIC: [8] Undefined variable: list E:\shq\wamp\www\zhaopin\Application\Runtime\Cache\Admin\f8f8e30f400e24299ff7b855204445a2.php 第 139 行.
NOTIC: [8] Undefined variable: list E:\shq\wamp\www\zhaopin\Application\Runtime\Cache\Admin\f8f8e30f400e24299ff7b855204445a2.php 第 146 行.
INFO: Run Behavior\ParseTemplateBehavior [ RunTime:0.020000s ]
INFO: [ view_parse ] --END-- [ RunTime:0.020000s ]
INFO: [ view_filter ] --START--
INFO: Run Behavior\WriteHtmlCacheBehavior [ RunTime:0.002500s ]
INFO: [ view_filter ] --END-- [ RunTime:0.002500s ]
INFO: [ app_end ] --START--
INFO: Run Behavior\ShowPageTraceBehavior [ RunTime:0.000000s ]
INFO: [ app_end ] --END-- [ RunTime:0.000000s ]

[ 2016-01-31T17:02:04+08:00 ] 127.0.0.1 /zhaopin/index.php/Admin/Ymanager/apform
INFO: [ app_init ] --START--
INFO: Run Behavior\BuildLiteBehavior [ RunTime:0.000000s ]
INFO: [ app_init ] --END-- [ RunTime:0.000000s ]
INFO: [ app_begin ] --START--
INFO: Run Behavior\ReadHtmlCacheBehavior [ RunTime:0.000000s ]
INFO: [ app_begin ] --END-- [ RunTime:0.000000s ]
INFO: [ view_parse ] --START--
INFO: [ template_filter ] --START--
INFO: Run Behavior\ContentReplaceBehavior [ RunTime:0.000000s ]
INFO: [ template_filter ] --END-- [ RunTime:0.000000s ]
NOTIC: [8] Undefined variable: list E:\shq\wamp\www\zhaopin\Application\Runtime\Cache\Admin\f8f8e30f400e24299ff7b855204445a2.php 第 101 行.
NOTIC: [8] Undefined variable: list E:\shq\wamp\www\zhaopin\Application\Runtime\Cache\Admin\f8f8e30f400e24299ff7b855204445a2.php 第 102 行.
NOTIC: [8] Undefined variable: list E:\shq\wamp\www\zhaopin\Application\Runtime\Cache\Admin\f8f8e30f400e24299ff7b855204445a2.php 第 103 行.
NOTIC: [8] Undefined variable: list E:\shq\wamp\www\zhaopin\Application\Runtime\Cache\Admin\f8f8e30f400e24299ff7b855204445a2.php 第 104 行.
NOTIC: [8] Undefined variable: list E:\shq\wamp\www\zhaopin\Application\Runtime\Cache\Admin\f8f8e30f400e24299ff7b855204445a2.php 第 107 行.
NOTIC: [8] Undefined variable: list E:\shq\wamp\www\zhaopin\Application\Runtime\Cache\Admin\f8f8e30f400e24299ff7b855204445a2.php 第 108 行.
NOTIC: [8] Undefined variable: list E:\shq\wamp\www\zhaopin\Application\Runtime\Cache\Admin\f8f8e30f400e24299ff7b855204445a2.php 第 109 行.
NOTIC: [8] Undefined variable: list E:\shq\wamp\www\zhaopin\Application\Runtime\Cache\Admin\f8f8e30f400e24299ff7b855204445a2.php 第 113 行.
NOTIC: [8] Undefined variable: list E:\shq\wamp\www\zhaopin\Application\Runtime\Cache\Admin\f8f8e30f400e24299ff7b855204445a2.php 第 114 行.
NOTIC: [8] Undefined variable: list E:\shq\wamp\www\zhaopin\Application\Runtime\Cache\Admin\f8f8e30f400e24299ff7b855204445a2.php 第 117 行.
NOTIC: [8] Undefined variable: list E:\shq\wamp\www\zhaopin\Application\Runtime\Cache\Admin\f8f8e30f400e24299ff7b855204445a2.php 第 118 行.
NOTIC: [8] Undefined variable: list2 E:\shq\wamp\www\zhaopin\Application\Runtime\Cache\Admin\f8f8e30f400e24299ff7b855204445a2.php 第 125 行.
NOTIC: [8] Undefined variable: list3 E:\shq\wamp\www\zhaopin\Application\Runtime\Cache\Admin\f8f8e30f400e24299ff7b855204445a2.php 第 133 行.
NOTIC: [8] Undefined variable: list E:\shq\wamp\www\zhaopin\Application\Runtime\Cache\Admin\f8f8e30f400e24299ff7b855204445a2.php 第 139 行.
NOTIC: [8] Undefined variable: list E:\shq\wamp\www\zhaopin\Application\Runtime\Cache\Admin\f8f8e30f400e24299ff7b855204445a2.php 第 146 行.
INFO: Run Behavior\ParseTemplateBehavior [ RunTime:0.022500s ]
INFO: [ view_parse ] --END-- [ RunTime:0.025000s ]
INFO: [ view_filter ] --START--
INFO: Run Behavior\WriteHtmlCacheBehavior [ RunTime:0.002500s ]
INFO: [ view_filter ] --END-- [ RunTime:0.002500s ]
INFO: [ app_end ] --START--
INFO: Run Behavior\ShowPageTraceBehavior [ RunTime:0.002500s ]
INFO: [ app_end ] --END-- [ RunTime:0.002500s ]

[ 2016-01-31T17:02:22+08:00 ] 127.0.0.1 /zhaopin/index.php/Admin/Ymanager/apform
INFO: [ app_init ] --START--
INFO: Run Behavior\BuildLiteBehavior [ RunTime:0.000000s ]
INFO: [ app_init ] --END-- [ RunTime:0.000000s ]
INFO: [ app_begin ] --START--
INFO: Run Behavior\ReadHtmlCacheBehavior [ RunTime:0.002500s ]
INFO: [ app_begin ] --END-- [ RunTime:0.002500s ]
INFO: [ view_parse ] --START--
INFO: [ template_filter ] --START--
INFO: Run Behavior\ContentReplaceBehavior [ RunTime:0.000000s ]
INFO: [ template_filter ] --END-- [ RunTime:0.000000s ]
NOTIC: [8] Undefined variable: list E:\shq\wamp\www\zhaopin\Application\Runtime\Cache\Admin\f8f8e30f400e24299ff7b855204445a2.php 第 101 行.
NOTIC: [8] Undefined variable: list E:\shq\wamp\www\zhaopin\Application\Runtime\Cache\Admin\f8f8e30f400e24299ff7b855204445a2.php 第 102 行.
NOTIC: [8] Undefined variable: list E:\shq\wamp\www\zhaopin\Application\Runtime\Cache\Admin\f8f8e30f400e24299ff7b855204445a2.php 第 103 行.
NOTIC: [8] Undefined variable: list E:\shq\wamp\www\zhaopin\Application\Runtime\Cache\Admin\f8f8e30f400e24299ff7b855204445a2.php 第 104 行.
NOTIC: [8] Undefined variable: list E:\shq\wamp\www\zhaopin\Application\Runtime\Cache\Admin\f8f8e30f400e24299ff7b855204445a2.php 第 107 行.
NOTIC: [8] Undefined variable: list E:\shq\wamp\www\zhaopin\Application\Runtime\Cache\Admin\f8f8e30f400e24299ff7b855204445a2.php 第 108 行.
NOTIC: [8] Undefined variable: list E:\shq\wamp\www\zhaopin\Application\Runtime\Cache\Admin\f8f8e30f400e24299ff7b855204445a2.php 第 109 行.
NOTIC: [8] Undefined variable: list E:\shq\wamp\www\zhaopin\Application\Runtime\Cache\Admin\f8f8e30f400e24299ff7b855204445a2.php 第 113 行.
NOTIC: [8] Undefined variable: list E:\shq\wamp\www\zhaopin\Application\Runtime\Cache\Admin\f8f8e30f400e24299ff7b855204445a2.php 第 114 行.
NOTIC: [8] Undefined variable: list E:\shq\wamp\www\zhaopin\Application\Runtime\Cache\Admin\f8f8e30f400e24299ff7b855204445a2.php 第 117 行.
NOTIC: [8] Undefined variable: list E:\shq\wamp\www\zhaopin\Application\Runtime\Cache\Admin\f8f8e30f400e24299ff7b855204445a2.php 第 118 行.
NOTIC: [8] Undefined variable: list2 E:\shq\wamp\www\zhaopin\Application\Runtime\Cache\Admin\f8f8e30f400e24299ff7b855204445a2.php 第 125 行.
NOTIC: [8] Undefined variable: list3 E:\shq\wamp\www\zhaopin\Application\Runtime\Cache\Admin\f8f8e30f400e24299ff7b855204445a2.php 第 133 行.
NOTIC: [8] Undefined variable: list E:\shq\wamp\www\zhaopin\Application\Runtime\Cache\Admin\f8f8e30f400e24299ff7b855204445a2.php 第 139 行.
NOTIC: [8] Undefined variable: list E:\shq\wamp\www\zhaopin\Application\Runtime\Cache\Admin\f8f8e30f400e24299ff7b855204445a2.php 第 146 行.
INFO: Run Behavior\ParseTemplateBehavior [ RunTime:0.017500s ]
INFO: [ view_parse ] --END-- [ RunTime:0.020000s ]
INFO: [ view_filter ] --START--
INFO: Run Behavior\WriteHtmlCacheBehavior [ RunTime:0.002500s ]
INFO: [ view_filter ] --END-- [ RunTime:0.002500s ]
INFO: [ app_end ] --START--
INFO: Run Behavior\ShowPageTraceBehavior [ RunTime:0.000000s ]
INFO: [ app_end ] --END-- [ RunTime:0.000000s ]

[ 2016-01-31T17:02:23+08:00 ] 127.0.0.1 /zhaopin/index.php/admin/Ymanager/application.html
INFO: [ app_init ] --START--
INFO: Run Behavior\BuildLiteBehavior [ RunTime:0.000000s ]
INFO: [ app_init ] --END-- [ RunTime:0.000000s ]
INFO: [ app_begin ] --START--
INFO: Run Behavior\ReadHtmlCacheBehavior [ RunTime:0.002500s ]
INFO: [ app_begin ] --END-- [ RunTime:0.002500s ]
INFO: [ view_parse ] --START--
INFO: [ template_filter ] --START--
INFO: Run Behavior\ContentReplaceBehavior [ RunTime:0.000000s ]
INFO: [ template_filter ] --END-- [ RunTime:0.000000s ]
INFO: Run Behavior\ParseTemplateBehavior [ RunTime:0.017500s ]
INFO: [ view_parse ] --END-- [ RunTime:0.017500s ]
INFO: [ view_filter ] --START--
INFO: Run Behavior\WriteHtmlCacheBehavior [ RunTime:0.002500s ]
INFO: [ view_filter ] --END-- [ RunTime:0.002500s ]
INFO: [ app_end ] --START--
INFO: Run Behavior\ShowPageTraceBehavior [ RunTime:0.002500s ]
INFO: [ app_end ] --END-- [ RunTime:0.002500s ]

[ 2016-01-31T17:02:26+08:00 ] 127.0.0.1 /zhaopin/index.php/Admin/Ymanager/apform
INFO: [ app_init ] --START--
INFO: Run Behavior\BuildLiteBehavior [ RunTime:0.000000s ]
INFO: [ app_init ] --END-- [ RunTime:0.000000s ]
INFO: [ app_begin ] --START--
INFO: Run Behavior\ReadHtmlCacheBehavior [ RunTime:0.002500s ]
INFO: [ app_begin ] --END-- [ RunTime:0.002500s ]
INFO: [ view_parse ] --START--
INFO: [ template_filter ] --START--
INFO: Run Behavior\ContentReplaceBehavior [ RunTime:0.000000s ]
INFO: [ template_filter ] --END-- [ RunTime:0.002500s ]
NOTIC: [8] Undefined variable: list E:\shq\wamp\www\zhaopin\Application\Runtime\Cache\Admin\f8f8e30f400e24299ff7b855204445a2.php 第 101 行.
NOTIC: [8] Undefined variable: list E:\shq\wamp\www\zhaopin\Application\Runtime\Cache\Admin\f8f8e30f400e24299ff7b855204445a2.php 第 102 行.
NOTIC: [8] Undefined variable: list E:\shq\wamp\www\zhaopin\Application\Runtime\Cache\Admin\f8f8e30f400e24299ff7b855204445a2.php 第 103 行.
NOTIC: [8] Undefined variable: list E:\shq\wamp\www\zhaopin\Application\Runtime\Cache\Admin\f8f8e30f400e24299ff7b855204445a2.php 第 104 行.
NOTIC: [8] Undefined variable: list E:\shq\wamp\www\zhaopin\Application\Runtime\Cache\Admin\f8f8e30f400e24299ff7b855204445a2.php 第 107 行.
NOTIC: [8] Undefined variable: list E:\shq\wamp\www\zhaopin\Application\Runtime\Cache\Admin\f8f8e30f400e24299ff7b855204445a2.php 第 108 行.
NOTIC: [8] Undefined variable: list E:\shq\wamp\www\zhaopin\Application\Runtime\Cache\Admin\f8f8e30f400e24299ff7b855204445a2.php 第 109 行.
NOTIC: [8] Undefined variable: list E:\shq\wamp\www\zhaopin\Application\Runtime\Cache\Admin\f8f8e30f400e24299ff7b855204445a2.php 第 113 行.
NOTIC: [8] Undefined variable: list E:\shq\wamp\www\zhaopin\Application\Runtime\Cache\Admin\f8f8e30f400e24299ff7b855204445a2.php 第 114 行.
NOTIC: [8] Undefined variable: list E:\shq\wamp\www\zhaopin\Application\Runtime\Cache\Admin\f8f8e30f400e24299ff7b855204445a2.php 第 117 行.
NOTIC: [8] Undefined variable: list E:\shq\wamp\www\zhaopin\Application\Runtime\Cache\Admin\f8f8e30f400e24299ff7b855204445a2.php 第 118 行.
NOTIC: [8] Undefined variable: list2 E:\shq\wamp\www\zhaopin\Application\Runtime\Cache\Admin\f8f8e30f400e24299ff7b855204445a2.php 第 125 行.
NOTIC: [8] Undefined variable: list3 E:\shq\wamp\www\zhaopin\Application\Runtime\Cache\Admin\f8f8e30f400e24299ff7b855204445a2.php 第 133 行.
NOTIC: [8] Undefined variable: list E:\shq\wamp\www\zhaopin\Application\Runtime\Cache\Admin\f8f8e30f400e24299ff7b855204445a2.php 第 139 行.
NOTIC: [8] Undefined variable: list E:\shq\wamp\www\zhaopin\Application\Runtime\Cache\Admin\f8f8e30f400e24299ff7b855204445a2.php 第 146 行.
INFO: Run Behavior\ParseTemplateBehavior [ RunTime:0.022500s ]
INFO: [ view_parse ] --END-- [ RunTime:0.022500s ]
INFO: [ view_filter ] --START--
INFO: Run Behavior\WriteHtmlCacheBehavior [ RunTime:0.000000s ]
INFO: [ view_filter ] --END-- [ RunTime:0.000000s ]
INFO: [ app_end ] --START--
INFO: Run Behavior\ShowPageTraceBehavior [ RunTime:0.001000s ]
INFO: [ app_end ] --END-- [ RunTime:0.001000s ]

[ 2016-01-31T17:02:28+08:00 ] 127.0.0.1 /zhaopin/index.php/admin/Ymanager/application.html
INFO: [ app_init ] --START--
INFO: Run Behavior\BuildLiteBehavior [ RunTime:0.000000s ]
INFO: [ app_init ] --END-- [ RunTime:0.000000s ]
INFO: [ app_begin ] --START--
INFO: Run Behavior\ReadHtmlCacheBehavior [ RunTime:0.002500s ]
INFO: [ app_begin ] --END-- [ RunTime:0.002500s ]
INFO: [ view_parse ] --START--
INFO: [ template_filter ] --START--
INFO: Run Behavior\ContentReplaceBehavior [ RunTime:0.000000s ]
INFO: [ template_filter ] --END-- [ RunTime:0.000000s ]
INFO: Run Behavior\ParseTemplateBehavior [ RunTime:0.015000s ]
INFO: [ view_parse ] --END-- [ RunTime:0.015000s ]
INFO: [ view_filter ] --START--
INFO: Run Behavior\WriteHtmlCacheBehavior [ RunTime:0.002500s ]
INFO: [ view_filter ] --END-- [ RunTime:0.002500s ]
INFO: [ app_end ] --START--
INFO: Run Behavior\ShowPageTraceBehavior [ RunTime:0.000000s ]
INFO: [ app_end ] --END-- [ RunTime:0.000000s ]

[ 2016-01-31T17:03:23+08:00 ] 127.0.0.1 /zhaopin/index.php/admin/Ymanager/application.html
INFO: [ app_init ] --START--
INFO: Run Behavior\BuildLiteBehavior [ RunTime:0.000000s ]
INFO: [ app_init ] --END-- [ RunTime:0.000000s ]
INFO: [ app_begin ] --START--
INFO: Run Behavior\ReadHtmlCacheBehavior [ RunTime:0.001000s ]
INFO: [ app_begin ] --END-- [ RunTime:0.002000s ]
INFO: [ view_parse ] --START--
INFO: [ template_filter ] --START--
INFO: Run Behavior\ContentReplaceBehavior [ RunTime:0.000000s ]
INFO: [ template_filter ] --END-- [ RunTime:0.000000s ]
INFO: Run Behavior\ParseTemplateBehavior [ RunTime:0.016000s ]
INFO: [ view_parse ] --END-- [ RunTime:0.016000s ]
INFO: [ view_filter ] --START--
INFO: Run Behavior\WriteHtmlCacheBehavior [ RunTime:0.001000s ]
INFO: [ view_filter ] --END-- [ RunTime:0.001000s ]
INFO: [ app_end ] --START--
INFO: Run Behavior\ShowPageTraceBehavior [ RunTime:0.001000s ]
INFO: [ app_end ] --END-- [ RunTime:0.001000s ]

[ 2016-01-31T17:15:03+08:00 ] 127.0.0.1 /zhaopin/index.php/admin/Ymanager/application.html
INFO: [ app_init ] --START--
INFO: Run Behavior\BuildLiteBehavior [ RunTime:0.000000s ]
INFO: [ app_init ] --END-- [ RunTime:0.002500s ]
INFO: [ app_begin ] --START--
INFO: Run Behavior\ReadHtmlCacheBehavior [ RunTime:0.000000s ]
INFO: [ app_begin ] --END-- [ RunTime:0.000000s ]
INFO: [ view_parse ] --START--
INFO: [ template_filter ] --START--
INFO: Run Behavior\ContentReplaceBehavior [ RunTime:0.000000s ]
INFO: [ template_filter ] --END-- [ RunTime:0.000000s ]
INFO: Run Behavior\ParseTemplateBehavior [ RunTime:0.075000s ]
INFO: [ view_parse ] --END-- [ RunTime:0.075000s ]
INFO: [ view_filter ] --START--
INFO: Run Behavior\WriteHtmlCacheBehavior [ RunTime:0.000000s ]
INFO: [ view_filter ] --END-- [ RunTime:0.002500s ]
INFO: [ app_end ] --START--
INFO: Run Behavior\ShowPageTraceBehavior [ RunTime:0.000000s ]
INFO: [ app_end ] --END-- [ RunTime:0.000000s ]

[ 2016-01-31T17:15:04+08:00 ] 127.0.0.1 /zhaopin/index.php/admin/Ymanager/expert.html
INFO: [ app_init ] --START--
INFO: Run Behavior\BuildLiteBehavior [ RunTime:0.000000s ]
INFO: [ app_init ] --END-- [ RunTime:0.000000s ]
INFO: [ app_begin ] --START--
INFO: Run Behavior\ReadHtmlCacheBehavior [ RunTime:0.002500s ]
INFO: [ app_begin ] --END-- [ RunTime:0.002500s ]
INFO: [ view_parse ] --START--
INFO: [ template_filter ] --START--
INFO: Run Behavior\ContentReplaceBehavior [ RunTime:0.000000s ]
INFO: [ template_filter ] --END-- [ RunTime:0.000000s ]
NOTIC: [8] Undefined variable: listlpp E:\shq\wamp\www\zhaopin\Application\Runtime\Cache\Admin\2efe13864acff086b352e096c4c8b204.php 第 64 行.
INFO: Run Behavior\ParseTemplateBehavior [ RunTime:0.017500s ]
INFO: [ view_parse ] --END-- [ RunTime:0.017500s ]
INFO: [ view_filter ] --START--
INFO: Run Behavior\WriteHtmlCacheBehavior [ RunTime:0.000000s ]
INFO: [ view_filter ] --END-- [ RunTime:0.000000s ]
INFO: [ app_end ] --START--
INFO: Run Behavior\ShowPageTraceBehavior [ RunTime:0.000000s ]
INFO: [ app_end ] --END-- [ RunTime:0.000000s ]

[ 2016-01-31T17:15:05+08:00 ] 127.0.0.1 /zhaopin/index.php/admin/Ymanager/manager.html
INFO: [ app_init ] --START--
INFO: Run Behavior\BuildLiteBehavior [ RunTime:0.000000s ]
INFO: [ app_init ] --END-- [ RunTime:0.002500s ]
INFO: [ app_begin ] --START--
INFO: Run Behavior\ReadHtmlCacheBehavior [ RunTime:0.002500s ]
INFO: [ app_begin ] --END-- [ RunTime:0.002500s ]
INFO: [ view_parse ] --START--
INFO: [ template_filter ] --START--
INFO: Run Behavior\ContentReplaceBehavior [ RunTime:0.000000s ]
INFO: [ template_filter ] --END-- [ RunTime:0.000000s ]
INFO: Run Behavior\ParseTemplateBehavior [ RunTime:0.017500s ]
INFO: [ view_parse ] --END-- [ RunTime:0.017500s ]
INFO: [ view_filter ] --START--
INFO: Run Behavior\WriteHtmlCacheBehavior [ RunTime:0.002500s ]
INFO: [ view_filter ] --END-- [ RunTime:0.002500s ]
INFO: [ app_end ] --START--
INFO: Run Behavior\ShowPageTraceBehavior [ RunTime:0.002500s ]
INFO: [ app_end ] --END-- [ RunTime:0.002500s ]

[ 2016-01-31T17:15:06+08:00 ] 127.0.0.1 /zhaopin/index.php/admin/Ymanager/expert.html
INFO: [ app_init ] --START--
INFO: Run Behavior\BuildLiteBehavior [ RunTime:0.000000s ]
INFO: [ app_init ] --END-- [ RunTime:0.000000s ]
INFO: [ app_begin ] --START--
INFO: Run Behavior\ReadHtmlCacheBehavior [ RunTime:0.000000s ]
INFO: [ app_begin ] --END-- [ RunTime:0.000000s ]
INFO: [ view_parse ] --START--
INFO: [ template_filter ] --START--
INFO: Run Behavior\ContentReplaceBehavior [ RunTime:0.002500s ]
INFO: [ template_filter ] --END-- [ RunTime:0.002500s ]
NOTIC: [8] Undefined variable: listlpp E:\shq\wamp\www\zhaopin\Application\Runtime\Cache\Admin\2efe13864acff086b352e096c4c8b204.php 第 64 行.
INFO: Run Behavior\ParseTemplateBehavior [ RunTime:0.015000s ]
INFO: [ view_parse ] --END-- [ RunTime:0.015000s ]
INFO: [ view_filter ] --START--
INFO: Run Behavior\WriteHtmlCacheBehavior [ RunTime:0.002500s ]
INFO: [ view_filter ] --END-- [ RunTime:0.002500s ]
INFO: [ app_end ] --START--
INFO: Run Behavior\ShowPageTraceBehavior [ RunTime:0.000000s ]
INFO: [ app_end ] --END-- [ RunTime:0.000000s ]

[ 2016-01-31T17:15:08+08:00 ] 127.0.0.1 /zhaopin/index.php/admin/Ymanager/application.html
INFO: [ app_init ] --START--
INFO: Run Behavior\BuildLiteBehavior [ RunTime:0.000000s ]
INFO: [ app_init ] --END-- [ RunTime:0.000000s ]
INFO: [ app_begin ] --START--
INFO: Run Behavior\ReadHtmlCacheBehavior [ RunTime:0.002500s ]
INFO: [ app_begin ] --END-- [ RunTime:0.002500s ]
INFO: [ view_parse ] --START--
INFO: [ template_filter ] --START--
INFO: Run Behavior\ContentReplaceBehavior [ RunTime:0.000000s ]
INFO: [ template_filter ] --END-- [ RunTime:0.000000s ]
INFO: Run Behavior\ParseTemplateBehavior [ RunTime:0.020000s ]
INFO: [ view_parse ] --END-- [ RunTime:0.020000s ]
INFO: [ view_filter ] --START--
INFO: Run Behavior\WriteHtmlCacheBehavior [ RunTime:0.000000s ]
INFO: [ view_filter ] --END-- [ RunTime:0.000000s ]
INFO: [ app_end ] --START--
INFO: Run Behavior\ShowPageTraceBehavior [ RunTime:0.002500s ]
INFO: [ app_end ] --END-- [ RunTime:0.002500s ]

[ 2016-01-31T17:15:19+08:00 ] 127.0.0.1 /zhaopin/index.php/admin/Ymanager/application.html
INFO: [ app_init ] --START--
INFO: Run Behavior\BuildLiteBehavior [ RunTime:0.002500s ]
INFO: [ app_init ] --END-- [ RunTime:0.002500s ]
INFO: [ app_begin ] --START--
INFO: Run Behavior\ReadHtmlCacheBehavior [ RunTime:0.002500s ]
INFO: [ app_begin ] --END-- [ RunTime:0.002500s ]
INFO: [ view_parse ] --START--
INFO: [ template_filter ] --START--
INFO: Run Behavior\ContentReplaceBehavior [ RunTime:0.000000s ]
INFO: [ template_filter ] --END-- [ RunTime:0.000000s ]
INFO: Run Behavior\ParseTemplateBehavior [ RunTime:0.017000s ]
INFO: [ view_parse ] --END-- [ RunTime:0.017000s ]
INFO: [ view_filter ] --START--
INFO: Run Behavior\WriteHtmlCacheBehavior [ RunTime:0.000000s ]
INFO: [ view_filter ] --END-- [ RunTime:0.000000s ]
INFO: [ app_end ] --START--
INFO: Run Behavior\ShowPageTraceBehavior [ RunTime:0.002500s ]
INFO: [ app_end ] --END-- [ RunTime:0.002500s ]

[ 2016-01-31T17:15:20+08:00 ] 127.0.0.1 /zhaopin/index.php/admin/Ymanager/expert.html
INFO: [ app_init ] --START--
INFO: Run Behavior\BuildLiteBehavior [ RunTime:0.000000s ]
INFO: [ app_init ] --END-- [ RunTime:0.000000s ]
INFO: [ app_begin ] --START--
INFO: Run Behavior\ReadHtmlCacheBehavior [ RunTime:0.002500s ]
INFO: [ app_begin ] --END-- [ RunTime:0.002500s ]
INFO: [ view_parse ] --START--
INFO: [ template_filter ] --START--
INFO: Run Behavior\ContentReplaceBehavior [ RunTime:0.000000s ]
INFO: [ template_filter ] --END-- [ RunTime:0.000000s ]
NOTIC: [8] Undefined variable: listlpp E:\shq\wamp\www\zhaopin\Application\Runtime\Cache\Admin\2efe13864acff086b352e096c4c8b204.php 第 64 行.
INFO: Run Behavior\ParseTemplateBehavior [ RunTime:0.017500s ]
INFO: [ view_parse ] --END-- [ RunTime:0.017500s ]
INFO: [ view_filter ] --START--
INFO: Run Behavior\WriteHtmlCacheBehavior [ RunTime:0.002500s ]
INFO: [ view_filter ] --END-- [ RunTime:0.002500s ]
INFO: [ app_end ] --START--
INFO: Run Behavior\ShowPageTraceBehavior [ RunTime:0.000000s ]
INFO: [ app_end ] --END-- [ RunTime:0.000000s ]

[ 2016-01-31T17:15:21+08:00 ] 127.0.0.1 /zhaopin/index.php/admin/Ymanager/expert.html
INFO: [ app_init ] --START--
INFO: Run Behavior\BuildLiteBehavior [ RunTime:0.000000s ]
INFO: [ app_init ] --END-- [ RunTime:0.002500s ]
INFO: [ app_begin ] --START--
INFO: Run Behavior\ReadHtmlCacheBehavior [ RunTime:0.000000s ]
INFO: [ app_begin ] --END-- [ RunTime:0.000000s ]
INFO: [ view_parse ] --START--
INFO: [ template_filter ] --START--
INFO: Run Behavior\ContentReplaceBehavior [ RunTime:0.000000s ]
INFO: [ template_filter ] --END-- [ RunTime:0.000000s ]
NOTIC: [8] Undefined variable: listlpp E:\shq\wamp\www\zhaopin\Application\Runtime\Cache\Admin\2efe13864acff086b352e096c4c8b204.php 第 64 行.
INFO: Run Behavior\ParseTemplateBehavior [ RunTime:0.015000s ]
INFO: [ view_parse ] --END-- [ RunTime:0.015000s ]
INFO: [ view_filter ] --START--
INFO: Run Behavior\WriteHtmlCacheBehavior [ RunTime:0.000000s ]
INFO: [ view_filter ] --END-- [ RunTime:0.000000s ]
INFO: [ app_end ] --START--
INFO: Run Behavior\ShowPageTraceBehavior [ RunTime:0.000000s ]
INFO: [ app_end ] --END-- [ RunTime:0.000000s ]

[ 2016-01-31T17:15:23+08:00 ] 127.0.0.1 /zhaopin/index.php/admin/Ymanager/manager.html
INFO: [ app_init ] --START--
INFO: Run Behavior\BuildLiteBehavior [ RunTime:0.000000s ]
INFO: [ app_init ] --END-- [ RunTime:0.000000s ]
INFO: [ app_begin ] --START--
INFO: Run Behavior\ReadHtmlCacheBehavior [ RunTime:0.002500s ]
INFO: [ app_begin ] --END-- [ RunTime:0.002500s ]
INFO: [ view_parse ] --START--
INFO: [ template_filter ] --START--
INFO: Run Behavior\ContentReplaceBehavior [ RunTime:0.000000s ]
INFO: [ template_filter ] --END-- [ RunTime:0.000000s ]
INFO: Run Behavior\ParseTemplateBehavior [ RunTime:0.015000s ]
INFO: [ view_parse ] --END-- [ RunTime:0.015000s ]
INFO: [ view_filter ] --START--
INFO: Run Behavior\WriteHtmlCacheBehavior [ RunTime:0.002500s ]
INFO: [ view_filter ] --END-- [ RunTime:0.002500s ]
INFO: [ app_end ] --START--
INFO: Run Behavior\ShowPageTraceBehavior [ RunTime:0.000000s ]
INFO: [ app_end ] --END-- [ RunTime:0.000000s ]

[ 2016-01-31T17:15:24+08:00 ] 127.0.0.1 /zhaopin/index.php/admin/Ymanager/application.html
INFO: [ app_init ] --START--
INFO: Run Behavior\BuildLiteBehavior [ RunTime:0.000000s ]
INFO: [ app_init ] --END-- [ RunTime:0.002500s ]
INFO: [ app_begin ] --START--
INFO: Run Behavior\ReadHtmlCacheBehavior [ RunTime:0.000000s ]
INFO: [ app_begin ] --END-- [ RunTime:0.000000s ]
INFO: [ view_parse ] --START--
INFO: [ template_filter ] --START--
INFO: Run Behavior\ContentReplaceBehavior [ RunTime:0.000000s ]
INFO: [ template_filter ] --END-- [ RunTime:0.000000s ]
INFO: Run Behavior\ParseTemplateBehavior [ RunTime:0.015000s ]
INFO: [ view_parse ] --END-- [ RunTime:0.015000s ]
INFO: [ view_filter ] --START--
INFO: Run Behavior\WriteHtmlCacheBehavior [ RunTime:0.000000s ]
INFO: [ view_filter ] --END-- [ RunTime:0.000000s ]
INFO: [ app_end ] --START--
INFO: Run Behavior\ShowPageTraceBehavior [ RunTime:0.002500s ]
INFO: [ app_end ] --END-- [ RunTime:0.002500s ]

[ 2016-01-31T17:25:03+08:00 ] 127.0.0.1 /zhaopin/index.php/admin/Ymanager/application.html
INFO: [ app_init ] --START--
INFO: Run Behavior\BuildLiteBehavior [ RunTime:0.000000s ]
INFO: [ app_init ] --END-- [ RunTime:0.002500s ]
INFO: [ app_begin ] --START--
INFO: Run Behavior\ReadHtmlCacheBehavior [ RunTime:0.002500s ]
INFO: [ app_begin ] --END-- [ RunTime:0.002500s ]
INFO: [ view_parse ] --START--
INFO: [ template_filter ] --START--
INFO: Run Behavior\ContentReplaceBehavior [ RunTime:0.000000s ]
INFO: [ template_filter ] --END-- [ RunTime:0.000000s ]
INFO: Run Behavior\ParseTemplateBehavior [ RunTime:0.037500s ]
INFO: [ view_parse ] --END-- [ RunTime:0.037500s ]
INFO: [ view_filter ] --START--
INFO: Run Behavior\WriteHtmlCacheBehavior [ RunTime:0.002500s ]
INFO: [ view_filter ] --END-- [ RunTime:0.002500s ]
INFO: [ app_end ] --START--
INFO: Run Behavior\ShowPageTraceBehavior [ RunTime:0.000000s ]
INFO: [ app_end ] --END-- [ RunTime:0.000000s ]

[ 2016-01-31T17:25:04+08:00 ] 127.0.0.1 /zhaopin/index.php/admin/Ymanager/expert.html
INFO: [ app_init ] --START--
INFO: Run Behavior\BuildLiteBehavior [ RunTime:0.000000s ]
INFO: [ app_init ] --END-- [ RunTime:0.002500s ]
INFO: [ app_begin ] --START--
INFO: Run Behavior\ReadHtmlCacheBehavior [ RunTime:0.000000s ]
INFO: [ app_begin ] --END-- [ RunTime:0.000000s ]
INFO: [ view_parse ] --START--
INFO: [ template_filter ] --START--
INFO: Run Behavior\ContentReplaceBehavior [ RunTime:0.000000s ]
INFO: [ template_filter ] --END-- [ RunTime:0.001000s ]
NOTIC: [8] Undefined variable: listlpp E:\shq\wamp\www\zhaopin\Application\Runtime\Cache\Admin\2efe13864acff086b352e096c4c8b204.php 第 64 行.
INFO: Run Behavior\ParseTemplateBehavior [ RunTime:0.034500s ]
INFO: [ view_parse ] --END-- [ RunTime:0.034500s ]
INFO: [ view_filter ] --START--
INFO: Run Behavior\WriteHtmlCacheBehavior [ RunTime:0.000000s ]
INFO: [ view_filter ] --END-- [ RunTime:0.001000s ]
INFO: [ app_end ] --START--
INFO: Run Behavior\ShowPageTraceBehavior [ RunTime:0.001000s ]
INFO: [ app_end ] --END-- [ RunTime:0.001000s ]

[ 2016-01-31T17:25:05+08:00 ] 127.0.0.1 /zhaopin/index.php/admin/Ymanager/manager.html
INFO: [ app_init ] --START--
INFO: Run Behavior\BuildLiteBehavior [ RunTime:0.000000s ]
INFO: [ app_init ] --END-- [ RunTime:0.002500s ]
INFO: [ app_begin ] --START--
INFO: Run Behavior\ReadHtmlCacheBehavior [ RunTime:0.000000s ]
INFO: [ app_begin ] --END-- [ RunTime:0.000000s ]
INFO: [ view_parse ] --START--
INFO: [ template_filter ] --START--
INFO: Run Behavior\ContentReplaceBehavior [ RunTime:0.000000s ]
INFO: [ template_filter ] --END-- [ RunTime:0.001000s ]
INFO: Run Behavior\ParseTemplateBehavior [ RunTime:0.018000s ]
INFO: [ view_parse ] --END-- [ RunTime:0.018000s ]
INFO: [ view_filter ] --START--
INFO: Run Behavior\WriteHtmlCacheBehavior [ RunTime:0.001000s ]
INFO: [ view_filter ] --END-- [ RunTime:0.001000s ]
INFO: [ app_end ] --START--
INFO: Run Behavior\ShowPageTraceBehavior [ RunTime:0.001000s ]
INFO: [ app_end ] --END-- [ RunTime:0.002000s ]

[ 2016-01-31T17:25:06+08:00 ] 127.0.0.1 /zhaopin/index.php/admin/Ymanager/expert.html
INFO: [ app_init ] --START--
INFO: Run Behavior\BuildLiteBehavior [ RunTime:0.000000s ]
INFO: [ app_init ] --END-- [ RunTime:0.001000s ]
INFO: [ app_begin ] --START--
INFO: Run Behavior\ReadHtmlCacheBehavior [ RunTime:0.001000s ]
INFO: [ app_begin ] --END-- [ RunTime:0.001000s ]
INFO: [ view_parse ] --START--
INFO: [ template_filter ] --START--
INFO: Run Behavior\ContentReplaceBehavior [ RunTime:0.001000s ]
INFO: [ template_filter ] --END-- [ RunTime:0.001000s ]
NOTIC: [8] Undefined variable: listlpp E:\shq\wamp\www\zhaopin\Application\Runtime\Cache\Admin\2efe13864acff086b352e096c4c8b204.php 第 64 行.
INFO: Run Behavior\ParseTemplateBehavior [ RunTime:0.015000s ]
INFO: [ view_parse ] --END-- [ RunTime:0.015000s ]
INFO: [ view_filter ] --START--
INFO: Run Behavior\WriteHtmlCacheBehavior [ RunTime:0.001000s ]
INFO: [ view_filter ] --END-- [ RunTime:0.002000s ]
INFO: [ app_end ] --START--
INFO: Run Behavior\ShowPageTraceBehavior [ RunTime:0.001000s ]
INFO: [ app_end ] --END-- [ RunTime:0.001000s ]

[ 2016-01-31T17:25:08+08:00 ] 127.0.0.1 /zhaopin/index.php/admin/Ymanager/manager.html
INFO: [ app_init ] --START--
INFO: Run Behavior\BuildLiteBehavior [ RunTime:0.001000s ]
INFO: [ app_init ] --END-- [ RunTime:0.001000s ]
INFO: [ app_begin ] --START--
INFO: Run Behavior\ReadHtmlCacheBehavior [ RunTime:0.001000s ]
INFO: [ app_begin ] --END-- [ RunTime:0.001000s ]
INFO: [ view_parse ] --START--
INFO: [ template_filter ] --START--
INFO: Run Behavior\ContentReplaceBehavior [ RunTime:0.001000s ]
INFO: [ template_filter ] --END-- [ RunTime:0.001000s ]
INFO: Run Behavior\ParseTemplateBehavior [ RunTime:0.014000s ]
INFO: [ view_parse ] --END-- [ RunTime:0.014000s ]
INFO: [ view_filter ] --START--
INFO: Run Behavior\WriteHtmlCacheBehavior [ RunTime:0.001000s ]
INFO: [ view_filter ] --END-- [ RunTime:0.001000s ]
INFO: [ app_end ] --START--
INFO: Run Behavior\ShowPageTraceBehavior [ RunTime:0.001000s ]
INFO: [ app_end ] --END-- [ RunTime:0.001000s ]

[ 2016-01-31T17:25:08+08:00 ] 127.0.0.1 /zhaopin/index.php/admin/Ymanager/expert.html
INFO: [ app_init ] --START--
INFO: Run Behavior\BuildLiteBehavior [ RunTime:0.000000s ]
INFO: [ app_init ] --END-- [ RunTime:0.000000s ]
INFO: [ app_begin ] --START--
INFO: Run Behavior\ReadHtmlCacheBehavior [ RunTime:0.002500s ]
INFO: [ app_begin ] --END-- [ RunTime:0.002500s ]
INFO: [ view_parse ] --START--
INFO: [ template_filter ] --START--
INFO: Run Behavior\ContentReplaceBehavior [ RunTime:0.000000s ]
INFO: [ template_filter ] --END-- [ RunTime:0.000000s ]
NOTIC: [8] Undefined variable: listlpp E:\shq\wamp\www\zhaopin\Application\Runtime\Cache\Admin\2efe13864acff086b352e096c4c8b204.php 第 64 行.
INFO: Run Behavior\ParseTemplateBehavior [ RunTime:0.015000s ]
INFO: [ view_parse ] --END-- [ RunTime:0.015000s ]
INFO: [ view_filter ] --START--
INFO: Run Behavior\WriteHtmlCacheBehavior [ RunTime:0.002500s ]
INFO: [ view_filter ] --END-- [ RunTime:0.002500s ]
INFO: [ app_end ] --START--
INFO: Run Behavior\ShowPageTraceBehavior [ RunTime:0.000000s ]
INFO: [ app_end ] --END-- [ RunTime:0.000000s ]

[ 2016-01-31T17:25:09+08:00 ] 127.0.0.1 /zhaopin/index.php/admin/Ymanager/application.html
INFO: [ app_init ] --START--
INFO: Run Behavior\BuildLiteBehavior [ RunTime:0.001000s ]
INFO: [ app_init ] --END-- [ RunTime:0.001000s ]
INFO: [ app_begin ] --START--
INFO: Run Behavior\ReadHtmlCacheBehavior [ RunTime:0.001000s ]
INFO: [ app_begin ] --END-- [ RunTime:0.001000s ]
INFO: [ view_parse ] --START--
INFO: [ template_filter ] --START--
INFO: Run Behavior\ContentReplaceBehavior [ RunTime:0.000000s ]
INFO: [ template_filter ] --END-- [ RunTime:0.000000s ]
INFO: Run Behavior\ParseTemplateBehavior [ RunTime:0.015000s ]
INFO: [ view_parse ] --END-- [ RunTime:0.015000s ]
INFO: [ view_filter ] --START--
INFO: Run Behavior\WriteHtmlCacheBehavior [ RunTime:0.000000s ]
INFO: [ view_filter ] --END-- [ RunTime:0.001000s ]
INFO: [ app_end ] --START--
INFO: Run Behavior\ShowPageTraceBehavior [ RunTime:0.001000s ]
INFO: [ app_end ] --END-- [ RunTime:0.001000s ]

[ 2016-01-31T17:25:13+08:00 ] 127.0.0.1 /zhaopin/index.php/admin/Ymanager/application.html
INFO: [ app_init ] --START--
INFO: Run Behavior\BuildLiteBehavior [ RunTime:0.000000s ]
INFO: [ app_init ] --END-- [ RunTime:0.000000s ]
INFO: [ app_begin ] --START--
INFO: Run Behavior\ReadHtmlCacheBehavior [ RunTime:0.000000s ]
INFO: [ app_begin ] --END-- [ RunTime:0.000000s ]
INFO: [ view_parse ] --START--
INFO: [ template_filter ] --START--
INFO: Run Behavior\ContentReplaceBehavior [ RunTime:0.000000s ]
INFO: [ template_filter ] --END-- [ RunTime:0.000000s ]
INFO: Run Behavior\ParseTemplateBehavior [ RunTime:0.012500s ]
INFO: [ view_parse ] --END-- [ RunTime:0.012500s ]
INFO: [ view_filter ] --START--
INFO: Run Behavior\WriteHtmlCacheBehavior [ RunTime:0.002500s ]
INFO: [ view_filter ] --END-- [ RunTime:0.002500s ]
INFO: [ app_end ] --START--
INFO: Run Behavior\ShowPageTraceBehavior [ RunTime:0.000000s ]
INFO: [ app_end ] --END-- [ RunTime:0.000000s ]

[ 2016-01-31T17:26:15+08:00 ] 127.0.0.1 /zhaopin/index.php/admin/Ymanager/application.html
INFO: [ app_init ] --START--
INFO: Run Behavior\BuildLiteBehavior [ RunTime:0.000000s ]
INFO: [ app_init ] --END-- [ RunTime:0.000000s ]
INFO: [ app_begin ] --START--
INFO: Run Behavior\ReadHtmlCacheBehavior [ RunTime:0.001000s ]
INFO: [ app_begin ] --END-- [ RunTime:0.001000s ]
INFO: [ view_parse ] --START--
INFO: [ template_filter ] --START--
INFO: Run Behavior\ContentReplaceBehavior [ RunTime:0.000000s ]
INFO: [ template_filter ] --END-- [ RunTime:0.001000s ]
INFO: Run Behavior\ParseTemplateBehavior [ RunTime:0.015000s ]
INFO: [ view_parse ] --END-- [ RunTime:0.015000s ]
INFO: [ view_filter ] --START--
INFO: Run Behavior\WriteHtmlCacheBehavior [ RunTime:0.001000s ]
INFO: [ view_filter ] --END-- [ RunTime:0.002000s ]
INFO: [ app_end ] --START--
INFO: Run Behavior\ShowPageTraceBehavior [ RunTime:0.001000s ]
INFO: [ app_end ] --END-- [ RunTime:0.001000s ]

[ 2016-01-31T17:26:16+08:00 ] 127.0.0.1 /zhaopin/index.php/admin/Ymanager/expert.html
INFO: [ app_init ] --START--
INFO: Run Behavior\BuildLiteBehavior [ RunTime:0.000000s ]
INFO: [ app_init ] --END-- [ RunTime:0.000000s ]
INFO: [ app_begin ] --START--
INFO: Run Behavior\ReadHtmlCacheBehavior [ RunTime:0.001000s ]
INFO: [ app_begin ] --END-- [ RunTime:0.001000s ]
INFO: [ view_parse ] --START--
INFO: [ template_filter ] --START--
INFO: Run Behavior\ContentReplaceBehavior [ RunTime:0.000000s ]
INFO: [ template_filter ] --END-- [ RunTime:0.000000s ]
NOTIC: [8] Undefined variable: listlpp E:\shq\wamp\www\zhaopin\Application\Runtime\Cache\Admin\2efe13864acff086b352e096c4c8b204.php 第 64 行.
INFO: Run Behavior\ParseTemplateBehavior [ RunTime:0.015000s ]
INFO: [ view_parse ] --END-- [ RunTime:0.015000s ]
INFO: [ view_filter ] --START--
INFO: Run Behavior\WriteHtmlCacheBehavior [ RunTime:0.001000s ]
INFO: [ view_filter ] --END-- [ RunTime:0.001000s ]
INFO: [ app_end ] --START--
INFO: Run Behavior\ShowPageTraceBehavior [ RunTime:0.001000s ]
INFO: [ app_end ] --END-- [ RunTime:0.001000s ]

[ 2016-01-31T17:26:17+08:00 ] 127.0.0.1 /zhaopin/index.php/admin/Ymanager/manager.html
INFO: [ app_init ] --START--
INFO: Run Behavior\BuildLiteBehavior [ RunTime:0.000000s ]
INFO: [ app_init ] --END-- [ RunTime:0.001000s ]
INFO: [ app_begin ] --START--
INFO: Run Behavior\ReadHtmlCacheBehavior [ RunTime:0.001000s ]
INFO: [ app_begin ] --END-- [ RunTime:0.001000s ]
INFO: [ view_parse ] --START--
INFO: [ template_filter ] --START--
INFO: Run Behavior\ContentReplaceBehavior [ RunTime:0.000000s ]
INFO: [ template_filter ] --END-- [ RunTime:0.000000s ]
INFO: Run Behavior\ParseTemplateBehavior [ RunTime:0.014500s ]
INFO: [ view_parse ] --END-- [ RunTime:0.015500s ]
INFO: [ view_filter ] --START--
INFO: Run Behavior\WriteHtmlCacheBehavior [ RunTime:0.001000s ]
INFO: [ view_filter ] --END-- [ RunTime:0.001000s ]
INFO: [ app_end ] --START--
INFO: Run Behavior\ShowPageTraceBehavior [ RunTime:0.001000s ]
INFO: [ app_end ] --END-- [ RunTime:0.001000s ]

[ 2016-01-31T17:26:18+08:00 ] 127.0.0.1 /zhaopin/index.php/admin/Ymanager/application.html
INFO: [ app_init ] --START--
INFO: Run Behavior\BuildLiteBehavior [ RunTime:0.001000s ]
INFO: [ app_init ] --END-- [ RunTime:0.001000s ]
INFO: [ app_begin ] --START--
INFO: Run Behavior\ReadHtmlCacheBehavior [ RunTime:0.001000s ]
INFO: [ app_begin ] --END-- [ RunTime:0.001000s ]
INFO: [ view_parse ] --START--
INFO: [ template_filter ] --START--
INFO: Run Behavior\ContentReplaceBehavior [ RunTime:0.000000s ]
INFO: [ template_filter ] --END-- [ RunTime:0.000000s ]
INFO: Run Behavior\ParseTemplateBehavior [ RunTime:0.017000s ]
INFO: [ view_parse ] --END-- [ RunTime:0.017000s ]
INFO: [ view_filter ] --START--
INFO: Run Behavior\WriteHtmlCacheBehavior [ RunTime:0.000000s ]
INFO: [ view_filter ] --END-- [ RunTime:0.002000s ]
INFO: [ app_end ] --START--
INFO: Run Behavior\ShowPageTraceBehavior [ RunTime:0.001000s ]
INFO: [ app_end ] --END-- [ RunTime:0.001000s ]

[ 2016-01-31T17:26:19+08:00 ] 127.0.0.1 /zhaopin/index.php/admin/Ymanager/expert.html
INFO: [ app_init ] --START--
INFO: Run Behavior\BuildLiteBehavior [ RunTime:0.000000s ]
INFO: [ app_init ] --END-- [ RunTime:0.001000s ]
INFO: [ app_begin ] --START--
INFO: Run Behavior\ReadHtmlCacheBehavior [ RunTime:0.001000s ]
INFO: [ app_begin ] --END-- [ RunTime:0.002000s ]
INFO: [ view_parse ] --START--
INFO: [ template_filter ] --START--
INFO: Run Behavior\ContentReplaceBehavior [ RunTime:0.000000s ]
INFO: [ template_filter ] --END-- [ RunTime:0.000000s ]
NOTIC: [8] Undefined variable: listlpp E:\shq\wamp\www\zhaopin\Application\Runtime\Cache\Admin\2efe13864acff086b352e096c4c8b204.php 第 64 行.
INFO: Run Behavior\ParseTemplateBehavior [ RunTime:0.016000s ]
INFO: [ view_parse ] --END-- [ RunTime:0.016000s ]
INFO: [ view_filter ] --START--
INFO: Run Behavior\WriteHtmlCacheBehavior [ RunTime:0.001000s ]
INFO: [ view_filter ] --END-- [ RunTime:0.001000s ]
INFO: [ app_end ] --START--
INFO: Run Behavior\ShowPageTraceBehavior [ RunTime:0.000000s ]
INFO: [ app_end ] --END-- [ RunTime:0.000000s ]

[ 2016-01-31T17:26:20+08:00 ] 127.0.0.1 /zhaopin/index.php/admin/Ymanager/application.html
INFO: [ app_init ] --START--
INFO: Run Behavior\BuildLiteBehavior [ RunTime:0.000000s ]
INFO: [ app_init ] --END-- [ RunTime:0.002500s ]
INFO: [ app_begin ] --START--
INFO: Run Behavior\ReadHtmlCacheBehavior [ RunTime:0.000000s ]
INFO: [ app_begin ] --END-- [ RunTime:0.000000s ]
INFO: [ view_parse ] --START--
INFO: [ template_filter ] --START--
INFO: Run Behavior\ContentReplaceBehavior [ RunTime:0.000000s ]
INFO: [ template_filter ] --END-- [ RunTime:0.000000s ]
INFO: Run Behavior\ParseTemplateBehavior [ RunTime:0.015000s ]
INFO: [ view_parse ] --END-- [ RunTime:0.015000s ]
INFO: [ view_filter ] --START--
INFO: Run Behavior\WriteHtmlCacheBehavior [ RunTime:0.000000s ]
INFO: [ view_filter ] --END-- [ RunTime:0.000000s ]
INFO: [ app_end ] --START--
INFO: Run Behavior\ShowPageTraceBehavior [ RunTime:0.002500s ]
INFO: [ app_end ] --END-- [ RunTime:0.002500s ]

[ 2016-01-31T17:26:41+08:00 ] 127.0.0.1 /zhaopin/index.php/admin/Ymanager/application.html
INFO: [ app_init ] --START--
INFO: Run Behavior\BuildLiteBehavior [ RunTime:0.000000s ]
INFO: [ app_init ] --END-- [ RunTime:0.001000s ]
INFO: [ app_begin ] --START--
INFO: Run Behavior\ReadHtmlCacheBehavior [ RunTime:0.001000s ]
INFO: [ app_begin ] --END-- [ RunTime:0.002000s ]
INFO: [ view_parse ] --START--
INFO: [ template_filter ] --START--
INFO: Run Behavior\ContentReplaceBehavior [ RunTime:0.000000s ]
INFO: [ template_filter ] --END-- [ RunTime:0.001000s ]
INFO: Run Behavior\ParseTemplateBehavior [ RunTime:0.015000s ]
INFO: [ view_parse ] --END-- [ RunTime:0.016000s ]
INFO: [ view_filter ] --START--
INFO: Run Behavior\WriteHtmlCacheBehavior [ RunTime:0.001000s ]
INFO: [ view_filter ] --END-- [ RunTime:0.001000s ]
INFO: [ app_end ] --START--
INFO: Run Behavior\ShowPageTraceBehavior [ RunTime:0.001000s ]
INFO: [ app_end ] --END-- [ RunTime:0.001000s ]

[ 2016-01-31T17:26:42+08:00 ] 127.0.0.1 /zhaopin/index.php/admin/Ymanager/expert.html
INFO: [ app_init ] --START--
INFO: Run Behavior\BuildLiteBehavior [ RunTime:0.000000s ]
INFO: [ app_init ] --END-- [ RunTime:0.001000s ]
INFO: [ app_begin ] --START--
INFO: Run Behavior\ReadHtmlCacheBehavior [ RunTime:0.001000s ]
INFO: [ app_begin ] --END-- [ RunTime:0.001000s ]
INFO: [ view_parse ] --START--
INFO: [ template_filter ] --START--
INFO: Run Behavior\ContentReplaceBehavior [ RunTime:0.000000s ]
INFO: [ template_filter ] --END-- [ RunTime:0.000000s ]
NOTIC: [8] Undefined variable: listlpp E:\shq\wamp\www\zhaopin\Application\Runtime\Cache\Admin\2efe13864acff086b352e096c4c8b204.php 第 64 行.
INFO: Run Behavior\ParseTemplateBehavior [ RunTime:0.014000s ]
INFO: [ view_parse ] --END-- [ RunTime:0.015000s ]
INFO: [ view_filter ] --START--
INFO: Run Behavior\WriteHtmlCacheBehavior [ RunTime:0.001000s ]
INFO: [ view_filter ] --END-- [ RunTime:0.002000s ]
INFO: [ app_end ] --START--
INFO: Run Behavior\ShowPageTraceBehavior [ RunTime:0.001000s ]
INFO: [ app_end ] --END-- [ RunTime:0.001000s ]

[ 2016-01-31T17:26:43+08:00 ] 127.0.0.1 /zhaopin/index.php/admin/Ymanager/manager.html
INFO: [ app_init ] --START--
INFO: Run Behavior\BuildLiteBehavior [ RunTime:0.000000s ]
INFO: [ app_init ] --END-- [ RunTime:0.000000s ]
INFO: [ app_begin ] --START--
INFO: Run Behavior\ReadHtmlCacheBehavior [ RunTime:0.002500s ]
INFO: [ app_begin ] --END-- [ RunTime:0.002500s ]
INFO: [ view_parse ] --START--
INFO: [ template_filter ] --START--
INFO: Run Behavior\ContentReplaceBehavior [ RunTime:0.000000s ]
INFO: [ template_filter ] --END-- [ RunTime:0.002500s ]
INFO: Run Behavior\ParseTemplateBehavior [ RunTime:0.015000s ]
INFO: [ view_parse ] --END-- [ RunTime:0.015000s ]
INFO: [ view_filter ] --START--
INFO: Run Behavior\WriteHtmlCacheBehavior [ RunTime:0.000000s ]
INFO: [ view_filter ] --END-- [ RunTime:0.002500s ]
INFO: [ app_end ] --START--
INFO: Run Behavior\ShowPageTraceBehavior [ RunTime:0.002500s ]
INFO: [ app_end ] --END-- [ RunTime:0.002500s ]

[ 2016-01-31T17:26:44+08:00 ] 127.0.0.1 /zhaopin/index.php/admin/Ymanager/expert.html
INFO: [ app_init ] --START--
INFO: Run Behavior\BuildLiteBehavior [ RunTime:0.000000s ]
INFO: [ app_init ] --END-- [ RunTime:0.000000s ]
INFO: [ app_begin ] --START--
INFO: Run Behavior\ReadHtmlCacheBehavior [ RunTime:0.001000s ]
INFO: [ app_begin ] --END-- [ RunTime:0.001000s ]
INFO: [ view_parse ] --START--
INFO: [ template_filter ] --START--
INFO: Run Behavior\ContentReplaceBehavior [ RunTime:0.001000s ]
INFO: [ template_filter ] --END-- [ RunTime:0.001000s ]
NOTIC: [8] Undefined variable: listlpp E:\shq\wamp\www\zhaopin\Application\Runtime\Cache\Admin\2efe13864acff086b352e096c4c8b204.php 第 64 行.
INFO: Run Behavior\ParseTemplateBehavior [ RunTime:0.018000s ]
INFO: [ view_parse ] --END-- [ RunTime:0.019000s ]
INFO: [ view_filter ] --START--
INFO: Run Behavior\WriteHtmlCacheBehavior [ RunTime:0.000000s ]
INFO: [ view_filter ] --END-- [ RunTime:0.001000s ]
INFO: [ app_end ] --START--
INFO: Run Behavior\ShowPageTraceBehavior [ RunTime:0.001000s ]
INFO: [ app_end ] --END-- [ RunTime:0.001000s ]

[ 2016-01-31T17:26:45+08:00 ] 127.0.0.1 /zhaopin/index.php/admin/Ymanager/application.html
INFO: [ app_init ] --START--
INFO: Run Behavior\BuildLiteBehavior [ RunTime:0.000000s ]
INFO: [ app_init ] --END-- [ RunTime:0.001000s ]
INFO: [ app_begin ] --START--
INFO: Run Behavior\ReadHtmlCacheBehavior [ RunTime:0.001000s ]
INFO: [ app_begin ] --END-- [ RunTime:0.001000s ]
INFO: [ view_parse ] --START--
INFO: [ template_filter ] --START--
INFO: Run Behavior\ContentReplaceBehavior [ RunTime:0.001000s ]
INFO: [ template_filter ] --END-- [ RunTime:0.001000s ]
INFO: Run Behavior\ParseTemplateBehavior [ RunTime:0.014000s ]
INFO: [ view_parse ] --END-- [ RunTime:0.014000s ]
INFO: [ view_filter ] --START--
INFO: Run Behavior\WriteHtmlCacheBehavior [ RunTime:0.001000s ]
INFO: [ view_filter ] --END-- [ RunTime:0.001000s ]
INFO: [ app_end ] --START--
INFO: Run Behavior\ShowPageTraceBehavior [ RunTime:0.001000s ]
INFO: [ app_end ] --END-- [ RunTime:0.001000s ]

[ 2016-01-31T17:29:14+08:00 ] 127.0.0.1 /zhaopin/index.php/admin/Ymanager/application.html
INFO: [ app_init ] --START--
INFO: Run Behavior\BuildLiteBehavior [ RunTime:0.000000s ]
INFO: [ app_init ] --END-- [ RunTime:0.001000s ]
INFO: [ app_begin ] --START--
INFO: Run Behavior\ReadHtmlCacheBehavior [ RunTime:0.001000s ]
INFO: [ app_begin ] --END-- [ RunTime:0.001000s ]
INFO: [ view_parse ] --START--
INFO: [ template_filter ] --START--
INFO: Run Behavior\ContentReplaceBehavior [ RunTime:0.000000s ]
INFO: [ template_filter ] --END-- [ RunTime:0.000000s ]
INFO: Run Behavior\ParseTemplateBehavior [ RunTime:0.017000s ]
INFO: [ view_parse ] --END-- [ RunTime:0.018000s ]
INFO: [ view_filter ] --START--
INFO: Run Behavior\WriteHtmlCacheBehavior [ RunTime:0.001000s ]
INFO: [ view_filter ] --END-- [ RunTime:0.001000s ]
INFO: [ app_end ] --START--
INFO: Run Behavior\ShowPageTraceBehavior [ RunTime:0.001000s ]
INFO: [ app_end ] --END-- [ RunTime:0.001000s ]

[ 2016-01-31T17:29:16+08:00 ] 127.0.0.1 /zhaopin/index.php/Admin/Ymanager/apform
INFO: [ app_init ] --START--
INFO: Run Behavior\BuildLiteBehavior [ RunTime:0.000000s ]
INFO: [ app_init ] --END-- [ RunTime:0.000000s ]
INFO: [ app_begin ] --START--
INFO: Run Behavior\ReadHtmlCacheBehavior [ RunTime:0.001000s ]
INFO: [ app_begin ] --END-- [ RunTime:0.001000s ]
INFO: [ view_parse ] --START--
INFO: [ template_filter ] --START--
INFO: Run Behavior\ContentReplaceBehavior [ RunTime:0.000000s ]
INFO: [ template_filter ] --END-- [ RunTime:0.000000s ]
NOTIC: [8] Undefined variable: list E:\shq\wamp\www\zhaopin\Application\Runtime\Cache\Admin\f8f8e30f400e24299ff7b855204445a2.php 第 101 行.
NOTIC: [8] Undefined variable: list E:\shq\wamp\www\zhaopin\Application\Runtime\Cache\Admin\f8f8e30f400e24299ff7b855204445a2.php 第 102 行.
NOTIC: [8] Undefined variable: list E:\shq\wamp\www\zhaopin\Application\Runtime\Cache\Admin\f8f8e30f400e24299ff7b855204445a2.php 第 103 行.
NOTIC: [8] Undefined variable: list E:\shq\wamp\www\zhaopin\Application\Runtime\Cache\Admin\f8f8e30f400e24299ff7b855204445a2.php 第 104 行.
NOTIC: [8] Undefined variable: list E:\shq\wamp\www\zhaopin\Application\Runtime\Cache\Admin\f8f8e30f400e24299ff7b855204445a2.php 第 107 行.
NOTIC: [8] Undefined variable: list E:\shq\wamp\www\zhaopin\Application\Runtime\Cache\Admin\f8f8e30f400e24299ff7b855204445a2.php 第 108 行.
NOTIC: [8] Undefined variable: list E:\shq\wamp\www\zhaopin\Application\Runtime\Cache\Admin\f8f8e30f400e24299ff7b855204445a2.php 第 109 行.
NOTIC: [8] Undefined variable: list E:\shq\wamp\www\zhaopin\Application\Runtime\Cache\Admin\f8f8e30f400e24299ff7b855204445a2.php 第 113 行.
NOTIC: [8] Undefined variable: list E:\shq\wamp\www\zhaopin\Application\Runtime\Cache\Admin\f8f8e30f400e24299ff7b855204445a2.php 第 114 行.
NOTIC: [8] Undefined variable: list E:\shq\wamp\www\zhaopin\Application\Runtime\Cache\Admin\f8f8e30f400e24299ff7b855204445a2.php 第 117 行.
NOTIC: [8] Undefined variable: list E:\shq\wamp\www\zhaopin\Application\Runtime\Cache\Admin\f8f8e30f400e24299ff7b855204445a2.php 第 118 行.
NOTIC: [8] Undefined variable: list2 E:\shq\wamp\www\zhaopin\Application\Runtime\Cache\Admin\f8f8e30f400e24299ff7b855204445a2.php 第 125 行.
NOTIC: [8] Undefined variable: list3 E:\shq\wamp\www\zhaopin\Application\Runtime\Cache\Admin\f8f8e30f400e24299ff7b855204445a2.php 第 133 行.
NOTIC: [8] Undefined variable: list E:\shq\wamp\www\zhaopin\Application\Runtime\Cache\Admin\f8f8e30f400e24299ff7b855204445a2.php 第 139 行.
NOTIC: [8] Undefined variable: list E:\shq\wamp\www\zhaopin\Application\Runtime\Cache\Admin\f8f8e30f400e24299ff7b855204445a2.php 第 146 行.
INFO: Run Behavior\ParseTemplateBehavior [ RunTime:0.037000s ]
INFO: [ view_parse ] --END-- [ RunTime:0.038000s ]
INFO: [ view_filter ] --START--
INFO: Run Behavior\WriteHtmlCacheBehavior [ RunTime:0.001000s ]
INFO: [ view_filter ] --END-- [ RunTime:0.001000s ]
INFO: [ app_end ] --START--
INFO: Run Behavior\ShowPageTraceBehavior [ RunTime:0.001000s ]
INFO: [ app_end ] --END-- [ RunTime:0.001000s ]

[ 2016-01-31T17:29:18+08:00 ] 127.0.0.1 /zhaopin/index.php/admin/Ymanager/application.html
INFO: [ app_init ] --START--
INFO: Run Behavior\BuildLiteBehavior [ RunTime:0.000000s ]
INFO: [ app_init ] --END-- [ RunTime:0.002500s ]
INFO: [ app_begin ] --START--
INFO: Run Behavior\ReadHtmlCacheBehavior [ RunTime:0.002500s ]
INFO: [ app_begin ] --END-- [ RunTime:0.002500s ]
INFO: [ view_parse ] --START--
INFO: [ template_filter ] --START--
INFO: Run Behavior\ContentReplaceBehavior [ RunTime:0.000000s ]
INFO: [ template_filter ] --END-- [ RunTime:0.000000s ]
INFO: Run Behavior\ParseTemplateBehavior [ RunTime:0.023000s ]
INFO: [ view_parse ] --END-- [ RunTime:0.023000s ]
INFO: [ view_filter ] --START--
INFO: Run Behavior\WriteHtmlCacheBehavior [ RunTime:0.001000s ]
INFO: [ view_filter ] --END-- [ RunTime:0.001000s ]
INFO: [ app_end ] --START--
INFO: Run Behavior\ShowPageTraceBehavior [ RunTime:0.001000s ]
INFO: [ app_end ] --END-- [ RunTime:0.001000s ]

