[ 2016-02-17T00:18:32+08:00 ] 122.83.212.19 /index.php/Admin
INFO: [ app_init ] --START--
INFO: Run Behavior\BuildLiteBehavior [ RunTime:0.000066s ]
INFO: [ app_init ] --END-- [ RunTime:0.000943s ]
INFO: [ app_begin ] --START--
INFO: Run Behavior\ReadHtmlCacheBehavior [ RunTime:0.001325s ]
INFO: [ app_begin ] --END-- [ RunTime:0.001676s ]
ERR: 模板不存在:./Application/Admin/View/Index/index.html

[ 2016-02-17T00:18:38+08:00 ] 122.83.212.19 /index.php/Admin/Login/login
INFO: [ app_init ] --START--
INFO: Run Behavior\BuildLiteBehavior [ RunTime:0.000071s ]
INFO: [ app_init ] --END-- [ RunTime:0.000964s ]
INFO: [ app_begin ] --START--
INFO: Run Behavior\ReadHtmlCacheBehavior [ RunTime:0.001269s ]
INFO: [ app_begin ] --END-- [ RunTime:0.001607s ]
INFO: [ view_parse ] --START--
INFO: [ template_filter ] --START--
INFO: Run Behavior\ContentReplaceBehavior [ RunTime:0.000195s ]
INFO: [ template_filter ] --END-- [ RunTime:0.000552s ]
INFO: Run Behavior\ParseTemplateBehavior [ RunTime:0.044013s ]
INFO: [ view_parse ] --END-- [ RunTime:0.044520s ]
INFO: [ view_filter ] --START--
INFO: Run Behavior\WriteHtmlCacheBehavior [ RunTime:0.001050s ]
INFO: [ view_filter ] --END-- [ RunTime:0.001548s ]
INFO: [ app_end ] --START--
INFO: Run Behavior\ShowPageTraceBehavior [ RunTime:0.001653s ]
INFO: [ app_end ] --END-- [ RunTime:0.001998s ]

[ 2016-02-17T00:18:47+08:00 ] 122.83.212.19 /index.php/Admin/Login/do_login
INFO: [ app_init ] --START--
INFO: Run Behavior\BuildLiteBehavior [ RunTime:0.000067s ]
INFO: [ app_init ] --END-- [ RunTime:0.001118s ]
INFO: [ app_begin ] --START--
INFO: Run Behavior\ReadHtmlCacheBehavior [ RunTime:0.001479s ]
INFO: [ app_begin ] --END-- [ RunTime:0.001837s ]
SQL: SHOW COLUMNS FROM `zp_administrator` [ RunTime:0.0029s ]
SQL: SELECT * FROM `zp_administrator` WHERE `user` = '55' AND `password` = '55' LIMIT 1   [ RunTime:0.0012s ]

[ 2016-02-17T00:18:47+08:00 ] 122.83.212.19 /index.php/Admin/Xmanager/index.html
INFO: [ app_init ] --START--
INFO: Run Behavior\BuildLiteBehavior [ RunTime:0.000067s ]
INFO: [ app_init ] --END-- [ RunTime:0.000940s ]
INFO: [ app_begin ] --START--
INFO: Run Behavior\ReadHtmlCacheBehavior [ RunTime:0.001342s ]
INFO: [ app_begin ] --END-- [ RunTime:0.001673s ]
SQL: SHOW COLUMNS FROM `zp_administrator` [ RunTime:0.0032s ]
SQL: SELECT * FROM `zp_administrator` WHERE `user` = '55' AND `grant` = 1 LIMIT 1   [ RunTime:0.0199s ]
SQL: SHOW COLUMNS FROM `zp_proform` [ RunTime:0.0029s ]
SQL: SHOW COLUMNS FROM `zp_application` [ RunTime:0.0032s ]
SQL: SHOW COLUMNS FROM `zp_professior` [ RunTime:0.0029s ]
SQL: SELECT DISTINCT  `numid` FROM `zp_proform`  [ RunTime:0.0006s ]
SQL: SELECT `numid`,`name`,`major`,`aid` FROM `zp_application` WHERE `numid` = 1 LIMIT 1   [ RunTime:0.0005s ]
NOTIC: [8] Undefined variable: list2 C:\wamp\www\zhaopin\Application\Admin\Controller\XmanagerController.class.php 第 53 行.
SQL: SELECT `numid`,`name`,`major`,`aid` FROM `zp_application` WHERE `numid` = 2 LIMIT 1   [ RunTime:0.0004s ]
SQL: SELECT `pid`,`assess`,`sum` FROM `zp_proform` WHERE `numid` = 2  [ RunTime:0.0004s ]
SQL: SELECT `pid`,`name` FROM `zp_professior` WHERE `pid` = 8 LIMIT 1   [ RunTime:0.0004s ]
SQL: SELECT `pid`,`name` FROM `zp_professior` WHERE `pid` = 2 LIMIT 1   [ RunTime:0.0004s ]
SQL: SELECT `numid`,`name`,`major`,`aid` FROM `zp_application` WHERE `numid` = 4 LIMIT 1   [ RunTime:0.0003s ]
SQL: SELECT `numid`,`name`,`major`,`aid` FROM `zp_application` WHERE `numid` = 5 LIMIT 1   [ RunTime:0.0003s ]
SQL: SELECT `numid`,`name`,`major`,`aid` FROM `zp_application` WHERE `numid` = 6 LIMIT 1   [ RunTime:0.0004s ]
SQL: SELECT `pid`,`assess`,`sum` FROM `zp_proform` WHERE `numid` = 6  [ RunTime:0.0003s ]
SQL: SELECT `pid`,`name` FROM `zp_professior` WHERE `pid` = 2 LIMIT 1   [ RunTime:0.0004s ]
SQL: SELECT `numid`,`name`,`major`,`aid` FROM `zp_application` WHERE `numid` = 9 LIMIT 1   [ RunTime:0.0003s ]
SQL: SELECT `pid`,`assess`,`sum` FROM `zp_proform` WHERE `numid` = 9  [ RunTime:0.0004s ]
SQL: SELECT `pid`,`name` FROM `zp_professior` WHERE `pid` = 18 LIMIT 1   [ RunTime:0.0004s ]
SQL: SELECT `numid`,`name`,`major`,`aid` FROM `zp_application` WHERE `numid` = 10 LIMIT 1   [ RunTime:0.0004s ]
SQL: SELECT `pid`,`assess`,`sum` FROM `zp_proform` WHERE `numid` = 10  [ RunTime:0.0004s ]
SQL: SELECT `pid`,`name` FROM `zp_professior` WHERE `pid` = 18 LIMIT 1   [ RunTime:0.0003s ]
SQL: SELECT `numid`,`name`,`major`,`aid` FROM `zp_application` WHERE `numid` = 11 LIMIT 1   [ RunTime:0.0004s ]
SQL: SELECT `pid`,`assess`,`sum` FROM `zp_proform` WHERE `numid` = 11  [ RunTime:0.0003s ]
SQL: SELECT `pid`,`name` FROM `zp_professior` WHERE `pid` = 20 LIMIT 1   [ RunTime:0.0004s ]
SQL: SELECT `numid`,`name`,`major`,`aid` FROM `zp_application` WHERE `numid` = 8 LIMIT 1   [ RunTime:0.0003s ]
SQL: SELECT `pid`,`assess`,`sum` FROM `zp_proform` WHERE `numid` = 8  [ RunTime:0.0003s ]
SQL: SELECT `pid`,`name` FROM `zp_professior` WHERE `pid` = 2 LIMIT 1   [ RunTime:0.0005s ]
SQL: SELECT * FROM `zp_administrator` WHERE `grant` = 2  [ RunTime:0.0004s ]
SQL: SELECT * FROM `zp_professior` WHERE `grant` = 2  [ RunTime:0.0005s ]
INFO: [ view_parse ] --START--
INFO: [ template_filter ] --START--
INFO: Run Behavior\ContentReplaceBehavior [ RunTime:0.000244s ]
INFO: [ template_filter ] --END-- [ RunTime:0.000972s ]
NOTIC: [8] Undefined index: 3 C:\wamp\www\zhaopin\Application\Runtime\Cache\Admin\160404f9ccfe64e795931bd711cc3bbe.php 第 141 行.
NOTIC: [8] Undefined variable: page C:\wamp\www\zhaopin\Application\Runtime\Cache\Admin\160404f9ccfe64e795931bd711cc3bbe.php 第 167 行.
INFO: Run Behavior\ParseTemplateBehavior [ RunTime:0.126682s ]
INFO: [ view_parse ] --END-- [ RunTime:0.127036s ]
INFO: [ view_filter ] --START--
INFO: Run Behavior\WriteHtmlCacheBehavior [ RunTime:0.000938s ]
INFO: [ view_filter ] --END-- [ RunTime:0.001311s ]
INFO: [ app_end ] --START--
INFO: Run Behavior\ShowPageTraceBehavior [ RunTime:0.001280s ]
INFO: [ app_end ] --END-- [ RunTime:0.001627s ]

[ 2016-02-17T00:19:38+08:00 ] 122.83.212.19 /index.php/Admin/Smanager
INFO: [ app_init ] --START--
INFO: Run Behavior\BuildLiteBehavior [ RunTime:0.000079s ]
INFO: [ app_init ] --END-- [ RunTime:0.000919s ]
INFO: [ app_begin ] --START--
INFO: Run Behavior\ReadHtmlCacheBehavior [ RunTime:0.001270s ]
INFO: [ app_begin ] --END-- [ RunTime:0.001612s ]

[ 2016-02-17T00:19:39+08:00 ] 122.83.212.19 /index.php/Admin/Login/Sm_login.html
INFO: [ app_init ] --START--
INFO: Run Behavior\BuildLiteBehavior [ RunTime:0.000086s ]
INFO: [ app_init ] --END-- [ RunTime:0.000923s ]
INFO: [ app_begin ] --START--
INFO: Run Behavior\ReadHtmlCacheBehavior [ RunTime:0.001275s ]
INFO: [ app_begin ] --END-- [ RunTime:0.001610s ]
INFO: [ view_parse ] --START--
INFO: [ template_filter ] --START--
INFO: Run Behavior\ContentReplaceBehavior [ RunTime:0.000183s ]
INFO: [ template_filter ] --END-- [ RunTime:0.000526s ]
INFO: Run Behavior\ParseTemplateBehavior [ RunTime:0.033608s ]
INFO: [ view_parse ] --END-- [ RunTime:0.034044s ]
INFO: [ view_filter ] --START--
INFO: Run Behavior\WriteHtmlCacheBehavior [ RunTime:0.000890s ]
INFO: [ view_filter ] --END-- [ RunTime:0.001208s ]
INFO: [ app_end ] --START--
INFO: Run Behavior\ShowPageTraceBehavior [ RunTime:0.001289s ]
INFO: [ app_end ] --END-- [ RunTime:0.001634s ]

[ 2016-02-17T00:20:07+08:00 ] 122.83.212.19 /index.php/Admin/Login/do_Smlogin
INFO: [ app_init ] --START--
INFO: Run Behavior\BuildLiteBehavior [ RunTime:0.000068s ]
INFO: [ app_init ] --END-- [ RunTime:0.000905s ]
INFO: [ app_begin ] --START--
INFO: Run Behavior\ReadHtmlCacheBehavior [ RunTime:0.001298s ]
INFO: [ app_begin ] --END-- [ RunTime:0.001638s ]
SQL: SHOW COLUMNS FROM `zp_administrator` [ RunTime:0.0028s ]
SQL: SELECT * FROM `zp_administrator` WHERE `user` = 'admin' AND `password` = '123456' LIMIT 1   [ RunTime:0.0006s ]

[ 2016-02-17T00:20:07+08:00 ] 122.83.212.19 /index.php/Admin/Smanager/index.html
INFO: [ app_init ] --START--
INFO: Run Behavior\BuildLiteBehavior [ RunTime:0.000068s ]
INFO: [ app_init ] --END-- [ RunTime:0.000902s ]
INFO: [ app_begin ] --START--
INFO: Run Behavior\ReadHtmlCacheBehavior [ RunTime:0.001296s ]
INFO: [ app_begin ] --END-- [ RunTime:0.001632s ]
SQL: SHOW COLUMNS FROM `zp_administrator` [ RunTime:0.0026s ]
SQL: SELECT * FROM `zp_administrator` WHERE `user` = 'admin' AND `grant` = 10 LIMIT 1   [ RunTime:0.0005s ]
INFO: [ view_parse ] --START--
INFO: [ template_filter ] --START--
INFO: Run Behavior\ContentReplaceBehavior [ RunTime:0.000190s ]
INFO: [ template_filter ] --END-- [ RunTime:0.000548s ]
INFO: Run Behavior\ParseTemplateBehavior [ RunTime:0.044987s ]
INFO: [ view_parse ] --END-- [ RunTime:0.045333s ]
INFO: [ view_filter ] --START--
INFO: Run Behavior\WriteHtmlCacheBehavior [ RunTime:0.000881s ]
INFO: [ view_filter ] --END-- [ RunTime:0.001260s ]
INFO: [ app_end ] --START--
INFO: Run Behavior\ShowPageTraceBehavior [ RunTime:0.001408s ]
INFO: [ app_end ] --END-- [ RunTime:0.001733s ]

[ 2016-02-17T00:20:54+08:00 ] 14.17.29.92 /index.php/Admin/Login/login
INFO: [ app_init ] --START--
INFO: Run Behavior\BuildLiteBehavior [ RunTime:0.000068s ]
INFO: [ app_init ] --END-- [ RunTime:0.000958s ]
INFO: [ app_begin ] --START--
INFO: Run Behavior\ReadHtmlCacheBehavior [ RunTime:0.001361s ]
INFO: [ app_begin ] --END-- [ RunTime:0.001720s ]
INFO: [ view_parse ] --START--
INFO: [ template_filter ] --START--
INFO: Run Behavior\ContentReplaceBehavior [ RunTime:0.000199s ]
INFO: [ template_filter ] --END-- [ RunTime:0.000623s ]
INFO: Run Behavior\ParseTemplateBehavior [ RunTime:0.012913s ]
INFO: [ view_parse ] --END-- [ RunTime:0.013282s ]
INFO: [ view_filter ] --START--
INFO: Run Behavior\WriteHtmlCacheBehavior [ RunTime:0.000896s ]
INFO: [ view_filter ] --END-- [ RunTime:0.001214s ]
INFO: [ app_end ] --START--
INFO: Run Behavior\ShowPageTraceBehavior [ RunTime:0.001316s ]
INFO: [ app_end ] --END-- [ RunTime:0.001643s ]

[ 2016-02-17T00:20:54+08:00 ] 14.17.18.146 /index.php/Admin/Login/Sm_login.html
INFO: [ app_init ] --START--
INFO: Run Behavior\BuildLiteBehavior [ RunTime:0.000068s ]
INFO: [ app_init ] --END-- [ RunTime:0.000957s ]
INFO: [ app_begin ] --START--
INFO: Run Behavior\ReadHtmlCacheBehavior [ RunTime:0.001492s ]
INFO: [ app_begin ] --END-- [ RunTime:0.001839s ]
INFO: [ view_parse ] --START--
INFO: [ template_filter ] --START--
INFO: Run Behavior\ContentReplaceBehavior [ RunTime:0.000179s ]
INFO: [ template_filter ] --END-- [ RunTime:0.000537s ]
INFO: Run Behavior\ParseTemplateBehavior [ RunTime:0.013197s ]
INFO: [ view_parse ] --END-- [ RunTime:0.013563s ]
INFO: [ view_filter ] --START--
INFO: Run Behavior\WriteHtmlCacheBehavior [ RunTime:0.001168s ]
INFO: [ view_filter ] --END-- [ RunTime:0.001508s ]
INFO: [ app_end ] --START--
INFO: Run Behavior\ShowPageTraceBehavior [ RunTime:0.001356s ]
INFO: [ app_end ] --END-- [ RunTime:0.001748s ]

[ 2016-02-17T00:20:54+08:00 ] 180.153.81.163 /index.php/Admin/Login/Sm_login.html
INFO: [ app_init ] --START--
INFO: Run Behavior\BuildLiteBehavior [ RunTime:0.000072s ]
INFO: [ app_init ] --END-- [ RunTime:0.001043s ]
INFO: [ app_begin ] --START--
INFO: Run Behavior\ReadHtmlCacheBehavior [ RunTime:0.001273s ]
INFO: [ app_begin ] --END-- [ RunTime:0.001632s ]
INFO: [ view_parse ] --START--
INFO: [ template_filter ] --START--
INFO: Run Behavior\ContentReplaceBehavior [ RunTime:0.000179s ]
INFO: [ template_filter ] --END-- [ RunTime:0.000519s ]
INFO: Run Behavior\ParseTemplateBehavior [ RunTime:0.013989s ]
INFO: [ view_parse ] --END-- [ RunTime:0.014335s ]
INFO: [ view_filter ] --START--
INFO: Run Behavior\WriteHtmlCacheBehavior [ RunTime:0.000753s ]
INFO: [ view_filter ] --END-- [ RunTime:0.001119s ]
INFO: [ app_end ] --START--
INFO: Run Behavior\ShowPageTraceBehavior [ RunTime:0.001168s ]
INFO: [ app_end ] --END-- [ RunTime:0.001490s ]

[ 2016-02-17T00:20:54+08:00 ] 180.153.81.163 /index.php/Admin/Login/login
INFO: [ app_init ] --START--
INFO: Run Behavior\BuildLiteBehavior [ RunTime:0.000066s ]
INFO: [ app_init ] --END-- [ RunTime:0.000888s ]
INFO: [ app_begin ] --START--
INFO: Run Behavior\ReadHtmlCacheBehavior [ RunTime:0.001173s ]
INFO: [ app_begin ] --END-- [ RunTime:0.001507s ]
INFO: [ view_parse ] --START--
INFO: [ template_filter ] --START--
INFO: Run Behavior\ContentReplaceBehavior [ RunTime:0.000179s ]
INFO: [ template_filter ] --END-- [ RunTime:0.000511s ]
INFO: Run Behavior\ParseTemplateBehavior [ RunTime:0.012631s ]
INFO: [ view_parse ] --END-- [ RunTime:0.012976s ]
INFO: [ view_filter ] --START--
INFO: Run Behavior\WriteHtmlCacheBehavior [ RunTime:0.000771s ]
INFO: [ view_filter ] --END-- [ RunTime:0.001088s ]
INFO: [ app_end ] --START--
INFO: Run Behavior\ShowPageTraceBehavior [ RunTime:0.001169s ]
INFO: [ app_end ] --END-- [ RunTime:0.001491s ]

[ 2016-02-17T00:20:54+08:00 ] 101.226.51.227 /index.php/Admin/Login/Sm_login.html
INFO: [ app_init ] --START--
INFO: Run Behavior\BuildLiteBehavior [ RunTime:0.000068s ]
INFO: [ app_init ] --END-- [ RunTime:0.000913s ]
INFO: [ app_begin ] --START--
INFO: Run Behavior\ReadHtmlCacheBehavior [ RunTime:0.001153s ]
INFO: [ app_begin ] --END-- [ RunTime:0.001485s ]
INFO: [ view_parse ] --START--
INFO: [ template_filter ] --START--
INFO: Run Behavior\ContentReplaceBehavior [ RunTime:0.000175s ]
INFO: [ template_filter ] --END-- [ RunTime:0.000511s ]
INFO: Run Behavior\ParseTemplateBehavior [ RunTime:0.012341s ]
INFO: [ view_parse ] --END-- [ RunTime:0.012682s ]
INFO: [ view_filter ] --START--
INFO: Run Behavior\WriteHtmlCacheBehavior [ RunTime:0.000790s ]
INFO: [ view_filter ] --END-- [ RunTime:0.001141s ]
INFO: [ app_end ] --START--
INFO: Run Behavior\ShowPageTraceBehavior [ RunTime:0.001180s ]
INFO: [ app_end ] --END-- [ RunTime:0.001500s ]

[ 2016-02-17T00:20:54+08:00 ] 180.153.214.198 /index.php/Admin/Login/login
INFO: [ app_init ] --START--
INFO: Run Behavior\BuildLiteBehavior [ RunTime:0.000065s ]
INFO: [ app_init ] --END-- [ RunTime:0.000883s ]
INFO: [ app_begin ] --START--
INFO: Run Behavior\ReadHtmlCacheBehavior [ RunTime:0.001169s ]
INFO: [ app_begin ] --END-- [ RunTime:0.001502s ]
INFO: [ view_parse ] --START--
INFO: [ template_filter ] --START--
INFO: Run Behavior\ContentReplaceBehavior [ RunTime:0.000207s ]
INFO: [ template_filter ] --END-- [ RunTime:0.000607s ]
INFO: Run Behavior\ParseTemplateBehavior [ RunTime:0.012990s ]
INFO: [ view_parse ] --END-- [ RunTime:0.013396s ]
INFO: [ view_filter ] --START--
INFO: Run Behavior\WriteHtmlCacheBehavior [ RunTime:0.000814s ]
INFO: [ view_filter ] --END-- [ RunTime:0.001131s ]
INFO: [ app_end ] --START--
INFO: Run Behavior\ShowPageTraceBehavior [ RunTime:0.001295s ]
INFO: [ app_end ] --END-- [ RunTime:0.001616s ]

[ 2016-02-17T00:21:12+08:00 ] 119.147.146.193 /index.php/Admin/Login/login
INFO: [ app_init ] --START--
INFO: Run Behavior\BuildLiteBehavior [ RunTime:0.000074s ]
INFO: [ app_init ] --END-- [ RunTime:0.000933s ]
INFO: [ app_begin ] --START--
INFO: Run Behavior\ReadHtmlCacheBehavior [ RunTime:0.001166s ]
INFO: [ app_begin ] --END-- [ RunTime:0.001519s ]
INFO: [ view_parse ] --START--
INFO: [ template_filter ] --START--
INFO: Run Behavior\ContentReplaceBehavior [ RunTime:0.000200s ]
INFO: [ template_filter ] --END-- [ RunTime:0.000641s ]
INFO: Run Behavior\ParseTemplateBehavior [ RunTime:0.015293s ]
INFO: [ view_parse ] --END-- [ RunTime:0.015655s ]
INFO: [ view_filter ] --START--
INFO: Run Behavior\WriteHtmlCacheBehavior [ RunTime:0.000811s ]
INFO: [ view_filter ] --END-- [ RunTime:0.001129s ]
INFO: [ app_end ] --START--
INFO: Run Behavior\ShowPageTraceBehavior [ RunTime:0.001203s ]
INFO: [ app_end ] --END-- [ RunTime:0.001523s ]

[ 2016-02-17T10:08:53+08:00 ] 180.153.81.183 /index.php/Admin/Login/Sm_login.html
INFO: [ app_init ] --START--
INFO: Run Behavior\BuildLiteBehavior [ RunTime:0.000069s ]
INFO: [ app_init ] --END-- [ RunTime:0.000919s ]
INFO: [ app_begin ] --START--
INFO: Run Behavior\ReadHtmlCacheBehavior [ RunTime:0.001712s ]
INFO: [ app_begin ] --END-- [ RunTime:0.002049s ]
INFO: [ view_parse ] --START--
INFO: [ template_filter ] --START--
INFO: Run Behavior\ContentReplaceBehavior [ RunTime:0.000173s ]
INFO: [ template_filter ] --END-- [ RunTime:0.000511s ]
INFO: Run Behavior\ParseTemplateBehavior [ RunTime:0.012390s ]
INFO: [ view_parse ] --END-- [ RunTime:0.012725s ]
INFO: [ view_filter ] --START--
INFO: Run Behavior\WriteHtmlCacheBehavior [ RunTime:0.000906s ]
INFO: [ view_filter ] --END-- [ RunTime:0.001317s ]
INFO: [ app_end ] --START--
INFO: Run Behavior\ShowPageTraceBehavior [ RunTime:0.001330s ]
INFO: [ app_end ] --END-- [ RunTime:0.001674s ]

[ 2016-02-17T10:08:53+08:00 ] 180.153.81.183 /index.php/Admin/Login/login
INFO: [ app_init ] --START--
INFO: Run Behavior\BuildLiteBehavior [ RunTime:0.000068s ]
INFO: [ app_init ] --END-- [ RunTime:0.000912s ]
INFO: [ app_begin ] --START--
INFO: Run Behavior\ReadHtmlCacheBehavior [ RunTime:0.001279s ]
INFO: [ app_begin ] --END-- [ RunTime:0.001633s ]
INFO: [ view_parse ] --START--
INFO: [ template_filter ] --START--
INFO: Run Behavior\ContentReplaceBehavior [ RunTime:0.000180s ]
INFO: [ template_filter ] --END-- [ RunTime:0.000521s ]
INFO: Run Behavior\ParseTemplateBehavior [ RunTime:0.012844s ]
INFO: [ view_parse ] --END-- [ RunTime:0.013184s ]
INFO: [ view_filter ] --START--
INFO: Run Behavior\WriteHtmlCacheBehavior [ RunTime:0.000918s ]
INFO: [ view_filter ] --END-- [ RunTime:0.001262s ]
INFO: [ app_end ] --START--
INFO: Run Behavior\ShowPageTraceBehavior [ RunTime:0.001342s ]
INFO: [ app_end ] --END-- [ RunTime:0.001672s ]

[ 2016-02-17T11:01:57+08:00 ] ::1 /zhaopin/index.php/Admin/Smanager
INFO: [ app_init ] --START--
INFO: Run Behavior\BuildLiteBehavior [ RunTime:0.000139s ]
INFO: [ app_init ] --END-- [ RunTime:0.001849s ]
INFO: [ app_begin ] --START--
INFO: Run Behavior\ReadHtmlCacheBehavior [ RunTime:0.002825s ]
INFO: [ app_begin ] --END-- [ RunTime:0.003555s ]
NOTIC: [8] Undefined index: grant C:\wamp\www\zhaopin\Application\Admin\Controller\SmanagerController.class.php 第 7 行.

[ 2016-02-17T11:01:58+08:00 ] ::1 /zhaopin/index.php/Admin/Login/Sm_login.html
INFO: [ app_init ] --START--
INFO: Run Behavior\BuildLiteBehavior [ RunTime:0.000137s ]
INFO: [ app_init ] --END-- [ RunTime:0.001874s ]
INFO: [ app_begin ] --START--
INFO: Run Behavior\ReadHtmlCacheBehavior [ RunTime:0.002800s ]
INFO: [ app_begin ] --END-- [ RunTime:0.003525s ]
INFO: [ view_parse ] --START--
INFO: [ template_filter ] --START--
INFO: Run Behavior\ContentReplaceBehavior [ RunTime:0.000464s ]
INFO: [ template_filter ] --END-- [ RunTime:0.001454s ]
INFO: Run Behavior\ParseTemplateBehavior [ RunTime:0.063397s ]
INFO: [ view_parse ] --END-- [ RunTime:0.064109s ]
INFO: [ view_filter ] --START--
INFO: Run Behavior\WriteHtmlCacheBehavior [ RunTime:0.002163s ]
INFO: [ view_filter ] --END-- [ RunTime:0.002858s ]
INFO: [ app_end ] --START--
INFO: Run Behavior\ShowPageTraceBehavior [ RunTime:0.002772s ]
INFO: [ app_end ] --END-- [ RunTime:0.003460s ]

[ 2016-02-17T11:02:04+08:00 ] ::1 /zhaopin/index.php/Admin/Login/do_Smlogin
INFO: [ app_init ] --START--
INFO: Run Behavior\BuildLiteBehavior [ RunTime:0.000144s ]
INFO: [ app_init ] --END-- [ RunTime:0.002103s ]
INFO: [ app_begin ] --START--
INFO: Run Behavior\ReadHtmlCacheBehavior [ RunTime:0.002654s ]
INFO: [ app_begin ] --END-- [ RunTime:0.003382s ]
SQL: SHOW COLUMNS FROM `zp_administrator` [ RunTime:0.0317s ]
SQL: SELECT * FROM `zp_administrator` WHERE `user` = 'admin' AND `password` = '123456' LIMIT 1   [ RunTime:0.0010s ]

[ 2016-02-17T11:02:04+08:00 ] ::1 /zhaopin/index.php/Admin/Smanager/index.html
INFO: [ app_init ] --START--
INFO: Run Behavior\BuildLiteBehavior [ RunTime:0.000145s ]
INFO: [ app_init ] --END-- [ RunTime:0.002365s ]
INFO: [ app_begin ] --START--
INFO: Run Behavior\ReadHtmlCacheBehavior [ RunTime:0.003016s ]
INFO: [ app_begin ] --END-- [ RunTime:0.003744s ]
SQL: SHOW COLUMNS FROM `zp_administrator` [ RunTime:0.0130s ]
SQL: SELECT * FROM `zp_administrator` WHERE `user` = 'admin' AND `grant` = 10 LIMIT 1   [ RunTime:0.0008s ]
SQL: SHOW COLUMNS FROM `zp_shuoming` [ RunTime:0.0202s ]
SQL: SELECT * FROM `zp_shuoming` WHERE ( sid=1 ) LIMIT 1   [ RunTime:0.0010s ]
INFO: [ view_parse ] --START--
INFO: [ template_filter ] --START--
INFO: Run Behavior\ContentReplaceBehavior [ RunTime:0.000573s ]
INFO: [ template_filter ] --END-- [ RunTime:0.001482s ]
INFO: Run Behavior\ParseTemplateBehavior [ RunTime:0.074221s ]
INFO: [ view_parse ] --END-- [ RunTime:0.075135s ]
INFO: [ view_filter ] --START--
INFO: Run Behavior\WriteHtmlCacheBehavior [ RunTime:0.003247s ]
INFO: [ view_filter ] --END-- [ RunTime:0.004224s ]
INFO: [ app_end ] --START--
INFO: Run Behavior\ShowPageTraceBehavior [ RunTime:0.004337s ]
INFO: [ app_end ] --END-- [ RunTime:0.005440s ]

[ 2016-02-17T11:02:20+08:00 ] ::1 /zhaopin/index.php/Admin/Smanager/record?zd=ltjs
INFO: [ app_init ] --START--
INFO: Run Behavior\BuildLiteBehavior [ RunTime:0.000143s ]
INFO: [ app_init ] --END-- [ RunTime:0.002033s ]
INFO: [ app_begin ] --START--
INFO: Run Behavior\ReadHtmlCacheBehavior [ RunTime:0.002991s ]
INFO: [ app_begin ] --END-- [ RunTime:0.003807s ]
SQL: SHOW COLUMNS FROM `zp_administrator` [ RunTime:0.0294s ]
SQL: SELECT * FROM `zp_administrator` WHERE `user` = 'admin' AND `grant` = 10 LIMIT 1   [ RunTime:0.0009s ]
SQL: SHOW COLUMNS FROM `zp_shuoming` [ RunTime:0.0198s ]
SQL: SELECT * FROM `zp_shuoming`  [ RunTime:0.0008s ]
SQL: UPDATE `zp_shuoming` SET `ltjs`='　　1．年龄在38岁以下；
　　2．具有海外知名大学博士学位，或具有国内博士学位并工作2年以上，具备独立开展科学研究能力，在相关领域取得代表性成果，具有发展潜力的海内外优秀青年人才；
　　3．从事（但不限于）生命科学、资源环境、食品、化学、信息、工程技术、风景园林及人文社会科学领域研究。' WHERE ( sid=1 ) [ RunTime:0.0111s ]

[ 2016-02-17T11:02:20+08:00 ] ::1 /zhaopin/index.php/Admin/Smanager/index.html
INFO: [ app_init ] --START--
INFO: Run Behavior\BuildLiteBehavior [ RunTime:0.000500s ]
INFO: [ app_init ] --END-- [ RunTime:0.004607s ]
INFO: [ app_begin ] --START--
INFO: Run Behavior\ReadHtmlCacheBehavior [ RunTime:0.004179s ]
INFO: [ app_begin ] --END-- [ RunTime:0.004934s ]
SQL: SHOW COLUMNS FROM `zp_administrator` [ RunTime:0.0130s ]
SQL: SELECT * FROM `zp_administrator` WHERE `user` = 'admin' AND `grant` = 10 LIMIT 1   [ RunTime:0.0008s ]
SQL: SHOW COLUMNS FROM `zp_shuoming` [ RunTime:0.0141s ]
SQL: SELECT * FROM `zp_shuoming` WHERE ( sid=1 ) LIMIT 1   [ RunTime:0.0008s ]
INFO: [ view_parse ] --START--
INFO: [ template_filter ] --START--
INFO: Run Behavior\ContentReplaceBehavior [ RunTime:0.000560s ]
INFO: [ template_filter ] --END-- [ RunTime:0.001641s ]
INFO: Run Behavior\ParseTemplateBehavior [ RunTime:0.038213s ]
INFO: [ view_parse ] --END-- [ RunTime:0.038975s ]
INFO: [ view_filter ] --START--
INFO: Run Behavior\WriteHtmlCacheBehavior [ RunTime:0.002264s ]
INFO: [ view_filter ] --END-- [ RunTime:0.002952s ]
INFO: [ app_end ] --START--
INFO: Run Behavior\ShowPageTraceBehavior [ RunTime:0.002856s ]
INFO: [ app_end ] --END-- [ RunTime:0.003556s ]

[ 2016-02-17T11:02:29+08:00 ] ::1 /zhaopin/index.php/admin/Smanager/situation.html
INFO: [ app_init ] --START--
INFO: Run Behavior\BuildLiteBehavior [ RunTime:0.000143s ]
INFO: [ app_init ] --END-- [ RunTime:0.002320s ]
INFO: [ app_begin ] --START--
INFO: Run Behavior\ReadHtmlCacheBehavior [ RunTime:0.002830s ]
INFO: [ app_begin ] --END-- [ RunTime:0.003599s ]
SQL: SHOW COLUMNS FROM `zp_administrator` [ RunTime:0.0272s ]
SQL: SELECT * FROM `zp_administrator` WHERE `user` = 'admin' AND `grant` = 10 LIMIT 1   [ RunTime:0.0008s ]
SQL: SHOW COLUMNS FROM `zp_shuoming` [ RunTime:0.0187s ]
SQL: SELECT * FROM `zp_shuoming` WHERE ( sid=1 ) LIMIT 1   [ RunTime:0.0010s ]
INFO: [ view_parse ] --START--
INFO: [ template_filter ] --START--
INFO: Run Behavior\ContentReplaceBehavior [ RunTime:0.000362s ]
INFO: [ template_filter ] --END-- [ RunTime:0.001051s ]
INFO: Run Behavior\ParseTemplateBehavior [ RunTime:0.039752s ]
INFO: [ view_parse ] --END-- [ RunTime:0.040483s ]
INFO: [ view_filter ] --START--
INFO: Run Behavior\WriteHtmlCacheBehavior [ RunTime:0.002071s ]
INFO: [ view_filter ] --END-- [ RunTime:0.002748s ]
INFO: [ app_end ] --START--
INFO: Run Behavior\ShowPageTraceBehavior [ RunTime:0.003998s ]
INFO: [ app_end ] --END-- [ RunTime:0.004691s ]

[ 2016-02-17T11:02:32+08:00 ] ::1 /zhaopin/index.php/admin/Smanager/time.html
INFO: [ app_init ] --START--
INFO: Run Behavior\BuildLiteBehavior [ RunTime:0.000176s ]
INFO: [ app_init ] --END-- [ RunTime:0.002475s ]
INFO: [ app_begin ] --START--
INFO: Run Behavior\ReadHtmlCacheBehavior [ RunTime:0.004412s ]
INFO: [ app_begin ] --END-- [ RunTime:0.005313s ]
SQL: SHOW COLUMNS FROM `zp_administrator` [ RunTime:0.0266s ]
SQL: SELECT * FROM `zp_administrator` WHERE `user` = 'admin' AND `grant` = 10 LIMIT 1   [ RunTime:0.0008s ]
SQL: SHOW COLUMNS FROM `zp_shuoming` [ RunTime:0.0185s ]
SQL: SELECT * FROM `zp_shuoming` WHERE ( sid=1 ) LIMIT 1   [ RunTime:0.0009s ]
INFO: [ view_parse ] --START--
INFO: [ template_filter ] --START--
INFO: Run Behavior\ContentReplaceBehavior [ RunTime:0.000365s ]
INFO: [ template_filter ] --END-- [ RunTime:0.001060s ]
INFO: Run Behavior\ParseTemplateBehavior [ RunTime:0.049327s ]
INFO: [ view_parse ] --END-- [ RunTime:0.050062s ]
INFO: [ view_filter ] --START--
INFO: Run Behavior\WriteHtmlCacheBehavior [ RunTime:0.002157s ]
INFO: [ view_filter ] --END-- [ RunTime:0.002836s ]
INFO: [ app_end ] --START--
INFO: Run Behavior\ShowPageTraceBehavior [ RunTime:0.003672s ]
INFO: [ app_end ] --END-- [ RunTime:0.004498s ]

[ 2016-02-17T11:02:41+08:00 ] ::1 /zhaopin/index.php/Admin/Smanager/record?zd=sqsj
INFO: [ app_init ] --START--
INFO: Run Behavior\BuildLiteBehavior [ RunTime:0.000145s ]
INFO: [ app_init ] --END-- [ RunTime:0.002050s ]
INFO: [ app_begin ] --START--
INFO: Run Behavior\ReadHtmlCacheBehavior [ RunTime:0.002748s ]
INFO: [ app_begin ] --END-- [ RunTime:0.003519s ]
SQL: SHOW COLUMNS FROM `zp_administrator` [ RunTime:0.0249s ]
SQL: SELECT * FROM `zp_administrator` WHERE `user` = 'admin' AND `grant` = 10 LIMIT 1   [ RunTime:0.0008s ]
SQL: SHOW COLUMNS FROM `zp_shuoming` [ RunTime:0.0186s ]
SQL: SELECT * FROM `zp_shuoming`  [ RunTime:0.0009s ]
SQL: UPDATE `zp_shuoming` SET `sqsj`='　　2016年4月30日前，接受申请，请申报者请提交附件中的申请表（若个人简历包含了申请表信息，可不再填写）和简历，发送至rcb@mail.hzau.edu.cn;我们将及时审核确定并发邀请信；
　　2016年5月31日前，确定参会人员和具体日程安排；
　　2016年6月25-26日（24日报到），论坛报告与交流；
　　我们热忱欢迎海内外青年才俊参加此次论坛！因故不能参加集中论坛活动的学者，我们依然竭诚欢迎您与我们联系，协商确定您在合适时段来校考察交流。' WHERE ( sid=1 ) [ RunTime:0.0068s ]

[ 2016-02-17T11:02:41+08:00 ] ::1 /zhaopin/index.php/Admin/Smanager/index.html
INFO: [ app_init ] --START--
INFO: Run Behavior\BuildLiteBehavior [ RunTime:0.000280s ]
INFO: [ app_init ] --END-- [ RunTime:0.002643s ]
INFO: [ app_begin ] --START--
INFO: Run Behavior\ReadHtmlCacheBehavior [ RunTime:0.002747s ]
INFO: [ app_begin ] --END-- [ RunTime:0.003467s ]
SQL: SHOW COLUMNS FROM `zp_administrator` [ RunTime:0.0189s ]
SQL: SELECT * FROM `zp_administrator` WHERE `user` = 'admin' AND `grant` = 10 LIMIT 1   [ RunTime:0.0011s ]
SQL: SHOW COLUMNS FROM `zp_shuoming` [ RunTime:0.0218s ]
SQL: SELECT * FROM `zp_shuoming` WHERE ( sid=1 ) LIMIT 1   [ RunTime:0.0014s ]
INFO: [ view_parse ] --START--
INFO: [ template_filter ] --START--
INFO: Run Behavior\ContentReplaceBehavior [ RunTime:0.000711s ]
INFO: [ template_filter ] --END-- [ RunTime:0.002188s ]
INFO: Run Behavior\ParseTemplateBehavior [ RunTime:0.066021s ]
INFO: [ view_parse ] --END-- [ RunTime:0.067212s ]
INFO: [ view_filter ] --START--
INFO: Run Behavior\WriteHtmlCacheBehavior [ RunTime:0.003328s ]
INFO: [ view_filter ] --END-- [ RunTime:0.004351s ]
INFO: [ app_end ] --START--
INFO: Run Behavior\ShowPageTraceBehavior [ RunTime:0.004413s ]
INFO: [ app_end ] --END-- [ RunTime:0.005418s ]

[ 2016-02-17T11:02:43+08:00 ] ::1 /zhaopin/index.php/admin/Smanager/situation.html
INFO: [ app_init ] --START--
INFO: Run Behavior\BuildLiteBehavior [ RunTime:0.000141s ]
INFO: [ app_init ] --END-- [ RunTime:0.002186s ]
INFO: [ app_begin ] --START--
INFO: Run Behavior\ReadHtmlCacheBehavior [ RunTime:0.003037s ]
INFO: [ app_begin ] --END-- [ RunTime:0.003807s ]
SQL: SHOW COLUMNS FROM `zp_administrator` [ RunTime:0.0303s ]
SQL: SELECT * FROM `zp_administrator` WHERE `user` = 'admin' AND `grant` = 10 LIMIT 1   [ RunTime:0.0009s ]
SQL: SHOW COLUMNS FROM `zp_shuoming` [ RunTime:0.0233s ]
SQL: SELECT * FROM `zp_shuoming` WHERE ( sid=1 ) LIMIT 1   [ RunTime:0.0010s ]
INFO: [ view_parse ] --START--
INFO: [ template_filter ] --START--
INFO: Run Behavior\ContentReplaceBehavior [ RunTime:0.000387s ]
INFO: [ template_filter ] --END-- [ RunTime:0.001124s ]
INFO: Run Behavior\ParseTemplateBehavior [ RunTime:0.040531s ]
INFO: [ view_parse ] --END-- [ RunTime:0.041338s ]
INFO: [ view_filter ] --START--
INFO: Run Behavior\WriteHtmlCacheBehavior [ RunTime:0.002291s ]
INFO: [ view_filter ] --END-- [ RunTime:0.002993s ]
INFO: [ app_end ] --START--
INFO: Run Behavior\ShowPageTraceBehavior [ RunTime:0.002975s ]
INFO: [ app_end ] --END-- [ RunTime:0.003685s ]

[ 2016-02-17T11:02:59+08:00 ] ::1 /zhaopin/index.php/admin/Smanager/situation.html
INFO: [ app_init ] --START--
INFO: Run Behavior\BuildLiteBehavior [ RunTime:0.000148s ]
INFO: [ app_init ] --END-- [ RunTime:0.002170s ]
INFO: [ app_begin ] --START--
INFO: Run Behavior\ReadHtmlCacheBehavior [ RunTime:0.003051s ]
INFO: [ app_begin ] --END-- [ RunTime:0.003842s ]
SQL: SHOW COLUMNS FROM `zp_administrator` [ RunTime:0.0240s ]
SQL: SELECT * FROM `zp_administrator` WHERE `user` = 'admin' AND `grant` = 10 LIMIT 1   [ RunTime:0.0008s ]
SQL: SHOW COLUMNS FROM `zp_shuoming` [ RunTime:0.0197s ]
SQL: SELECT * FROM `zp_shuoming` WHERE ( sid=1 ) LIMIT 1   [ RunTime:0.0008s ]
INFO: [ view_parse ] --START--
INFO: [ template_filter ] --START--
INFO: Run Behavior\ContentReplaceBehavior [ RunTime:0.000381s ]
INFO: [ template_filter ] --END-- [ RunTime:0.001110s ]
INFO: Run Behavior\ParseTemplateBehavior [ RunTime:0.037386s ]
INFO: [ view_parse ] --END-- [ RunTime:0.038121s ]
INFO: [ view_filter ] --START--
INFO: Run Behavior\WriteHtmlCacheBehavior [ RunTime:0.002135s ]
INFO: [ view_filter ] --END-- [ RunTime:0.002816s ]
INFO: [ app_end ] --START--
INFO: Run Behavior\ShowPageTraceBehavior [ RunTime:0.002796s ]
INFO: [ app_end ] --END-- [ RunTime:0.003481s ]

[ 2016-02-17T11:03:56+08:00 ] ::1 /zhaopin/index.php/admin/Smanager/situation.html
INFO: [ app_init ] --START--
INFO: Run Behavior\BuildLiteBehavior [ RunTime:0.000138s ]
INFO: [ app_init ] --END-- [ RunTime:0.001896s ]
INFO: [ app_begin ] --START--
INFO: Run Behavior\ReadHtmlCacheBehavior [ RunTime:0.003707s ]
INFO: [ app_begin ] --END-- [ RunTime:0.006029s ]
SQL: SHOW COLUMNS FROM `zp_administrator` [ RunTime:0.0274s ]
SQL: SELECT * FROM `zp_administrator` WHERE `user` = 'admin' AND `grant` = 10 LIMIT 1   [ RunTime:0.0008s ]
SQL: SHOW COLUMNS FROM `zp_shuoming` [ RunTime:0.0190s ]
SQL: SELECT * FROM `zp_shuoming` WHERE ( sid=1 ) LIMIT 1   [ RunTime:0.0012s ]
INFO: [ view_parse ] --START--
INFO: [ template_filter ] --START--
INFO: Run Behavior\ContentReplaceBehavior [ RunTime:0.000415s ]
INFO: [ template_filter ] --END-- [ RunTime:0.001134s ]
INFO: Run Behavior\ParseTemplateBehavior [ RunTime:0.034593s ]
INFO: [ view_parse ] --END-- [ RunTime:0.035356s ]
INFO: [ view_filter ] --START--
INFO: Run Behavior\WriteHtmlCacheBehavior [ RunTime:0.001427s ]
INFO: [ view_filter ] --END-- [ RunTime:0.002107s ]
INFO: [ app_end ] --START--
INFO: Run Behavior\ShowPageTraceBehavior [ RunTime:0.002108s ]
INFO: [ app_end ] --END-- [ RunTime:0.002795s ]

[ 2016-02-17T11:04:37+08:00 ] ::1 /zhaopin/index.php/Admin/Smanager/record?zd=sqtj
INFO: [ app_init ] --START--
INFO: Run Behavior\BuildLiteBehavior [ RunTime:0.000139s ]
INFO: [ app_init ] --END-- [ RunTime:0.002092s ]
INFO: [ app_begin ] --START--
INFO: Run Behavior\ReadHtmlCacheBehavior [ RunTime:0.002819s ]
INFO: [ app_begin ] --END-- [ RunTime:0.003562s ]
SQL: SHOW COLUMNS FROM `zp_administrator` [ RunTime:0.0300s ]
SQL: SELECT * FROM `zp_administrator` WHERE `user` = 'admin' AND `grant` = 10 LIMIT 1   [ RunTime:0.0010s ]
SQL: SHOW COLUMNS FROM `zp_shuoming` [ RunTime:0.0220s ]
SQL: SELECT * FROM `zp_shuoming`  [ RunTime:0.0010s ]
SQL: UPDATE `zp_shuoming` SET `sqtj`='　　1．年龄在38岁以下；
　　2．具有海外知名大学博士学位，或具有国内博士学位并工作2年以上，具备独立开展科学研究能力，在相关领域取得代表性成果，具有发展潜力的海内外优秀青年人才；
　　3．从事（但不限于）生命科学、资源环境、食品、化学、信息、工程技术、风景园林及人文社会科学领域研究。' WHERE ( sid=1 ) [ RunTime:0.0049s ]

[ 2016-02-17T11:04:38+08:00 ] ::1 /zhaopin/index.php/Admin/Smanager/index.html
INFO: [ app_init ] --START--
INFO: Run Behavior\BuildLiteBehavior [ RunTime:0.000137s ]
INFO: [ app_init ] --END-- [ RunTime:0.001840s ]
INFO: [ app_begin ] --START--
INFO: Run Behavior\ReadHtmlCacheBehavior [ RunTime:0.003205s ]
INFO: [ app_begin ] --END-- [ RunTime:0.004363s ]
SQL: SHOW COLUMNS FROM `zp_administrator` [ RunTime:0.0246s ]
SQL: SELECT * FROM `zp_administrator` WHERE `user` = 'admin' AND `grant` = 10 LIMIT 1   [ RunTime:0.0008s ]
SQL: SHOW COLUMNS FROM `zp_shuoming` [ RunTime:0.0207s ]
SQL: SELECT * FROM `zp_shuoming` WHERE ( sid=1 ) LIMIT 1   [ RunTime:0.0009s ]
INFO: [ view_parse ] --START--
INFO: [ template_filter ] --START--
INFO: Run Behavior\ContentReplaceBehavior [ RunTime:0.000360s ]
INFO: [ template_filter ] --END-- [ RunTime:0.001037s ]
INFO: Run Behavior\ParseTemplateBehavior [ RunTime:0.047638s ]
INFO: [ view_parse ] --END-- [ RunTime:0.048366s ]
INFO: [ view_filter ] --START--
INFO: Run Behavior\WriteHtmlCacheBehavior [ RunTime:0.002599s ]
INFO: [ view_filter ] --END-- [ RunTime:0.003280s ]
INFO: [ app_end ] --START--
INFO: Run Behavior\ShowPageTraceBehavior [ RunTime:0.002937s ]
INFO: [ app_end ] --END-- [ RunTime:0.003615s ]

[ 2016-02-17T11:05:00+08:00 ] ::1 /zhaopin/index.php/admin/Smanager/day.html
INFO: [ app_init ] --START--
INFO: Run Behavior\BuildLiteBehavior [ RunTime:0.000137s ]
INFO: [ app_init ] --END-- [ RunTime:0.001702s ]
INFO: [ app_begin ] --START--
INFO: Run Behavior\ReadHtmlCacheBehavior [ RunTime:0.001926s ]
INFO: [ app_begin ] --END-- [ RunTime:0.002673s ]
SQL: SHOW COLUMNS FROM `zp_administrator` [ RunTime:0.0265s ]
SQL: SELECT * FROM `zp_administrator` WHERE `user` = 'admin' AND `grant` = 10 LIMIT 1   [ RunTime:0.0009s ]
SQL: SHOW COLUMNS FROM `zp_shuoming` [ RunTime:0.0189s ]
SQL: SELECT * FROM `zp_shuoming` WHERE ( sid=1 ) LIMIT 1   [ RunTime:0.0009s ]
INFO: [ view_parse ] --START--
INFO: [ template_filter ] --START--
INFO: Run Behavior\ContentReplaceBehavior [ RunTime:0.000360s ]
INFO: [ template_filter ] --END-- [ RunTime:0.001049s ]
INFO: Run Behavior\ParseTemplateBehavior [ RunTime:0.055587s ]
INFO: [ view_parse ] --END-- [ RunTime:0.056529s ]
INFO: [ view_filter ] --START--
INFO: Run Behavior\WriteHtmlCacheBehavior [ RunTime:0.001490s ]
INFO: [ view_filter ] --END-- [ RunTime:0.002409s ]
INFO: [ app_end ] --START--
INFO: Run Behavior\ShowPageTraceBehavior [ RunTime:0.002285s ]
INFO: [ app_end ] --END-- [ RunTime:0.003196s ]

[ 2016-02-17T11:05:16+08:00 ] ::1 /zhaopin/index.php/Admin/Smanager/record?zd=rcap
INFO: [ app_init ] --START--
INFO: Run Behavior\BuildLiteBehavior [ RunTime:0.000142s ]
INFO: [ app_init ] --END-- [ RunTime:0.002098s ]
INFO: [ app_begin ] --START--
INFO: Run Behavior\ReadHtmlCacheBehavior [ RunTime:0.002778s ]
INFO: [ app_begin ] --END-- [ RunTime:0.003499s ]
SQL: SHOW COLUMNS FROM `zp_administrator` [ RunTime:0.0252s ]
SQL: SELECT * FROM `zp_administrator` WHERE `user` = 'admin' AND `grant` = 10 LIMIT 1   [ RunTime:0.0009s ]
SQL: SHOW COLUMNS FROM `zp_shuoming` [ RunTime:0.0184s ]
SQL: SELECT * FROM `zp_shuoming`  [ RunTime:0.0009s ]
SQL: UPDATE `zp_shuoming` SET `rcap`='　　2016年4月30日前，接受申请，分批确定并邀请;
　　2016年5月31日，确定参会人员和具体安排；
　　2016年6月24日，参会人员报到；
　　2016年6月25-26日，论坛报告、交流考察、签意向聘约。' WHERE ( sid=1 ) [ RunTime:0.0075s ]

[ 2016-02-17T11:05:16+08:00 ] ::1 /zhaopin/index.php/Admin/Smanager/index.html
INFO: [ app_init ] --START--
INFO: Run Behavior\BuildLiteBehavior [ RunTime:0.000141s ]
INFO: [ app_init ] --END-- [ RunTime:0.002012s ]
INFO: [ app_begin ] --START--
INFO: Run Behavior\ReadHtmlCacheBehavior [ RunTime:0.002851s ]
INFO: [ app_begin ] --END-- [ RunTime:0.003564s ]
SQL: SHOW COLUMNS FROM `zp_administrator` [ RunTime:0.0126s ]
SQL: SELECT * FROM `zp_administrator` WHERE `user` = 'admin' AND `grant` = 10 LIMIT 1   [ RunTime:0.0008s ]
SQL: SHOW COLUMNS FROM `zp_shuoming` [ RunTime:0.0129s ]
SQL: SELECT * FROM `zp_shuoming` WHERE ( sid=1 ) LIMIT 1   [ RunTime:0.0008s ]
INFO: [ view_parse ] --START--
INFO: [ template_filter ] --START--
INFO: Run Behavior\ContentReplaceBehavior [ RunTime:0.000362s ]
INFO: [ template_filter ] --END-- [ RunTime:0.001048s ]
INFO: Run Behavior\ParseTemplateBehavior [ RunTime:0.048109s ]
INFO: [ view_parse ] --END-- [ RunTime:0.048810s ]
INFO: [ view_filter ] --START--
INFO: Run Behavior\WriteHtmlCacheBehavior [ RunTime:0.002209s ]
INFO: [ view_filter ] --END-- [ RunTime:0.002876s ]
INFO: [ app_end ] --START--
INFO: Run Behavior\ShowPageTraceBehavior [ RunTime:0.003209s ]
INFO: [ app_end ] --END-- [ RunTime:0.003910s ]

[ 2016-02-17T11:05:31+08:00 ] ::1 /zhaopin/index.php/admin/Smanager/hotel.html
INFO: [ app_init ] --START--
INFO: Run Behavior\BuildLiteBehavior [ RunTime:0.000142s ]
INFO: [ app_init ] --END-- [ RunTime:0.002049s ]
INFO: [ app_begin ] --START--
INFO: Run Behavior\ReadHtmlCacheBehavior [ RunTime:0.003184s ]
INFO: [ app_begin ] --END-- [ RunTime:0.003929s ]
SQL: SHOW COLUMNS FROM `zp_administrator` [ RunTime:0.0254s ]
SQL: SELECT * FROM `zp_administrator` WHERE `user` = 'admin' AND `grant` = 10 LIMIT 1   [ RunTime:0.0009s ]
SQL: SHOW COLUMNS FROM `zp_shuoming` [ RunTime:0.0194s ]
SQL: SELECT * FROM `zp_shuoming` WHERE ( sid=1 ) LIMIT 1   [ RunTime:0.0011s ]
INFO: [ view_parse ] --START--
INFO: [ template_filter ] --START--
INFO: Run Behavior\ContentReplaceBehavior [ RunTime:0.000360s ]
INFO: [ template_filter ] --END-- [ RunTime:0.001045s ]
INFO: Run Behavior\ParseTemplateBehavior [ RunTime:0.052021s ]
INFO: [ view_parse ] --END-- [ RunTime:0.052872s ]
INFO: [ view_filter ] --START--
INFO: Run Behavior\WriteHtmlCacheBehavior [ RunTime:0.002216s ]
INFO: [ view_filter ] --END-- [ RunTime:0.002887s ]
INFO: [ app_end ] --START--
INFO: Run Behavior\ShowPageTraceBehavior [ RunTime:0.002880s ]
INFO: [ app_end ] --END-- [ RunTime:0.003560s ]

[ 2016-02-17T11:05:38+08:00 ] ::1 /zhaopin/index.php/Admin/Smanager/record?zd=clzs
INFO: [ app_init ] --START--
INFO: Run Behavior\BuildLiteBehavior [ RunTime:0.000140s ]
INFO: [ app_init ] --END-- [ RunTime:0.001780s ]
INFO: [ app_begin ] --START--
INFO: Run Behavior\ReadHtmlCacheBehavior [ RunTime:0.001864s ]
INFO: [ app_begin ] --END-- [ RunTime:0.002618s ]
SQL: SHOW COLUMNS FROM `zp_administrator` [ RunTime:0.0260s ]
SQL: SELECT * FROM `zp_administrator` WHERE `user` = 'admin' AND `grant` = 10 LIMIT 1   [ RunTime:0.0012s ]
SQL: SHOW COLUMNS FROM `zp_shuoming` [ RunTime:0.0192s ]
SQL: SELECT * FROM `zp_shuoming`  [ RunTime:0.0007s ]
SQL: UPDATE `zp_shuoming` SET `clzs`='　　受邀参会学者往返差旅经费由主办单位提供，论坛期间食宿由主办单位统一安排。相关说明如下：
　　1．根据财务要求，国际差旅应有电子机票行程单、登机牌，国内差旅应有原始票据；护照复印件，含出入境时间联，应注明仅用于财务报销；国内银行卡复印件，注明仅用于财务报销；
　　2．报销最高限额1万元/人。国内多日多地停留的，仅报销回国第一站费用（当日转机除外）和到武汉的最后一站费用。' WHERE ( sid=1 ) [ RunTime:0.0083s ]

[ 2016-02-17T11:05:38+08:00 ] ::1 /zhaopin/index.php/Admin/Smanager/index.html
INFO: [ app_init ] --START--
INFO: Run Behavior\BuildLiteBehavior [ RunTime:0.000139s ]
INFO: [ app_init ] --END-- [ RunTime:0.001698s ]
INFO: [ app_begin ] --START--
INFO: Run Behavior\ReadHtmlCacheBehavior [ RunTime:0.001873s ]
INFO: [ app_begin ] --END-- [ RunTime:0.002619s ]
SQL: SHOW COLUMNS FROM `zp_administrator` [ RunTime:0.0124s ]
SQL: SELECT * FROM `zp_administrator` WHERE `user` = 'admin' AND `grant` = 10 LIMIT 1   [ RunTime:0.0011s ]
SQL: SHOW COLUMNS FROM `zp_shuoming` [ RunTime:0.0141s ]
SQL: SELECT * FROM `zp_shuoming` WHERE ( sid=1 ) LIMIT 1   [ RunTime:0.0010s ]
INFO: [ view_parse ] --START--
INFO: [ template_filter ] --START--
INFO: Run Behavior\ContentReplaceBehavior [ RunTime:0.000377s ]
INFO: [ template_filter ] --END-- [ RunTime:0.001095s ]
INFO: Run Behavior\ParseTemplateBehavior [ RunTime:0.031122s ]
INFO: [ view_parse ] --END-- [ RunTime:0.031845s ]
INFO: [ view_filter ] --START--
INFO: Run Behavior\WriteHtmlCacheBehavior [ RunTime:0.001328s ]
INFO: [ view_filter ] --END-- [ RunTime:0.002026s ]
INFO: [ app_end ] --START--
INFO: Run Behavior\ShowPageTraceBehavior [ RunTime:0.001847s ]
INFO: [ app_end ] --END-- [ RunTime:0.002528s ]

[ 2016-02-17T11:05:46+08:00 ] ::1 /zhaopin/index.php/admin/Smanager/phone.html
INFO: [ app_init ] --START--
INFO: Run Behavior\BuildLiteBehavior [ RunTime:0.000142s ]
INFO: [ app_init ] --END-- [ RunTime:0.001963s ]
INFO: [ app_begin ] --START--
INFO: Run Behavior\ReadHtmlCacheBehavior [ RunTime:0.002068s ]
INFO: [ app_begin ] --END-- [ RunTime:0.002906s ]
SQL: SHOW COLUMNS FROM `zp_administrator` [ RunTime:0.0243s ]
SQL: SELECT * FROM `zp_administrator` WHERE `user` = 'admin' AND `grant` = 10 LIMIT 1   [ RunTime:0.0008s ]
SQL: SHOW COLUMNS FROM `zp_shuoming` [ RunTime:0.0193s ]
SQL: SELECT * FROM `zp_shuoming` WHERE ( sid=1 ) LIMIT 1   [ RunTime:0.0009s ]
INFO: [ view_parse ] --START--
INFO: [ template_filter ] --START--
INFO: Run Behavior\ContentReplaceBehavior [ RunTime:0.000363s ]
INFO: [ template_filter ] --END-- [ RunTime:0.001049s ]
INFO: Run Behavior\ParseTemplateBehavior [ RunTime:0.048101s ]
INFO: [ view_parse ] --END-- [ RunTime:0.048912s ]
INFO: [ view_filter ] --START--
INFO: Run Behavior\WriteHtmlCacheBehavior [ RunTime:0.001325s ]
INFO: [ view_filter ] --END-- [ RunTime:0.002180s ]
INFO: [ app_end ] --START--
INFO: Run Behavior\ShowPageTraceBehavior [ RunTime:0.002175s ]
INFO: [ app_end ] --END-- [ RunTime:0.003030s ]

[ 2016-02-17T11:05:50+08:00 ] ::1 /zhaopin/index.php/Admin/Smanager/record?zd=lxfs
INFO: [ app_init ] --START--
INFO: Run Behavior\BuildLiteBehavior [ RunTime:0.000141s ]
INFO: [ app_init ] --END-- [ RunTime:0.001725s ]
INFO: [ app_begin ] --START--
INFO: Run Behavior\ReadHtmlCacheBehavior [ RunTime:0.002355s ]
INFO: [ app_begin ] --END-- [ RunTime:0.003098s ]
SQL: SHOW COLUMNS FROM `zp_administrator` [ RunTime:0.0274s ]
SQL: SELECT * FROM `zp_administrator` WHERE `user` = 'admin' AND `grant` = 10 LIMIT 1   [ RunTime:0.0009s ]
SQL: SHOW COLUMNS FROM `zp_shuoming` [ RunTime:0.0208s ]
SQL: SELECT * FROM `zp_shuoming`  [ RunTime:0.0008s ]
SQL: UPDATE `zp_shuoming` SET `lxfs`='　　华中农业大学人事处
　　联系人：赵老师
　　电话：+86-27-87280957，13545393650
　　传真：+86-27-87282048
　　QQ：66398933
　　邮箱：rcb@mail.hzau.edu.cn
　　欢迎海内外青年学者踊跃报名、咨询相关细节，在学校寒假期间（2016年1月27日至2月17日）仍接受邮件咨询。' WHERE ( sid=1 ) [ RunTime:0.0087s ]

[ 2016-02-17T11:05:50+08:00 ] ::1 /zhaopin/index.php/Admin/Smanager/index.html
INFO: [ app_init ] --START--
INFO: Run Behavior\BuildLiteBehavior [ RunTime:0.000139s ]
INFO: [ app_init ] --END-- [ RunTime:0.001671s ]
INFO: [ app_begin ] --START--
INFO: Run Behavior\ReadHtmlCacheBehavior [ RunTime:0.001759s ]
INFO: [ app_begin ] --END-- [ RunTime:0.002489s ]
SQL: SHOW COLUMNS FROM `zp_administrator` [ RunTime:0.0247s ]
SQL: SELECT * FROM `zp_administrator` WHERE `user` = 'admin' AND `grant` = 10 LIMIT 1   [ RunTime:0.0008s ]
SQL: SHOW COLUMNS FROM `zp_shuoming` [ RunTime:0.0184s ]
SQL: SELECT * FROM `zp_shuoming` WHERE ( sid=1 ) LIMIT 1   [ RunTime:0.0009s ]
INFO: [ view_parse ] --START--
INFO: [ template_filter ] --START--
INFO: Run Behavior\ContentReplaceBehavior [ RunTime:0.000456s ]
INFO: [ template_filter ] --END-- [ RunTime:0.001327s ]
INFO: Run Behavior\ParseTemplateBehavior [ RunTime:0.033464s ]
INFO: [ view_parse ] --END-- [ RunTime:0.034280s ]
INFO: [ view_filter ] --START--
INFO: Run Behavior\WriteHtmlCacheBehavior [ RunTime:0.001957s ]
INFO: [ view_filter ] --END-- [ RunTime:0.002728s ]
INFO: [ app_end ] --START--
INFO: Run Behavior\ShowPageTraceBehavior [ RunTime:0.001838s ]
INFO: [ app_end ] --END-- [ RunTime:0.002522s ]

[ 2016-02-17T11:06:00+08:00 ] ::1 /zhaopin/index.php/admin/Smanager/explain.html
INFO: [ app_init ] --START--
INFO: Run Behavior\BuildLiteBehavior [ RunTime:0.000142s ]
INFO: [ app_init ] --END-- [ RunTime:0.002038s ]
INFO: [ app_begin ] --START--
INFO: Run Behavior\ReadHtmlCacheBehavior [ RunTime:0.003076s ]
INFO: [ app_begin ] --END-- [ RunTime:0.004197s ]
SQL: SHOW COLUMNS FROM `zp_administrator` [ RunTime:0.0256s ]
SQL: SELECT * FROM `zp_administrator` WHERE `user` = 'admin' AND `grant` = 10 LIMIT 1   [ RunTime:0.0008s ]
SQL: SHOW COLUMNS FROM `zp_shuoming` [ RunTime:0.0194s ]
SQL: SELECT * FROM `zp_shuoming` WHERE ( sid=1 ) LIMIT 1   [ RunTime:0.0008s ]
INFO: [ view_parse ] --START--
INFO: [ template_filter ] --START--
INFO: Run Behavior\ContentReplaceBehavior [ RunTime:0.000409s ]
INFO: [ template_filter ] --END-- [ RunTime:0.001148s ]
INFO: Run Behavior\ParseTemplateBehavior [ RunTime:0.060356s ]
INFO: [ view_parse ] --END-- [ RunTime:0.061097s ]
INFO: [ view_filter ] --START--
INFO: Run Behavior\WriteHtmlCacheBehavior [ RunTime:0.002294s ]
INFO: [ view_filter ] --END-- [ RunTime:0.002979s ]
INFO: [ app_end ] --START--
INFO: Run Behavior\ShowPageTraceBehavior [ RunTime:0.002726s ]
INFO: [ app_end ] --END-- [ RunTime:0.003412s ]

[ 2016-02-17T11:11:03+08:00 ] ::1 /zhaopin/index.php/admin/Login/login
INFO: [ app_init ] --START--
INFO: Run Behavior\BuildLiteBehavior [ RunTime:0.000137s ]
INFO: [ app_init ] --END-- [ RunTime:0.001874s ]
INFO: [ app_begin ] --START--
INFO: Run Behavior\ReadHtmlCacheBehavior [ RunTime:0.002860s ]
INFO: [ app_begin ] --END-- [ RunTime:0.003578s ]
INFO: [ view_parse ] --START--
INFO: [ template_filter ] --START--
INFO: Run Behavior\ContentReplaceBehavior [ RunTime:0.000357s ]
INFO: [ template_filter ] --END-- [ RunTime:0.001056s ]
INFO: Run Behavior\ParseTemplateBehavior [ RunTime:0.064478s ]
INFO: [ view_parse ] --END-- [ RunTime:0.065416s ]
INFO: [ view_filter ] --START--
INFO: Run Behavior\WriteHtmlCacheBehavior [ RunTime:0.003435s ]
INFO: [ view_filter ] --END-- [ RunTime:0.004525s ]
INFO: [ app_end ] --START--
INFO: Run Behavior\ShowPageTraceBehavior [ RunTime:0.004665s ]
INFO: [ app_end ] --END-- [ RunTime:0.005946s ]

[ 2016-02-17T11:11:15+08:00 ] ::1 /zhaopin/index.php/Admin/Login/do_login
INFO: [ app_init ] --START--
INFO: Run Behavior\BuildLiteBehavior [ RunTime:0.000141s ]
INFO: [ app_init ] --END-- [ RunTime:0.001910s ]
INFO: [ app_begin ] --START--
INFO: Run Behavior\ReadHtmlCacheBehavior [ RunTime:0.002840s ]
INFO: [ app_begin ] --END-- [ RunTime:0.003578s ]
SQL: SHOW COLUMNS FROM `zp_administrator` [ RunTime:0.0263s ]
SQL: SELECT * FROM `zp_administrator` WHERE `user` = '55' AND `password` = '55' LIMIT 1   [ RunTime:0.0016s ]

[ 2016-02-17T11:11:15+08:00 ] ::1 /zhaopin/index.php/Admin/Xmanager/index.html
INFO: [ app_init ] --START--
INFO: Run Behavior\BuildLiteBehavior [ RunTime:0.000139s ]
INFO: [ app_init ] --END-- [ RunTime:0.001864s ]
INFO: [ app_begin ] --START--
INFO: Run Behavior\ReadHtmlCacheBehavior [ RunTime:0.002916s ]
INFO: [ app_begin ] --END-- [ RunTime:0.003642s ]
SQL: SHOW COLUMNS FROM `zp_administrator` [ RunTime:0.0164s ]
SQL: SELECT * FROM `zp_administrator` WHERE `user` = '55' AND `grant` = 1 LIMIT 1   [ RunTime:0.0010s ]
SQL: SHOW COLUMNS FROM `zp_proform` [ RunTime:0.0355s ]
SQL: SHOW COLUMNS FROM `zp_application` [ RunTime:0.0415s ]
SQL: SHOW COLUMNS FROM `zp_professior` [ RunTime:0.0412s ]
SQL: SELECT DISTINCT  `numid` FROM `zp_proform`  [ RunTime:0.0016s ]
SQL: SELECT `numid`,`name`,`major`,`aid` FROM `zp_application` WHERE `numid` = 1 LIMIT 1   [ RunTime:0.0012s ]
NOTIC: [8] Undefined variable: list2 C:\wamp\www\zhaopin\Application\Admin\Controller\XmanagerController.class.php 第 53 行.
SQL: SELECT `numid`,`name`,`major`,`aid` FROM `zp_application` WHERE `numid` = 2 LIMIT 1   [ RunTime:0.0010s ]
SQL: SELECT `pid`,`assess`,`sum` FROM `zp_proform` WHERE `numid` = 2  [ RunTime:0.0009s ]
SQL: SELECT `pid`,`name` FROM `zp_professior` WHERE `pid` = 8 LIMIT 1   [ RunTime:0.0014s ]
SQL: SELECT `pid`,`name` FROM `zp_professior` WHERE `pid` = 2 LIMIT 1   [ RunTime:0.0011s ]
SQL: SELECT `numid`,`name`,`major`,`aid` FROM `zp_application` WHERE `numid` = 4 LIMIT 1   [ RunTime:0.0011s ]
SQL: SELECT `numid`,`name`,`major`,`aid` FROM `zp_application` WHERE `numid` = 5 LIMIT 1   [ RunTime:0.0009s ]
SQL: SELECT `numid`,`name`,`major`,`aid` FROM `zp_application` WHERE `numid` = 6 LIMIT 1   [ RunTime:0.0008s ]
SQL: SELECT `pid`,`assess`,`sum` FROM `zp_proform` WHERE `numid` = 6  [ RunTime:0.0009s ]
SQL: SELECT `pid`,`name` FROM `zp_professior` WHERE `pid` = 2 LIMIT 1   [ RunTime:0.0007s ]
SQL: SELECT `numid`,`name`,`major`,`aid` FROM `zp_application` WHERE `numid` = 9 LIMIT 1   [ RunTime:0.0006s ]
SQL: SELECT `pid`,`assess`,`sum` FROM `zp_proform` WHERE `numid` = 9  [ RunTime:0.0008s ]
SQL: SELECT `pid`,`name` FROM `zp_professior` WHERE `pid` = 18 LIMIT 1   [ RunTime:0.0007s ]
SQL: SELECT `numid`,`name`,`major`,`aid` FROM `zp_application` WHERE `numid` = 10 LIMIT 1   [ RunTime:0.0009s ]
SQL: SELECT `pid`,`assess`,`sum` FROM `zp_proform` WHERE `numid` = 10  [ RunTime:0.0008s ]
SQL: SELECT `pid`,`name` FROM `zp_professior` WHERE `pid` = 18 LIMIT 1   [ RunTime:0.0010s ]
SQL: SELECT `numid`,`name`,`major`,`aid` FROM `zp_application` WHERE `numid` = 11 LIMIT 1   [ RunTime:0.0008s ]
SQL: SELECT `pid`,`assess`,`sum` FROM `zp_proform` WHERE `numid` = 11  [ RunTime:0.0010s ]
SQL: SELECT `pid`,`name` FROM `zp_professior` WHERE `pid` = 20 LIMIT 1   [ RunTime:0.0007s ]
SQL: SELECT `numid`,`name`,`major`,`aid` FROM `zp_application` WHERE `numid` = 8 LIMIT 1   [ RunTime:0.0005s ]
SQL: SELECT `pid`,`assess`,`sum` FROM `zp_proform` WHERE `numid` = 8  [ RunTime:0.0007s ]
SQL: SELECT `pid`,`name` FROM `zp_professior` WHERE `pid` = 2 LIMIT 1   [ RunTime:0.0006s ]
SQL: SELECT * FROM `zp_administrator` WHERE `grant` = 2  [ RunTime:0.0006s ]
SQL: SELECT * FROM `zp_professior` WHERE `grant` = 2  [ RunTime:0.0010s ]
INFO: [ view_parse ] --START--
INFO: [ template_filter ] --START--
INFO: Run Behavior\ContentReplaceBehavior [ RunTime:0.000453s ]
INFO: [ template_filter ] --END-- [ RunTime:0.001144s ]
NOTIC: [8] Undefined offset: 3 C:\wamp\www\zhaopin\Application\Runtime\Cache\Admin\160404f9ccfe64e795931bd711cc3bbe.php 第 134 行.
NOTIC: [8] Undefined variable: page C:\wamp\www\zhaopin\Application\Runtime\Cache\Admin\160404f9ccfe64e795931bd711cc3bbe.php 第 160 行.
INFO: Run Behavior\ParseTemplateBehavior [ RunTime:0.170109s ]
INFO: [ view_parse ] --END-- [ RunTime:0.170811s ]
INFO: [ view_filter ] --START--
INFO: Run Behavior\WriteHtmlCacheBehavior [ RunTime:0.002227s ]
INFO: [ view_filter ] --END-- [ RunTime:0.002911s ]
INFO: [ app_end ] --START--
INFO: Run Behavior\ShowPageTraceBehavior [ RunTime:0.003016s ]
INFO: [ app_end ] --END-- [ RunTime:0.003807s ]

[ 2016-02-17T11:11:19+08:00 ] ::1 /zhaopin/index.php/admin/Xmanager/index.html
INFO: [ app_init ] --START--
INFO: Run Behavior\BuildLiteBehavior [ RunTime:0.000140s ]
INFO: [ app_init ] --END-- [ RunTime:0.001908s ]
INFO: [ app_begin ] --START--
INFO: Run Behavior\ReadHtmlCacheBehavior [ RunTime:0.003091s ]
INFO: [ app_begin ] --END-- [ RunTime:0.003870s ]
SQL: SHOW COLUMNS FROM `zp_administrator` [ RunTime:0.0281s ]
SQL: SELECT * FROM `zp_administrator` WHERE `user` = '55' AND `grant` = 1 LIMIT 1   [ RunTime:0.0008s ]
SQL: SHOW COLUMNS FROM `zp_proform` [ RunTime:0.0193s ]
SQL: SHOW COLUMNS FROM `zp_application` [ RunTime:0.0236s ]
SQL: SHOW COLUMNS FROM `zp_professior` [ RunTime:0.0196s ]
SQL: SELECT DISTINCT  `numid` FROM `zp_proform`  [ RunTime:0.0012s ]
SQL: SELECT `numid`,`name`,`major`,`aid` FROM `zp_application` WHERE `numid` = 1 LIMIT 1   [ RunTime:0.0006s ]
NOTIC: [8] Undefined variable: list2 C:\wamp\www\zhaopin\Application\Admin\Controller\XmanagerController.class.php 第 53 行.
SQL: SELECT `numid`,`name`,`major`,`aid` FROM `zp_application` WHERE `numid` = 2 LIMIT 1   [ RunTime:0.0005s ]
SQL: SELECT `pid`,`assess`,`sum` FROM `zp_proform` WHERE `numid` = 2  [ RunTime:0.0005s ]
SQL: SELECT `pid`,`name` FROM `zp_professior` WHERE `pid` = 8 LIMIT 1   [ RunTime:0.0005s ]
SQL: SELECT `pid`,`name` FROM `zp_professior` WHERE `pid` = 2 LIMIT 1   [ RunTime:0.0010s ]
SQL: SELECT `numid`,`name`,`major`,`aid` FROM `zp_application` WHERE `numid` = 4 LIMIT 1   [ RunTime:0.0006s ]
SQL: SELECT `numid`,`name`,`major`,`aid` FROM `zp_application` WHERE `numid` = 5 LIMIT 1   [ RunTime:0.0005s ]
SQL: SELECT `numid`,`name`,`major`,`aid` FROM `zp_application` WHERE `numid` = 6 LIMIT 1   [ RunTime:0.0005s ]
SQL: SELECT `pid`,`assess`,`sum` FROM `zp_proform` WHERE `numid` = 6  [ RunTime:0.0005s ]
SQL: SELECT `pid`,`name` FROM `zp_professior` WHERE `pid` = 2 LIMIT 1   [ RunTime:0.0005s ]
SQL: SELECT `numid`,`name`,`major`,`aid` FROM `zp_application` WHERE `numid` = 9 LIMIT 1   [ RunTime:0.0008s ]
SQL: SELECT `pid`,`assess`,`sum` FROM `zp_proform` WHERE `numid` = 9  [ RunTime:0.0007s ]
SQL: SELECT `pid`,`name` FROM `zp_professior` WHERE `pid` = 18 LIMIT 1   [ RunTime:0.0007s ]
SQL: SELECT `numid`,`name`,`major`,`aid` FROM `zp_application` WHERE `numid` = 10 LIMIT 1   [ RunTime:0.0007s ]
SQL: SELECT `pid`,`assess`,`sum` FROM `zp_proform` WHERE `numid` = 10  [ RunTime:0.0007s ]
SQL: SELECT `pid`,`name` FROM `zp_professior` WHERE `pid` = 18 LIMIT 1   [ RunTime:0.0009s ]
SQL: SELECT `numid`,`name`,`major`,`aid` FROM `zp_application` WHERE `numid` = 11 LIMIT 1   [ RunTime:0.0007s ]
SQL: SELECT `pid`,`assess`,`sum` FROM `zp_proform` WHERE `numid` = 11  [ RunTime:0.0007s ]
SQL: SELECT `pid`,`name` FROM `zp_professior` WHERE `pid` = 20 LIMIT 1   [ RunTime:0.0006s ]
SQL: SELECT `numid`,`name`,`major`,`aid` FROM `zp_application` WHERE `numid` = 8 LIMIT 1   [ RunTime:0.0006s ]
SQL: SELECT `pid`,`assess`,`sum` FROM `zp_proform` WHERE `numid` = 8  [ RunTime:0.0011s ]
SQL: SELECT `pid`,`name` FROM `zp_professior` WHERE `pid` = 2 LIMIT 1   [ RunTime:0.0008s ]
SQL: SELECT * FROM `zp_administrator` WHERE `grant` = 2  [ RunTime:0.0006s ]
SQL: SELECT * FROM `zp_professior` WHERE `grant` = 2  [ RunTime:0.0007s ]
INFO: [ view_parse ] --START--
INFO: [ template_filter ] --START--
INFO: Run Behavior\ContentReplaceBehavior [ RunTime:0.000451s ]
INFO: [ template_filter ] --END-- [ RunTime:0.001155s ]
NOTIC: [8] Undefined offset: 3 C:\wamp\www\zhaopin\Application\Runtime\Cache\Admin\160404f9ccfe64e795931bd711cc3bbe.php 第 134 行.
NOTIC: [8] Undefined variable: page C:\wamp\www\zhaopin\Application\Runtime\Cache\Admin\160404f9ccfe64e795931bd711cc3bbe.php 第 160 行.
INFO: Run Behavior\ParseTemplateBehavior [ RunTime:0.216097s ]
INFO: [ view_parse ] --END-- [ RunTime:0.217017s ]
INFO: [ view_filter ] --START--
INFO: Run Behavior\WriteHtmlCacheBehavior [ RunTime:0.003877s ]
INFO: [ view_filter ] --END-- [ RunTime:0.005692s ]
INFO: [ app_end ] --START--
INFO: Run Behavior\ShowPageTraceBehavior [ RunTime:0.033527s ]
INFO: [ app_end ] --END-- [ RunTime:0.036036s ]

[ 2016-02-17T11:11:27+08:00 ] ::1 /zhaopin/index.php/admin/Xmanager/add.html
INFO: [ app_init ] --START--
INFO: Run Behavior\BuildLiteBehavior [ RunTime:0.000144s ]
INFO: [ app_init ] --END-- [ RunTime:0.002134s ]
INFO: [ app_begin ] --START--
INFO: Run Behavior\ReadHtmlCacheBehavior [ RunTime:0.003106s ]
INFO: [ app_begin ] --END-- [ RunTime:0.003850s ]
SQL: SHOW COLUMNS FROM `zp_administrator` [ RunTime:0.0282s ]
SQL: SELECT * FROM `zp_administrator` WHERE `user` = '55' AND `grant` = 1 LIMIT 1   [ RunTime:0.0009s ]
SQL: SHOW COLUMNS FROM `zp_professior` [ RunTime:0.0286s ]
SQL: SELECT * FROM `zp_professior` WHERE `grant` = 2  [ RunTime:0.0014s ]
INFO: [ view_parse ] --START--
INFO: [ template_filter ] --START--
INFO: Run Behavior\ContentReplaceBehavior [ RunTime:0.000646s ]
INFO: [ template_filter ] --END-- [ RunTime:0.001761s ]
INFO: Run Behavior\ParseTemplateBehavior [ RunTime:0.124741s ]
INFO: [ view_parse ] --END-- [ RunTime:0.125624s ]
INFO: [ view_filter ] --START--
INFO: Run Behavior\WriteHtmlCacheBehavior [ RunTime:0.002381s ]
INFO: [ view_filter ] --END-- [ RunTime:0.003108s ]
INFO: [ app_end ] --START--
INFO: Run Behavior\ShowPageTraceBehavior [ RunTime:0.003795s ]
INFO: [ app_end ] --END-- [ RunTime:0.005495s ]

[ 2016-02-17T11:11:32+08:00 ] ::1 /zhaopin/index.php/admin/Xmanager/handout.html
INFO: [ app_init ] --START--
INFO: Run Behavior\BuildLiteBehavior [ RunTime:0.000139s ]
INFO: [ app_init ] --END-- [ RunTime:0.001942s ]
INFO: [ app_begin ] --START--
INFO: Run Behavior\ReadHtmlCacheBehavior [ RunTime:0.003409s ]
INFO: [ app_begin ] --END-- [ RunTime:0.004167s ]
SQL: SHOW COLUMNS FROM `zp_administrator` [ RunTime:0.0315s ]
SQL: SELECT * FROM `zp_administrator` WHERE `user` = '55' AND `grant` = 1 LIMIT 1   [ RunTime:0.0009s ]
SQL: SHOW COLUMNS FROM `zp_professior` [ RunTime:0.0206s ]
SQL: SELECT * FROM `zp_administrator` WHERE `grant` = 2  [ RunTime:0.0009s ]
SQL: SELECT * FROM `zp_professior` WHERE `grant` = 2  [ RunTime:0.0009s ]
SQL: SHOW COLUMNS FROM `zp_application` [ RunTime:0.0226s ]
SQL: SELECT `numid` FROM `zp_application`  [ RunTime:0.0006s ]
SQL: SHOW COLUMNS FROM `zp_adform` [ RunTime:0.0269s ]
SQL: SHOW COLUMNS FROM `zp_zjform` [ RunTime:0.0252s ]
SQL: SELECT * FROM `zp_adform` WHERE `numid` = 2 LIMIT 1   [ RunTime:0.0007s ]
SQL: SELECT * FROM `zp_adform` WHERE `numid` = 6 LIMIT 1   [ RunTime:0.0010s ]
SQL: SELECT * FROM `zp_adform` WHERE `numid` = 7 LIMIT 1   [ RunTime:0.0008s ]
SQL: SELECT * FROM `zp_adform` WHERE `numid` = 8 LIMIT 1   [ RunTime:0.0006s ]
SQL: SELECT * FROM `zp_adform` WHERE `numid` = 9 LIMIT 1   [ RunTime:0.0007s ]
SQL: SELECT * FROM `zp_adform` WHERE `numid` = 10 LIMIT 1   [ RunTime:0.0007s ]
SQL: SELECT * FROM `zp_adform` WHERE `numid` = 11 LIMIT 1   [ RunTime:0.0006s ]
NOTIC: [8] Undefined variable: strp C:\wamp\www\zhaopin\Application\Admin\Controller\XmanagerController.class.php 第 251 行.
INFO: [ view_parse ] --START--
INFO: [ template_filter ] --START--
INFO: Run Behavior\ContentReplaceBehavior [ RunTime:0.000527s ]
INFO: [ template_filter ] --END-- [ RunTime:0.001248s ]
INFO: Run Behavior\ParseTemplateBehavior [ RunTime:0.184161s ]
INFO: [ view_parse ] --END-- [ RunTime:0.184915s ]
INFO: [ view_filter ] --START--
INFO: Run Behavior\WriteHtmlCacheBehavior [ RunTime:0.002309s ]
INFO: [ view_filter ] --END-- [ RunTime:0.002993s ]
INFO: [ app_end ] --START--
INFO: Run Behavior\ShowPageTraceBehavior [ RunTime:0.002884s ]
INFO: [ app_end ] --END-- [ RunTime:0.003591s ]

[ 2016-02-17T11:11:33+08:00 ] ::1 /zhaopin/index.php/admin/Xmanager/handout.html
INFO: [ app_init ] --START--
INFO: Run Behavior\BuildLiteBehavior [ RunTime:0.000151s ]
INFO: [ app_init ] --END-- [ RunTime:0.002956s ]
INFO: [ app_begin ] --START--
INFO: Run Behavior\ReadHtmlCacheBehavior [ RunTime:0.003437s ]
INFO: [ app_begin ] --END-- [ RunTime:0.004268s ]
SQL: SHOW COLUMNS FROM `zp_administrator` [ RunTime:0.0250s ]
SQL: SELECT * FROM `zp_administrator` WHERE `user` = '55' AND `grant` = 1 LIMIT 1   [ RunTime:0.0016s ]
SQL: SHOW COLUMNS FROM `zp_professior` [ RunTime:0.0225s ]
SQL: SELECT * FROM `zp_administrator` WHERE `grant` = 2  [ RunTime:0.0011s ]
SQL: SELECT * FROM `zp_professior` WHERE `grant` = 2  [ RunTime:0.0012s ]
SQL: SHOW COLUMNS FROM `zp_application` [ RunTime:0.0189s ]
SQL: SELECT `numid` FROM `zp_application`  [ RunTime:0.0009s ]
SQL: SHOW COLUMNS FROM `zp_adform` [ RunTime:0.0166s ]
SQL: SHOW COLUMNS FROM `zp_zjform` [ RunTime:0.0177s ]
SQL: SELECT * FROM `zp_adform` WHERE `numid` = 2 LIMIT 1   [ RunTime:0.0011s ]
SQL: SELECT * FROM `zp_adform` WHERE `numid` = 6 LIMIT 1   [ RunTime:0.0009s ]
SQL: SELECT * FROM `zp_adform` WHERE `numid` = 7 LIMIT 1   [ RunTime:0.0007s ]
SQL: SELECT * FROM `zp_adform` WHERE `numid` = 8 LIMIT 1   [ RunTime:0.0007s ]
SQL: SELECT * FROM `zp_adform` WHERE `numid` = 9 LIMIT 1   [ RunTime:0.0009s ]
SQL: SELECT * FROM `zp_adform` WHERE `numid` = 10 LIMIT 1   [ RunTime:0.0010s ]
SQL: SELECT * FROM `zp_adform` WHERE `numid` = 11 LIMIT 1   [ RunTime:0.0009s ]
NOTIC: [8] Undefined variable: strp C:\wamp\www\zhaopin\Application\Admin\Controller\XmanagerController.class.php 第 251 行.
INFO: [ view_parse ] --START--
INFO: [ template_filter ] --START--
INFO: Run Behavior\ContentReplaceBehavior [ RunTime:0.000760s ]
INFO: [ template_filter ] --END-- [ RunTime:0.001813s ]
INFO: Run Behavior\ParseTemplateBehavior [ RunTime:0.187331s ]
INFO: [ view_parse ] --END-- [ RunTime:0.188174s ]
INFO: [ view_filter ] --START--
INFO: Run Behavior\WriteHtmlCacheBehavior [ RunTime:0.002904s ]
INFO: [ view_filter ] --END-- [ RunTime:0.003593s ]
INFO: [ app_end ] --START--
INFO: Run Behavior\ShowPageTraceBehavior [ RunTime:0.002781s ]
INFO: [ app_end ] --END-- [ RunTime:0.003463s ]

[ 2016-02-17T11:14:15+08:00 ] ::1 /zhaopin/index.php/admin/Xmanager/handout.html
INFO: [ app_init ] --START--
INFO: Run Behavior\BuildLiteBehavior [ RunTime:0.000139s ]
INFO: [ app_init ] --END-- [ RunTime:0.001939s ]
INFO: [ app_begin ] --START--
INFO: Run Behavior\ReadHtmlCacheBehavior [ RunTime:0.002876s ]
INFO: [ app_begin ] --END-- [ RunTime:0.003604s ]
SQL: SHOW COLUMNS FROM `zp_administrator` [ RunTime:0.0312s ]
SQL: SELECT * FROM `zp_administrator` WHERE `user` = '55' AND `grant` = 1 LIMIT 1   [ RunTime:0.0011s ]
SQL: SHOW COLUMNS FROM `zp_professior` [ RunTime:0.0255s ]
SQL: SELECT * FROM `zp_administrator` WHERE `grant` = 2  [ RunTime:0.0013s ]
SQL: SELECT * FROM `zp_professior` WHERE `grant` = 2  [ RunTime:0.0013s ]
SQL: SHOW COLUMNS FROM `zp_application` [ RunTime:0.0319s ]
SQL: SELECT `numid` FROM `zp_application`  [ RunTime:0.0012s ]
SQL: SHOW COLUMNS FROM `zp_adform` [ RunTime:0.0297s ]
SQL: SHOW COLUMNS FROM `zp_zjform` [ RunTime:0.0314s ]
SQL: SELECT * FROM `zp_adform` WHERE `numid` = 2 LIMIT 1   [ RunTime:0.0011s ]
SQL: SELECT * FROM `zp_adform` WHERE `numid` = 6 LIMIT 1   [ RunTime:0.0008s ]
SQL: SELECT * FROM `zp_adform` WHERE `numid` = 7 LIMIT 1   [ RunTime:0.0008s ]
SQL: SELECT * FROM `zp_adform` WHERE `numid` = 8 LIMIT 1   [ RunTime:0.0008s ]
SQL: SELECT * FROM `zp_adform` WHERE `numid` = 9 LIMIT 1   [ RunTime:0.0008s ]
SQL: SELECT * FROM `zp_adform` WHERE `numid` = 10 LIMIT 1   [ RunTime:0.0008s ]
SQL: SELECT * FROM `zp_adform` WHERE `numid` = 11 LIMIT 1   [ RunTime:0.0006s ]
NOTIC: [8] Undefined variable: strp C:\wamp\www\zhaopin\Application\Admin\Controller\XmanagerController.class.php 第 251 行.
INFO: [ view_parse ] --START--
INFO: [ template_filter ] --START--
INFO: Run Behavior\ContentReplaceBehavior [ RunTime:0.000440s ]
INFO: [ template_filter ] --END-- [ RunTime:0.001137s ]
INFO: Run Behavior\ParseTemplateBehavior [ RunTime:0.198174s ]
INFO: [ view_parse ] --END-- [ RunTime:0.198981s ]
INFO: [ view_filter ] --START--
INFO: Run Behavior\WriteHtmlCacheBehavior [ RunTime:0.002331s ]
INFO: [ view_filter ] --END-- [ RunTime:0.003453s ]
INFO: [ app_end ] --START--
INFO: Run Behavior\ShowPageTraceBehavior [ RunTime:0.002933s ]
INFO: [ app_end ] --END-- [ RunTime:0.003792s ]

[ 2016-02-17T11:14:15+08:00 ] ::1 /zhaopin/index.php/admin/Xmanager/add.html
INFO: [ app_init ] --START--
INFO: Run Behavior\BuildLiteBehavior [ RunTime:0.000147s ]
INFO: [ app_init ] --END-- [ RunTime:0.001919s ]
INFO: [ app_begin ] --START--
INFO: Run Behavior\ReadHtmlCacheBehavior [ RunTime:0.003459s ]
INFO: [ app_begin ] --END-- [ RunTime:0.004187s ]
SQL: SHOW COLUMNS FROM `zp_administrator` [ RunTime:0.0127s ]
SQL: SELECT * FROM `zp_administrator` WHERE `user` = '55' AND `grant` = 1 LIMIT 1   [ RunTime:0.0009s ]
SQL: SHOW COLUMNS FROM `zp_professior` [ RunTime:0.0131s ]
SQL: SELECT * FROM `zp_professior` WHERE `grant` = 2  [ RunTime:0.0009s ]
INFO: [ view_parse ] --START--
INFO: [ template_filter ] --START--
INFO: Run Behavior\ContentReplaceBehavior [ RunTime:0.000445s ]
INFO: [ template_filter ] --END-- [ RunTime:0.001176s ]
INFO: Run Behavior\ParseTemplateBehavior [ RunTime:0.134177s ]
INFO: [ view_parse ] --END-- [ RunTime:0.135211s ]
INFO: [ view_filter ] --START--
INFO: Run Behavior\WriteHtmlCacheBehavior [ RunTime:0.004848s ]
INFO: [ view_filter ] --END-- [ RunTime:0.006228s ]
INFO: [ app_end ] --START--
INFO: Run Behavior\ShowPageTraceBehavior [ RunTime:0.013554s ]
INFO: [ app_end ] --END-- [ RunTime:0.014821s ]

[ 2016-02-17T11:14:17+08:00 ] ::1 /zhaopin/index.php/admin/Xmanager/index.html
INFO: [ app_init ] --START--
INFO: Run Behavior\BuildLiteBehavior [ RunTime:0.000156s ]
INFO: [ app_init ] --END-- [ RunTime:0.002570s ]
INFO: [ app_begin ] --START--
INFO: Run Behavior\ReadHtmlCacheBehavior [ RunTime:0.003284s ]
INFO: [ app_begin ] --END-- [ RunTime:0.004021s ]
SQL: SHOW COLUMNS FROM `zp_administrator` [ RunTime:0.0262s ]
SQL: SELECT * FROM `zp_administrator` WHERE `user` = '55' AND `grant` = 1 LIMIT 1   [ RunTime:0.0008s ]
SQL: SHOW COLUMNS FROM `zp_proform` [ RunTime:0.0190s ]
SQL: SHOW COLUMNS FROM `zp_application` [ RunTime:0.0197s ]
SQL: SHOW COLUMNS FROM `zp_professior` [ RunTime:0.0184s ]
SQL: SELECT DISTINCT  `numid` FROM `zp_proform`  [ RunTime:0.0011s ]
SQL: SELECT `numid`,`name`,`major`,`aid` FROM `zp_application` WHERE `numid` = 1 LIMIT 1   [ RunTime:0.0008s ]
NOTIC: [8] Undefined variable: list2 C:\wamp\www\zhaopin\Application\Admin\Controller\XmanagerController.class.php 第 53 行.
SQL: SELECT `numid`,`name`,`major`,`aid` FROM `zp_application` WHERE `numid` = 2 LIMIT 1   [ RunTime:0.0007s ]
SQL: SELECT `pid`,`assess`,`sum` FROM `zp_proform` WHERE `numid` = 2  [ RunTime:0.0007s ]
SQL: SELECT `pid`,`name` FROM `zp_professior` WHERE `pid` = 8 LIMIT 1   [ RunTime:0.0005s ]
SQL: SELECT `pid`,`name` FROM `zp_professior` WHERE `pid` = 2 LIMIT 1   [ RunTime:0.0005s ]
SQL: SELECT `numid`,`name`,`major`,`aid` FROM `zp_application` WHERE `numid` = 4 LIMIT 1   [ RunTime:0.0007s ]
SQL: SELECT `numid`,`name`,`major`,`aid` FROM `zp_application` WHERE `numid` = 5 LIMIT 1   [ RunTime:0.0005s ]
SQL: SELECT `numid`,`name`,`major`,`aid` FROM `zp_application` WHERE `numid` = 6 LIMIT 1   [ RunTime:0.0005s ]
SQL: SELECT `pid`,`assess`,`sum` FROM `zp_proform` WHERE `numid` = 6  [ RunTime:0.0007s ]
SQL: SELECT `pid`,`name` FROM `zp_professior` WHERE `pid` = 2 LIMIT 1   [ RunTime:0.0005s ]
SQL: SELECT `numid`,`name`,`major`,`aid` FROM `zp_application` WHERE `numid` = 9 LIMIT 1   [ RunTime:0.0005s ]
SQL: SELECT `pid`,`assess`,`sum` FROM `zp_proform` WHERE `numid` = 9  [ RunTime:0.0008s ]
SQL: SELECT `pid`,`name` FROM `zp_professior` WHERE `pid` = 18 LIMIT 1   [ RunTime:0.0007s ]
SQL: SELECT `numid`,`name`,`major`,`aid` FROM `zp_application` WHERE `numid` = 10 LIMIT 1   [ RunTime:0.0005s ]
SQL: SELECT `pid`,`assess`,`sum` FROM `zp_proform` WHERE `numid` = 10  [ RunTime:0.0007s ]
SQL: SELECT `pid`,`name` FROM `zp_professior` WHERE `pid` = 18 LIMIT 1   [ RunTime:0.0005s ]
SQL: SELECT `numid`,`name`,`major`,`aid` FROM `zp_application` WHERE `numid` = 11 LIMIT 1   [ RunTime:0.0007s ]
SQL: SELECT `pid`,`assess`,`sum` FROM `zp_proform` WHERE `numid` = 11  [ RunTime:0.0007s ]
SQL: SELECT `pid`,`name` FROM `zp_professior` WHERE `pid` = 20 LIMIT 1   [ RunTime:0.0006s ]
SQL: SELECT `numid`,`name`,`major`,`aid` FROM `zp_application` WHERE `numid` = 8 LIMIT 1   [ RunTime:0.0006s ]
SQL: SELECT `pid`,`assess`,`sum` FROM `zp_proform` WHERE `numid` = 8  [ RunTime:0.0007s ]
SQL: SELECT `pid`,`name` FROM `zp_professior` WHERE `pid` = 2 LIMIT 1   [ RunTime:0.0005s ]
SQL: SELECT * FROM `zp_administrator` WHERE `grant` = 2  [ RunTime:0.0008s ]
SQL: SELECT * FROM `zp_professior` WHERE `grant` = 2  [ RunTime:0.0007s ]
INFO: [ view_parse ] --START--
INFO: [ template_filter ] --START--
INFO: Run Behavior\ContentReplaceBehavior [ RunTime:0.000574s ]
INFO: [ template_filter ] --END-- [ RunTime:0.001481s ]
NOTIC: [8] Undefined offset: 3 C:\wamp\www\zhaopin\Application\Runtime\Cache\Admin\160404f9ccfe64e795931bd711cc3bbe.php 第 134 行.
NOTIC: [8] Undefined variable: page C:\wamp\www\zhaopin\Application\Runtime\Cache\Admin\160404f9ccfe64e795931bd711cc3bbe.php 第 160 行.
INFO: Run Behavior\ParseTemplateBehavior [ RunTime:0.181319s ]
INFO: [ view_parse ] --END-- [ RunTime:0.182024s ]
INFO: [ view_filter ] --START--
INFO: Run Behavior\WriteHtmlCacheBehavior [ RunTime:0.002340s ]
INFO: [ view_filter ] --END-- [ RunTime:0.003007s ]
INFO: [ app_end ] --START--
INFO: Run Behavior\ShowPageTraceBehavior [ RunTime:0.003356s ]
INFO: [ app_end ] --END-- [ RunTime:0.004641s ]

[ 2016-02-17T11:14:23+08:00 ] ::1 /zhaopin/index.php/admin/Xmanager/look.html?numid=8
INFO: [ app_init ] --START--
INFO: Run Behavior\BuildLiteBehavior [ RunTime:0.000151s ]
INFO: [ app_init ] --END-- [ RunTime:0.002235s ]
INFO: [ app_begin ] --START--
INFO: Run Behavior\ReadHtmlCacheBehavior [ RunTime:0.003095s ]
INFO: [ app_begin ] --END-- [ RunTime:0.003959s ]
SQL: SHOW COLUMNS FROM `zp_administrator` [ RunTime:0.0312s ]
SQL: SELECT * FROM `zp_administrator` WHERE `user` = '55' AND `grant` = 1 LIMIT 1   [ RunTime:0.0009s ]
SQL: SHOW COLUMNS FROM `zp_zjform` [ RunTime:0.0191s ]
SQL: SHOW COLUMNS FROM `zp_proform` [ RunTime:0.0185s ]
SQL: SHOW COLUMNS FROM `zp_professior` [ RunTime:0.0242s ]
SQL: SELECT * FROM `zp_zjform` WHERE `numid` = 8 AND `state` = 2  [ RunTime:0.0010s ]
SQL: SELECT * FROM `zp_professior` WHERE `pid` = 2 LIMIT 1   [ RunTime:0.0011s ]
SQL: SELECT * FROM `zp_proform` WHERE `pid` = 2 AND `numid` = 8 LIMIT 1   [ RunTime:0.0012s ]
INFO: [ view_parse ] --START--
INFO: [ template_filter ] --START--
INFO: Run Behavior\ContentReplaceBehavior [ RunTime:0.000454s ]
INFO: [ template_filter ] --END-- [ RunTime:0.001321s ]
NOTIC: [8] Undefined variable: page C:\wamp\www\zhaopin\Application\Runtime\Cache\Admin\8f58160578bc54454d6e46cf75bc0314.php 第 76 行.
INFO: Run Behavior\ParseTemplateBehavior [ RunTime:0.119866s ]
INFO: [ view_parse ] --END-- [ RunTime:0.121154s ]
INFO: [ view_filter ] --START--
INFO: Run Behavior\WriteHtmlCacheBehavior [ RunTime:0.004687s ]
INFO: [ view_filter ] --END-- [ RunTime:0.006279s ]
INFO: [ app_end ] --START--
INFO: Run Behavior\ShowPageTraceBehavior [ RunTime:0.005998s ]
INFO: [ app_end ] --END-- [ RunTime:0.007772s ]

[ 2016-02-17T11:14:27+08:00 ] ::1 /zhaopin/index.php/Admin/Xmanager/hl1?tid=15
INFO: [ app_init ] --START--
INFO: Run Behavior\BuildLiteBehavior [ RunTime:0.000162s ]
INFO: [ app_init ] --END-- [ RunTime:0.002322s ]
INFO: [ app_begin ] --START--
INFO: Run Behavior\ReadHtmlCacheBehavior [ RunTime:0.002884s ]
INFO: [ app_begin ] --END-- [ RunTime:0.003610s ]
SQL: SHOW COLUMNS FROM `zp_administrator` [ RunTime:0.0306s ]
SQL: SELECT * FROM `zp_administrator` WHERE `user` = '55' AND `grant` = 1 LIMIT 1   [ RunTime:0.0008s ]
SQL: SHOW COLUMNS FROM `zp_proform` [ RunTime:0.0199s ]
SQL: SELECT * FROM `zp_proform` WHERE `tid` = 15 LIMIT 1   [ RunTime:0.0009s ]
INFO: [ view_parse ] --START--
INFO: [ template_filter ] --START--
INFO: Run Behavior\ContentReplaceBehavior [ RunTime:0.000571s ]
INFO: [ template_filter ] --END-- [ RunTime:0.001615s ]
INFO: Run Behavior\ParseTemplateBehavior [ RunTime:0.083305s ]
INFO: [ view_parse ] --END-- [ RunTime:0.084200s ]
INFO: [ view_filter ] --START--
INFO: Run Behavior\WriteHtmlCacheBehavior [ RunTime:0.003312s ]
INFO: [ view_filter ] --END-- [ RunTime:0.004131s ]
INFO: [ app_end ] --START--
INFO: Run Behavior\ShowPageTraceBehavior [ RunTime:0.003150s ]
INFO: [ app_end ] --END-- [ RunTime:0.003847s ]

[ 2016-02-17T11:14:32+08:00 ] ::1 /zhaopin/index.php/admin/Xmanager/index.html
INFO: [ app_init ] --START--
INFO: Run Behavior\BuildLiteBehavior [ RunTime:0.000147s ]
INFO: [ app_init ] --END-- [ RunTime:0.001910s ]
INFO: [ app_begin ] --START--
INFO: Run Behavior\ReadHtmlCacheBehavior [ RunTime:0.002854s ]
INFO: [ app_begin ] --END-- [ RunTime:0.003577s ]
SQL: SHOW COLUMNS FROM `zp_administrator` [ RunTime:0.0263s ]
SQL: SELECT * FROM `zp_administrator` WHERE `user` = '55' AND `grant` = 1 LIMIT 1   [ RunTime:0.0008s ]
SQL: SHOW COLUMNS FROM `zp_proform` [ RunTime:0.0211s ]
SQL: SHOW COLUMNS FROM `zp_application` [ RunTime:0.0191s ]
SQL: SHOW COLUMNS FROM `zp_professior` [ RunTime:0.0194s ]
SQL: SELECT DISTINCT  `numid` FROM `zp_proform`  [ RunTime:0.0011s ]
SQL: SELECT `numid`,`name`,`major`,`aid` FROM `zp_application` WHERE `numid` = 1 LIMIT 1   [ RunTime:0.0005s ]
NOTIC: [8] Undefined variable: list2 C:\wamp\www\zhaopin\Application\Admin\Controller\XmanagerController.class.php 第 53 行.
SQL: SELECT `numid`,`name`,`major`,`aid` FROM `zp_application` WHERE `numid` = 2 LIMIT 1   [ RunTime:0.0007s ]
SQL: SELECT `pid`,`assess`,`sum` FROM `zp_proform` WHERE `numid` = 2  [ RunTime:0.0005s ]
SQL: SELECT `pid`,`name` FROM `zp_professior` WHERE `pid` = 8 LIMIT 1   [ RunTime:0.0005s ]
SQL: SELECT `pid`,`name` FROM `zp_professior` WHERE `pid` = 2 LIMIT 1   [ RunTime:0.0008s ]
SQL: SELECT `numid`,`name`,`major`,`aid` FROM `zp_application` WHERE `numid` = 4 LIMIT 1   [ RunTime:0.0007s ]
SQL: SELECT `numid`,`name`,`major`,`aid` FROM `zp_application` WHERE `numid` = 5 LIMIT 1   [ RunTime:0.0010s ]
SQL: SELECT `numid`,`name`,`major`,`aid` FROM `zp_application` WHERE `numid` = 6 LIMIT 1   [ RunTime:0.0008s ]
SQL: SELECT `pid`,`assess`,`sum` FROM `zp_proform` WHERE `numid` = 6  [ RunTime:0.0007s ]
SQL: SELECT `pid`,`name` FROM `zp_professior` WHERE `pid` = 2 LIMIT 1   [ RunTime:0.0005s ]
SQL: SELECT `numid`,`name`,`major`,`aid` FROM `zp_application` WHERE `numid` = 9 LIMIT 1   [ RunTime:0.0007s ]
SQL: SELECT `pid`,`assess`,`sum` FROM `zp_proform` WHERE `numid` = 9  [ RunTime:0.0005s ]
SQL: SELECT `pid`,`name` FROM `zp_professior` WHERE `pid` = 18 LIMIT 1   [ RunTime:0.0007s ]
SQL: SELECT `numid`,`name`,`major`,`aid` FROM `zp_application` WHERE `numid` = 10 LIMIT 1   [ RunTime:0.0005s ]
SQL: SELECT `pid`,`assess`,`sum` FROM `zp_proform` WHERE `numid` = 10  [ RunTime:0.0005s ]
SQL: SELECT `pid`,`name` FROM `zp_professior` WHERE `pid` = 18 LIMIT 1   [ RunTime:0.0005s ]
SQL: SELECT `numid`,`name`,`major`,`aid` FROM `zp_application` WHERE `numid` = 11 LIMIT 1   [ RunTime:0.0007s ]
SQL: SELECT `pid`,`assess`,`sum` FROM `zp_proform` WHERE `numid` = 11  [ RunTime:0.0010s ]
SQL: SELECT `pid`,`name` FROM `zp_professior` WHERE `pid` = 20 LIMIT 1   [ RunTime:0.0007s ]
SQL: SELECT `numid`,`name`,`major`,`aid` FROM `zp_application` WHERE `numid` = 8 LIMIT 1   [ RunTime:0.0006s ]
SQL: SELECT `pid`,`assess`,`sum` FROM `zp_proform` WHERE `numid` = 8  [ RunTime:0.0006s ]
SQL: SELECT `pid`,`name` FROM `zp_professior` WHERE `pid` = 2 LIMIT 1   [ RunTime:0.0009s ]
SQL: SELECT * FROM `zp_administrator` WHERE `grant` = 2  [ RunTime:0.0010s ]
SQL: SELECT * FROM `zp_professior` WHERE `grant` = 2  [ RunTime:0.0010s ]
INFO: [ view_parse ] --START--
INFO: [ template_filter ] --START--
INFO: Run Behavior\ContentReplaceBehavior [ RunTime:0.000480s ]
INFO: [ template_filter ] --END-- [ RunTime:0.001322s ]
NOTIC: [8] Undefined offset: 3 C:\wamp\www\zhaopin\Application\Runtime\Cache\Admin\160404f9ccfe64e795931bd711cc3bbe.php 第 134 行.
NOTIC: [8] Undefined variable: page C:\wamp\www\zhaopin\Application\Runtime\Cache\Admin\160404f9ccfe64e795931bd711cc3bbe.php 第 160 行.
INFO: Run Behavior\ParseTemplateBehavior [ RunTime:0.180412s ]
INFO: [ view_parse ] --END-- [ RunTime:0.181306s ]
INFO: [ view_filter ] --START--
INFO: Run Behavior\WriteHtmlCacheBehavior [ RunTime:0.003088s ]
INFO: [ view_filter ] --END-- [ RunTime:0.004001s ]
INFO: [ app_end ] --START--
INFO: Run Behavior\ShowPageTraceBehavior [ RunTime:0.004491s ]
INFO: [ app_end ] --END-- [ RunTime:0.005433s ]

[ 2016-02-17T11:14:37+08:00 ] ::1 /zhaopin/index.php/admin/Xmanager/look.html?numid=8
INFO: [ app_init ] --START--
INFO: Run Behavior\BuildLiteBehavior [ RunTime:0.000172s ]
INFO: [ app_init ] --END-- [ RunTime:0.002227s ]
INFO: [ app_begin ] --START--
INFO: Run Behavior\ReadHtmlCacheBehavior [ RunTime:0.002862s ]
INFO: [ app_begin ] --END-- [ RunTime:0.003596s ]
SQL: SHOW COLUMNS FROM `zp_administrator` [ RunTime:0.0253s ]
SQL: SELECT * FROM `zp_administrator` WHERE `user` = '55' AND `grant` = 1 LIMIT 1   [ RunTime:0.0009s ]
SQL: SHOW COLUMNS FROM `zp_zjform` [ RunTime:0.0180s ]
SQL: SHOW COLUMNS FROM `zp_proform` [ RunTime:0.0187s ]
SQL: SHOW COLUMNS FROM `zp_professior` [ RunTime:0.0228s ]
SQL: SELECT * FROM `zp_zjform` WHERE `numid` = 8 AND `state` = 2  [ RunTime:0.0008s ]
SQL: SELECT * FROM `zp_professior` WHERE `pid` = 2 LIMIT 1   [ RunTime:0.0011s ]
SQL: SELECT * FROM `zp_proform` WHERE `pid` = 2 AND `numid` = 8 LIMIT 1   [ RunTime:0.0012s ]
INFO: [ view_parse ] --START--
INFO: [ template_filter ] --START--
INFO: Run Behavior\ContentReplaceBehavior [ RunTime:0.000384s ]
INFO: [ template_filter ] --END-- [ RunTime:0.001118s ]
NOTIC: [8] Undefined variable: page C:\wamp\www\zhaopin\Application\Runtime\Cache\Admin\8f58160578bc54454d6e46cf75bc0314.php 第 76 行.
INFO: Run Behavior\ParseTemplateBehavior [ RunTime:0.046399s ]
INFO: [ view_parse ] --END-- [ RunTime:0.047119s ]
INFO: [ view_filter ] --START--
INFO: Run Behavior\WriteHtmlCacheBehavior [ RunTime:0.002309s ]
INFO: [ view_filter ] --END-- [ RunTime:0.002984s ]
INFO: [ app_end ] --START--
INFO: Run Behavior\ShowPageTraceBehavior [ RunTime:0.002843s ]
INFO: [ app_end ] --END-- [ RunTime:0.003515s ]

[ 2016-02-17T11:14:56+08:00 ] ::1 /zhaopin/index.php/Admin/Xmanager/export?numid=8&aid=11
INFO: [ app_init ] --START--
INFO: Run Behavior\BuildLiteBehavior [ RunTime:0.000148s ]
INFO: [ app_init ] --END-- [ RunTime:0.001896s ]
INFO: [ app_begin ] --START--
INFO: Run Behavior\ReadHtmlCacheBehavior [ RunTime:0.002865s ]
INFO: [ app_begin ] --END-- [ RunTime:0.003580s ]
SQL: SHOW COLUMNS FROM `zp_administrator` [ RunTime:0.0386s ]
SQL: SELECT * FROM `zp_administrator` WHERE `user` = '55' AND `grant` = 1 LIMIT 1   [ RunTime:0.0010s ]
SQL: SHOW COLUMNS FROM `zp_application` [ RunTime:0.0234s ]
SQL: SHOW COLUMNS FROM `zp_education` [ RunTime:0.0245s ]
SQL: SHOW COLUMNS FROM `zp_work` [ RunTime:0.0249s ]
SQL: SELECT * FROM `zp_application` WHERE `numid` = 8 LIMIT 1   [ RunTime:0.0009s ]
SQL: SELECT * FROM `zp_education` WHERE `uid` = 11  [ RunTime:0.0005s ]
SQL: SELECT * FROM `zp_work` WHERE `uid` = 11 LIMIT 1   [ RunTime:0.0005s ]
NOTIC: [2] Illegal string offset 'time' C:\wamp\www\zhaopin\Application\Admin\Controller\XmanagerController.class.php 第 97 行.
NOTIC: [2] Illegal string offset 'information' C:\wamp\www\zhaopin\Application\Admin\Controller\XmanagerController.class.php 第 98 行.
NOTIC: [2] Illegal string offset 'time' C:\wamp\www\zhaopin\Application\Admin\Controller\XmanagerController.class.php 第 97 行.
NOTIC: [2] Illegal string offset 'information' C:\wamp\www\zhaopin\Application\Admin\Controller\XmanagerController.class.php 第 98 行.
NOTIC: [2] Illegal string offset 'time' C:\wamp\www\zhaopin\Application\Admin\Controller\XmanagerController.class.php 第 97 行.
NOTIC: [2] Illegal string offset 'information' C:\wamp\www\zhaopin\Application\Admin\Controller\XmanagerController.class.php 第 98 行.
NOTIC: [2] Illegal string offset 'time' C:\wamp\www\zhaopin\Application\Admin\Controller\XmanagerController.class.php 第 97 行.
NOTIC: [2] Illegal string offset 'information' C:\wamp\www\zhaopin\Application\Admin\Controller\XmanagerController.class.php 第 98 行.

[ 2016-02-17T11:19:57+08:00 ] ::1 /zhaopin/index.php/Admin/Xmanager/export?numid=8&aid=11
INFO: [ app_init ] --START--
INFO: Run Behavior\BuildLiteBehavior [ RunTime:0.000154s ]
INFO: [ app_init ] --END-- [ RunTime:0.002190s ]
INFO: [ app_begin ] --START--
INFO: Run Behavior\ReadHtmlCacheBehavior [ RunTime:0.002922s ]
INFO: [ app_begin ] --END-- [ RunTime:0.003651s ]
SQL: SHOW COLUMNS FROM `zp_administrator` [ RunTime:0.0288s ]
SQL: SELECT * FROM `zp_administrator` WHERE `user` = '55' AND `grant` = 1 LIMIT 1   [ RunTime:0.0009s ]
SQL: SHOW COLUMNS FROM `zp_application` [ RunTime:0.0197s ]
SQL: SHOW COLUMNS FROM `zp_education` [ RunTime:0.0212s ]
SQL: SHOW COLUMNS FROM `zp_work` [ RunTime:0.0197s ]
SQL: SELECT * FROM `zp_application` WHERE `numid` = 8 LIMIT 1   [ RunTime:0.0013s ]
SQL: SELECT * FROM `zp_education` WHERE `uid` = 11  [ RunTime:0.0007s ]
SQL: SELECT * FROM `zp_work` WHERE `uid` = 11 LIMIT 1   [ RunTime:0.0006s ]
NOTIC: [2] Illegal string offset 'time' C:\wamp\www\zhaopin\Application\Admin\Controller\XmanagerController.class.php 第 97 行.
NOTIC: [2] Illegal string offset 'information' C:\wamp\www\zhaopin\Application\Admin\Controller\XmanagerController.class.php 第 98 行.
NOTIC: [2] Illegal string offset 'time' C:\wamp\www\zhaopin\Application\Admin\Controller\XmanagerController.class.php 第 97 行.
NOTIC: [2] Illegal string offset 'information' C:\wamp\www\zhaopin\Application\Admin\Controller\XmanagerController.class.php 第 98 行.
NOTIC: [2] Illegal string offset 'time' C:\wamp\www\zhaopin\Application\Admin\Controller\XmanagerController.class.php 第 97 行.
NOTIC: [2] Illegal string offset 'information' C:\wamp\www\zhaopin\Application\Admin\Controller\XmanagerController.class.php 第 98 行.
NOTIC: [2] Illegal string offset 'time' C:\wamp\www\zhaopin\Application\Admin\Controller\XmanagerController.class.php 第 97 行.
NOTIC: [2] Illegal string offset 'information' C:\wamp\www\zhaopin\Application\Admin\Controller\XmanagerController.class.php 第 98 行.
NOTIC: [8] Undefined index: time2 C:\wamp\www\zhaopin\Application\Admin\Controller\ExportController.class.php 第 83 行.
NOTIC: [8] Undefined index: time3 C:\wamp\www\zhaopin\Application\Admin\Controller\ExportController.class.php 第 84 行.
NOTIC: [8] Undefined index: information2 C:\wamp\www\zhaopin\Application\Admin\Controller\ExportController.class.php 第 86 行.
NOTIC: [8] Undefined index: information3 C:\wamp\www\zhaopin\Application\Admin\Controller\ExportController.class.php 第 87 行.

[ 2016-02-17T11:21:22+08:00 ] ::1 /zhaopin/index.php/admin/Xmanager/add.html
INFO: [ app_init ] --START--
INFO: Run Behavior\BuildLiteBehavior [ RunTime:0.000139s ]
INFO: [ app_init ] --END-- [ RunTime:0.001901s ]
INFO: [ app_begin ] --START--
INFO: Run Behavior\ReadHtmlCacheBehavior [ RunTime:0.002886s ]
INFO: [ app_begin ] --END-- [ RunTime:0.003609s ]
SQL: SHOW COLUMNS FROM `zp_administrator` [ RunTime:0.0331s ]
SQL: SELECT * FROM `zp_administrator` WHERE `user` = '55' AND `grant` = 1 LIMIT 1   [ RunTime:0.0010s ]
SQL: SHOW COLUMNS FROM `zp_professior` [ RunTime:0.0311s ]
SQL: SELECT * FROM `zp_professior` WHERE `grant` = 2  [ RunTime:0.0009s ]
INFO: [ view_parse ] --START--
INFO: [ template_filter ] --START--
INFO: Run Behavior\ContentReplaceBehavior [ RunTime:0.000433s ]
INFO: [ template_filter ] --END-- [ RunTime:0.001147s ]
INFO: Run Behavior\ParseTemplateBehavior [ RunTime:0.110205s ]
INFO: [ view_parse ] --END-- [ RunTime:0.110939s ]
INFO: [ view_filter ] --START--
INFO: Run Behavior\WriteHtmlCacheBehavior [ RunTime:0.002233s ]
INFO: [ view_filter ] --END-- [ RunTime:0.002916s ]
INFO: [ app_end ] --START--
INFO: Run Behavior\ShowPageTraceBehavior [ RunTime:0.009507s ]
INFO: [ app_end ] --END-- [ RunTime:0.010295s ]

[ 2016-02-17T11:21:24+08:00 ] ::1 /zhaopin/index.php/admin/Xmanager/handout.html
INFO: [ app_init ] --START--
INFO: Run Behavior\BuildLiteBehavior [ RunTime:0.000145s ]
INFO: [ app_init ] --END-- [ RunTime:0.002133s ]
INFO: [ app_begin ] --START--
INFO: Run Behavior\ReadHtmlCacheBehavior [ RunTime:0.002935s ]
INFO: [ app_begin ] --END-- [ RunTime:0.003670s ]
SQL: SHOW COLUMNS FROM `zp_administrator` [ RunTime:0.0386s ]
SQL: SELECT * FROM `zp_administrator` WHERE `user` = '55' AND `grant` = 1 LIMIT 1   [ RunTime:0.0011s ]
SQL: SHOW COLUMNS FROM `zp_professior` [ RunTime:0.0266s ]
SQL: SELECT * FROM `zp_administrator` WHERE `grant` = 2  [ RunTime:0.0011s ]
SQL: SELECT * FROM `zp_professior` WHERE `grant` = 2  [ RunTime:0.0013s ]
SQL: SHOW COLUMNS FROM `zp_application` [ RunTime:0.0265s ]
SQL: SELECT `numid` FROM `zp_application`  [ RunTime:0.0008s ]
SQL: SHOW COLUMNS FROM `zp_adform` [ RunTime:0.0271s ]
SQL: SHOW COLUMNS FROM `zp_zjform` [ RunTime:0.0524s ]
SQL: SELECT * FROM `zp_adform` WHERE `numid` = 2 LIMIT 1   [ RunTime:0.0011s ]
SQL: SELECT * FROM `zp_adform` WHERE `numid` = 6 LIMIT 1   [ RunTime:0.0009s ]
SQL: SELECT * FROM `zp_adform` WHERE `numid` = 7 LIMIT 1   [ RunTime:0.0012s ]
SQL: SELECT * FROM `zp_adform` WHERE `numid` = 8 LIMIT 1   [ RunTime:0.0013s ]
SQL: SELECT * FROM `zp_adform` WHERE `numid` = 9 LIMIT 1   [ RunTime:0.0011s ]
SQL: SELECT * FROM `zp_adform` WHERE `numid` = 10 LIMIT 1   [ RunTime:0.0010s ]
SQL: SELECT * FROM `zp_adform` WHERE `numid` = 11 LIMIT 1   [ RunTime:0.0011s ]
NOTIC: [8] Undefined variable: strp C:\wamp\www\zhaopin\Application\Admin\Controller\XmanagerController.class.php 第 251 行.
INFO: [ view_parse ] --START--
INFO: [ template_filter ] --START--
INFO: Run Behavior\ContentReplaceBehavior [ RunTime:0.000881s ]
INFO: [ template_filter ] --END-- [ RunTime:0.002048s ]
INFO: Run Behavior\ParseTemplateBehavior [ RunTime:0.341377s ]
INFO: [ view_parse ] --END-- [ RunTime:0.342392s ]
INFO: [ view_filter ] --START--
INFO: Run Behavior\WriteHtmlCacheBehavior [ RunTime:0.002408s ]
INFO: [ view_filter ] --END-- [ RunTime:0.003101s ]
INFO: [ app_end ] --START--
INFO: Run Behavior\ShowPageTraceBehavior [ RunTime:0.002864s ]
INFO: [ app_end ] --END-- [ RunTime:0.003559s ]

[ 2016-02-17T11:21:44+08:00 ] ::1 /zhaopin/index.php/admin/Xmanager/index.html
INFO: [ app_init ] --START--
INFO: Run Behavior\BuildLiteBehavior [ RunTime:0.000139s ]
INFO: [ app_init ] --END-- [ RunTime:0.001869s ]
INFO: [ app_begin ] --START--
INFO: Run Behavior\ReadHtmlCacheBehavior [ RunTime:0.003841s ]
INFO: [ app_begin ] --END-- [ RunTime:0.004649s ]
SQL: SHOW COLUMNS FROM `zp_administrator` [ RunTime:0.0252s ]
SQL: SELECT * FROM `zp_administrator` WHERE `user` = '55' AND `grant` = 1 LIMIT 1   [ RunTime:0.0009s ]
SQL: SHOW COLUMNS FROM `zp_proform` [ RunTime:0.0189s ]
SQL: SHOW COLUMNS FROM `zp_application` [ RunTime:0.0194s ]
SQL: SHOW COLUMNS FROM `zp_professior` [ RunTime:0.0181s ]
SQL: SELECT DISTINCT  `numid` FROM `zp_proform`  [ RunTime:0.0011s ]
SQL: SELECT `numid`,`name`,`major`,`aid` FROM `zp_application` WHERE `numid` = 1 LIMIT 1   [ RunTime:0.0007s ]
NOTIC: [8] Undefined variable: list2 C:\wamp\www\zhaopin\Application\Admin\Controller\XmanagerController.class.php 第 53 行.
SQL: SELECT `numid`,`name`,`major`,`aid` FROM `zp_application` WHERE `numid` = 2 LIMIT 1   [ RunTime:0.0005s ]
SQL: SELECT `pid`,`assess`,`sum` FROM `zp_proform` WHERE `numid` = 2  [ RunTime:0.0008s ]
SQL: SELECT `pid`,`name` FROM `zp_professior` WHERE `pid` = 8 LIMIT 1   [ RunTime:0.0008s ]
SQL: SELECT `pid`,`name` FROM `zp_professior` WHERE `pid` = 2 LIMIT 1   [ RunTime:0.0007s ]
SQL: SELECT `numid`,`name`,`major`,`aid` FROM `zp_application` WHERE `numid` = 4 LIMIT 1   [ RunTime:0.0007s ]
SQL: SELECT `numid`,`name`,`major`,`aid` FROM `zp_application` WHERE `numid` = 5 LIMIT 1   [ RunTime:0.0005s ]
SQL: SELECT `numid`,`name`,`major`,`aid` FROM `zp_application` WHERE `numid` = 6 LIMIT 1   [ RunTime:0.0009s ]
SQL: SELECT `pid`,`assess`,`sum` FROM `zp_proform` WHERE `numid` = 6  [ RunTime:0.0009s ]
SQL: SELECT `pid`,`name` FROM `zp_professior` WHERE `pid` = 2 LIMIT 1   [ RunTime:0.0007s ]
SQL: SELECT `numid`,`name`,`major`,`aid` FROM `zp_application` WHERE `numid` = 9 LIMIT 1   [ RunTime:0.0009s ]
SQL: SELECT `pid`,`assess`,`sum` FROM `zp_proform` WHERE `numid` = 9  [ RunTime:0.0009s ]
SQL: SELECT `pid`,`name` FROM `zp_professior` WHERE `pid` = 18 LIMIT 1   [ RunTime:0.0009s ]
SQL: SELECT `numid`,`name`,`major`,`aid` FROM `zp_application` WHERE `numid` = 10 LIMIT 1   [ RunTime:0.0007s ]
SQL: SELECT `pid`,`assess`,`sum` FROM `zp_proform` WHERE `numid` = 10  [ RunTime:0.0008s ]
SQL: SELECT `pid`,`name` FROM `zp_professior` WHERE `pid` = 18 LIMIT 1   [ RunTime:0.0010s ]
SQL: SELECT `numid`,`name`,`major`,`aid` FROM `zp_application` WHERE `numid` = 11 LIMIT 1   [ RunTime:0.0009s ]
SQL: SELECT `pid`,`assess`,`sum` FROM `zp_proform` WHERE `numid` = 11  [ RunTime:0.0007s ]
SQL: SELECT `pid`,`name` FROM `zp_professior` WHERE `pid` = 20 LIMIT 1   [ RunTime:0.0008s ]
SQL: SELECT `numid`,`name`,`major`,`aid` FROM `zp_application` WHERE `numid` = 8 LIMIT 1   [ RunTime:0.0010s ]
SQL: SELECT `pid`,`assess`,`sum` FROM `zp_proform` WHERE `numid` = 8  [ RunTime:0.0009s ]
SQL: SELECT `pid`,`name` FROM `zp_professior` WHERE `pid` = 2 LIMIT 1   [ RunTime:0.0007s ]
SQL: SELECT * FROM `zp_administrator` WHERE `grant` = 2  [ RunTime:0.0008s ]
SQL: SELECT * FROM `zp_professior` WHERE `grant` = 2  [ RunTime:0.0011s ]
INFO: [ view_parse ] --START--
INFO: [ template_filter ] --START--
INFO: Run Behavior\ContentReplaceBehavior [ RunTime:0.001024s ]
INFO: [ template_filter ] --END-- [ RunTime:0.002639s ]
NOTIC: [8] Undefined offset: 3 C:\wamp\www\zhaopin\Application\Runtime\Cache\Admin\160404f9ccfe64e795931bd711cc3bbe.php 第 134 行.
NOTIC: [8] Undefined variable: page C:\wamp\www\zhaopin\Application\Runtime\Cache\Admin\160404f9ccfe64e795931bd711cc3bbe.php 第 160 行.
INFO: Run Behavior\ParseTemplateBehavior [ RunTime:0.313408s ]
INFO: [ view_parse ] --END-- [ RunTime:0.314374s ]
INFO: [ view_filter ] --START--
INFO: Run Behavior\WriteHtmlCacheBehavior [ RunTime:0.003078s ]
INFO: [ view_filter ] --END-- [ RunTime:0.003999s ]
INFO: [ app_end ] --START--
INFO: Run Behavior\ShowPageTraceBehavior [ RunTime:0.005399s ]
INFO: [ app_end ] --END-- [ RunTime:0.012357s ]

[ 2016-02-17T11:21:50+08:00 ] ::1 /zhaopin/index.php/Admin/Xmanager/replay?aid=3
INFO: [ app_init ] --START--
INFO: Run Behavior\BuildLiteBehavior [ RunTime:0.000186s ]
INFO: [ app_init ] --END-- [ RunTime:0.003187s ]
INFO: [ app_begin ] --START--
INFO: Run Behavior\ReadHtmlCacheBehavior [ RunTime:0.004592s ]
INFO: [ app_begin ] --END-- [ RunTime:0.005758s ]
SQL: SHOW COLUMNS FROM `zp_administrator` [ RunTime:0.0242s ]
SQL: SELECT * FROM `zp_administrator` WHERE `user` = '55' AND `grant` = 1 LIMIT 1   [ RunTime:0.0009s ]
INFO: [ view_parse ] --START--
INFO: [ template_filter ] --START--
INFO: Run Behavior\ContentReplaceBehavior [ RunTime:0.000402s ]
INFO: [ template_filter ] --END-- [ RunTime:0.001102s ]
INFO: Run Behavior\ParseTemplateBehavior [ RunTime:0.076487s ]
INFO: [ view_parse ] --END-- [ RunTime:0.077227s ]
INFO: [ view_filter ] --START--
INFO: Run Behavior\WriteHtmlCacheBehavior [ RunTime:0.002254s ]
INFO: [ view_filter ] --END-- [ RunTime:0.002941s ]
INFO: [ app_end ] --START--
INFO: Run Behavior\ShowPageTraceBehavior [ RunTime:0.002844s ]
INFO: [ app_end ] --END-- [ RunTime:0.003528s ]

[ 2016-02-17T11:21:53+08:00 ] ::1 /zhaopin/index.php/Admin/Xmanager/restate?state=undefined&aid=3
INFO: [ app_init ] --START--
INFO: Run Behavior\BuildLiteBehavior [ RunTime:0.000146s ]
INFO: [ app_init ] --END-- [ RunTime:0.002141s ]
INFO: [ app_begin ] --START--
INFO: Run Behavior\ReadHtmlCacheBehavior [ RunTime:0.003619s ]
INFO: [ app_begin ] --END-- [ RunTime:0.004450s ]
SQL: SHOW COLUMNS FROM `zp_administrator` [ RunTime:0.0271s ]
SQL: SELECT * FROM `zp_administrator` WHERE `user` = '55' AND `grant` = 1 LIMIT 1   [ RunTime:0.0009s ]
SQL: SELECT * FROM `zp_administrator` WHERE `user` = '55' LIMIT 1   [ RunTime:0.0007s ]
SQL: SHOW COLUMNS FROM `zp_applicant` [ RunTime:0.0278s ]
SQL: SELECT * FROM `zp_applicant` WHERE `aid` = 3 LIMIT 1   [ RunTime:0.0011s ]
SQL: SHOW COLUMNS FROM `zp_replay` [ RunTime:0.0249s ]
SQL: SELECT * FROM `zp_replay` WHERE `ad_id` = 8 AND `apt_user` = '123' LIMIT 1   [ RunTime:0.0007s ]
SQL: UPDATE `zp_replay` SET `ad_id`='8',`apt_user`='123',`state`='undefined' WHERE `rid` = 5 [ RunTime:0.0069s ]
INFO: [ app_end ] --START--
INFO: Run Behavior\ShowPageTraceBehavior [ RunTime:0.002990s ]
INFO: [ app_end ] --END-- [ RunTime:0.003686s ]

[ 2016-02-17T11:21:55+08:00 ] ::1 /zhaopin/index.php/Admin/Xmanager/replay?aid=3
INFO: [ app_init ] --START--
INFO: Run Behavior\BuildLiteBehavior [ RunTime:0.000140s ]
INFO: [ app_init ] --END-- [ RunTime:0.001864s ]
INFO: [ app_begin ] --START--
INFO: Run Behavior\ReadHtmlCacheBehavior [ RunTime:0.002935s ]
INFO: [ app_begin ] --END-- [ RunTime:0.003671s ]
SQL: SHOW COLUMNS FROM `zp_administrator` [ RunTime:0.0270s ]
SQL: SELECT * FROM `zp_administrator` WHERE `user` = '55' AND `grant` = 1 LIMIT 1   [ RunTime:0.0010s ]
INFO: [ view_parse ] --START--
INFO: [ template_filter ] --START--
INFO: Run Behavior\ContentReplaceBehavior [ RunTime:0.000401s ]
INFO: [ template_filter ] --END-- [ RunTime:0.001104s ]
INFO: Run Behavior\ParseTemplateBehavior [ RunTime:0.038331s ]
INFO: [ view_parse ] --END-- [ RunTime:0.039052s ]
INFO: [ view_filter ] --START--
INFO: Run Behavior\WriteHtmlCacheBehavior [ RunTime:0.002997s ]
INFO: [ view_filter ] --END-- [ RunTime:0.003839s ]
INFO: [ app_end ] --START--
INFO: Run Behavior\ShowPageTraceBehavior [ RunTime:0.003255s ]
INFO: [ app_end ] --END-- [ RunTime:0.003969s ]

[ 2016-02-17T11:22:05+08:00 ] ::1 /zhaopin/index.php/admin/Login/login
INFO: [ app_init ] --START--
INFO: Run Behavior\BuildLiteBehavior [ RunTime:0.000145s ]
INFO: [ app_init ] --END-- [ RunTime:0.002139s ]
INFO: [ app_begin ] --START--
INFO: Run Behavior\ReadHtmlCacheBehavior [ RunTime:0.003249s ]
INFO: [ app_begin ] --END-- [ RunTime:0.003998s ]
INFO: [ view_parse ] --START--
INFO: [ template_filter ] --START--
INFO: Run Behavior\ContentReplaceBehavior [ RunTime:0.000354s ]
INFO: [ template_filter ] --END-- [ RunTime:0.001067s ]
INFO: Run Behavior\ParseTemplateBehavior [ RunTime:0.074467s ]
INFO: [ view_parse ] --END-- [ RunTime:0.075333s ]
INFO: [ view_filter ] --START--
INFO: Run Behavior\WriteHtmlCacheBehavior [ RunTime:0.003766s ]
INFO: [ view_filter ] --END-- [ RunTime:0.004761s ]
INFO: [ app_end ] --START--
INFO: Run Behavior\ShowPageTraceBehavior [ RunTime:0.007954s ]
INFO: [ app_end ] --END-- [ RunTime:0.009011s ]

