[ 2016-03-03T19:59:45+08:00 ] 58.19.3.70 /index.php/Admin/Login/Sm_login.html
INFO: [ app_init ] --START--
INFO: Run Behavior\BuildLiteBehavior [ RunTime:0.000072s ]
INFO: [ app_init ] --END-- [ RunTime:0.000958s ]
INFO: [ app_begin ] --START--
INFO: Run Behavior\ReadHtmlCacheBehavior [ RunTime:0.001139s ]
INFO: [ app_begin ] --END-- [ RunTime:0.001485s ]
INFO: [ view_parse ] --START--
INFO: [ template_filter ] --START--
INFO: Run Behavior\ContentReplaceBehavior [ RunTime:0.000198s ]
INFO: [ template_filter ] --END-- [ RunTime:0.000564s ]
INFO: Run Behavior\ParseTemplateBehavior [ RunTime:0.035048s ]
INFO: [ view_parse ] --END-- [ RunTime:0.035389s ]
INFO: [ view_filter ] --START--
INFO: Run Behavior\WriteHtmlCacheBehavior [ RunTime:0.000630s ]
INFO: [ view_filter ] --END-- [ RunTime:0.000987s ]
INFO: [ app_end ] --START--
INFO: Run Behavior\ShowPageTraceBehavior [ RunTime:0.001175s ]
INFO: [ app_end ] --END-- [ RunTime:0.001516s ]

[ 2016-03-03T19:59:57+08:00 ] 180.153.81.183 /index.php/Admin/Login/Sm_login.html
INFO: [ app_init ] --START--
INFO: Run Behavior\BuildLiteBehavior [ RunTime:0.000066s ]
INFO: [ app_init ] --END-- [ RunTime:0.000895s ]
INFO: [ app_begin ] --START--
INFO: Run Behavior\ReadHtmlCacheBehavior [ RunTime:0.001053s ]
INFO: [ app_begin ] --END-- [ RunTime:0.001387s ]
INFO: [ view_parse ] --START--
INFO: [ template_filter ] --START--
INFO: Run Behavior\ContentReplaceBehavior [ RunTime:0.000295s ]
INFO: [ template_filter ] --END-- [ RunTime:0.000633s ]
INFO: Run Behavior\ParseTemplateBehavior [ RunTime:0.012267s ]
INFO: [ view_parse ] --END-- [ RunTime:0.012623s ]
INFO: [ view_filter ] --START--
INFO: Run Behavior\WriteHtmlCacheBehavior [ RunTime:0.000621s ]
INFO: [ view_filter ] --END-- [ RunTime:0.001030s ]
INFO: [ app_end ] --START--
INFO: Run Behavior\ShowPageTraceBehavior [ RunTime:0.001042s ]
INFO: [ app_end ] --END-- [ RunTime:0.001364s ]

[ 2016-03-03T19:59:57+08:00 ] 183.60.15.20 /index.php/Admin/Login/Sm_login.html
INFO: [ app_init ] --START--
INFO: Run Behavior\BuildLiteBehavior [ RunTime:0.000274s ]
INFO: [ app_init ] --END-- [ RunTime:0.001070s ]
INFO: [ app_begin ] --START--
INFO: Run Behavior\ReadHtmlCacheBehavior [ RunTime:0.000912s ]
INFO: [ app_begin ] --END-- [ RunTime:0.001346s ]
INFO: [ view_parse ] --START--
INFO: [ template_filter ] --START--
INFO: Run Behavior\ContentReplaceBehavior [ RunTime:0.000193s ]
INFO: [ template_filter ] --END-- [ RunTime:0.000541s ]
INFO: Run Behavior\ParseTemplateBehavior [ RunTime:0.010821s ]
INFO: [ view_parse ] --END-- [ RunTime:0.011149s ]
INFO: [ view_filter ] --START--
INFO: Run Behavior\WriteHtmlCacheBehavior [ RunTime:0.000551s ]
INFO: [ view_filter ] --END-- [ RunTime:0.000878s ]
INFO: [ app_end ] --START--
INFO: Run Behavior\ShowPageTraceBehavior [ RunTime:0.000958s ]
INFO: [ app_end ] --END-- [ RunTime:0.001284s ]

[ 2016-03-03T19:59:57+08:00 ] 112.64.235.86 /index.php/Admin/Login/Sm_login.html
INFO: [ app_init ] --START--
INFO: Run Behavior\BuildLiteBehavior [ RunTime:0.000067s ]
INFO: [ app_init ] --END-- [ RunTime:0.000847s ]
INFO: [ app_begin ] --START--
INFO: Run Behavior\ReadHtmlCacheBehavior [ RunTime:0.000905s ]
INFO: [ app_begin ] --END-- [ RunTime:0.001257s ]
INFO: [ view_parse ] --START--
INFO: [ template_filter ] --START--
INFO: Run Behavior\ContentReplaceBehavior [ RunTime:0.000178s ]
INFO: [ template_filter ] --END-- [ RunTime:0.000553s ]
INFO: Run Behavior\ParseTemplateBehavior [ RunTime:0.012782s ]
INFO: [ view_parse ] --END-- [ RunTime:0.013117s ]
INFO: [ view_filter ] --START--
INFO: Run Behavior\WriteHtmlCacheBehavior [ RunTime:0.000548s ]
INFO: [ view_filter ] --END-- [ RunTime:0.000859s ]
INFO: [ app_end ] --START--
INFO: Run Behavior\ShowPageTraceBehavior [ RunTime:0.000947s ]
INFO: [ app_end ] --END-- [ RunTime:0.001263s ]

[ 2016-03-03T20:00:01+08:00 ] 58.19.3.70 /index.php/Admin/Login/do_Smlogin
INFO: [ app_init ] --START--
INFO: Run Behavior\BuildLiteBehavior [ RunTime:0.000071s ]
INFO: [ app_init ] --END-- [ RunTime:0.000872s ]
INFO: [ app_begin ] --START--
INFO: Run Behavior\ReadHtmlCacheBehavior [ RunTime:0.000956s ]
INFO: [ app_begin ] --END-- [ RunTime:0.001385s ]
SQL: SHOW COLUMNS FROM `zp_administrator` [ RunTime:0.0546s ]
SQL: SELECT * FROM `zp_administrator` WHERE `user` = '55' AND `password` = '55' LIMIT 1   [ RunTime:0.0007s ]
INFO: [ view_parse ] --START--
INFO: [ template_filter ] --START--
INFO: Run Behavior\ContentReplaceBehavior [ RunTime:0.000179s ]
INFO: [ template_filter ] --END-- [ RunTime:0.000512s ]
INFO: Run Behavior\ParseTemplateBehavior [ RunTime:0.031194s ]
INFO: [ view_parse ] --END-- [ RunTime:0.031655s ]
INFO: [ view_filter ] --START--
INFO: Run Behavior\WriteHtmlCacheBehavior [ RunTime:0.000536s ]
INFO: [ view_filter ] --END-- [ RunTime:0.000853s ]

[ 2016-03-03T20:00:05+08:00 ] 58.19.3.70 /index.php/Admin/Login/Sm_login
INFO: [ app_init ] --START--
INFO: Run Behavior\BuildLiteBehavior [ RunTime:0.000066s ]
INFO: [ app_init ] --END-- [ RunTime:0.000839s ]
INFO: [ app_begin ] --START--
INFO: Run Behavior\ReadHtmlCacheBehavior [ RunTime:0.000907s ]
INFO: [ app_begin ] --END-- [ RunTime:0.001258s ]
INFO: [ view_parse ] --START--
INFO: [ template_filter ] --START--
INFO: Run Behavior\ContentReplaceBehavior [ RunTime:0.000167s ]
INFO: [ template_filter ] --END-- [ RunTime:0.000502s ]
INFO: Run Behavior\ParseTemplateBehavior [ RunTime:0.011143s ]
INFO: [ view_parse ] --END-- [ RunTime:0.011470s ]
INFO: [ view_filter ] --START--
INFO: Run Behavior\WriteHtmlCacheBehavior [ RunTime:0.000523s ]
INFO: [ view_filter ] --END-- [ RunTime:0.000834s ]
INFO: [ app_end ] --START--
INFO: Run Behavior\ShowPageTraceBehavior [ RunTime:0.001008s ]
INFO: [ app_end ] --END-- [ RunTime:0.001353s ]

[ 2016-03-03T20:00:10+08:00 ] 220.249.99.163 /index.php/Admin/Login/Sm_login.html
INFO: [ app_init ] --START--
INFO: Run Behavior\BuildLiteBehavior [ RunTime:0.000067s ]
INFO: [ app_init ] --END-- [ RunTime:0.000899s ]
INFO: [ app_begin ] --START--
INFO: Run Behavior\ReadHtmlCacheBehavior [ RunTime:0.000904s ]
INFO: [ app_begin ] --END-- [ RunTime:0.001252s ]
INFO: [ view_parse ] --START--
INFO: [ template_filter ] --START--
INFO: Run Behavior\ContentReplaceBehavior [ RunTime:0.000171s ]
INFO: [ template_filter ] --END-- [ RunTime:0.000507s ]
INFO: Run Behavior\ParseTemplateBehavior [ RunTime:0.011340s ]
INFO: [ view_parse ] --END-- [ RunTime:0.011671s ]
INFO: [ view_filter ] --START--
INFO: Run Behavior\WriteHtmlCacheBehavior [ RunTime:0.000555s ]
INFO: [ view_filter ] --END-- [ RunTime:0.000868s ]
INFO: [ app_end ] --START--
INFO: Run Behavior\ShowPageTraceBehavior [ RunTime:0.001017s ]
INFO: [ app_end ] --END-- [ RunTime:0.001411s ]

[ 2016-03-03T20:00:12+08:00 ] 58.19.3.70 /index.php/Admin/Login/do_Smlogin
INFO: [ app_init ] --START--
INFO: Run Behavior\BuildLiteBehavior [ RunTime:0.000067s ]
INFO: [ app_init ] --END-- [ RunTime:0.000835s ]
INFO: [ app_begin ] --START--
INFO: Run Behavior\ReadHtmlCacheBehavior [ RunTime:0.000938s ]
INFO: [ app_begin ] --END-- [ RunTime:0.001315s ]
SQL: SHOW COLUMNS FROM `zp_administrator` [ RunTime:0.0029s ]
SQL: SELECT * FROM `zp_administrator` WHERE `user` = 'admin' AND `password` = '123456' LIMIT 1   [ RunTime:0.0006s ]

[ 2016-03-03T20:00:12+08:00 ] 58.19.3.70 /index.php/Admin/Smanager/index.html
INFO: [ app_init ] --START--
INFO: Run Behavior\BuildLiteBehavior [ RunTime:0.000068s ]
INFO: [ app_init ] --END-- [ RunTime:0.000880s ]
INFO: [ app_begin ] --START--
INFO: Run Behavior\ReadHtmlCacheBehavior [ RunTime:0.000917s ]
INFO: [ app_begin ] --END-- [ RunTime:0.001266s ]
SQL: SHOW COLUMNS FROM `zp_administrator` [ RunTime:0.0027s ]
SQL: SELECT * FROM `zp_administrator` WHERE `user` = 'admin' AND `grant` = 10 LIMIT 1   [ RunTime:0.0005s ]
SQL: SHOW COLUMNS FROM `zp_shuoming` [ RunTime:0.0025s ]
SQL: SELECT * FROM `zp_shuoming` WHERE ( sid=1 ) LIMIT 1   [ RunTime:0.0004s ]
INFO: [ view_parse ] --START--
INFO: [ template_filter ] --START--
INFO: Run Behavior\ContentReplaceBehavior [ RunTime:0.000212s ]
INFO: [ template_filter ] --END-- [ RunTime:0.000584s ]
INFO: Run Behavior\ParseTemplateBehavior [ RunTime:0.118396s ]
INFO: [ view_parse ] --END-- [ RunTime:0.118739s ]
INFO: [ view_filter ] --START--
INFO: Run Behavior\WriteHtmlCacheBehavior [ RunTime:0.000665s ]
INFO: [ view_filter ] --END-- [ RunTime:0.000982s ]
INFO: [ app_end ] --START--
INFO: Run Behavior\ShowPageTraceBehavior [ RunTime:0.001923s ]
INFO: [ app_end ] --END-- [ RunTime:0.002355s ]

[ 2016-03-03T20:00:28+08:00 ] 58.19.3.70 /index.php/Admin/Xmanager/index.html
INFO: [ app_init ] --START--
INFO: Run Behavior\BuildLiteBehavior [ RunTime:0.000070s ]
INFO: [ app_init ] --END-- [ RunTime:0.000995s ]
INFO: [ app_begin ] --START--
INFO: Run Behavior\ReadHtmlCacheBehavior [ RunTime:0.001400s ]
INFO: [ app_begin ] --END-- [ RunTime:0.001756s ]

[ 2016-03-03T20:00:28+08:00 ] 58.19.3.70 /index.php/Admin/Login/login.html
INFO: [ app_init ] --START--
INFO: Run Behavior\BuildLiteBehavior [ RunTime:0.000066s ]
INFO: [ app_init ] --END-- [ RunTime:0.000945s ]
INFO: [ app_begin ] --START--
INFO: Run Behavior\ReadHtmlCacheBehavior [ RunTime:0.001381s ]
INFO: [ app_begin ] --END-- [ RunTime:0.001718s ]
INFO: [ view_parse ] --START--
INFO: [ template_filter ] --START--
INFO: Run Behavior\ContentReplaceBehavior [ RunTime:0.000177s ]
INFO: [ template_filter ] --END-- [ RunTime:0.000524s ]
INFO: Run Behavior\ParseTemplateBehavior [ RunTime:0.032054s ]
INFO: [ view_parse ] --END-- [ RunTime:0.032396s ]
INFO: [ view_filter ] --START--
INFO: Run Behavior\WriteHtmlCacheBehavior [ RunTime:0.001068s ]
INFO: [ view_filter ] --END-- [ RunTime:0.001391s ]
INFO: [ app_end ] --START--
INFO: Run Behavior\ShowPageTraceBehavior [ RunTime:0.001408s ]
INFO: [ app_end ] --END-- [ RunTime:0.001732s ]

[ 2016-03-03T20:00:30+08:00 ] 220.249.99.163 /index.php/Admin/Login/do_Smlogin
INFO: [ app_init ] --START--
INFO: Run Behavior\BuildLiteBehavior [ RunTime:0.000071s ]
INFO: [ app_init ] --END-- [ RunTime:0.000876s ]
INFO: [ app_begin ] --START--
INFO: Run Behavior\ReadHtmlCacheBehavior [ RunTime:0.000917s ]
INFO: [ app_begin ] --END-- [ RunTime:0.001253s ]
SQL: SHOW COLUMNS FROM `zp_administrator` [ RunTime:0.0027s ]
SQL: SELECT * FROM `zp_administrator` WHERE `user` = 'admin' AND `password` = '123456' LIMIT 1   [ RunTime:0.0007s ]

[ 2016-03-03T20:00:30+08:00 ] 220.249.99.163 /index.php/Admin/Smanager/index.html
INFO: [ app_init ] --START--
INFO: Run Behavior\BuildLiteBehavior [ RunTime:0.000066s ]
INFO: [ app_init ] --END-- [ RunTime:0.000836s ]
INFO: [ app_begin ] --START--
INFO: Run Behavior\ReadHtmlCacheBehavior [ RunTime:0.000909s ]
INFO: [ app_begin ] --END-- [ RunTime:0.001242s ]
SQL: SHOW COLUMNS FROM `zp_administrator` [ RunTime:0.0025s ]
SQL: SELECT * FROM `zp_administrator` WHERE `user` = 'admin' AND `grant` = 10 LIMIT 1   [ RunTime:0.0005s ]
SQL: SHOW COLUMNS FROM `zp_shuoming` [ RunTime:0.0023s ]
SQL: SELECT * FROM `zp_shuoming` WHERE ( sid=1 ) LIMIT 1   [ RunTime:0.0005s ]
INFO: [ view_parse ] --START--
INFO: [ template_filter ] --START--
INFO: Run Behavior\ContentReplaceBehavior [ RunTime:0.000213s ]
INFO: [ template_filter ] --END-- [ RunTime:0.000552s ]
INFO: Run Behavior\ParseTemplateBehavior [ RunTime:0.015024s ]
INFO: [ view_parse ] --END-- [ RunTime:0.015377s ]
INFO: [ view_filter ] --START--
INFO: Run Behavior\WriteHtmlCacheBehavior [ RunTime:0.000584s ]
INFO: [ view_filter ] --END-- [ RunTime:0.000900s ]
INFO: [ app_end ] --START--
INFO: Run Behavior\ShowPageTraceBehavior [ RunTime:0.000947s ]
INFO: [ app_end ] --END-- [ RunTime:0.001274s ]

[ 2016-03-03T20:00:35+08:00 ] 220.249.99.163 /index.php/admin/Smanager/situation.html
INFO: [ app_init ] --START--
INFO: Run Behavior\BuildLiteBehavior [ RunTime:0.000079s ]
INFO: [ app_init ] --END-- [ RunTime:0.000880s ]
INFO: [ app_begin ] --START--
INFO: Run Behavior\ReadHtmlCacheBehavior [ RunTime:0.000906s ]
INFO: [ app_begin ] --END-- [ RunTime:0.001281s ]
SQL: SHOW COLUMNS FROM `zp_administrator` [ RunTime:0.0030s ]
SQL: SELECT * FROM `zp_administrator` WHERE `user` = 'admin' AND `grant` = 10 LIMIT 1   [ RunTime:0.0005s ]
SQL: SHOW COLUMNS FROM `zp_shuoming` [ RunTime:0.0025s ]
SQL: SELECT * FROM `zp_shuoming` WHERE ( sid=1 ) LIMIT 1   [ RunTime:0.0004s ]
INFO: [ view_parse ] --START--
INFO: [ template_filter ] --START--
INFO: Run Behavior\ContentReplaceBehavior [ RunTime:0.000204s ]
INFO: [ template_filter ] --END-- [ RunTime:0.000752s ]
INFO: Run Behavior\ParseTemplateBehavior [ RunTime:0.045942s ]
INFO: [ view_parse ] --END-- [ RunTime:0.046291s ]
INFO: [ view_filter ] --START--
INFO: Run Behavior\WriteHtmlCacheBehavior [ RunTime:0.000544s ]
INFO: [ view_filter ] --END-- [ RunTime:0.000872s ]
INFO: [ app_end ] --START--
INFO: Run Behavior\ShowPageTraceBehavior [ RunTime:0.000965s ]
INFO: [ app_end ] --END-- [ RunTime:0.001322s ]

[ 2016-03-03T20:00:36+08:00 ] 220.249.99.163 /index.php/admin/Smanager/time.html
INFO: [ app_init ] --START--
INFO: Run Behavior\BuildLiteBehavior [ RunTime:0.000067s ]
INFO: [ app_init ] --END-- [ RunTime:0.000858s ]
INFO: [ app_begin ] --START--
INFO: Run Behavior\ReadHtmlCacheBehavior [ RunTime:0.000913s ]
INFO: [ app_begin ] --END-- [ RunTime:0.001246s ]
SQL: SHOW COLUMNS FROM `zp_administrator` [ RunTime:0.0026s ]
SQL: SELECT * FROM `zp_administrator` WHERE `user` = 'admin' AND `grant` = 10 LIMIT 1   [ RunTime:0.0005s ]
SQL: SHOW COLUMNS FROM `zp_shuoming` [ RunTime:0.0027s ]
SQL: SELECT * FROM `zp_shuoming` WHERE ( sid=1 ) LIMIT 1   [ RunTime:0.0007s ]
INFO: [ view_parse ] --START--
INFO: [ template_filter ] --START--
INFO: Run Behavior\ContentReplaceBehavior [ RunTime:0.000194s ]
INFO: [ template_filter ] --END-- [ RunTime:0.000552s ]
INFO: Run Behavior\ParseTemplateBehavior [ RunTime:0.039099s ]
INFO: [ view_parse ] --END-- [ RunTime:0.039582s ]
INFO: [ view_filter ] --START--
INFO: Run Behavior\WriteHtmlCacheBehavior [ RunTime:0.000550s ]
INFO: [ view_filter ] --END-- [ RunTime:0.000868s ]
INFO: [ app_end ] --START--
INFO: Run Behavior\ShowPageTraceBehavior [ RunTime:0.001004s ]
INFO: [ app_end ] --END-- [ RunTime:0.001349s ]

[ 2016-03-03T20:00:37+08:00 ] 220.249.99.163 /index.php/admin/Smanager/day.html
INFO: [ app_init ] --START--
INFO: Run Behavior\BuildLiteBehavior [ RunTime:0.000109s ]
INFO: [ app_init ] --END-- [ RunTime:0.000914s ]
INFO: [ app_begin ] --START--
INFO: Run Behavior\ReadHtmlCacheBehavior [ RunTime:0.001011s ]
INFO: [ app_begin ] --END-- [ RunTime:0.001372s ]
SQL: SHOW COLUMNS FROM `zp_administrator` [ RunTime:0.0027s ]
SQL: SELECT * FROM `zp_administrator` WHERE `user` = 'admin' AND `grant` = 10 LIMIT 1   [ RunTime:0.0005s ]
SQL: SHOW COLUMNS FROM `zp_shuoming` [ RunTime:0.0030s ]
SQL: SELECT * FROM `zp_shuoming` WHERE ( sid=1 ) LIMIT 1   [ RunTime:0.0006s ]
INFO: [ view_parse ] --START--
INFO: [ template_filter ] --START--
INFO: Run Behavior\ContentReplaceBehavior [ RunTime:0.000221s ]
INFO: [ template_filter ] --END-- [ RunTime:0.000674s ]
INFO: Run Behavior\ParseTemplateBehavior [ RunTime:0.057994s ]
INFO: [ view_parse ] --END-- [ RunTime:0.058371s ]
INFO: [ view_filter ] --START--
INFO: Run Behavior\WriteHtmlCacheBehavior [ RunTime:0.000550s ]
INFO: [ view_filter ] --END-- [ RunTime:0.001011s ]
INFO: [ app_end ] --START--
INFO: Run Behavior\ShowPageTraceBehavior [ RunTime:0.001078s ]
INFO: [ app_end ] --END-- [ RunTime:0.001597s ]

[ 2016-03-03T20:00:39+08:00 ] 220.249.99.163 /index.php/admin/Smanager/phone.html
INFO: [ app_init ] --START--
INFO: Run Behavior\BuildLiteBehavior [ RunTime:0.000086s ]
INFO: [ app_init ] --END-- [ RunTime:0.000880s ]
INFO: [ app_begin ] --START--
INFO: Run Behavior\ReadHtmlCacheBehavior [ RunTime:0.000988s ]
INFO: [ app_begin ] --END-- [ RunTime:0.001320s ]
SQL: SHOW COLUMNS FROM `zp_administrator` [ RunTime:0.0031s ]
SQL: SELECT * FROM `zp_administrator` WHERE `user` = 'admin' AND `grant` = 10 LIMIT 1   [ RunTime:0.0006s ]
SQL: SHOW COLUMNS FROM `zp_shuoming` [ RunTime:0.0027s ]
SQL: SELECT * FROM `zp_shuoming` WHERE ( sid=1 ) LIMIT 1   [ RunTime:0.0007s ]
INFO: [ view_parse ] --START--
INFO: [ template_filter ] --START--
INFO: Run Behavior\ContentReplaceBehavior [ RunTime:0.000193s ]
INFO: [ template_filter ] --END-- [ RunTime:0.000537s ]
INFO: Run Behavior\ParseTemplateBehavior [ RunTime:0.027123s ]
INFO: [ view_parse ] --END-- [ RunTime:0.027457s ]
INFO: [ view_filter ] --START--
INFO: Run Behavior\WriteHtmlCacheBehavior [ RunTime:0.000532s ]
INFO: [ view_filter ] --END-- [ RunTime:0.000850s ]
INFO: [ app_end ] --START--
INFO: Run Behavior\ShowPageTraceBehavior [ RunTime:0.000929s ]
INFO: [ app_end ] --END-- [ RunTime:0.001273s ]

[ 2016-03-03T20:00:40+08:00 ] 220.249.99.163 /index.php/admin/Smanager/explain.html
INFO: [ app_init ] --START--
INFO: Run Behavior\BuildLiteBehavior [ RunTime:0.000107s ]
INFO: [ app_init ] --END-- [ RunTime:0.000910s ]
INFO: [ app_begin ] --START--
INFO: Run Behavior\ReadHtmlCacheBehavior [ RunTime:0.000925s ]
INFO: [ app_begin ] --END-- [ RunTime:0.001256s ]
SQL: SHOW COLUMNS FROM `zp_administrator` [ RunTime:0.0027s ]
SQL: SELECT * FROM `zp_administrator` WHERE `user` = 'admin' AND `grant` = 10 LIMIT 1   [ RunTime:0.0005s ]
SQL: SHOW COLUMNS FROM `zp_shuoming` [ RunTime:0.0028s ]
SQL: SELECT * FROM `zp_shuoming` WHERE ( sid=1 ) LIMIT 1   [ RunTime:0.0005s ]
INFO: [ view_parse ] --START--
INFO: [ template_filter ] --START--
INFO: Run Behavior\ContentReplaceBehavior [ RunTime:0.000209s ]
INFO: [ template_filter ] --END-- [ RunTime:0.000657s ]
INFO: Run Behavior\ParseTemplateBehavior [ RunTime:0.030569s ]
INFO: [ view_parse ] --END-- [ RunTime:0.030946s ]
INFO: [ view_filter ] --START--
INFO: Run Behavior\WriteHtmlCacheBehavior [ RunTime:0.000562s ]
INFO: [ view_filter ] --END-- [ RunTime:0.000879s ]
INFO: [ app_end ] --START--
INFO: Run Behavior\ShowPageTraceBehavior [ RunTime:0.001150s ]
INFO: [ app_end ] --END-- [ RunTime:0.001507s ]

[ 2016-03-03T20:00:44+08:00 ] 220.249.99.163 /index.php/admin/Smanager/information.html
INFO: [ app_init ] --START--
INFO: Run Behavior\BuildLiteBehavior [ RunTime:0.000066s ]
INFO: [ app_init ] --END-- [ RunTime:0.000829s ]
INFO: [ app_begin ] --START--
INFO: Run Behavior\ReadHtmlCacheBehavior [ RunTime:0.000895s ]
INFO: [ app_begin ] --END-- [ RunTime:0.001231s ]
SQL: SHOW COLUMNS FROM `zp_administrator` [ RunTime:0.0027s ]
SQL: SELECT * FROM `zp_administrator` WHERE `user` = 'admin' AND `grant` = 10 LIMIT 1   [ RunTime:0.0006s ]
INFO: [ view_parse ] --START--
INFO: [ template_filter ] --START--
INFO: Run Behavior\ContentReplaceBehavior [ RunTime:0.000200s ]
INFO: [ template_filter ] --END-- [ RunTime:0.000599s ]
INFO: Run Behavior\ParseTemplateBehavior [ RunTime:0.030795s ]
INFO: [ view_parse ] --END-- [ RunTime:0.031129s ]
INFO: [ view_filter ] --START--
INFO: Run Behavior\WriteHtmlCacheBehavior [ RunTime:0.000534s ]
INFO: [ view_filter ] --END-- [ RunTime:0.000848s ]
INFO: [ app_end ] --START--
INFO: Run Behavior\ShowPageTraceBehavior [ RunTime:0.000934s ]
INFO: [ app_end ] --END-- [ RunTime:0.001261s ]

[ 2016-03-03T20:00:50+08:00 ] 220.249.99.163 /index.php/admin/Smanager/index.html
INFO: [ app_init ] --START--
INFO: Run Behavior\BuildLiteBehavior [ RunTime:0.000068s ]
INFO: [ app_init ] --END-- [ RunTime:0.000890s ]
INFO: [ app_begin ] --START--
INFO: Run Behavior\ReadHtmlCacheBehavior [ RunTime:0.000914s ]
INFO: [ app_begin ] --END-- [ RunTime:0.001244s ]
SQL: SHOW COLUMNS FROM `zp_administrator` [ RunTime:0.0028s ]
SQL: SELECT * FROM `zp_administrator` WHERE `user` = 'admin' AND `grant` = 10 LIMIT 1   [ RunTime:0.0005s ]
SQL: SHOW COLUMNS FROM `zp_shuoming` [ RunTime:0.0024s ]
SQL: SELECT * FROM `zp_shuoming` WHERE ( sid=1 ) LIMIT 1   [ RunTime:0.0005s ]
INFO: [ view_parse ] --START--
INFO: [ template_filter ] --START--
INFO: Run Behavior\ContentReplaceBehavior [ RunTime:0.000189s ]
INFO: [ template_filter ] --END-- [ RunTime:0.000553s ]
INFO: Run Behavior\ParseTemplateBehavior [ RunTime:0.014507s ]
INFO: [ view_parse ] --END-- [ RunTime:0.014862s ]
INFO: [ view_filter ] --START--
INFO: Run Behavior\WriteHtmlCacheBehavior [ RunTime:0.000507s ]
INFO: [ view_filter ] --END-- [ RunTime:0.000842s ]
INFO: [ app_end ] --START--
INFO: Run Behavior\ShowPageTraceBehavior [ RunTime:0.000957s ]
INFO: [ app_end ] --END-- [ RunTime:0.001282s ]

[ 2016-03-03T20:00:52+08:00 ] 220.249.99.163 /index.php/admin/Smanager/situation.html
INFO: [ app_init ] --START--
INFO: Run Behavior\BuildLiteBehavior [ RunTime:0.000071s ]
INFO: [ app_init ] --END-- [ RunTime:0.000854s ]
INFO: [ app_begin ] --START--
INFO: Run Behavior\ReadHtmlCacheBehavior [ RunTime:0.000903s ]
INFO: [ app_begin ] --END-- [ RunTime:0.001236s ]
SQL: SHOW COLUMNS FROM `zp_administrator` [ RunTime:0.0027s ]
SQL: SELECT * FROM `zp_administrator` WHERE `user` = 'admin' AND `grant` = 10 LIMIT 1   [ RunTime:0.0005s ]
SQL: SHOW COLUMNS FROM `zp_shuoming` [ RunTime:0.0024s ]
SQL: SELECT * FROM `zp_shuoming` WHERE ( sid=1 ) LIMIT 1   [ RunTime:0.0005s ]
INFO: [ view_parse ] --START--
INFO: [ template_filter ] --START--
INFO: Run Behavior\ContentReplaceBehavior [ RunTime:0.000217s ]
INFO: [ template_filter ] --END-- [ RunTime:0.000565s ]
INFO: Run Behavior\ParseTemplateBehavior [ RunTime:0.014189s ]
INFO: [ view_parse ] --END-- [ RunTime:0.014597s ]
INFO: [ view_filter ] --START--
INFO: Run Behavior\WriteHtmlCacheBehavior [ RunTime:0.000523s ]
INFO: [ view_filter ] --END-- [ RunTime:0.000840s ]
INFO: [ app_end ] --START--
INFO: Run Behavior\ShowPageTraceBehavior [ RunTime:0.000947s ]
INFO: [ app_end ] --END-- [ RunTime:0.001272s ]

[ 2016-03-03T20:00:53+08:00 ] 220.249.99.163 /index.php/admin/Smanager/time.html
INFO: [ app_init ] --START--
INFO: Run Behavior\BuildLiteBehavior [ RunTime:0.000067s ]
INFO: [ app_init ] --END-- [ RunTime:0.000850s ]
INFO: [ app_begin ] --START--
INFO: Run Behavior\ReadHtmlCacheBehavior [ RunTime:0.000930s ]
INFO: [ app_begin ] --END-- [ RunTime:0.003188s ]
SQL: SHOW COLUMNS FROM `zp_administrator` [ RunTime:0.0030s ]
SQL: SELECT * FROM `zp_administrator` WHERE `user` = 'admin' AND `grant` = 10 LIMIT 1   [ RunTime:0.0005s ]
SQL: SHOW COLUMNS FROM `zp_shuoming` [ RunTime:0.0024s ]
SQL: SELECT * FROM `zp_shuoming` WHERE ( sid=1 ) LIMIT 1   [ RunTime:0.0005s ]
INFO: [ view_parse ] --START--
INFO: [ template_filter ] --START--
INFO: Run Behavior\ContentReplaceBehavior [ RunTime:0.000188s ]
INFO: [ template_filter ] --END-- [ RunTime:0.000549s ]
INFO: Run Behavior\ParseTemplateBehavior [ RunTime:0.014346s ]
INFO: [ view_parse ] --END-- [ RunTime:0.014680s ]
INFO: [ view_filter ] --START--
INFO: Run Behavior\WriteHtmlCacheBehavior [ RunTime:0.000518s ]
INFO: [ view_filter ] --END-- [ RunTime:0.000855s ]
INFO: [ app_end ] --START--
INFO: Run Behavior\ShowPageTraceBehavior [ RunTime:0.000944s ]
INFO: [ app_end ] --END-- [ RunTime:0.001280s ]

[ 2016-03-03T20:00:54+08:00 ] 220.249.99.163 /index.php/admin/Smanager/day.html
INFO: [ app_init ] --START--
INFO: Run Behavior\BuildLiteBehavior [ RunTime:0.000068s ]
INFO: [ app_init ] --END-- [ RunTime:0.000840s ]
INFO: [ app_begin ] --START--
INFO: Run Behavior\ReadHtmlCacheBehavior [ RunTime:0.000921s ]
INFO: [ app_begin ] --END-- [ RunTime:0.001329s ]
SQL: SHOW COLUMNS FROM `zp_administrator` [ RunTime:0.0035s ]
SQL: SELECT * FROM `zp_administrator` WHERE `user` = 'admin' AND `grant` = 10 LIMIT 1   [ RunTime:0.0006s ]
SQL: SHOW COLUMNS FROM `zp_shuoming` [ RunTime:0.0026s ]
SQL: SELECT * FROM `zp_shuoming` WHERE ( sid=1 ) LIMIT 1   [ RunTime:0.0004s ]
INFO: [ view_parse ] --START--
INFO: [ template_filter ] --START--
INFO: Run Behavior\ContentReplaceBehavior [ RunTime:0.000225s ]
INFO: [ template_filter ] --END-- [ RunTime:0.000570s ]
INFO: Run Behavior\ParseTemplateBehavior [ RunTime:0.014690s ]
INFO: [ view_parse ] --END-- [ RunTime:0.015045s ]
INFO: [ view_filter ] --START--
INFO: Run Behavior\WriteHtmlCacheBehavior [ RunTime:0.000517s ]
INFO: [ view_filter ] --END-- [ RunTime:0.000896s ]
INFO: [ app_end ] --START--
INFO: Run Behavior\ShowPageTraceBehavior [ RunTime:0.000968s ]
INFO: [ app_end ] --END-- [ RunTime:0.001296s ]

[ 2016-03-03T20:00:54+08:00 ] 220.249.99.163 /index.php/admin/Smanager/hotel.html
INFO: [ app_init ] --START--
INFO: Run Behavior\BuildLiteBehavior [ RunTime:0.000067s ]
INFO: [ app_init ] --END-- [ RunTime:0.000856s ]
INFO: [ app_begin ] --START--
INFO: Run Behavior\ReadHtmlCacheBehavior [ RunTime:0.000912s ]
INFO: [ app_begin ] --END-- [ RunTime:0.001245s ]
SQL: SHOW COLUMNS FROM `zp_administrator` [ RunTime:0.0028s ]
SQL: SELECT * FROM `zp_administrator` WHERE `user` = 'admin' AND `grant` = 10 LIMIT 1   [ RunTime:0.0005s ]
SQL: SHOW COLUMNS FROM `zp_shuoming` [ RunTime:0.0024s ]
SQL: SELECT * FROM `zp_shuoming` WHERE ( sid=1 ) LIMIT 1   [ RunTime:0.0004s ]
INFO: [ view_parse ] --START--
INFO: [ template_filter ] --START--
INFO: Run Behavior\ContentReplaceBehavior [ RunTime:0.000197s ]
INFO: [ template_filter ] --END-- [ RunTime:0.000558s ]
INFO: Run Behavior\ParseTemplateBehavior [ RunTime:0.025883s ]
INFO: [ view_parse ] --END-- [ RunTime:0.026218s ]
INFO: [ view_filter ] --START--
INFO: Run Behavior\WriteHtmlCacheBehavior [ RunTime:0.000535s ]
INFO: [ view_filter ] --END-- [ RunTime:0.000854s ]
INFO: [ app_end ] --START--
INFO: Run Behavior\ShowPageTraceBehavior [ RunTime:0.000920s ]
INFO: [ app_end ] --END-- [ RunTime:0.001264s ]

[ 2016-03-03T20:00:55+08:00 ] 220.249.99.163 /index.php/admin/Smanager/phone.html
INFO: [ app_init ] --START--
INFO: Run Behavior\BuildLiteBehavior [ RunTime:0.000065s ]
INFO: [ app_init ] --END-- [ RunTime:0.000836s ]
INFO: [ app_begin ] --START--
INFO: Run Behavior\ReadHtmlCacheBehavior [ RunTime:0.000902s ]
INFO: [ app_begin ] --END-- [ RunTime:0.001234s ]
SQL: SHOW COLUMNS FROM `zp_administrator` [ RunTime:0.0027s ]
SQL: SELECT * FROM `zp_administrator` WHERE `user` = 'admin' AND `grant` = 10 LIMIT 1   [ RunTime:0.0006s ]
SQL: SHOW COLUMNS FROM `zp_shuoming` [ RunTime:0.0024s ]
SQL: SELECT * FROM `zp_shuoming` WHERE ( sid=1 ) LIMIT 1   [ RunTime:0.0005s ]
INFO: [ view_parse ] --START--
INFO: [ template_filter ] --START--
INFO: Run Behavior\ContentReplaceBehavior [ RunTime:0.000187s ]
INFO: [ template_filter ] --END-- [ RunTime:0.000521s ]
INFO: Run Behavior\ParseTemplateBehavior [ RunTime:0.014357s ]
INFO: [ view_parse ] --END-- [ RunTime:0.014691s ]
INFO: [ view_filter ] --START--
INFO: Run Behavior\WriteHtmlCacheBehavior [ RunTime:0.000548s ]
INFO: [ view_filter ] --END-- [ RunTime:0.000865s ]
INFO: [ app_end ] --START--
INFO: Run Behavior\ShowPageTraceBehavior [ RunTime:0.000933s ]
INFO: [ app_end ] --END-- [ RunTime:0.001279s ]

[ 2016-03-03T20:00:57+08:00 ] 220.249.99.163 /index.php/admin/Smanager/explain.html
INFO: [ app_init ] --START--
INFO: Run Behavior\BuildLiteBehavior [ RunTime:0.000067s ]
INFO: [ app_init ] --END-- [ RunTime:0.000850s ]
INFO: [ app_begin ] --START--
INFO: Run Behavior\ReadHtmlCacheBehavior [ RunTime:0.000931s ]
INFO: [ app_begin ] --END-- [ RunTime:0.001286s ]
SQL: SHOW COLUMNS FROM `zp_administrator` [ RunTime:0.0026s ]
SQL: SELECT * FROM `zp_administrator` WHERE `user` = 'admin' AND `grant` = 10 LIMIT 1   [ RunTime:0.0005s ]
SQL: SHOW COLUMNS FROM `zp_shuoming` [ RunTime:0.0024s ]
SQL: SELECT * FROM `zp_shuoming` WHERE ( sid=1 ) LIMIT 1   [ RunTime:0.0004s ]
INFO: [ view_parse ] --START--
INFO: [ template_filter ] --START--
INFO: Run Behavior\ContentReplaceBehavior [ RunTime:0.000226s ]
INFO: [ template_filter ] --END-- [ RunTime:0.000561s ]
INFO: Run Behavior\ParseTemplateBehavior [ RunTime:0.015449s ]
INFO: [ view_parse ] --END-- [ RunTime:0.015825s ]
INFO: [ view_filter ] --START--
INFO: Run Behavior\WriteHtmlCacheBehavior [ RunTime:0.000513s ]
INFO: [ view_filter ] --END-- [ RunTime:0.000850s ]
INFO: [ app_end ] --START--
INFO: Run Behavior\ShowPageTraceBehavior [ RunTime:0.000920s ]
INFO: [ app_end ] --END-- [ RunTime:0.001241s ]

[ 2016-03-03T20:01:03+08:00 ] 220.249.99.163 /index.php/admin/Smanager/explain.html
INFO: [ app_init ] --START--
INFO: Run Behavior\BuildLiteBehavior [ RunTime:0.000110s ]
INFO: [ app_init ] --END-- [ RunTime:0.001319s ]
INFO: [ app_begin ] --START--
INFO: Run Behavior\ReadHtmlCacheBehavior [ RunTime:0.001151s ]
INFO: [ app_begin ] --END-- [ RunTime:0.001496s ]
SQL: SHOW COLUMNS FROM `zp_administrator` [ RunTime:0.0031s ]
SQL: SELECT * FROM `zp_administrator` WHERE `user` = 'admin' AND `grant` = 10 LIMIT 1   [ RunTime:0.0007s ]
SQL: SHOW COLUMNS FROM `zp_shuoming` [ RunTime:0.0027s ]
SQL: SELECT * FROM `zp_shuoming` WHERE ( sid=1 ) LIMIT 1   [ RunTime:0.0004s ]
INFO: [ view_parse ] --START--
INFO: [ template_filter ] --START--
INFO: Run Behavior\ContentReplaceBehavior [ RunTime:0.000206s ]
INFO: [ template_filter ] --END-- [ RunTime:0.000557s ]
INFO: Run Behavior\ParseTemplateBehavior [ RunTime:0.017626s ]
INFO: [ view_parse ] --END-- [ RunTime:0.017960s ]
INFO: [ view_filter ] --START--
INFO: Run Behavior\WriteHtmlCacheBehavior [ RunTime:0.000528s ]
INFO: [ view_filter ] --END-- [ RunTime:0.000917s ]
INFO: [ app_end ] --START--
INFO: Run Behavior\ShowPageTraceBehavior [ RunTime:0.001016s ]
INFO: [ app_end ] --END-- [ RunTime:0.001351s ]

[ 2016-03-03T20:01:04+08:00 ] 220.249.99.163 /index.php/admin/Smanager/phone.html
INFO: [ app_init ] --START--
INFO: Run Behavior\BuildLiteBehavior [ RunTime:0.000074s ]
INFO: [ app_init ] --END-- [ RunTime:0.000929s ]
INFO: [ app_begin ] --START--
INFO: Run Behavior\ReadHtmlCacheBehavior [ RunTime:0.001027s ]
INFO: [ app_begin ] --END-- [ RunTime:0.001410s ]
SQL: SHOW COLUMNS FROM `zp_administrator` [ RunTime:0.0028s ]
SQL: SELECT * FROM `zp_administrator` WHERE `user` = 'admin' AND `grant` = 10 LIMIT 1   [ RunTime:0.0006s ]
SQL: SHOW COLUMNS FROM `zp_shuoming` [ RunTime:0.0027s ]
SQL: SELECT * FROM `zp_shuoming` WHERE ( sid=1 ) LIMIT 1   [ RunTime:0.0005s ]
INFO: [ view_parse ] --START--
INFO: [ template_filter ] --START--
INFO: Run Behavior\ContentReplaceBehavior [ RunTime:0.000264s ]
INFO: [ template_filter ] --END-- [ RunTime:0.000661s ]
INFO: Run Behavior\ParseTemplateBehavior [ RunTime:0.015966s ]
INFO: [ view_parse ] --END-- [ RunTime:0.016329s ]
INFO: [ view_filter ] --START--
INFO: Run Behavior\WriteHtmlCacheBehavior [ RunTime:0.000547s ]
INFO: [ view_filter ] --END-- [ RunTime:0.000900s ]
INFO: [ app_end ] --START--
INFO: Run Behavior\ShowPageTraceBehavior [ RunTime:0.001041s ]
INFO: [ app_end ] --END-- [ RunTime:0.001372s ]

[ 2016-03-03T20:01:09+08:00 ] 163.177.69.37 /index.php/Admin/Login/login.html
INFO: [ app_init ] --START--
INFO: Run Behavior\BuildLiteBehavior [ RunTime:0.000067s ]
INFO: [ app_init ] --END-- [ RunTime:0.001022s ]
INFO: [ app_begin ] --START--
INFO: Run Behavior\ReadHtmlCacheBehavior [ RunTime:0.000919s ]
INFO: [ app_begin ] --END-- [ RunTime:0.001252s ]
INFO: [ view_parse ] --START--
INFO: [ template_filter ] --START--
INFO: Run Behavior\ContentReplaceBehavior [ RunTime:0.000278s ]
INFO: [ template_filter ] --END-- [ RunTime:0.000856s ]
INFO: Run Behavior\ParseTemplateBehavior [ RunTime:0.013880s ]
INFO: [ view_parse ] --END-- [ RunTime:0.014226s ]
INFO: [ view_filter ] --START--
INFO: Run Behavior\WriteHtmlCacheBehavior [ RunTime:0.000539s ]
INFO: [ view_filter ] --END-- [ RunTime:0.000878s ]
INFO: [ app_end ] --START--
INFO: Run Behavior\ShowPageTraceBehavior [ RunTime:0.001205s ]
INFO: [ app_end ] --END-- [ RunTime:0.001536s ]

[ 2016-03-03T20:01:15+08:00 ] 58.19.3.70 /index.php/Admin/Login/do_login
INFO: [ app_init ] --START--
INFO: Run Behavior\BuildLiteBehavior [ RunTime:0.000067s ]
INFO: [ app_init ] --END-- [ RunTime:0.000897s ]
INFO: [ app_begin ] --START--
INFO: Run Behavior\ReadHtmlCacheBehavior [ RunTime:0.001024s ]
INFO: [ app_begin ] --END-- [ RunTime:0.001356s ]
SQL: SHOW COLUMNS FROM `zp_administrator` [ RunTime:0.0026s ]
SQL: SELECT * FROM `zp_administrator` WHERE `user` = '55' AND `password` = '55' LIMIT 1   [ RunTime:0.0006s ]

[ 2016-03-03T20:01:15+08:00 ] 58.19.3.70 /index.php/Admin/Xmanager/index.html
INFO: [ app_init ] --START--
INFO: Run Behavior\BuildLiteBehavior [ RunTime:0.000067s ]
INFO: [ app_init ] --END-- [ RunTime:0.000817s ]
INFO: [ app_begin ] --START--
INFO: Run Behavior\ReadHtmlCacheBehavior [ RunTime:0.000914s ]
INFO: [ app_begin ] --END-- [ RunTime:0.001289s ]
SQL: SHOW COLUMNS FROM `zp_administrator` [ RunTime:0.0026s ]
SQL: SELECT * FROM `zp_administrator` WHERE `user` = '55' AND `grant` = 1 LIMIT 1   [ RunTime:0.0005s ]
SQL: SHOW COLUMNS FROM `zp_proform` [ RunTime:0.0719s ]
SQL: SHOW COLUMNS FROM `zp_application` [ RunTime:0.0031s ]
SQL: SHOW COLUMNS FROM `zp_professior` [ RunTime:0.1260s ]
SQL: SELECT DISTINCT  `numid` FROM `zp_proform`  [ RunTime:0.0293s ]
SQL: SELECT `numid`,`name`,`major`,`aid` FROM `zp_application` WHERE `numid` = 1 LIMIT 1   [ RunTime:0.0004s ]
NOTIC: [8] Undefined variable: list2 C:\wamp\www\zhaopin\Application\Admin\Controller\XmanagerController.class.php 第 53 行.
SQL: SELECT `numid`,`name`,`major`,`aid` FROM `zp_application` WHERE `numid` = 2 LIMIT 1   [ RunTime:0.0004s ]
SQL: SELECT `pid`,`assess`,`sum` FROM `zp_proform` WHERE `numid` = 2  [ RunTime:0.0004s ]
SQL: SELECT `pid`,`name` FROM `zp_professior` WHERE `pid` = 8 LIMIT 1   [ RunTime:0.0045s ]
SQL: SELECT `pid`,`name` FROM `zp_professior` WHERE `pid` = 2 LIMIT 1   [ RunTime:0.0004s ]
SQL: SELECT `pid`,`name` FROM `zp_professior` WHERE `pid` = 10 LIMIT 1   [ RunTime:0.0004s ]
SQL: SELECT `numid`,`name`,`major`,`aid` FROM `zp_application` WHERE `numid` = 4 LIMIT 1   [ RunTime:0.0004s ]
SQL: SELECT `numid`,`name`,`major`,`aid` FROM `zp_application` WHERE `numid` = 5 LIMIT 1   [ RunTime:0.0003s ]
SQL: SELECT `numid`,`name`,`major`,`aid` FROM `zp_application` WHERE `numid` = 6 LIMIT 1   [ RunTime:0.0004s ]
SQL: SELECT `pid`,`assess`,`sum` FROM `zp_proform` WHERE `numid` = 6  [ RunTime:0.0004s ]
SQL: SELECT `pid`,`name` FROM `zp_professior` WHERE `pid` = 2 LIMIT 1   [ RunTime:0.0004s ]
SQL: SELECT `numid`,`name`,`major`,`aid` FROM `zp_application` WHERE `numid` = 9 LIMIT 1   [ RunTime:0.0004s ]
SQL: SELECT `pid`,`assess`,`sum` FROM `zp_proform` WHERE `numid` = 9  [ RunTime:0.0003s ]
SQL: SELECT `pid`,`name` FROM `zp_professior` WHERE `pid` = 18 LIMIT 1   [ RunTime:0.0004s ]
SQL: SELECT `numid`,`name`,`major`,`aid` FROM `zp_application` WHERE `numid` = 11 LIMIT 1   [ RunTime:0.0003s ]
SQL: SELECT `pid`,`assess`,`sum` FROM `zp_proform` WHERE `numid` = 11  [ RunTime:0.0003s ]
SQL: SELECT `pid`,`name` FROM `zp_professior` WHERE `pid` = 20 LIMIT 1   [ RunTime:0.0004s ]
SQL: SELECT `pid`,`name` FROM `zp_professior` WHERE `pid` = 2 LIMIT 1   [ RunTime:0.0005s ]
SQL: SELECT `pid`,`name` FROM `zp_professior` WHERE `pid` = 0 LIMIT 1   [ RunTime:0.0003s ]
SQL: SELECT `numid`,`name`,`major`,`aid` FROM `zp_application` WHERE `numid` = 8 LIMIT 1   [ RunTime:0.0003s ]
SQL: SELECT `pid`,`assess`,`sum` FROM `zp_proform` WHERE `numid` = 8  [ RunTime:0.0005s ]
SQL: SELECT `pid`,`name` FROM `zp_professior` WHERE `pid` = 2 LIMIT 1   [ RunTime:0.0004s ]
SQL: SELECT `numid`,`name`,`major`,`aid` FROM `zp_application` WHERE `numid` = 10 LIMIT 1   [ RunTime:0.0003s ]
SQL: SELECT `pid`,`assess`,`sum` FROM `zp_proform` WHERE `numid` = 10  [ RunTime:0.0004s ]
SQL: SELECT `pid`,`name` FROM `zp_professior` WHERE `pid` = 20 LIMIT 1   [ RunTime:0.0004s ]
SQL: SELECT * FROM `zp_administrator` WHERE `grant` = 2  [ RunTime:0.0004s ]
SQL: SELECT * FROM `zp_professior` WHERE `grant` = 2  [ RunTime:0.0005s ]
INFO: [ view_parse ] --START--
INFO: [ template_filter ] --START--
INFO: Run Behavior\ContentReplaceBehavior [ RunTime:0.000246s ]
INFO: [ template_filter ] --END-- [ RunTime:0.000598s ]
NOTIC: [8] Undefined index: 3 C:\wamp\www\zhaopin\Application\Runtime\Cache\Admin\160404f9ccfe64e795931bd711cc3bbe.php 第 134 行.
NOTIC: [8] Undefined index: 14 C:\wamp\www\zhaopin\Application\Runtime\Cache\Admin\160404f9ccfe64e795931bd711cc3bbe.php 第 134 行.
NOTIC: [8] Undefined variable: page C:\wamp\www\zhaopin\Application\Runtime\Cache\Admin\160404f9ccfe64e795931bd711cc3bbe.php 第 160 行.
INFO: Run Behavior\ParseTemplateBehavior [ RunTime:0.055515s ]
INFO: [ view_parse ] --END-- [ RunTime:0.055862s ]
INFO: [ view_filter ] --START--
INFO: Run Behavior\WriteHtmlCacheBehavior [ RunTime:0.000647s ]
INFO: [ view_filter ] --END-- [ RunTime:0.001005s ]
INFO: [ app_end ] --START--
INFO: Run Behavior\ShowPageTraceBehavior [ RunTime:0.001058s ]
INFO: [ app_end ] --END-- [ RunTime:0.001405s ]

[ 2016-03-03T20:01:18+08:00 ] 58.19.3.70 /index.php/admin/Xmanager/add.html
INFO: [ app_init ] --START--
INFO: Run Behavior\BuildLiteBehavior [ RunTime:0.000066s ]
INFO: [ app_init ] --END-- [ RunTime:0.000835s ]
INFO: [ app_begin ] --START--
INFO: Run Behavior\ReadHtmlCacheBehavior [ RunTime:0.000958s ]
INFO: [ app_begin ] --END-- [ RunTime:0.001298s ]
SQL: SHOW COLUMNS FROM `zp_administrator` [ RunTime:0.0027s ]
SQL: SELECT * FROM `zp_administrator` WHERE `user` = '55' AND `grant` = 1 LIMIT 1   [ RunTime:0.0006s ]
SQL: SHOW COLUMNS FROM `zp_professior` [ RunTime:0.0026s ]
SQL: SELECT * FROM `zp_professior` WHERE `grant` = 2  [ RunTime:0.0005s ]
INFO: [ view_parse ] --START--
INFO: [ template_filter ] --START--
INFO: Run Behavior\ContentReplaceBehavior [ RunTime:0.000224s ]
INFO: [ template_filter ] --END-- [ RunTime:0.000592s ]
INFO: Run Behavior\ParseTemplateBehavior [ RunTime:0.047808s ]
INFO: [ view_parse ] --END-- [ RunTime:0.048152s ]
INFO: [ view_filter ] --START--
INFO: Run Behavior\WriteHtmlCacheBehavior [ RunTime:0.000539s ]
INFO: [ view_filter ] --END-- [ RunTime:0.000861s ]
INFO: [ app_end ] --START--
INFO: Run Behavior\ShowPageTraceBehavior [ RunTime:0.000941s ]
INFO: [ app_end ] --END-- [ RunTime:0.001284s ]

[ 2016-03-03T20:01:19+08:00 ] 58.19.3.70 /index.php/admin/Xmanager/handout.html
INFO: [ app_init ] --START--
INFO: Run Behavior\BuildLiteBehavior [ RunTime:0.000068s ]
INFO: [ app_init ] --END-- [ RunTime:0.000834s ]
INFO: [ app_begin ] --START--
INFO: Run Behavior\ReadHtmlCacheBehavior [ RunTime:0.000904s ]
INFO: [ app_begin ] --END-- [ RunTime:0.001234s ]
SQL: SHOW COLUMNS FROM `zp_administrator` [ RunTime:0.0026s ]
SQL: SELECT * FROM `zp_administrator` WHERE `user` = '55' AND `grant` = 1 LIMIT 1   [ RunTime:0.0005s ]
SQL: SHOW COLUMNS FROM `zp_professior` [ RunTime:0.0025s ]
SQL: SELECT * FROM `zp_administrator` WHERE `grant` = 2  [ RunTime:0.0004s ]
SQL: SELECT * FROM `zp_professior` WHERE `grant` = 2  [ RunTime:0.0005s ]
SQL: SHOW COLUMNS FROM `zp_application` [ RunTime:0.0027s ]
SQL: SELECT `numid` FROM `zp_application` ORDER BY numid desc  [ RunTime:0.0004s ]
SQL: SHOW COLUMNS FROM `zp_adform` [ RunTime:0.0742s ]
SQL: SHOW COLUMNS FROM `zp_zjform` [ RunTime:0.0432s ]
SQL: SELECT * FROM `zp_application` WHERE `numid` = 23 LIMIT 1   [ RunTime:0.0007s ]
SQL: SELECT `pid` FROM `zp_zjform` WHERE `numid` = 23  [ RunTime:0.0003s ]
SQL: SELECT `ad_id` FROM `zp_adform` WHERE `numid` = 23  [ RunTime:0.0004s ]
SQL: SELECT * FROM `zp_application` WHERE `numid` = 22 LIMIT 1   [ RunTime:0.0005s ]
SQL: SELECT `pid` FROM `zp_zjform` WHERE `numid` = 22  [ RunTime:0.0003s ]
SQL: SELECT `ad_id` FROM `zp_adform` WHERE `numid` = 22  [ RunTime:0.0003s ]
SQL: SELECT * FROM `zp_application` WHERE `numid` = 19 LIMIT 1   [ RunTime:0.0004s ]
SQL: SELECT `pid` FROM `zp_zjform` WHERE `numid` = 19  [ RunTime:0.0003s ]
SQL: SELECT `pid`,`name` FROM `zp_professior` WHERE `pid` = 0 LIMIT 1   [ RunTime:0.0004s ]
SQL: SELECT `ad_id` FROM `zp_adform` WHERE `numid` = 19  [ RunTime:0.0003s ]
SQL: SELECT `id`,`name` FROM `zp_administrator` WHERE `id` = 2 LIMIT 1   [ RunTime:0.0004s ]
SQL: SELECT * FROM `zp_application` WHERE `numid` = 18 LIMIT 1   [ RunTime:0.0006s ]
SQL: SELECT `pid` FROM `zp_zjform` WHERE `numid` = 18  [ RunTime:0.0003s ]
SQL: SELECT `ad_id` FROM `zp_adform` WHERE `numid` = 18  [ RunTime:0.0004s ]
SQL: SELECT * FROM `zp_application` WHERE `numid` = 17 LIMIT 1   [ RunTime:0.0004s ]
SQL: SELECT `pid` FROM `zp_zjform` WHERE `numid` = 17  [ RunTime:0.0004s ]
SQL: SELECT `pid`,`name` FROM `zp_professior` WHERE `pid` = 2 LIMIT 1   [ RunTime:0.0003s ]
SQL: SELECT `ad_id` FROM `zp_adform` WHERE `numid` = 17  [ RunTime:0.0003s ]
SQL: SELECT `id`,`name` FROM `zp_administrator` WHERE `id` = 7 LIMIT 1   [ RunTime:0.0003s ]
SQL: SELECT * FROM `zp_application` WHERE `numid` = 16 LIMIT 1   [ RunTime:0.0004s ]
SQL: SELECT `pid` FROM `zp_zjform` WHERE `numid` = 16  [ RunTime:0.0003s ]
SQL: SELECT `pid`,`name` FROM `zp_professior` WHERE `pid` = 2 LIMIT 1   [ RunTime:0.0004s ]
SQL: SELECT `ad_id` FROM `zp_adform` WHERE `numid` = 16  [ RunTime:0.0004s ]
SQL: SELECT `id`,`name` FROM `zp_administrator` WHERE `id` = 7 LIMIT 1   [ RunTime:0.0004s ]
SQL: SELECT * FROM `zp_application` WHERE `numid` = 14 LIMIT 1   [ RunTime:0.0004s ]
SQL: SELECT `pid` FROM `zp_zjform` WHERE `numid` = 14  [ RunTime:0.0003s ]
SQL: SELECT `ad_id` FROM `zp_adform` WHERE `numid` = 14  [ RunTime:0.0003s ]
SQL: SELECT * FROM `zp_application` WHERE `numid` = 12 LIMIT 1   [ RunTime:0.0004s ]
SQL: SELECT `pid` FROM `zp_zjform` WHERE `numid` = 12  [ RunTime:0.0003s ]
SQL: SELECT `ad_id` FROM `zp_adform` WHERE `numid` = 12  [ RunTime:0.0003s ]
SQL: SELECT * FROM `zp_application` WHERE `numid` = 11 LIMIT 1   [ RunTime:0.0005s ]
SQL: SELECT `pid` FROM `zp_zjform` WHERE `numid` = 11  [ RunTime:0.0003s ]
SQL: SELECT `pid`,`name` FROM `zp_professior` WHERE `pid` = 2 LIMIT 1   [ RunTime:0.0004s ]
SQL: SELECT `pid`,`name` FROM `zp_professior` WHERE `pid` = 20 LIMIT 1   [ RunTime:0.0003s ]
SQL: SELECT `pid`,`name` FROM `zp_professior` WHERE `pid` = 18 LIMIT 1   [ RunTime:0.0004s ]
SQL: SELECT `ad_id` FROM `zp_adform` WHERE `numid` = 11  [ RunTime:0.0003s ]
SQL: SELECT `id`,`name` FROM `zp_administrator` WHERE `id` = 7 LIMIT 1   [ RunTime:0.0003s ]
SQL: SELECT * FROM `zp_application` WHERE `numid` = 10 LIMIT 1   [ RunTime:0.0005s ]
SQL: SELECT `pid` FROM `zp_zjform` WHERE `numid` = 10  [ RunTime:0.0004s ]
SQL: SELECT `pid`,`name` FROM `zp_professior` WHERE `pid` = 9 LIMIT 1   [ RunTime:0.0004s ]
SQL: SELECT `pid`,`name` FROM `zp_professior` WHERE `pid` = 18 LIMIT 1   [ RunTime:0.0009s ]
SQL: SELECT `pid`,`name` FROM `zp_professior` WHERE `pid` = 20 LIMIT 1   [ RunTime:0.0004s ]
SQL: SELECT `ad_id` FROM `zp_adform` WHERE `numid` = 10  [ RunTime:0.0003s ]
SQL: SELECT `id`,`name` FROM `zp_administrator` WHERE `id` = 7 LIMIT 1   [ RunTime:0.0003s ]
SQL: SELECT * FROM `zp_application` WHERE `numid` = 9 LIMIT 1   [ RunTime:0.0005s ]
SQL: SELECT `pid` FROM `zp_zjform` WHERE `numid` = 9  [ RunTime:0.0003s ]
SQL: SELECT `pid`,`name` FROM `zp_professior` WHERE `pid` = 0 LIMIT 1   [ RunTime:0.0003s ]
SQL: SELECT `pid`,`name` FROM `zp_professior` WHERE `pid` = 18 LIMIT 1   [ RunTime:0.0003s ]
SQL: SELECT `pid`,`name` FROM `zp_professior` WHERE `pid` = 20 LIMIT 1   [ RunTime:0.0004s ]
SQL: SELECT `ad_id` FROM `zp_adform` WHERE `numid` = 9  [ RunTime:0.0003s ]
SQL: SELECT `id`,`name` FROM `zp_administrator` WHERE `id` = 7 LIMIT 1   [ RunTime:0.0003s ]
SQL: SELECT * FROM `zp_application` WHERE `numid` = 8 LIMIT 1   [ RunTime:0.0004s ]
SQL: SELECT `pid` FROM `zp_zjform` WHERE `numid` = 8  [ RunTime:0.0004s ]
SQL: SELECT `pid`,`name` FROM `zp_professior` WHERE `pid` = 2 LIMIT 1   [ RunTime:0.0003s ]
SQL: SELECT `pid`,`name` FROM `zp_professior` WHERE `pid` = 10 LIMIT 1   [ RunTime:0.0004s ]
SQL: SELECT `ad_id` FROM `zp_adform` WHERE `numid` = 8  [ RunTime:0.0003s ]
SQL: SELECT `id`,`name` FROM `zp_administrator` WHERE `id` = 2 LIMIT 1   [ RunTime:0.0003s ]
SQL: SELECT * FROM `zp_application` WHERE `numid` = 7 LIMIT 1   [ RunTime:0.0004s ]
SQL: SELECT `pid` FROM `zp_zjform` WHERE `numid` = 7  [ RunTime:0.0003s ]
SQL: SELECT `pid`,`name` FROM `zp_professior` WHERE `pid` = 3 LIMIT 1   [ RunTime:0.0003s ]
SQL: SELECT `ad_id` FROM `zp_adform` WHERE `numid` = 7  [ RunTime:0.0004s ]
SQL: SELECT `id`,`name` FROM `zp_administrator` WHERE `id` = 0 LIMIT 1   [ RunTime:0.0003s ]
SQL: SELECT * FROM `zp_application` WHERE `numid` = 6 LIMIT 1   [ RunTime:0.0004s ]
SQL: SELECT `pid` FROM `zp_zjform` WHERE `numid` = 6  [ RunTime:0.0003s ]
SQL: SELECT `pid`,`name` FROM `zp_professior` WHERE `pid` = 2 LIMIT 1   [ RunTime:0.0004s ]
SQL: SELECT `pid`,`name` FROM `zp_professior` WHERE `pid` = 10 LIMIT 1   [ RunTime:0.0004s ]
SQL: SELECT `ad_id` FROM `zp_adform` WHERE `numid` = 6  [ RunTime:0.0003s ]
SQL: SELECT `id`,`name` FROM `zp_administrator` WHERE `id` = 2 LIMIT 1   [ RunTime:0.0004s ]
SQL: SELECT * FROM `zp_application` WHERE `numid` = 2 LIMIT 1   [ RunTime:0.0004s ]
SQL: SELECT `pid` FROM `zp_zjform` WHERE `numid` = 2  [ RunTime:0.0004s ]
SQL: SELECT `pid`,`name` FROM `zp_professior` WHERE `pid` = 8 LIMIT 1   [ RunTime:0.0004s ]
SQL: SELECT `pid`,`name` FROM `zp_professior` WHERE `pid` = 4 LIMIT 1   [ RunTime:0.0003s ]
SQL: SELECT `pid`,`name` FROM `zp_professior` WHERE `pid` = 3 LIMIT 1   [ RunTime:0.0003s ]
SQL: SELECT `pid`,`name` FROM `zp_professior` WHERE `pid` = 2 LIMIT 1   [ RunTime:0.0004s ]
SQL: SELECT `pid`,`name` FROM `zp_professior` WHERE `pid` = 10 LIMIT 1   [ RunTime:0.0004s ]
SQL: SELECT `pid`,`name` FROM `zp_professior` WHERE `pid` = 2 LIMIT 1   [ RunTime:0.0003s ]
SQL: SELECT `ad_id` FROM `zp_adform` WHERE `numid` = 2  [ RunTime:0.0003s ]
SQL: SELECT `id`,`name` FROM `zp_administrator` WHERE `id` = 4 LIMIT 1   [ RunTime:0.0003s ]
SQL: SELECT `id`,`name` FROM `zp_administrator` WHERE `id` = 2 LIMIT 1   [ RunTime:0.0003s ]
SQL: SELECT `id`,`name` FROM `zp_administrator` WHERE `id` = 0 LIMIT 1   [ RunTime:0.0003s ]
INFO: [ view_parse ] --START--
INFO: [ template_filter ] --START--
INFO: Run Behavior\ContentReplaceBehavior [ RunTime:0.000246s ]
INFO: [ template_filter ] --END-- [ RunTime:0.000607s ]
NOTIC: [8] Undefined index: 23 C:\wamp\www\zhaopin\Application\Runtime\Cache\Admin\27555b3bd8d147a9395ea9af1894cbd7.php 第 82 行.
NOTIC: [2] Invalid argument supplied for foreach() C:\wamp\www\zhaopin\Application\Runtime\Cache\Admin\27555b3bd8d147a9395ea9af1894cbd7.php 第 82 行.
NOTIC: [8] Undefined index: 23 C:\wamp\www\zhaopin\Application\Runtime\Cache\Admin\27555b3bd8d147a9395ea9af1894cbd7.php 第 89 行.
NOTIC: [2] Invalid argument supplied for foreach() C:\wamp\www\zhaopin\Application\Runtime\Cache\Admin\27555b3bd8d147a9395ea9af1894cbd7.php 第 89 行.
NOTIC: [8] Undefined index: 22 C:\wamp\www\zhaopin\Application\Runtime\Cache\Admin\27555b3bd8d147a9395ea9af1894cbd7.php 第 82 行.
NOTIC: [2] Invalid argument supplied for foreach() C:\wamp\www\zhaopin\Application\Runtime\Cache\Admin\27555b3bd8d147a9395ea9af1894cbd7.php 第 82 行.
NOTIC: [8] Undefined index: 22 C:\wamp\www\zhaopin\Application\Runtime\Cache\Admin\27555b3bd8d147a9395ea9af1894cbd7.php 第 89 行.
NOTIC: [2] Invalid argument supplied for foreach() C:\wamp\www\zhaopin\Application\Runtime\Cache\Admin\27555b3bd8d147a9395ea9af1894cbd7.php 第 89 行.
NOTIC: [8] Undefined index: 18 C:\wamp\www\zhaopin\Application\Runtime\Cache\Admin\27555b3bd8d147a9395ea9af1894cbd7.php 第 82 行.
NOTIC: [2] Invalid argument supplied for foreach() C:\wamp\www\zhaopin\Application\Runtime\Cache\Admin\27555b3bd8d147a9395ea9af1894cbd7.php 第 82 行.
NOTIC: [8] Undefined index: 18 C:\wamp\www\zhaopin\Application\Runtime\Cache\Admin\27555b3bd8d147a9395ea9af1894cbd7.php 第 89 行.
NOTIC: [2] Invalid argument supplied for foreach() C:\wamp\www\zhaopin\Application\Runtime\Cache\Admin\27555b3bd8d147a9395ea9af1894cbd7.php 第 89 行.
NOTIC: [8] Undefined index: 14 C:\wamp\www\zhaopin\Application\Runtime\Cache\Admin\27555b3bd8d147a9395ea9af1894cbd7.php 第 82 行.
NOTIC: [2] Invalid argument supplied for foreach() C:\wamp\www\zhaopin\Application\Runtime\Cache\Admin\27555b3bd8d147a9395ea9af1894cbd7.php 第 82 行.
NOTIC: [8] Undefined index: 14 C:\wamp\www\zhaopin\Application\Runtime\Cache\Admin\27555b3bd8d147a9395ea9af1894cbd7.php 第 89 行.
NOTIC: [2] Invalid argument supplied for foreach() C:\wamp\www\zhaopin\Application\Runtime\Cache\Admin\27555b3bd8d147a9395ea9af1894cbd7.php 第 89 行.
NOTIC: [8] Undefined index: 12 C:\wamp\www\zhaopin\Application\Runtime\Cache\Admin\27555b3bd8d147a9395ea9af1894cbd7.php 第 82 行.
NOTIC: [2] Invalid argument supplied for foreach() C:\wamp\www\zhaopin\Application\Runtime\Cache\Admin\27555b3bd8d147a9395ea9af1894cbd7.php 第 82 行.
NOTIC: [8] Undefined index: 12 C:\wamp\www\zhaopin\Application\Runtime\Cache\Admin\27555b3bd8d147a9395ea9af1894cbd7.php 第 89 行.
NOTIC: [2] Invalid argument supplied for foreach() C:\wamp\www\zhaopin\Application\Runtime\Cache\Admin\27555b3bd8d147a9395ea9af1894cbd7.php 第 89 行.
INFO: Run Behavior\ParseTemplateBehavior [ RunTime:0.060265s ]
INFO: [ view_parse ] --END-- [ RunTime:0.060703s ]
INFO: [ view_filter ] --START--
INFO: Run Behavior\WriteHtmlCacheBehavior [ RunTime:0.000545s ]
INFO: [ view_filter ] --END-- [ RunTime:0.001118s ]
INFO: [ app_end ] --START--
INFO: Run Behavior\ShowPageTraceBehavior [ RunTime:0.000909s ]
INFO: [ app_end ] --END-- [ RunTime:0.001234s ]

[ 2016-03-03T20:01:57+08:00 ] 58.19.3.70 /index.php/admin/Xmanager/handout.html
INFO: [ app_init ] --START--
INFO: Run Behavior\BuildLiteBehavior [ RunTime:0.000066s ]
INFO: [ app_init ] --END-- [ RunTime:0.000971s ]
INFO: [ app_begin ] --START--
INFO: Run Behavior\ReadHtmlCacheBehavior [ RunTime:0.001067s ]
INFO: [ app_begin ] --END-- [ RunTime:0.001424s ]
SQL: SHOW COLUMNS FROM `zp_administrator` [ RunTime:0.0026s ]
SQL: SELECT * FROM `zp_administrator` WHERE `user` = '55' AND `grant` = 1 LIMIT 1   [ RunTime:0.0006s ]
SQL: SHOW COLUMNS FROM `zp_professior` [ RunTime:0.0026s ]
SQL: SELECT * FROM `zp_administrator` WHERE `grant` = 2  [ RunTime:0.0004s ]
SQL: SELECT * FROM `zp_professior` WHERE `grant` = 2  [ RunTime:0.0004s ]
SQL: SHOW COLUMNS FROM `zp_application` [ RunTime:0.0029s ]
SQL: SELECT `numid` FROM `zp_application` ORDER BY numid desc  [ RunTime:0.0005s ]
SQL: SHOW COLUMNS FROM `zp_adform` [ RunTime:0.0024s ]
SQL: SHOW COLUMNS FROM `zp_zjform` [ RunTime:0.0022s ]
SQL: SELECT * FROM `zp_application` WHERE `numid` = 23 LIMIT 1   [ RunTime:0.0006s ]
SQL: SELECT `pid` FROM `zp_zjform` WHERE `numid` = 23  [ RunTime:0.0004s ]
SQL: SELECT `ad_id` FROM `zp_adform` WHERE `numid` = 23  [ RunTime:0.0003s ]
SQL: SELECT * FROM `zp_application` WHERE `numid` = 22 LIMIT 1   [ RunTime:0.0005s ]
SQL: SELECT `pid` FROM `zp_zjform` WHERE `numid` = 22  [ RunTime:0.0004s ]
SQL: SELECT `ad_id` FROM `zp_adform` WHERE `numid` = 22  [ RunTime:0.0003s ]
SQL: SELECT * FROM `zp_application` WHERE `numid` = 19 LIMIT 1   [ RunTime:0.0004s ]
SQL: SELECT `pid` FROM `zp_zjform` WHERE `numid` = 19  [ RunTime:0.0003s ]
SQL: SELECT `pid`,`name` FROM `zp_professior` WHERE `pid` = 0 LIMIT 1   [ RunTime:0.0004s ]
SQL: SELECT `ad_id` FROM `zp_adform` WHERE `numid` = 19  [ RunTime:0.0004s ]
SQL: SELECT `id`,`name` FROM `zp_administrator` WHERE `id` = 2 LIMIT 1   [ RunTime:0.0003s ]
SQL: SELECT * FROM `zp_application` WHERE `numid` = 18 LIMIT 1   [ RunTime:0.0006s ]
SQL: SELECT `pid` FROM `zp_zjform` WHERE `numid` = 18  [ RunTime:0.0003s ]
SQL: SELECT `ad_id` FROM `zp_adform` WHERE `numid` = 18  [ RunTime:0.0003s ]
SQL: SELECT * FROM `zp_application` WHERE `numid` = 17 LIMIT 1   [ RunTime:0.0004s ]
SQL: SELECT `pid` FROM `zp_zjform` WHERE `numid` = 17  [ RunTime:0.0003s ]
SQL: SELECT `pid`,`name` FROM `zp_professior` WHERE `pid` = 2 LIMIT 1   [ RunTime:0.0004s ]
SQL: SELECT `ad_id` FROM `zp_adform` WHERE `numid` = 17  [ RunTime:0.0003s ]
SQL: SELECT `id`,`name` FROM `zp_administrator` WHERE `id` = 7 LIMIT 1   [ RunTime:0.0003s ]
SQL: SELECT * FROM `zp_application` WHERE `numid` = 16 LIMIT 1   [ RunTime:0.0004s ]
SQL: SELECT `pid` FROM `zp_zjform` WHERE `numid` = 16  [ RunTime:0.0003s ]
SQL: SELECT `pid`,`name` FROM `zp_professior` WHERE `pid` = 2 LIMIT 1   [ RunTime:0.0004s ]
SQL: SELECT `ad_id` FROM `zp_adform` WHERE `numid` = 16  [ RunTime:0.0003s ]
SQL: SELECT `id`,`name` FROM `zp_administrator` WHERE `id` = 7 LIMIT 1   [ RunTime:0.0004s ]
SQL: SELECT * FROM `zp_application` WHERE `numid` = 14 LIMIT 1   [ RunTime:0.0004s ]
SQL: SELECT `pid` FROM `zp_zjform` WHERE `numid` = 14  [ RunTime:0.0003s ]
SQL: SELECT `ad_id` FROM `zp_adform` WHERE `numid` = 14  [ RunTime:0.0003s ]
SQL: SELECT * FROM `zp_application` WHERE `numid` = 12 LIMIT 1   [ RunTime:0.0004s ]
SQL: SELECT `pid` FROM `zp_zjform` WHERE `numid` = 12  [ RunTime:0.0003s ]
SQL: SELECT `ad_id` FROM `zp_adform` WHERE `numid` = 12  [ RunTime:0.0003s ]
SQL: SELECT * FROM `zp_application` WHERE `numid` = 11 LIMIT 1   [ RunTime:0.0006s ]
SQL: SELECT `pid` FROM `zp_zjform` WHERE `numid` = 11  [ RunTime:0.0003s ]
SQL: SELECT `pid`,`name` FROM `zp_professior` WHERE `pid` = 2 LIMIT 1   [ RunTime:0.0004s ]
SQL: SELECT `pid`,`name` FROM `zp_professior` WHERE `pid` = 20 LIMIT 1   [ RunTime:0.0004s ]
SQL: SELECT `pid`,`name` FROM `zp_professior` WHERE `pid` = 18 LIMIT 1   [ RunTime:0.0004s ]
SQL: SELECT `ad_id` FROM `zp_adform` WHERE `numid` = 11  [ RunTime:0.0004s ]
SQL: SELECT `id`,`name` FROM `zp_administrator` WHERE `id` = 7 LIMIT 1   [ RunTime:0.0003s ]
SQL: SELECT * FROM `zp_application` WHERE `numid` = 10 LIMIT 1   [ RunTime:0.0005s ]
SQL: SELECT `pid` FROM `zp_zjform` WHERE `numid` = 10  [ RunTime:0.0003s ]
SQL: SELECT `pid`,`name` FROM `zp_professior` WHERE `pid` = 9 LIMIT 1   [ RunTime:0.0004s ]
SQL: SELECT `pid`,`name` FROM `zp_professior` WHERE `pid` = 18 LIMIT 1   [ RunTime:0.0004s ]
SQL: SELECT `pid`,`name` FROM `zp_professior` WHERE `pid` = 20 LIMIT 1   [ RunTime:0.0004s ]
SQL: SELECT `ad_id` FROM `zp_adform` WHERE `numid` = 10  [ RunTime:0.0003s ]
SQL: SELECT `id`,`name` FROM `zp_administrator` WHERE `id` = 7 LIMIT 1   [ RunTime:0.0003s ]
SQL: SELECT * FROM `zp_application` WHERE `numid` = 9 LIMIT 1   [ RunTime:0.0004s ]
SQL: SELECT `pid` FROM `zp_zjform` WHERE `numid` = 9  [ RunTime:0.0004s ]
SQL: SELECT `pid`,`name` FROM `zp_professior` WHERE `pid` = 0 LIMIT 1   [ RunTime:0.0004s ]
SQL: SELECT `pid`,`name` FROM `zp_professior` WHERE `pid` = 18 LIMIT 1   [ RunTime:0.0003s ]
SQL: SELECT `pid`,`name` FROM `zp_professior` WHERE `pid` = 20 LIMIT 1   [ RunTime:0.0004s ]
SQL: SELECT `ad_id` FROM `zp_adform` WHERE `numid` = 9  [ RunTime:0.0003s ]
SQL: SELECT `id`,`name` FROM `zp_administrator` WHERE `id` = 7 LIMIT 1   [ RunTime:0.0003s ]
SQL: SELECT * FROM `zp_application` WHERE `numid` = 8 LIMIT 1   [ RunTime:0.0004s ]
SQL: SELECT `pid` FROM `zp_zjform` WHERE `numid` = 8  [ RunTime:0.0004s ]
SQL: SELECT `pid`,`name` FROM `zp_professior` WHERE `pid` = 2 LIMIT 1   [ RunTime:0.0003s ]
SQL: SELECT `pid`,`name` FROM `zp_professior` WHERE `pid` = 10 LIMIT 1   [ RunTime:0.0004s ]
SQL: SELECT `ad_id` FROM `zp_adform` WHERE `numid` = 8  [ RunTime:0.0003s ]
SQL: SELECT `id`,`name` FROM `zp_administrator` WHERE `id` = 2 LIMIT 1   [ RunTime:0.0003s ]
SQL: SELECT * FROM `zp_application` WHERE `numid` = 7 LIMIT 1   [ RunTime:0.0004s ]
SQL: SELECT `pid` FROM `zp_zjform` WHERE `numid` = 7  [ RunTime:0.0004s ]
SQL: SELECT `pid`,`name` FROM `zp_professior` WHERE `pid` = 3 LIMIT 1   [ RunTime:0.0004s ]
SQL: SELECT `ad_id` FROM `zp_adform` WHERE `numid` = 7  [ RunTime:0.0003s ]
SQL: SELECT `id`,`name` FROM `zp_administrator` WHERE `id` = 0 LIMIT 1   [ RunTime:0.0003s ]
SQL: SELECT * FROM `zp_application` WHERE `numid` = 6 LIMIT 1   [ RunTime:0.0005s ]
SQL: SELECT `pid` FROM `zp_zjform` WHERE `numid` = 6  [ RunTime:0.0003s ]
SQL: SELECT `pid`,`name` FROM `zp_professior` WHERE `pid` = 2 LIMIT 1   [ RunTime:0.0004s ]
SQL: SELECT `pid`,`name` FROM `zp_professior` WHERE `pid` = 10 LIMIT 1   [ RunTime:0.0004s ]
SQL: SELECT `ad_id` FROM `zp_adform` WHERE `numid` = 6  [ RunTime:0.0004s ]
SQL: SELECT `id`,`name` FROM `zp_administrator` WHERE `id` = 2 LIMIT 1   [ RunTime:0.0003s ]
SQL: SELECT * FROM `zp_application` WHERE `numid` = 2 LIMIT 1   [ RunTime:0.0004s ]
SQL: SELECT `pid` FROM `zp_zjform` WHERE `numid` = 2  [ RunTime:0.0003s ]
SQL: SELECT `pid`,`name` FROM `zp_professior` WHERE `pid` = 8 LIMIT 1   [ RunTime:0.0004s ]
SQL: SELECT `pid`,`name` FROM `zp_professior` WHERE `pid` = 4 LIMIT 1   [ RunTime:0.0004s ]
SQL: SELECT `pid`,`name` FROM `zp_professior` WHERE `pid` = 3 LIMIT 1   [ RunTime:0.0004s ]
SQL: SELECT `pid`,`name` FROM `zp_professior` WHERE `pid` = 2 LIMIT 1   [ RunTime:0.0004s ]
SQL: SELECT `pid`,`name` FROM `zp_professior` WHERE `pid` = 10 LIMIT 1   [ RunTime:0.0003s ]
SQL: SELECT `pid`,`name` FROM `zp_professior` WHERE `pid` = 2 LIMIT 1   [ RunTime:0.0004s ]
SQL: SELECT `ad_id` FROM `zp_adform` WHERE `numid` = 2  [ RunTime:0.0003s ]
SQL: SELECT `id`,`name` FROM `zp_administrator` WHERE `id` = 4 LIMIT 1   [ RunTime:0.0003s ]
SQL: SELECT `id`,`name` FROM `zp_administrator` WHERE `id` = 2 LIMIT 1   [ RunTime:0.0003s ]
SQL: SELECT `id`,`name` FROM `zp_administrator` WHERE `id` = 0 LIMIT 1   [ RunTime:0.0003s ]
INFO: [ view_parse ] --START--
INFO: [ template_filter ] --START--
INFO: Run Behavior\ContentReplaceBehavior [ RunTime:0.000255s ]
INFO: [ template_filter ] --END-- [ RunTime:0.000600s ]
NOTIC: [8] Undefined index: 23 C:\wamp\www\zhaopin\Application\Runtime\Cache\Admin\27555b3bd8d147a9395ea9af1894cbd7.php 第 82 行.
NOTIC: [2] Invalid argument supplied for foreach() C:\wamp\www\zhaopin\Application\Runtime\Cache\Admin\27555b3bd8d147a9395ea9af1894cbd7.php 第 82 行.
NOTIC: [8] Undefined index: 23 C:\wamp\www\zhaopin\Application\Runtime\Cache\Admin\27555b3bd8d147a9395ea9af1894cbd7.php 第 89 行.
NOTIC: [2] Invalid argument supplied for foreach() C:\wamp\www\zhaopin\Application\Runtime\Cache\Admin\27555b3bd8d147a9395ea9af1894cbd7.php 第 89 行.
NOTIC: [8] Undefined index: 22 C:\wamp\www\zhaopin\Application\Runtime\Cache\Admin\27555b3bd8d147a9395ea9af1894cbd7.php 第 82 行.
NOTIC: [2] Invalid argument supplied for foreach() C:\wamp\www\zhaopin\Application\Runtime\Cache\Admin\27555b3bd8d147a9395ea9af1894cbd7.php 第 82 行.
NOTIC: [8] Undefined index: 22 C:\wamp\www\zhaopin\Application\Runtime\Cache\Admin\27555b3bd8d147a9395ea9af1894cbd7.php 第 89 行.
NOTIC: [2] Invalid argument supplied for foreach() C:\wamp\www\zhaopin\Application\Runtime\Cache\Admin\27555b3bd8d147a9395ea9af1894cbd7.php 第 89 行.
NOTIC: [8] Undefined index: 18 C:\wamp\www\zhaopin\Application\Runtime\Cache\Admin\27555b3bd8d147a9395ea9af1894cbd7.php 第 82 行.
NOTIC: [2] Invalid argument supplied for foreach() C:\wamp\www\zhaopin\Application\Runtime\Cache\Admin\27555b3bd8d147a9395ea9af1894cbd7.php 第 82 行.
NOTIC: [8] Undefined index: 18 C:\wamp\www\zhaopin\Application\Runtime\Cache\Admin\27555b3bd8d147a9395ea9af1894cbd7.php 第 89 行.
NOTIC: [2] Invalid argument supplied for foreach() C:\wamp\www\zhaopin\Application\Runtime\Cache\Admin\27555b3bd8d147a9395ea9af1894cbd7.php 第 89 行.
NOTIC: [8] Undefined index: 14 C:\wamp\www\zhaopin\Application\Runtime\Cache\Admin\27555b3bd8d147a9395ea9af1894cbd7.php 第 82 行.
NOTIC: [2] Invalid argument supplied for foreach() C:\wamp\www\zhaopin\Application\Runtime\Cache\Admin\27555b3bd8d147a9395ea9af1894cbd7.php 第 82 行.
NOTIC: [8] Undefined index: 14 C:\wamp\www\zhaopin\Application\Runtime\Cache\Admin\27555b3bd8d147a9395ea9af1894cbd7.php 第 89 行.
NOTIC: [2] Invalid argument supplied for foreach() C:\wamp\www\zhaopin\Application\Runtime\Cache\Admin\27555b3bd8d147a9395ea9af1894cbd7.php 第 89 行.
NOTIC: [8] Undefined index: 12 C:\wamp\www\zhaopin\Application\Runtime\Cache\Admin\27555b3bd8d147a9395ea9af1894cbd7.php 第 82 行.
NOTIC: [2] Invalid argument supplied for foreach() C:\wamp\www\zhaopin\Application\Runtime\Cache\Admin\27555b3bd8d147a9395ea9af1894cbd7.php 第 82 行.
NOTIC: [8] Undefined index: 12 C:\wamp\www\zhaopin\Application\Runtime\Cache\Admin\27555b3bd8d147a9395ea9af1894cbd7.php 第 89 行.
NOTIC: [2] Invalid argument supplied for foreach() C:\wamp\www\zhaopin\Application\Runtime\Cache\Admin\27555b3bd8d147a9395ea9af1894cbd7.php 第 89 行.
INFO: Run Behavior\ParseTemplateBehavior [ RunTime:0.035517s ]
INFO: [ view_parse ] --END-- [ RunTime:0.035850s ]
INFO: [ view_filter ] --START--
INFO: Run Behavior\WriteHtmlCacheBehavior [ RunTime:0.001754s ]
INFO: [ view_filter ] --END-- [ RunTime:0.002066s ]
INFO: [ app_end ] --START--
INFO: Run Behavior\ShowPageTraceBehavior [ RunTime:0.001103s ]
INFO: [ app_end ] --END-- [ RunTime:0.001448s ]

[ 2016-03-03T20:02:59+08:00 ] 58.19.3.70 /index.php/admin/Login/login
INFO: [ app_init ] --START--
INFO: Run Behavior\BuildLiteBehavior [ RunTime:0.000065s ]
INFO: [ app_init ] --END-- [ RunTime:0.000878s ]
INFO: [ app_begin ] --START--
INFO: Run Behavior\ReadHtmlCacheBehavior [ RunTime:0.000917s ]
INFO: [ app_begin ] --END-- [ RunTime:0.001265s ]
INFO: [ view_parse ] --START--
INFO: [ template_filter ] --START--
INFO: Run Behavior\ContentReplaceBehavior [ RunTime:0.000177s ]
INFO: [ template_filter ] --END-- [ RunTime:0.000549s ]
INFO: Run Behavior\ParseTemplateBehavior [ RunTime:0.011649s ]
INFO: [ view_parse ] --END-- [ RunTime:0.012003s ]
INFO: [ view_filter ] --START--
INFO: Run Behavior\WriteHtmlCacheBehavior [ RunTime:0.000518s ]
INFO: [ view_filter ] --END-- [ RunTime:0.000839s ]
INFO: [ app_end ] --START--
INFO: Run Behavior\ShowPageTraceBehavior [ RunTime:0.000956s ]
INFO: [ app_end ] --END-- [ RunTime:0.001321s ]

[ 2016-03-03T20:06:04+08:00 ] 101.226.68.177 /index.php/Admin/Login/login.html
INFO: [ app_init ] --START--
INFO: Run Behavior\BuildLiteBehavior [ RunTime:0.000065s ]
INFO: [ app_init ] --END-- [ RunTime:0.000856s ]
INFO: [ app_begin ] --START--
INFO: Run Behavior\ReadHtmlCacheBehavior [ RunTime:0.000881s ]
INFO: [ app_begin ] --END-- [ RunTime:0.001253s ]
INFO: [ view_parse ] --START--
INFO: [ template_filter ] --START--
INFO: Run Behavior\ContentReplaceBehavior [ RunTime:0.000196s ]
INFO: [ template_filter ] --END-- [ RunTime:0.000531s ]
INFO: Run Behavior\ParseTemplateBehavior [ RunTime:0.011118s ]
INFO: [ view_parse ] --END-- [ RunTime:0.011570s ]
INFO: [ view_filter ] --START--
INFO: Run Behavior\WriteHtmlCacheBehavior [ RunTime:0.000521s ]
INFO: [ view_filter ] --END-- [ RunTime:0.000860s ]
INFO: [ app_end ] --START--
INFO: Run Behavior\ShowPageTraceBehavior [ RunTime:0.000942s ]
INFO: [ app_end ] --END-- [ RunTime:0.001260s ]

