[ 2016-02-24T00:28:54+08:00 ] ::1 /zhaopin/index.php/Admin/Smanager
INFO: [ app_init ] --START--
INFO: Run Behavior\BuildLiteBehavior [ RunTime:0.000030s ]
INFO: [ app_init ] --END-- [ RunTime:0.000646s ]
INFO: [ app_begin ] --START--
INFO: Run Behavior\ReadHtmlCacheBehavior [ RunTime:0.000983s ]
INFO: [ app_begin ] --END-- [ RunTime:0.001184s ]
NOTIC: [8] Undefined index: grant D:\wamp\www\zhaopin\Application\Admin\Controller\SmanagerController.class.php 第 7 行.

[ 2016-02-24T00:28:54+08:00 ] ::1 /zhaopin/index.php/Admin/Login/Sm_login.html
INFO: [ app_init ] --START--
INFO: Run Behavior\BuildLiteBehavior [ RunTime:0.000075s ]
INFO: [ app_init ] --END-- [ RunTime:0.001854s ]
INFO: [ app_begin ] --START--
INFO: Run Behavior\ReadHtmlCacheBehavior [ RunTime:0.001997s ]
INFO: [ app_begin ] --END-- [ RunTime:0.002382s ]
INFO: [ view_parse ] --START--
INFO: [ template_filter ] --START--
INFO: Run Behavior\ContentReplaceBehavior [ RunTime:0.000291s ]
INFO: [ template_filter ] --END-- [ RunTime:0.000862s ]
INFO: Run Behavior\ParseTemplateBehavior [ RunTime:0.097310s ]
INFO: [ view_parse ] --END-- [ RunTime:0.097951s ]
INFO: [ view_filter ] --START--
INFO: Run Behavior\WriteHtmlCacheBehavior [ RunTime:0.001790s ]
INFO: [ view_filter ] --END-- [ RunTime:0.002190s ]
INFO: [ app_end ] --START--
INFO: Run Behavior\ShowPageTraceBehavior [ RunTime:0.002415s ]
INFO: [ app_end ] --END-- [ RunTime:0.002889s ]

[ 2016-02-24T00:29:00+08:00 ] ::1 /zhaopin/index.php/Admin/Login/do_Smlogin
INFO: [ app_init ] --START--
INFO: Run Behavior\BuildLiteBehavior [ RunTime:0.000054s ]
INFO: [ app_init ] --END-- [ RunTime:0.001103s ]
INFO: [ app_begin ] --START--
INFO: Run Behavior\ReadHtmlCacheBehavior [ RunTime:0.001355s ]
INFO: [ app_begin ] --END-- [ RunTime:0.001620s ]
SQL: SHOW COLUMNS FROM `zp_administrator` [ RunTime:0.0234s ]
SQL: SELECT * FROM `zp_administrator` WHERE `user` = 'admin' AND `password` = '123456' LIMIT 1   [ RunTime:0.0139s ]

[ 2016-02-24T00:29:00+08:00 ] ::1 /zhaopin/index.php/Admin/Smanager/index.html
INFO: [ app_init ] --START--
INFO: Run Behavior\BuildLiteBehavior [ RunTime:0.000057s ]
INFO: [ app_init ] --END-- [ RunTime:0.001473s ]
INFO: [ app_begin ] --START--
INFO: Run Behavior\ReadHtmlCacheBehavior [ RunTime:0.001700s ]
INFO: [ app_begin ] --END-- [ RunTime:0.002033s ]
SQL: SHOW COLUMNS FROM `zp_administrator` [ RunTime:0.0145s ]
SQL: SELECT * FROM `zp_administrator` WHERE `user` = 'admin' AND `grant` = 10 LIMIT 1   [ RunTime:0.0007s ]
SQL: SHOW COLUMNS FROM `zp_shuoming` [ RunTime:0.0142s ]
SQL: SELECT * FROM `zp_shuoming` WHERE ( sid=1 ) LIMIT 1   [ RunTime:0.0006s ]
INFO: [ view_parse ] --START--
INFO: [ template_filter ] --START--
INFO: Run Behavior\ContentReplaceBehavior [ RunTime:0.000298s ]
INFO: [ template_filter ] --END-- [ RunTime:0.000728s ]
INFO: Run Behavior\ParseTemplateBehavior [ RunTime:0.139844s ]
INFO: [ view_parse ] --END-- [ RunTime:0.140172s ]
INFO: [ view_filter ] --START--
INFO: Run Behavior\WriteHtmlCacheBehavior [ RunTime:0.001601s ]
INFO: [ view_filter ] --END-- [ RunTime:0.001951s ]
INFO: [ app_end ] --START--
INFO: Run Behavior\ShowPageTraceBehavior [ RunTime:0.002240s ]
INFO: [ app_end ] --END-- [ RunTime:0.002638s ]

[ 2016-02-24T00:29:03+08:00 ] ::1 /zhaopin/index.php/admin/Smanager/phone.html
INFO: [ app_init ] --START--
INFO: Run Behavior\BuildLiteBehavior [ RunTime:0.000035s ]
INFO: [ app_init ] --END-- [ RunTime:0.000674s ]
INFO: [ app_begin ] --START--
INFO: Run Behavior\ReadHtmlCacheBehavior [ RunTime:0.001094s ]
INFO: [ app_begin ] --END-- [ RunTime:0.001287s ]
SQL: SHOW COLUMNS FROM `zp_administrator` [ RunTime:0.0123s ]
SQL: SELECT * FROM `zp_administrator` WHERE `user` = 'admin' AND `grant` = 10 LIMIT 1   [ RunTime:0.0005s ]
SQL: SHOW COLUMNS FROM `zp_shuoming` [ RunTime:0.0082s ]
SQL: SELECT * FROM `zp_shuoming` WHERE ( sid=1 ) LIMIT 1   [ RunTime:0.0004s ]
INFO: [ view_parse ] --START--
INFO: [ template_filter ] --START--
INFO: Run Behavior\ContentReplaceBehavior [ RunTime:0.000097s ]
INFO: [ template_filter ] --END-- [ RunTime:0.000248s ]
INFO: Run Behavior\ParseTemplateBehavior [ RunTime:0.049957s ]
INFO: [ view_parse ] --END-- [ RunTime:0.050123s ]
INFO: [ view_filter ] --START--
INFO: Run Behavior\WriteHtmlCacheBehavior [ RunTime:0.000601s ]
INFO: [ view_filter ] --END-- [ RunTime:0.000772s ]
INFO: [ app_end ] --START--
INFO: Run Behavior\ShowPageTraceBehavior [ RunTime:0.001789s ]
INFO: [ app_end ] --END-- [ RunTime:0.002049s ]

[ 2016-02-24T00:29:04+08:00 ] ::1 /zhaopin/index.php/admin/Smanager/explain.html
INFO: [ app_init ] --START--
INFO: Run Behavior\BuildLiteBehavior [ RunTime:0.000035s ]
INFO: [ app_init ] --END-- [ RunTime:0.000640s ]
INFO: [ app_begin ] --START--
INFO: Run Behavior\ReadHtmlCacheBehavior [ RunTime:0.000902s ]
INFO: [ app_begin ] --END-- [ RunTime:0.001093s ]
SQL: SHOW COLUMNS FROM `zp_administrator` [ RunTime:0.0099s ]
SQL: SELECT * FROM `zp_administrator` WHERE `user` = 'admin' AND `grant` = 10 LIMIT 1   [ RunTime:0.0004s ]
SQL: SHOW COLUMNS FROM `zp_shuoming` [ RunTime:0.0083s ]
SQL: SELECT * FROM `zp_shuoming` WHERE ( sid=1 ) LIMIT 1   [ RunTime:0.0003s ]
INFO: [ view_parse ] --START--
INFO: [ template_filter ] --START--
INFO: Run Behavior\ContentReplaceBehavior [ RunTime:0.000111s ]
INFO: [ template_filter ] --END-- [ RunTime:0.000246s ]
INFO: Run Behavior\ParseTemplateBehavior [ RunTime:0.029944s ]
INFO: [ view_parse ] --END-- [ RunTime:0.030117s ]
INFO: [ view_filter ] --START--
INFO: Run Behavior\WriteHtmlCacheBehavior [ RunTime:0.000675s ]
INFO: [ view_filter ] --END-- [ RunTime:0.000882s ]
INFO: [ app_end ] --START--
INFO: Run Behavior\ShowPageTraceBehavior [ RunTime:0.001770s ]
INFO: [ app_end ] --END-- [ RunTime:0.002068s ]

[ 2016-02-24T00:29:07+08:00 ] ::1 /zhaopin/index.php/admin/Smanager/information.html
INFO: [ app_init ] --START--
INFO: Run Behavior\BuildLiteBehavior [ RunTime:0.000026s ]
INFO: [ app_init ] --END-- [ RunTime:0.000605s ]
INFO: [ app_begin ] --START--
INFO: Run Behavior\ReadHtmlCacheBehavior [ RunTime:0.000857s ]
INFO: [ app_begin ] --END-- [ RunTime:0.001005s ]
SQL: SHOW COLUMNS FROM `zp_administrator` [ RunTime:0.0093s ]
SQL: SELECT * FROM `zp_administrator` WHERE `user` = 'admin' AND `grant` = 10 LIMIT 1   [ RunTime:0.0004s ]
INFO: [ view_parse ] --START--
INFO: [ template_filter ] --START--
INFO: Run Behavior\ContentReplaceBehavior [ RunTime:0.000093s ]
INFO: [ template_filter ] --END-- [ RunTime:0.000226s ]
INFO: Run Behavior\ParseTemplateBehavior [ RunTime:0.015082s ]
INFO: [ view_parse ] --END-- [ RunTime:0.015215s ]
INFO: [ view_filter ] --START--
INFO: Run Behavior\WriteHtmlCacheBehavior [ RunTime:0.000586s ]
INFO: [ view_filter ] --END-- [ RunTime:0.000698s ]
INFO: [ app_end ] --START--
INFO: Run Behavior\ShowPageTraceBehavior [ RunTime:0.000749s ]
INFO: [ app_end ] --END-- [ RunTime:0.000860s ]

[ 2016-02-24T00:29:35+08:00 ] ::1 /zhaopin/index.php/Admin/Smanager/new_information
INFO: [ app_init ] --START--
INFO: Run Behavior\BuildLiteBehavior [ RunTime:0.000035s ]
INFO: [ app_init ] --END-- [ RunTime:0.000768s ]
INFO: [ app_begin ] --START--
INFO: Run Behavior\ReadHtmlCacheBehavior [ RunTime:0.000722s ]
INFO: [ app_begin ] --END-- [ RunTime:0.000868s ]
SQL: SHOW COLUMNS FROM `zp_administrator` [ RunTime:0.0125s ]
SQL: SELECT * FROM `zp_administrator` WHERE `user` = 'admin' AND `grant` = 10 LIMIT 1   [ RunTime:0.0004s ]
SQL: SHOW COLUMNS FROM `zp_information` [ RunTime:0.0112s ]
SQL: INSERT INTO `zp_information` (`title`,`class`,`content`,`time`) VALUES ('随便','活动','随便写点什么','2016-02-24') [ RunTime:0.1093s ]

[ 2016-02-24T00:29:35+08:00 ] ::1 /zhaopin/index.php/Admin/Smanager/index.html
INFO: [ app_init ] --START--
INFO: Run Behavior\BuildLiteBehavior [ RunTime:0.000048s ]
INFO: [ app_init ] --END-- [ RunTime:0.001061s ]
INFO: [ app_begin ] --START--
INFO: Run Behavior\ReadHtmlCacheBehavior [ RunTime:0.000739s ]
INFO: [ app_begin ] --END-- [ RunTime:0.000865s ]
SQL: SHOW COLUMNS FROM `zp_administrator` [ RunTime:0.0065s ]
SQL: SELECT * FROM `zp_administrator` WHERE `user` = 'admin' AND `grant` = 10 LIMIT 1   [ RunTime:0.0004s ]
SQL: SHOW COLUMNS FROM `zp_shuoming` [ RunTime:0.0071s ]
SQL: SELECT * FROM `zp_shuoming` WHERE ( sid=1 ) LIMIT 1   [ RunTime:0.0003s ]
INFO: [ view_parse ] --START--
INFO: [ template_filter ] --START--
INFO: Run Behavior\ContentReplaceBehavior [ RunTime:0.000081s ]
INFO: [ template_filter ] --END-- [ RunTime:0.000196s ]
INFO: Run Behavior\ParseTemplateBehavior [ RunTime:0.009448s ]
INFO: [ view_parse ] --END-- [ RunTime:0.009576s ]
INFO: [ view_filter ] --START--
INFO: Run Behavior\WriteHtmlCacheBehavior [ RunTime:0.000630s ]
INFO: [ view_filter ] --END-- [ RunTime:0.000765s ]
INFO: [ app_end ] --START--
INFO: Run Behavior\ShowPageTraceBehavior [ RunTime:0.000752s ]
INFO: [ app_end ] --END-- [ RunTime:0.000887s ]

[ 2016-02-24T00:30:12+08:00 ] ::1 /zhaopin/index.php/admin/Smanager/information.html
INFO: [ app_init ] --START--
INFO: Run Behavior\BuildLiteBehavior [ RunTime:0.000027s ]
INFO: [ app_init ] --END-- [ RunTime:0.000660s ]
INFO: [ app_begin ] --START--
INFO: Run Behavior\ReadHtmlCacheBehavior [ RunTime:0.000993s ]
INFO: [ app_begin ] --END-- [ RunTime:0.001158s ]
SQL: SHOW COLUMNS FROM `zp_administrator` [ RunTime:0.0098s ]
SQL: SELECT * FROM `zp_administrator` WHERE `user` = 'admin' AND `grant` = 10 LIMIT 1   [ RunTime:0.0004s ]
INFO: [ view_parse ] --START--
INFO: [ template_filter ] --START--
INFO: Run Behavior\ContentReplaceBehavior [ RunTime:0.000092s ]
INFO: [ template_filter ] --END-- [ RunTime:0.000211s ]
INFO: Run Behavior\ParseTemplateBehavior [ RunTime:0.009532s ]
INFO: [ view_parse ] --END-- [ RunTime:0.009661s ]
INFO: [ view_filter ] --START--
INFO: Run Behavior\WriteHtmlCacheBehavior [ RunTime:0.000651s ]
INFO: [ view_filter ] --END-- [ RunTime:0.000761s ]
INFO: [ app_end ] --START--
INFO: Run Behavior\ShowPageTraceBehavior [ RunTime:0.000803s ]
INFO: [ app_end ] --END-- [ RunTime:0.000966s ]

[ 2016-02-24T00:30:19+08:00 ] ::1 /zhaopin/index.php/admin/Smanager/information.html
INFO: [ app_init ] --START--
INFO: Run Behavior\BuildLiteBehavior [ RunTime:0.000028s ]
INFO: [ app_init ] --END-- [ RunTime:0.000782s ]
INFO: [ app_begin ] --START--
INFO: Run Behavior\ReadHtmlCacheBehavior [ RunTime:0.000758s ]
INFO: [ app_begin ] --END-- [ RunTime:0.000874s ]
SQL: SHOW COLUMNS FROM `zp_administrator` [ RunTime:0.0093s ]
SQL: SELECT * FROM `zp_administrator` WHERE `user` = 'admin' AND `grant` = 10 LIMIT 1   [ RunTime:0.0004s ]
INFO: [ view_parse ] --START--
INFO: [ template_filter ] --START--
INFO: Run Behavior\ContentReplaceBehavior [ RunTime:0.000170s ]
INFO: [ template_filter ] --END-- [ RunTime:0.000362s ]
INFO: Run Behavior\ParseTemplateBehavior [ RunTime:0.010550s ]
INFO: [ view_parse ] --END-- [ RunTime:0.010779s ]
INFO: [ view_filter ] --START--
INFO: Run Behavior\WriteHtmlCacheBehavior [ RunTime:0.000677s ]
INFO: [ view_filter ] --END-- [ RunTime:0.000802s ]
INFO: [ app_end ] --START--
INFO: Run Behavior\ShowPageTraceBehavior [ RunTime:0.000791s ]
INFO: [ app_end ] --END-- [ RunTime:0.000902s ]

[ 2016-02-24T00:30:20+08:00 ] ::1 /zhaopin/index.php/admin/Smanager/information.html
INFO: [ app_init ] --START--
INFO: Run Behavior\BuildLiteBehavior [ RunTime:0.000036s ]
INFO: [ app_init ] --END-- [ RunTime:0.000761s ]
INFO: [ app_begin ] --START--
INFO: Run Behavior\ReadHtmlCacheBehavior [ RunTime:0.000937s ]
INFO: [ app_begin ] --END-- [ RunTime:0.001097s ]
SQL: SHOW COLUMNS FROM `zp_administrator` [ RunTime:0.0094s ]
SQL: SELECT * FROM `zp_administrator` WHERE `user` = 'admin' AND `grant` = 10 LIMIT 1   [ RunTime:0.0004s ]
INFO: [ view_parse ] --START--
INFO: [ template_filter ] --START--
INFO: Run Behavior\ContentReplaceBehavior [ RunTime:0.000095s ]
INFO: [ template_filter ] --END-- [ RunTime:0.000215s ]
INFO: Run Behavior\ParseTemplateBehavior [ RunTime:0.010443s ]
INFO: [ view_parse ] --END-- [ RunTime:0.010577s ]
INFO: [ view_filter ] --START--
INFO: Run Behavior\WriteHtmlCacheBehavior [ RunTime:0.000536s ]
INFO: [ view_filter ] --END-- [ RunTime:0.000637s ]
INFO: [ app_end ] --START--
INFO: Run Behavior\ShowPageTraceBehavior [ RunTime:0.000740s ]
INFO: [ app_end ] --END-- [ RunTime:0.000848s ]

[ 2016-02-24T00:30:26+08:00 ] ::1 /zhaopin/index.php/admin/Smanager/information.html
INFO: [ app_init ] --START--
INFO: Run Behavior\BuildLiteBehavior [ RunTime:0.000030s ]
INFO: [ app_init ] --END-- [ RunTime:0.000632s ]
INFO: [ app_begin ] --START--
INFO: Run Behavior\ReadHtmlCacheBehavior [ RunTime:0.000782s ]
INFO: [ app_begin ] --END-- [ RunTime:0.000916s ]
SQL: SHOW COLUMNS FROM `zp_administrator` [ RunTime:0.0113s ]
SQL: SELECT * FROM `zp_administrator` WHERE `user` = 'admin' AND `grant` = 10 LIMIT 1   [ RunTime:0.0004s ]
INFO: [ view_parse ] --START--
INFO: [ template_filter ] --START--
INFO: Run Behavior\ContentReplaceBehavior [ RunTime:0.000104s ]
INFO: [ template_filter ] --END-- [ RunTime:0.000244s ]
INFO: Run Behavior\ParseTemplateBehavior [ RunTime:0.010396s ]
INFO: [ view_parse ] --END-- [ RunTime:0.010558s ]
INFO: [ view_filter ] --START--
INFO: Run Behavior\WriteHtmlCacheBehavior [ RunTime:0.000759s ]
INFO: [ view_filter ] --END-- [ RunTime:0.000887s ]
INFO: [ app_end ] --START--
INFO: Run Behavior\ShowPageTraceBehavior [ RunTime:0.000851s ]
INFO: [ app_end ] --END-- [ RunTime:0.000965s ]

[ 2016-02-24T00:38:23+08:00 ] ::1 /zhaopin/index.php/admin/Smanager/information.html
INFO: [ app_init ] --START--
INFO: Run Behavior\BuildLiteBehavior [ RunTime:0.000036s ]
INFO: [ app_init ] --END-- [ RunTime:0.000620s ]
INFO: [ app_begin ] --START--
INFO: Run Behavior\ReadHtmlCacheBehavior [ RunTime:0.001212s ]
INFO: [ app_begin ] --END-- [ RunTime:0.001394s ]
SQL: SHOW COLUMNS FROM `zp_administrator` [ RunTime:0.0107s ]
SQL: SELECT * FROM `zp_administrator` WHERE `user` = 'admin' AND `grant` = 10 LIMIT 1   [ RunTime:0.0004s ]
INFO: [ view_parse ] --START--
INFO: [ template_filter ] --START--
INFO: Run Behavior\ContentReplaceBehavior [ RunTime:0.000201s ]
INFO: [ template_filter ] --END-- [ RunTime:0.000335s ]
INFO: Run Behavior\ParseTemplateBehavior [ RunTime:0.010775s ]
INFO: [ view_parse ] --END-- [ RunTime:0.010934s ]
INFO: [ view_filter ] --START--
INFO: Run Behavior\WriteHtmlCacheBehavior [ RunTime:0.000624s ]
INFO: [ view_filter ] --END-- [ RunTime:0.000726s ]
INFO: [ app_end ] --START--
INFO: Run Behavior\ShowPageTraceBehavior [ RunTime:0.000876s ]
INFO: [ app_end ] --END-- [ RunTime:0.000984s ]

[ 2016-02-24T00:39:39+08:00 ] ::1 /zhaopin/index.php/Admin/Smanager/new_information
INFO: [ app_init ] --START--
INFO: Run Behavior\BuildLiteBehavior [ RunTime:0.000033s ]
INFO: [ app_init ] --END-- [ RunTime:0.001001s ]
INFO: [ app_begin ] --START--
INFO: Run Behavior\ReadHtmlCacheBehavior [ RunTime:0.001083s ]
INFO: [ app_begin ] --END-- [ RunTime:0.001272s ]
SQL: SHOW COLUMNS FROM `zp_administrator` [ RunTime:0.0112s ]
SQL: SELECT * FROM `zp_administrator` WHERE `user` = 'admin' AND `grant` = 10 LIMIT 1   [ RunTime:0.0004s ]
SQL: SHOW COLUMNS FROM `zp_information` [ RunTime:0.0074s ]
SQL: INSERT INTO `zp_information` (`title`,`class`,`content`,`time`) VALUES ('关于差旅报销的相关说明','相关信息','受邀参会学者往返差旅经费由主办单位提供，论坛期间食宿由主办单位统一安排。相关说明如下：
　　1．根据财务要求，国际差旅应有电子机票行程单、登机牌，国内差旅应有原始票据；护照复印件，含出入境时间联，应注明仅用于财务报销；国内银行卡复印件，注明仅用于财务报销；
　　2．报销最高限额1万元/人。国内多日多地停留的，仅报销回国第一站费用（当日转机除外）和到武汉的最后一站费用。','2016-02-24') [ RunTime:0.1292s ]

[ 2016-02-24T00:39:39+08:00 ] ::1 /zhaopin/index.php/Admin/Smanager/index.html
INFO: [ app_init ] --START--
INFO: Run Behavior\BuildLiteBehavior [ RunTime:0.000143s ]
INFO: [ app_init ] --END-- [ RunTime:0.002466s ]
INFO: [ app_begin ] --START--
INFO: Run Behavior\ReadHtmlCacheBehavior [ RunTime:0.003044s ]
INFO: [ app_begin ] --END-- [ RunTime:0.003828s ]
SQL: SHOW COLUMNS FROM `zp_administrator` [ RunTime:0.0166s ]
SQL: SELECT * FROM `zp_administrator` WHERE `user` = 'admin' AND `grant` = 10 LIMIT 1   [ RunTime:0.0009s ]
SQL: SHOW COLUMNS FROM `zp_shuoming` [ RunTime:0.0222s ]
SQL: SELECT * FROM `zp_shuoming` WHERE ( sid=1 ) LIMIT 1   [ RunTime:0.0009s ]
INFO: [ view_parse ] --START--
INFO: [ template_filter ] --START--
INFO: Run Behavior\ContentReplaceBehavior [ RunTime:0.000368s ]
INFO: [ template_filter ] --END-- [ RunTime:0.000902s ]
INFO: Run Behavior\ParseTemplateBehavior [ RunTime:0.044667s ]
INFO: [ view_parse ] --END-- [ RunTime:0.045080s ]
INFO: [ view_filter ] --START--
INFO: Run Behavior\WriteHtmlCacheBehavior [ RunTime:0.001883s ]
INFO: [ view_filter ] --END-- [ RunTime:0.002258s ]
INFO: [ app_end ] --START--
INFO: Run Behavior\ShowPageTraceBehavior [ RunTime:0.002972s ]
INFO: [ app_end ] --END-- [ RunTime:0.003399s ]

[ 2016-02-24T00:41:12+08:00 ] ::1 /zhaopin/index.php/admin/Smanager/information.html
INFO: [ app_init ] --START--
INFO: Run Behavior\BuildLiteBehavior [ RunTime:0.000026s ]
INFO: [ app_init ] --END-- [ RunTime:0.000697s ]
INFO: [ app_begin ] --START--
INFO: Run Behavior\ReadHtmlCacheBehavior [ RunTime:0.000815s ]
INFO: [ app_begin ] --END-- [ RunTime:0.000928s ]
SQL: SHOW COLUMNS FROM `zp_administrator` [ RunTime:0.0103s ]
SQL: SELECT * FROM `zp_administrator` WHERE `user` = 'admin' AND `grant` = 10 LIMIT 1   [ RunTime:0.0004s ]
INFO: [ view_parse ] --START--
INFO: [ template_filter ] --START--
INFO: Run Behavior\ContentReplaceBehavior [ RunTime:0.000123s ]
INFO: [ template_filter ] --END-- [ RunTime:0.000243s ]
INFO: Run Behavior\ParseTemplateBehavior [ RunTime:0.011822s ]
INFO: [ view_parse ] --END-- [ RunTime:0.011964s ]
INFO: [ view_filter ] --START--
INFO: Run Behavior\WriteHtmlCacheBehavior [ RunTime:0.000691s ]
INFO: [ view_filter ] --END-- [ RunTime:0.000813s ]
INFO: [ app_end ] --START--
INFO: Run Behavior\ShowPageTraceBehavior [ RunTime:0.000855s ]
INFO: [ app_end ] --END-- [ RunTime:0.000982s ]

[ 2016-02-24T00:41:56+08:00 ] ::1 /zhaopin/index.php/Admin/Smanager/new_information
INFO: [ app_init ] --START--
INFO: Run Behavior\BuildLiteBehavior [ RunTime:0.000029s ]
INFO: [ app_init ] --END-- [ RunTime:0.000851s ]
INFO: [ app_begin ] --START--
INFO: Run Behavior\ReadHtmlCacheBehavior [ RunTime:0.000798s ]
INFO: [ app_begin ] --END-- [ RunTime:0.000937s ]
SQL: SHOW COLUMNS FROM `zp_administrator` [ RunTime:0.0096s ]
SQL: SELECT * FROM `zp_administrator` WHERE `user` = 'admin' AND `grant` = 10 LIMIT 1   [ RunTime:0.0005s ]
SQL: SHOW COLUMNS FROM `zp_information` [ RunTime:0.0083s ]
SQL: INSERT INTO `zp_information` (`title`,`class`,`content`,`time`) VALUES ('学科领域分类','相关信息','生命科学(Life Science)
环境与地球科学(Environmental Geosciences)
化学（Chemistry）
信息科学(Informatics)
工程与材料科学（Engineering & Material Science）
人文社会科学（Humanities & Social Science）
数学（Mathematics）
物理（Physics）','2016-02-24') [ RunTime:0.1071s ]

[ 2016-02-24T00:41:57+08:00 ] ::1 /zhaopin/index.php/Admin/Smanager/index.html
INFO: [ app_init ] --START--
INFO: Run Behavior\BuildLiteBehavior [ RunTime:0.000111s ]
INFO: [ app_init ] --END-- [ RunTime:0.001913s ]
INFO: [ app_begin ] --START--
INFO: Run Behavior\ReadHtmlCacheBehavior [ RunTime:0.002572s ]
INFO: [ app_begin ] --END-- [ RunTime:0.002983s ]
SQL: SHOW COLUMNS FROM `zp_administrator` [ RunTime:0.0167s ]
SQL: SELECT * FROM `zp_administrator` WHERE `user` = 'admin' AND `grant` = 10 LIMIT 1   [ RunTime:0.0010s ]
SQL: SHOW COLUMNS FROM `zp_shuoming` [ RunTime:0.0204s ]
SQL: SELECT * FROM `zp_shuoming` WHERE ( sid=1 ) LIMIT 1   [ RunTime:0.0010s ]
INFO: [ view_parse ] --START--
INFO: [ template_filter ] --START--
INFO: Run Behavior\ContentReplaceBehavior [ RunTime:0.000268s ]
INFO: [ template_filter ] --END-- [ RunTime:0.000671s ]
INFO: Run Behavior\ParseTemplateBehavior [ RunTime:0.033690s ]
INFO: [ view_parse ] --END-- [ RunTime:0.034272s ]
INFO: [ view_filter ] --START--
INFO: Run Behavior\WriteHtmlCacheBehavior [ RunTime:0.001937s ]
INFO: [ view_filter ] --END-- [ RunTime:0.002335s ]
INFO: [ app_end ] --START--
INFO: Run Behavior\ShowPageTraceBehavior [ RunTime:0.002728s ]
INFO: [ app_end ] --END-- [ RunTime:0.003282s ]

[ 2016-02-24T00:41:59+08:00 ] ::1 /zhaopin/index.php/admin/Smanager/information.html
INFO: [ app_init ] --START--
INFO: Run Behavior\BuildLiteBehavior [ RunTime:0.000026s ]
INFO: [ app_init ] --END-- [ RunTime:0.000720s ]
INFO: [ app_begin ] --START--
INFO: Run Behavior\ReadHtmlCacheBehavior [ RunTime:0.000820s ]
INFO: [ app_begin ] --END-- [ RunTime:0.000956s ]
SQL: SHOW COLUMNS FROM `zp_administrator` [ RunTime:0.0101s ]
SQL: SELECT * FROM `zp_administrator` WHERE `user` = 'admin' AND `grant` = 10 LIMIT 1   [ RunTime:0.0004s ]
INFO: [ view_parse ] --START--
INFO: [ template_filter ] --START--
INFO: Run Behavior\ContentReplaceBehavior [ RunTime:0.000093s ]
INFO: [ template_filter ] --END-- [ RunTime:0.000210s ]
INFO: Run Behavior\ParseTemplateBehavior [ RunTime:0.010004s ]
INFO: [ view_parse ] --END-- [ RunTime:0.010138s ]
INFO: [ view_filter ] --START--
INFO: Run Behavior\WriteHtmlCacheBehavior [ RunTime:0.000705s ]
INFO: [ view_filter ] --END-- [ RunTime:0.000812s ]
INFO: [ app_end ] --START--
INFO: Run Behavior\ShowPageTraceBehavior [ RunTime:0.000817s ]
INFO: [ app_end ] --END-- [ RunTime:0.000960s ]

[ 2016-02-24T00:42:39+08:00 ] ::1 /zhaopin/index.php/Admin/Smanager/new_information
INFO: [ app_init ] --START--
INFO: Run Behavior\BuildLiteBehavior [ RunTime:0.000027s ]
INFO: [ app_init ] --END-- [ RunTime:0.000867s ]
INFO: [ app_begin ] --START--
INFO: Run Behavior\ReadHtmlCacheBehavior [ RunTime:0.001008s ]
INFO: [ app_begin ] --END-- [ RunTime:0.001144s ]
SQL: SHOW COLUMNS FROM `zp_administrator` [ RunTime:0.0097s ]
SQL: SELECT * FROM `zp_administrator` WHERE `user` = 'admin' AND `grant` = 10 LIMIT 1   [ RunTime:0.0004s ]
SQL: SHOW COLUMNS FROM `zp_information` [ RunTime:0.0071s ]
SQL: INSERT INTO `zp_information` (`title`,`class`,`content`,`time`) VALUES ('其他说明','相关信息','1．学校统一在网络和平面媒体发布论坛公告和引才需求，公布人才办和各学院联系方式；申请人在线填写并提交申请表和简历，各单位遴选拟定邀请人员名单，人才办审核后统一发邀请函；
2．人选依托单位按照“谁发现谁优先选择”和“学校推荐选择”相结合的方式确定，各单位应在充分交流的基础上尊重人才个人意愿选择确定签约单位；
3．建立定期联系反馈机制，请各单位尽快启动人选物色工作，定期汇总意向人选反馈给人事处人才工作办公室。第一次反馈时间为1月26日，第二次反馈时间为2月22日，新学期开始后，每周周五定期反馈。具体反馈样表后期邮件通知。','2016-02-24') [ RunTime:0.1118s ]

[ 2016-02-24T00:42:40+08:00 ] ::1 /zhaopin/index.php/Admin/Smanager/index.html
INFO: [ app_init ] --START--
INFO: Run Behavior\BuildLiteBehavior [ RunTime:0.000080s ]
INFO: [ app_init ] --END-- [ RunTime:0.002037s ]
INFO: [ app_begin ] --START--
INFO: Run Behavior\ReadHtmlCacheBehavior [ RunTime:0.003449s ]
INFO: [ app_begin ] --END-- [ RunTime:0.004621s ]
SQL: SHOW COLUMNS FROM `zp_administrator` [ RunTime:0.0162s ]
SQL: SELECT * FROM `zp_administrator` WHERE `user` = 'admin' AND `grant` = 10 LIMIT 1   [ RunTime:0.0010s ]
SQL: SHOW COLUMNS FROM `zp_shuoming` [ RunTime:0.0427s ]
SQL: SELECT * FROM `zp_shuoming` WHERE ( sid=1 ) LIMIT 1   [ RunTime:0.0009s ]
INFO: [ view_parse ] --START--
INFO: [ template_filter ] --START--
INFO: Run Behavior\ContentReplaceBehavior [ RunTime:0.000309s ]
INFO: [ template_filter ] --END-- [ RunTime:0.000729s ]
INFO: Run Behavior\ParseTemplateBehavior [ RunTime:0.031365s ]
INFO: [ view_parse ] --END-- [ RunTime:0.031804s ]
INFO: [ view_filter ] --START--
INFO: Run Behavior\WriteHtmlCacheBehavior [ RunTime:0.001913s ]
INFO: [ view_filter ] --END-- [ RunTime:0.002307s ]
INFO: [ app_end ] --START--
INFO: Run Behavior\ShowPageTraceBehavior [ RunTime:0.002650s ]
INFO: [ app_end ] --END-- [ RunTime:0.003063s ]

[ 2016-02-24T00:44:24+08:00 ] ::1 /zhaopin/index.php/admin/Smanager/information.html
INFO: [ app_init ] --START--
INFO: Run Behavior\BuildLiteBehavior [ RunTime:0.000036s ]
INFO: [ app_init ] --END-- [ RunTime:0.001551s ]
INFO: [ app_begin ] --START--
INFO: Run Behavior\ReadHtmlCacheBehavior [ RunTime:0.000932s ]
INFO: [ app_begin ] --END-- [ RunTime:0.001101s ]
SQL: SHOW COLUMNS FROM `zp_administrator` [ RunTime:0.0138s ]
SQL: SELECT * FROM `zp_administrator` WHERE `user` = 'admin' AND `grant` = 10 LIMIT 1   [ RunTime:0.0004s ]
INFO: [ view_parse ] --START--
INFO: [ template_filter ] --START--
INFO: Run Behavior\ContentReplaceBehavior [ RunTime:0.000112s ]
INFO: [ template_filter ] --END-- [ RunTime:0.000253s ]
INFO: Run Behavior\ParseTemplateBehavior [ RunTime:0.012285s ]
INFO: [ view_parse ] --END-- [ RunTime:0.012426s ]
INFO: [ view_filter ] --START--
INFO: Run Behavior\WriteHtmlCacheBehavior [ RunTime:0.000650s ]
INFO: [ view_filter ] --END-- [ RunTime:0.000764s ]
INFO: [ app_end ] --START--
INFO: Run Behavior\ShowPageTraceBehavior [ RunTime:0.000940s ]
INFO: [ app_end ] --END-- [ RunTime:0.001046s ]

[ 2016-02-24T00:44:45+08:00 ] ::1 /zhaopin/index.php/Admin/Smanager/new_information
INFO: [ app_init ] --START--
INFO: Run Behavior\BuildLiteBehavior [ RunTime:0.000025s ]
INFO: [ app_init ] --END-- [ RunTime:0.000776s ]
INFO: [ app_begin ] --START--
INFO: Run Behavior\ReadHtmlCacheBehavior [ RunTime:0.001018s ]
INFO: [ app_begin ] --END-- [ RunTime:0.001145s ]
SQL: SHOW COLUMNS FROM `zp_administrator` [ RunTime:0.0095s ]
SQL: SELECT * FROM `zp_administrator` WHERE `user` = 'admin' AND `grant` = 10 LIMIT 1   [ RunTime:0.0005s ]
SQL: SHOW COLUMNS FROM `zp_information` [ RunTime:0.0074s ]
SQL: INSERT INTO `zp_information` (`title`,`class`,`content`,`time`) VALUES ('国际青年学者狮子山论坛·论坛形式','相关信息','1．主论坛设校长报告、专家特邀报告；
2．设置分论坛若干，按照我校学科规划布局确定主题，申请人在相应分论坛做学术报告，学院同时组织才引进考核程序。','2016-02-24') [ RunTime:0.1258s ]

[ 2016-02-24T00:44:46+08:00 ] ::1 /zhaopin/index.php/Admin/Smanager/index.html
INFO: [ app_init ] --START--
INFO: Run Behavior\BuildLiteBehavior [ RunTime:0.000070s ]
INFO: [ app_init ] --END-- [ RunTime:0.001645s ]
INFO: [ app_begin ] --START--
INFO: Run Behavior\ReadHtmlCacheBehavior [ RunTime:0.002963s ]
INFO: [ app_begin ] --END-- [ RunTime:0.003447s ]
SQL: SHOW COLUMNS FROM `zp_administrator` [ RunTime:0.0154s ]
SQL: SELECT * FROM `zp_administrator` WHERE `user` = 'admin' AND `grant` = 10 LIMIT 1   [ RunTime:0.0008s ]
SQL: SHOW COLUMNS FROM `zp_shuoming` [ RunTime:0.0250s ]
SQL: SELECT * FROM `zp_shuoming` WHERE ( sid=1 ) LIMIT 1   [ RunTime:0.0009s ]
INFO: [ view_parse ] --START--
INFO: [ template_filter ] --START--
INFO: Run Behavior\ContentReplaceBehavior [ RunTime:0.000289s ]
INFO: [ template_filter ] --END-- [ RunTime:0.000678s ]
INFO: Run Behavior\ParseTemplateBehavior [ RunTime:0.031144s ]
INFO: [ view_parse ] --END-- [ RunTime:0.031539s ]
INFO: [ view_filter ] --START--
INFO: Run Behavior\WriteHtmlCacheBehavior [ RunTime:0.001976s ]
INFO: [ view_filter ] --END-- [ RunTime:0.002376s ]
INFO: [ app_end ] --START--
INFO: Run Behavior\ShowPageTraceBehavior [ RunTime:0.002296s ]
INFO: [ app_end ] --END-- [ RunTime:0.002646s ]

[ 2016-02-24T00:44:47+08:00 ] ::1 /zhaopin/index.php/admin/Smanager/information.html
INFO: [ app_init ] --START--
INFO: Run Behavior\BuildLiteBehavior [ RunTime:0.000026s ]
INFO: [ app_init ] --END-- [ RunTime:0.000862s ]
INFO: [ app_begin ] --START--
INFO: Run Behavior\ReadHtmlCacheBehavior [ RunTime:0.000950s ]
INFO: [ app_begin ] --END-- [ RunTime:0.001103s ]
SQL: SHOW COLUMNS FROM `zp_administrator` [ RunTime:0.0108s ]
SQL: SELECT * FROM `zp_administrator` WHERE `user` = 'admin' AND `grant` = 10 LIMIT 1   [ RunTime:0.0004s ]
INFO: [ view_parse ] --START--
INFO: [ template_filter ] --START--
INFO: Run Behavior\ContentReplaceBehavior [ RunTime:0.000125s ]
INFO: [ template_filter ] --END-- [ RunTime:0.000264s ]
INFO: Run Behavior\ParseTemplateBehavior [ RunTime:0.010380s ]
INFO: [ view_parse ] --END-- [ RunTime:0.010562s ]
INFO: [ view_filter ] --START--
INFO: Run Behavior\WriteHtmlCacheBehavior [ RunTime:0.000979s ]
INFO: [ view_filter ] --END-- [ RunTime:0.001258s ]
INFO: [ app_end ] --START--
INFO: Run Behavior\ShowPageTraceBehavior [ RunTime:0.001183s ]
INFO: [ app_end ] --END-- [ RunTime:0.001313s ]

[ 2016-02-24T00:45:13+08:00 ] ::1 /zhaopin/index.php/Admin/Smanager/new_information
INFO: [ app_init ] --START--
INFO: Run Behavior\BuildLiteBehavior [ RunTime:0.000028s ]
INFO: [ app_init ] --END-- [ RunTime:0.000583s ]
INFO: [ app_begin ] --START--
INFO: Run Behavior\ReadHtmlCacheBehavior [ RunTime:0.001075s ]
INFO: [ app_begin ] --END-- [ RunTime:0.001353s ]
SQL: SHOW COLUMNS FROM `zp_administrator` [ RunTime:0.0140s ]
SQL: SELECT * FROM `zp_administrator` WHERE `user` = 'admin' AND `grant` = 10 LIMIT 1   [ RunTime:0.0004s ]
SQL: SHOW COLUMNS FROM `zp_information` [ RunTime:0.0081s ]
SQL: INSERT INTO `zp_information` (`title`,`class`,`content`,`time`) VALUES ('2016年国际青年学者狮子山论坛','相关信息','　　以高水平学术论坛为载体，邀请50-100名具有拔尖人才实力或潜力且正处创新旺期的海内外青年才俊，来校考察并学术报告交流，让他们全方位深入了解华中农业大学，从而提升学校在国际青年学者中知名度和影响力，进而“引进一批、吸引一批、联络一批”，探索建立更具针对性的稳定引才渠道和机制。 ','2016-02-24') [ RunTime:0.1017s ]

[ 2016-02-24T00:45:13+08:00 ] ::1 /zhaopin/index.php/Admin/Smanager/index.html
INFO: [ app_init ] --START--
INFO: Run Behavior\BuildLiteBehavior [ RunTime:0.000573s ]
INFO: [ app_init ] --END-- [ RunTime:0.003413s ]
INFO: [ app_begin ] --START--
INFO: Run Behavior\ReadHtmlCacheBehavior [ RunTime:0.002175s ]
INFO: [ app_begin ] --END-- [ RunTime:0.002553s ]
SQL: SHOW COLUMNS FROM `zp_administrator` [ RunTime:0.0141s ]
SQL: SELECT * FROM `zp_administrator` WHERE `user` = 'admin' AND `grant` = 10 LIMIT 1   [ RunTime:0.0010s ]
SQL: SHOW COLUMNS FROM `zp_shuoming` [ RunTime:0.0197s ]
SQL: SELECT * FROM `zp_shuoming` WHERE ( sid=1 ) LIMIT 1   [ RunTime:0.0008s ]
INFO: [ view_parse ] --START--
INFO: [ template_filter ] --START--
INFO: Run Behavior\ContentReplaceBehavior [ RunTime:0.000248s ]
INFO: [ template_filter ] --END-- [ RunTime:0.000620s ]
INFO: Run Behavior\ParseTemplateBehavior [ RunTime:0.026986s ]
INFO: [ view_parse ] --END-- [ RunTime:0.027356s ]
INFO: [ view_filter ] --START--
INFO: Run Behavior\WriteHtmlCacheBehavior [ RunTime:0.001675s ]
INFO: [ view_filter ] --END-- [ RunTime:0.002004s ]
INFO: [ app_end ] --START--
INFO: Run Behavior\ShowPageTraceBehavior [ RunTime:0.002290s ]
INFO: [ app_end ] --END-- [ RunTime:0.002609s ]

[ 2016-02-24T00:45:20+08:00 ] ::1 /zhaopin/index.php/admin/Smanager/information.html
INFO: [ app_init ] --START--
INFO: Run Behavior\BuildLiteBehavior [ RunTime:0.000027s ]
INFO: [ app_init ] --END-- [ RunTime:0.000643s ]
INFO: [ app_begin ] --START--
INFO: Run Behavior\ReadHtmlCacheBehavior [ RunTime:0.000764s ]
INFO: [ app_begin ] --END-- [ RunTime:0.000887s ]
SQL: SHOW COLUMNS FROM `zp_administrator` [ RunTime:0.0113s ]
SQL: SELECT * FROM `zp_administrator` WHERE `user` = 'admin' AND `grant` = 10 LIMIT 1   [ RunTime:0.0004s ]
INFO: [ view_parse ] --START--
INFO: [ template_filter ] --START--
INFO: Run Behavior\ContentReplaceBehavior [ RunTime:0.000095s ]
INFO: [ template_filter ] --END-- [ RunTime:0.000217s ]
INFO: Run Behavior\ParseTemplateBehavior [ RunTime:0.009786s ]
INFO: [ view_parse ] --END-- [ RunTime:0.009928s ]
INFO: [ view_filter ] --START--
INFO: Run Behavior\WriteHtmlCacheBehavior [ RunTime:0.001713s ]
INFO: [ view_filter ] --END-- [ RunTime:0.001862s ]
INFO: [ app_end ] --START--
INFO: Run Behavior\ShowPageTraceBehavior [ RunTime:0.000944s ]
INFO: [ app_end ] --END-- [ RunTime:0.001113s ]

[ 2016-02-24T00:45:48+08:00 ] ::1 /zhaopin/index.php/Admin/Smanager/new_information
INFO: [ app_init ] --START--
INFO: Run Behavior\BuildLiteBehavior [ RunTime:0.000078s ]
INFO: [ app_init ] --END-- [ RunTime:0.001196s ]
INFO: [ app_begin ] --START--
INFO: Run Behavior\ReadHtmlCacheBehavior [ RunTime:0.000903s ]
INFO: [ app_begin ] --END-- [ RunTime:0.001076s ]
SQL: SHOW COLUMNS FROM `zp_administrator` [ RunTime:0.0135s ]
SQL: SELECT * FROM `zp_administrator` WHERE `user` = 'admin' AND `grant` = 10 LIMIT 1   [ RunTime:0.0004s ]
SQL: SHOW COLUMNS FROM `zp_information` [ RunTime:0.0098s ]
SQL: INSERT INTO `zp_information` (`title`,`class`,`content`,`time`) VALUES ('日程安排','活动','　　2016年4月30日前，接受申请，分批确定并邀请;
　　2016年5月31日，确定参会人员和具体安排；
　　2016年6月24日，参会人员报到；
　　2016年6月25-26日，论坛报告、交流考察、签意向聘约。','2016-02-24') [ RunTime:0.0987s ]

[ 2016-02-24T00:45:48+08:00 ] ::1 /zhaopin/index.php/Admin/Smanager/index.html
INFO: [ app_init ] --START--
INFO: Run Behavior\BuildLiteBehavior [ RunTime:0.000030s ]
INFO: [ app_init ] --END-- [ RunTime:0.000713s ]
INFO: [ app_begin ] --START--
INFO: Run Behavior\ReadHtmlCacheBehavior [ RunTime:0.001023s ]
INFO: [ app_begin ] --END-- [ RunTime:0.001191s ]
SQL: SHOW COLUMNS FROM `zp_administrator` [ RunTime:0.0070s ]
SQL: SELECT * FROM `zp_administrator` WHERE `user` = 'admin' AND `grant` = 10 LIMIT 1   [ RunTime:0.0004s ]
SQL: SHOW COLUMNS FROM `zp_shuoming` [ RunTime:0.0073s ]
SQL: SELECT * FROM `zp_shuoming` WHERE ( sid=1 ) LIMIT 1   [ RunTime:0.0004s ]
INFO: [ view_parse ] --START--
INFO: [ template_filter ] --START--
INFO: Run Behavior\ContentReplaceBehavior [ RunTime:0.000115s ]
INFO: [ template_filter ] --END-- [ RunTime:0.000282s ]
INFO: Run Behavior\ParseTemplateBehavior [ RunTime:0.010772s ]
INFO: [ view_parse ] --END-- [ RunTime:0.010934s ]
INFO: [ view_filter ] --START--
INFO: Run Behavior\WriteHtmlCacheBehavior [ RunTime:0.000757s ]
INFO: [ view_filter ] --END-- [ RunTime:0.000978s ]
INFO: [ app_end ] --START--
INFO: Run Behavior\ShowPageTraceBehavior [ RunTime:0.000975s ]
INFO: [ app_end ] --END-- [ RunTime:0.001087s ]

[ 2016-02-24T22:18:32+08:00 ] ::1 /zhaopin/index.php/admin/Xerpert/index
INFO: [ app_init ] --START--
INFO: Run Behavior\BuildLiteBehavior [ RunTime:0.000144s ]
INFO: [ app_init ] --END-- [ RunTime:0.002765s ]
INFO: [ app_begin ] --START--
INFO: Run Behavior\ReadHtmlCacheBehavior [ RunTime:0.004356s ]
INFO: [ app_begin ] --END-- [ RunTime:0.004887s ]
ERR: 无法加载控制器:Xerpert

[ 2016-02-24T22:18:47+08:00 ] ::1 /zhaopin/index.php/Admin/Xerpert/index
INFO: [ app_init ] --START--
INFO: Run Behavior\BuildLiteBehavior [ RunTime:0.000110s ]
INFO: [ app_init ] --END-- [ RunTime:0.002812s ]
INFO: [ app_begin ] --START--
INFO: Run Behavior\ReadHtmlCacheBehavior [ RunTime:0.004247s ]
INFO: [ app_begin ] --END-- [ RunTime:0.004846s ]
ERR: 无法加载控制器:Xerpert

[ 2016-02-24T22:19:16+08:00 ] ::1 /zhaopin/index.php/Admin/Xexpert/index
INFO: [ app_init ] --START--
INFO: Run Behavior\BuildLiteBehavior [ RunTime:0.000105s ]
INFO: [ app_init ] --END-- [ RunTime:0.006970s ]
INFO: [ app_begin ] --START--
INFO: Run Behavior\ReadHtmlCacheBehavior [ RunTime:0.005098s ]
INFO: [ app_begin ] --END-- [ RunTime:0.005682s ]

[ 2016-02-24T22:19:16+08:00 ] ::1 /zhaopin/index.php/Admin/Login/login.html
INFO: [ app_init ] --START--
INFO: Run Behavior\BuildLiteBehavior [ RunTime:0.000147s ]
INFO: [ app_init ] --END-- [ RunTime:0.003267s ]
INFO: [ app_begin ] --START--
INFO: Run Behavior\ReadHtmlCacheBehavior [ RunTime:0.007073s ]
INFO: [ app_begin ] --END-- [ RunTime:0.007677s ]
INFO: [ view_parse ] --START--
INFO: [ template_filter ] --START--
INFO: Run Behavior\ContentReplaceBehavior [ RunTime:0.000376s ]
INFO: [ template_filter ] --END-- [ RunTime:0.000989s ]
INFO: Run Behavior\ParseTemplateBehavior [ RunTime:0.105299s ]
INFO: [ view_parse ] --END-- [ RunTime:0.106228s ]
INFO: [ view_filter ] --START--
INFO: Run Behavior\WriteHtmlCacheBehavior [ RunTime:0.008169s ]
INFO: [ view_filter ] --END-- [ RunTime:0.008707s ]
INFO: [ app_end ] --START--
INFO: Run Behavior\ShowPageTraceBehavior [ RunTime:0.016144s ]
INFO: [ app_end ] --END-- [ RunTime:0.016672s ]

[ 2016-02-24T22:21:01+08:00 ] ::1 /zhaopin/index.php/Admin/Login/do_login
INFO: [ app_init ] --START--
INFO: Run Behavior\BuildLiteBehavior [ RunTime:0.000113s ]
INFO: [ app_init ] --END-- [ RunTime:0.002489s ]
INFO: [ app_begin ] --START--
INFO: Run Behavior\ReadHtmlCacheBehavior [ RunTime:0.004163s ]
INFO: [ app_begin ] --END-- [ RunTime:0.004782s ]
SQL: SHOW COLUMNS FROM `zp_professior` [ RunTime:0.3527s ]
SQL: SELECT * FROM `zp_professior` WHERE `user` = 'w1' AND `password` = 'w1' LIMIT 1   [ RunTime:0.0012s ]

[ 2016-02-24T22:21:02+08:00 ] ::1 /zhaopin/index.php/Admin/Xexpert/index.html
INFO: [ app_init ] --START--
INFO: Run Behavior\BuildLiteBehavior [ RunTime:0.000181s ]
INFO: [ app_init ] --END-- [ RunTime:0.002632s ]
INFO: [ app_begin ] --START--
INFO: Run Behavior\ReadHtmlCacheBehavior [ RunTime:0.004384s ]
INFO: [ app_begin ] --END-- [ RunTime:0.004916s ]
SQL: SHOW COLUMNS FROM `zp_professior` [ RunTime:0.0265s ]
SQL: SELECT * FROM `zp_professior` WHERE `user` = 'w1' AND `grant` = 3 LIMIT 1   [ RunTime:0.0011s ]
SQL: SELECT * FROM `zp_professior` WHERE `user` = 'w1' LIMIT 1   [ RunTime:0.0008s ]
SQL: SHOW COLUMNS FROM `zp_application` [ RunTime:0.0195s ]
SQL: SHOW COLUMNS FROM `zp_zjform` [ RunTime:0.0235s ]
SQL: SELECT * FROM `zp_zjform` WHERE `pid` = 18 AND `state` = 2  [ RunTime:0.0007s ]
SQL: SELECT * FROM `zp_application` WHERE `numid` = 9 LIMIT 1   [ RunTime:0.0012s ]
SQL: SELECT * FROM `zp_application` WHERE `numid` = 10 LIMIT 1   [ RunTime:0.0029s ]
INFO: [ view_parse ] --START--
INFO: [ template_filter ] --START--
INFO: Run Behavior\ContentReplaceBehavior [ RunTime:0.000375s ]
INFO: [ template_filter ] --END-- [ RunTime:0.001389s ]
INFO: Run Behavior\ParseTemplateBehavior [ RunTime:0.072223s ]
INFO: [ view_parse ] --END-- [ RunTime:0.072853s ]
INFO: [ view_filter ] --START--
INFO: Run Behavior\WriteHtmlCacheBehavior [ RunTime:0.003526s ]
INFO: [ view_filter ] --END-- [ RunTime:0.004407s ]
INFO: [ app_end ] --START--
INFO: Run Behavior\ShowPageTraceBehavior [ RunTime:0.008435s ]
INFO: [ app_end ] --END-- [ RunTime:0.009271s ]

[ 2016-02-24T22:26:03+08:00 ] ::1 /zhaopin/index.php/Admin/Xexpert/shouye.html
INFO: [ app_init ] --START--
INFO: Run Behavior\BuildLiteBehavior [ RunTime:0.000092s ]
INFO: [ app_init ] --END-- [ RunTime:0.002030s ]
INFO: [ app_begin ] --START--
INFO: Run Behavior\ReadHtmlCacheBehavior [ RunTime:0.002663s ]
INFO: [ app_begin ] --END-- [ RunTime:0.003136s ]
SQL: SHOW COLUMNS FROM `zp_professior` [ RunTime:0.0745s ]
SQL: SELECT * FROM `zp_professior` WHERE `user` = 'w1' AND `grant` = 3 LIMIT 1   [ RunTime:0.0011s ]
INFO: [ view_parse ] --START--
INFO: [ template_filter ] --START--
INFO: Run Behavior\ContentReplaceBehavior [ RunTime:0.000299s ]
INFO: [ template_filter ] --END-- [ RunTime:0.000862s ]
NOTIC: [8] Undefined variable: list E:\ruanjian\wamp\www\zhaopin\Application\Runtime\Cache\Admin\e2cbfb8a8533f0a183bf329f0d8d600d.php 第 49 行.
INFO: Run Behavior\ParseTemplateBehavior [ RunTime:0.165240s ]
INFO: [ view_parse ] --END-- [ RunTime:0.165768s ]
INFO: [ view_filter ] --START--
INFO: Run Behavior\WriteHtmlCacheBehavior [ RunTime:0.002842s ]
INFO: [ view_filter ] --END-- [ RunTime:0.003394s ]
INFO: [ app_end ] --START--
INFO: Run Behavior\ShowPageTraceBehavior [ RunTime:0.002704s ]
INFO: [ app_end ] --END-- [ RunTime:0.003139s ]

[ 2016-02-24T22:27:28+08:00 ] ::1 /zhaopin/index.php/admin/Login/login
INFO: [ app_init ] --START--
INFO: Run Behavior\BuildLiteBehavior [ RunTime:0.000095s ]
INFO: [ app_init ] --END-- [ RunTime:0.002593s ]
INFO: [ app_begin ] --START--
INFO: Run Behavior\ReadHtmlCacheBehavior [ RunTime:0.002804s ]
INFO: [ app_begin ] --END-- [ RunTime:0.003278s ]
INFO: [ view_parse ] --START--
INFO: [ template_filter ] --START--
INFO: Run Behavior\ContentReplaceBehavior [ RunTime:0.000267s ]
INFO: [ template_filter ] --END-- [ RunTime:0.000766s ]
INFO: Run Behavior\ParseTemplateBehavior [ RunTime:0.061150s ]
INFO: [ view_parse ] --END-- [ RunTime:0.061903s ]
INFO: [ view_filter ] --START--
INFO: Run Behavior\WriteHtmlCacheBehavior [ RunTime:0.002196s ]
INFO: [ view_filter ] --END-- [ RunTime:0.002649s ]
INFO: [ app_end ] --START--
INFO: Run Behavior\ShowPageTraceBehavior [ RunTime:0.002577s ]
INFO: [ app_end ] --END-- [ RunTime:0.003032s ]

[ 2016-02-24T22:27:38+08:00 ] ::1 /zhaopin/index.php/Admin/Login/do_login
INFO: [ app_init ] --START--
INFO: Run Behavior\BuildLiteBehavior [ RunTime:0.000092s ]
INFO: [ app_init ] --END-- [ RunTime:0.001897s ]
INFO: [ app_begin ] --START--
INFO: Run Behavior\ReadHtmlCacheBehavior [ RunTime:0.003724s ]
INFO: [ app_begin ] --END-- [ RunTime:0.004351s ]
INFO: [ app_end ] --START--
INFO: Run Behavior\ShowPageTraceBehavior [ RunTime:0.002861s ]
INFO: [ app_end ] --END-- [ RunTime:0.003434s ]

[ 2016-02-24T22:27:45+08:00 ] ::1 /zhaopin/index.php/Admin/Login/do_login
INFO: [ app_init ] --START--
INFO: Run Behavior\BuildLiteBehavior [ RunTime:0.000092s ]
INFO: [ app_init ] --END-- [ RunTime:0.001837s ]
INFO: [ app_begin ] --START--
INFO: Run Behavior\ReadHtmlCacheBehavior [ RunTime:0.002507s ]
INFO: [ app_begin ] --END-- [ RunTime:0.002974s ]
INFO: [ app_end ] --START--
INFO: Run Behavior\ShowPageTraceBehavior [ RunTime:0.004704s ]
INFO: [ app_end ] --END-- [ RunTime:0.005205s ]

[ 2016-02-24T22:27:49+08:00 ] ::1 /zhaopin/index.php/admin/Login/login
INFO: [ app_init ] --START--
INFO: Run Behavior\BuildLiteBehavior [ RunTime:0.000119s ]
INFO: [ app_init ] --END-- [ RunTime:0.002501s ]
INFO: [ app_begin ] --START--
INFO: Run Behavior\ReadHtmlCacheBehavior [ RunTime:0.003400s ]
INFO: [ app_begin ] --END-- [ RunTime:0.003996s ]
INFO: [ view_parse ] --START--
INFO: [ template_filter ] --START--
INFO: Run Behavior\ContentReplaceBehavior [ RunTime:0.000187s ]
INFO: [ template_filter ] --END-- [ RunTime:0.000535s ]
INFO: Run Behavior\ParseTemplateBehavior [ RunTime:0.016879s ]
INFO: [ view_parse ] --END-- [ RunTime:0.017210s ]
INFO: [ view_filter ] --START--
INFO: Run Behavior\WriteHtmlCacheBehavior [ RunTime:0.002297s ]
INFO: [ view_filter ] --END-- [ RunTime:0.003405s ]
INFO: [ app_end ] --START--
INFO: Run Behavior\ShowPageTraceBehavior [ RunTime:0.001922s ]
INFO: [ app_end ] --END-- [ RunTime:0.002232s ]

[ 2016-02-24T22:27:57+08:00 ] ::1 /zhaopin/index.php/Admin/Login/do_login
INFO: [ app_init ] --START--
INFO: Run Behavior\BuildLiteBehavior [ RunTime:0.000115s ]
INFO: [ app_init ] --END-- [ RunTime:0.003213s ]
INFO: [ app_begin ] --START--
INFO: Run Behavior\ReadHtmlCacheBehavior [ RunTime:0.004452s ]
INFO: [ app_begin ] --END-- [ RunTime:0.005108s ]
SQL: SHOW COLUMNS FROM `zp_professior` [ RunTime:0.0529s ]
SQL: SELECT * FROM `zp_professior` WHERE `user` = 'w1' AND `password` = 'w1' LIMIT 1   [ RunTime:0.0008s ]

[ 2016-02-24T22:27:58+08:00 ] ::1 /zhaopin/index.php/Admin/Xexpert/index.html
INFO: [ app_init ] --START--
INFO: Run Behavior\BuildLiteBehavior [ RunTime:0.000064s ]
INFO: [ app_init ] --END-- [ RunTime:0.001266s ]
INFO: [ app_begin ] --START--
INFO: Run Behavior\ReadHtmlCacheBehavior [ RunTime:0.002975s ]
INFO: [ app_begin ] --END-- [ RunTime:0.003297s ]
SQL: SHOW COLUMNS FROM `zp_professior` [ RunTime:0.0124s ]
SQL: SELECT * FROM `zp_professior` WHERE `user` = 'w1' AND `grant` = 3 LIMIT 1   [ RunTime:0.0008s ]
SQL: SELECT * FROM `zp_professior` WHERE `user` = 'w1' LIMIT 1   [ RunTime:0.0006s ]
SQL: SHOW COLUMNS FROM `zp_application` [ RunTime:0.0140s ]
SQL: SHOW COLUMNS FROM `zp_zjform` [ RunTime:0.0129s ]
SQL: SELECT * FROM `zp_zjform` WHERE `pid` = 18 AND `state` = 2  [ RunTime:0.0006s ]
SQL: SELECT * FROM `zp_application` WHERE `numid` = 9 LIMIT 1   [ RunTime:0.0006s ]
SQL: SELECT * FROM `zp_application` WHERE `numid` = 10 LIMIT 1   [ RunTime:0.0005s ]
INFO: [ view_parse ] --START--
INFO: [ template_filter ] --START--
INFO: Run Behavior\ContentReplaceBehavior [ RunTime:0.000253s ]
INFO: [ template_filter ] --END-- [ RunTime:0.000733s ]
INFO: Run Behavior\ParseTemplateBehavior [ RunTime:0.033307s ]
INFO: [ view_parse ] --END-- [ RunTime:0.033667s ]
INFO: [ view_filter ] --START--
INFO: Run Behavior\WriteHtmlCacheBehavior [ RunTime:0.001913s ]
INFO: [ view_filter ] --END-- [ RunTime:0.002276s ]
INFO: [ app_end ] --START--
INFO: Run Behavior\ShowPageTraceBehavior [ RunTime:0.002707s ]
INFO: [ app_end ] --END-- [ RunTime:0.003155s ]

[ 2016-02-24T22:37:13+08:00 ] ::1 /zhaopin/index.php/admin/Xexpert/index.html
INFO: [ app_init ] --START--
INFO: Run Behavior\BuildLiteBehavior [ RunTime:0.000092s ]
INFO: [ app_init ] --END-- [ RunTime:0.002030s ]
INFO: [ app_begin ] --START--
INFO: Run Behavior\ReadHtmlCacheBehavior [ RunTime:0.002699s ]
INFO: [ app_begin ] --END-- [ RunTime:0.003178s ]
SQL: SHOW COLUMNS FROM `zp_professior` [ RunTime:0.2200s ]
SQL: SELECT * FROM `zp_professior` WHERE `user` = 'w1' AND `grant` = 3 LIMIT 1   [ RunTime:0.0015s ]
SQL: SELECT * FROM `zp_professior` WHERE `user` = 'w1' LIMIT 1   [ RunTime:0.0011s ]
SQL: SHOW COLUMNS FROM `zp_application` [ RunTime:0.1890s ]
SQL: SHOW COLUMNS FROM `zp_zjform` [ RunTime:0.1254s ]
SQL: SELECT * FROM `zp_zjform` WHERE `pid` = 18 AND `state` = 2  [ RunTime:0.0009s ]
SQL: SELECT * FROM `zp_application` WHERE `numid` = 9 LIMIT 1   [ RunTime:0.0011s ]
SQL: SELECT * FROM `zp_application` WHERE `numid` = 10 LIMIT 1   [ RunTime:0.0009s ]
INFO: [ view_parse ] --START--
INFO: [ template_filter ] --START--
INFO: Run Behavior\ContentReplaceBehavior [ RunTime:0.000286s ]
INFO: [ template_filter ] --END-- [ RunTime:0.000767s ]
INFO: Run Behavior\ParseTemplateBehavior [ RunTime:0.057599s ]
INFO: [ view_parse ] --END-- [ RunTime:0.058888s ]
INFO: [ view_filter ] --START--
INFO: Run Behavior\WriteHtmlCacheBehavior [ RunTime:0.002792s ]
INFO: [ view_filter ] --END-- [ RunTime:0.003245s ]
INFO: [ app_end ] --START--
INFO: Run Behavior\ShowPageTraceBehavior [ RunTime:0.003014s ]
INFO: [ app_end ] --END-- [ RunTime:0.003528s ]

[ 2016-02-24T22:37:49+08:00 ] ::1 /zhaopin/index.php/admin/Xexpert/shouye.html
INFO: [ app_init ] --START--
INFO: Run Behavior\BuildLiteBehavior [ RunTime:0.001612s ]
INFO: [ app_init ] --END-- [ RunTime:0.004314s ]
INFO: [ app_begin ] --START--
INFO: Run Behavior\ReadHtmlCacheBehavior [ RunTime:0.002521s ]
INFO: [ app_begin ] --END-- [ RunTime:0.002998s ]
SQL: SHOW COLUMNS FROM `zp_professior` [ RunTime:0.6210s ]
SQL: SELECT * FROM `zp_professior` WHERE `user` = 'w1' AND `grant` = 3 LIMIT 1   [ RunTime:0.0010s ]
SQL: SELECT * FROM `zp_professior` WHERE `user` = 'w1' LIMIT 1   [ RunTime:0.0010s ]
SQL: SHOW COLUMNS FROM `zp_application` [ RunTime:1.4411s ]
SQL: SHOW COLUMNS FROM `zp_zjform` [ RunTime:0.1119s ]
SQL: SELECT * FROM `zp_zjform` WHERE `pid` = 18  [ RunTime:0.0007s ]
SQL: SELECT * FROM `zp_application` WHERE `numid` = 9 LIMIT 1   [ RunTime:0.0011s ]
SQL: SELECT * FROM `zp_application` WHERE `numid` = 10 LIMIT 1   [ RunTime:0.0009s ]
INFO: [ view_parse ] --START--
INFO: [ template_filter ] --START--
INFO: Run Behavior\ContentReplaceBehavior [ RunTime:0.000274s ]
INFO: [ template_filter ] --END-- [ RunTime:0.000842s ]
INFO: Run Behavior\ParseTemplateBehavior [ RunTime:0.052774s ]
INFO: [ view_parse ] --END-- [ RunTime:0.053393s ]
INFO: [ view_filter ] --START--
INFO: Run Behavior\WriteHtmlCacheBehavior [ RunTime:0.002172s ]
INFO: [ view_filter ] --END-- [ RunTime:0.002622s ]
INFO: [ app_end ] --START--
INFO: Run Behavior\ShowPageTraceBehavior [ RunTime:0.002834s ]
INFO: [ app_end ] --END-- [ RunTime:0.003286s ]

[ 2016-02-24T22:38:27+08:00 ] ::1 /zhaopin/index.php/admin/Xexpert/shouye.html
INFO: [ app_init ] --START--
INFO: Run Behavior\BuildLiteBehavior [ RunTime:0.000094s ]
INFO: [ app_init ] --END-- [ RunTime:0.003249s ]
INFO: [ app_begin ] --START--
INFO: Run Behavior\ReadHtmlCacheBehavior [ RunTime:0.002492s ]
INFO: [ app_begin ] --END-- [ RunTime:0.002960s ]
SQL: SHOW COLUMNS FROM `zp_professior` [ RunTime:0.1326s ]
SQL: SELECT * FROM `zp_professior` WHERE `user` = 'w1' AND `grant` = 3 LIMIT 1   [ RunTime:0.0009s ]
SQL: SELECT * FROM `zp_professior` WHERE `user` = 'w1' LIMIT 1   [ RunTime:0.0008s ]
SQL: SHOW COLUMNS FROM `zp_application` [ RunTime:0.0481s ]
SQL: SHOW COLUMNS FROM `zp_zjform` [ RunTime:0.0910s ]
SQL: SELECT * FROM `zp_zjform` WHERE `pid` = 18  [ RunTime:0.0007s ]
SQL: SELECT * FROM `zp_application` WHERE `numid` = 9 LIMIT 1   [ RunTime:0.0011s ]
SQL: SELECT * FROM `zp_application` WHERE `numid` = 10 LIMIT 1   [ RunTime:0.0009s ]
INFO: [ view_parse ] --START--
INFO: [ template_filter ] --START--
INFO: Run Behavior\ContentReplaceBehavior [ RunTime:0.000278s ]
INFO: [ template_filter ] --END-- [ RunTime:0.001084s ]
INFO: Run Behavior\ParseTemplateBehavior [ RunTime:0.047191s ]
INFO: [ view_parse ] --END-- [ RunTime:0.047715s ]
INFO: [ view_filter ] --START--
INFO: Run Behavior\WriteHtmlCacheBehavior [ RunTime:0.002026s ]
INFO: [ view_filter ] --END-- [ RunTime:0.002471s ]
INFO: [ app_end ] --START--
INFO: Run Behavior\ShowPageTraceBehavior [ RunTime:0.002920s ]
INFO: [ app_end ] --END-- [ RunTime:0.003488s ]

[ 2016-02-24T22:38:41+08:00 ] ::1 /zhaopin/index.php/admin/Xexpert/
INFO: [ app_init ] --START--
INFO: Run Behavior\BuildLiteBehavior [ RunTime:0.000091s ]
INFO: [ app_init ] --END-- [ RunTime:0.002001s ]
INFO: [ app_begin ] --START--
INFO: Run Behavior\ReadHtmlCacheBehavior [ RunTime:0.002517s ]
INFO: [ app_begin ] --END-- [ RunTime:0.002986s ]
SQL: SHOW COLUMNS FROM `zp_professior` [ RunTime:0.0849s ]
SQL: SELECT * FROM `zp_professior` WHERE `user` = 'w1' AND `grant` = 3 LIMIT 1   [ RunTime:0.0010s ]
SQL: SELECT * FROM `zp_professior` WHERE `user` = 'w1' LIMIT 1   [ RunTime:0.0010s ]
SQL: SHOW COLUMNS FROM `zp_application` [ RunTime:0.1703s ]
SQL: SHOW COLUMNS FROM `zp_zjform` [ RunTime:0.1020s ]
SQL: SELECT * FROM `zp_zjform` WHERE `pid` = 18 AND `state` = 2  [ RunTime:0.0009s ]
SQL: SELECT * FROM `zp_application` WHERE `numid` = 9 LIMIT 1   [ RunTime:0.0011s ]
SQL: SELECT * FROM `zp_application` WHERE `numid` = 10 LIMIT 1   [ RunTime:0.0009s ]
INFO: [ view_parse ] --START--
INFO: [ template_filter ] --START--
INFO: Run Behavior\ContentReplaceBehavior [ RunTime:0.000285s ]
INFO: [ template_filter ] --END-- [ RunTime:0.000772s ]
INFO: Run Behavior\ParseTemplateBehavior [ RunTime:0.052875s ]
INFO: [ view_parse ] --END-- [ RunTime:0.053477s ]
INFO: [ view_filter ] --START--
INFO: Run Behavior\WriteHtmlCacheBehavior [ RunTime:0.002685s ]
INFO: [ view_filter ] --END-- [ RunTime:0.003255s ]
INFO: [ app_end ] --START--
INFO: Run Behavior\ShowPageTraceBehavior [ RunTime:0.003439s ]
INFO: [ app_end ] --END-- [ RunTime:0.003962s ]

[ 2016-02-24T22:38:43+08:00 ] ::1 /zhaopin/index.php/admin/Xexpert/index.html
INFO: [ app_init ] --START--
INFO: Run Behavior\BuildLiteBehavior [ RunTime:0.000167s ]
INFO: [ app_init ] --END-- [ RunTime:0.002250s ]
INFO: [ app_begin ] --START--
INFO: Run Behavior\ReadHtmlCacheBehavior [ RunTime:0.002585s ]
INFO: [ app_begin ] --END-- [ RunTime:0.003062s ]
SQL: SHOW COLUMNS FROM `zp_professior` [ RunTime:0.1112s ]
SQL: SELECT * FROM `zp_professior` WHERE `user` = 'w1' AND `grant` = 3 LIMIT 1   [ RunTime:0.0010s ]
SQL: SELECT * FROM `zp_professior` WHERE `user` = 'w1' LIMIT 1   [ RunTime:0.0009s ]
SQL: SHOW COLUMNS FROM `zp_application` [ RunTime:0.0603s ]
SQL: SHOW COLUMNS FROM `zp_zjform` [ RunTime:0.1067s ]
SQL: SELECT * FROM `zp_zjform` WHERE `pid` = 18 AND `state` = 2  [ RunTime:0.0010s ]
SQL: SELECT * FROM `zp_application` WHERE `numid` = 9 LIMIT 1   [ RunTime:0.0010s ]
SQL: SELECT * FROM `zp_application` WHERE `numid` = 10 LIMIT 1   [ RunTime:0.0007s ]
INFO: [ view_parse ] --START--
INFO: [ template_filter ] --START--
INFO: Run Behavior\ContentReplaceBehavior [ RunTime:0.000287s ]
INFO: [ template_filter ] --END-- [ RunTime:0.000781s ]
INFO: Run Behavior\ParseTemplateBehavior [ RunTime:0.055202s ]
INFO: [ view_parse ] --END-- [ RunTime:0.055771s ]
INFO: [ view_filter ] --START--
INFO: Run Behavior\WriteHtmlCacheBehavior [ RunTime:0.003235s ]
INFO: [ view_filter ] --END-- [ RunTime:0.003690s ]
INFO: [ app_end ] --START--
INFO: Run Behavior\ShowPageTraceBehavior [ RunTime:0.002580s ]
INFO: [ app_end ] --END-- [ RunTime:0.003033s ]

[ 2016-02-24T22:38:45+08:00 ] ::1 /zhaopin/index.php/admin/Xexpert/none.html
INFO: [ app_init ] --START--
INFO: Run Behavior\BuildLiteBehavior [ RunTime:0.000115s ]
INFO: [ app_init ] --END-- [ RunTime:0.002426s ]
INFO: [ app_begin ] --START--
INFO: Run Behavior\ReadHtmlCacheBehavior [ RunTime:0.003204s ]
INFO: [ app_begin ] --END-- [ RunTime:0.007465s ]
SQL: SHOW COLUMNS FROM `zp_professior` [ RunTime:0.0424s ]
SQL: SELECT * FROM `zp_professior` WHERE `user` = 'w1' AND `grant` = 3 LIMIT 1   [ RunTime:0.0012s ]
SQL: SELECT * FROM `zp_professior` WHERE `user` = 'w1' LIMIT 1   [ RunTime:0.0007s ]
SQL: SHOW COLUMNS FROM `zp_application` [ RunTime:0.1388s ]
SQL: SHOW COLUMNS FROM `zp_zjform` [ RunTime:0.0886s ]
SQL: SELECT * FROM `zp_zjform` WHERE `pid` = 18 AND `state` = 1  [ RunTime:0.0013s ]
NOTIC: [8] Undefined variable: strings E:\ruanjian\wamp\www\zhaopin\Application\Admin\Controller\XexpertController.class.php 第 164 行.
INFO: [ view_parse ] --START--
INFO: [ template_filter ] --START--
INFO: Run Behavior\ContentReplaceBehavior [ RunTime:0.000197s ]
INFO: [ template_filter ] --END-- [ RunTime:0.000587s ]
INFO: Run Behavior\ParseTemplateBehavior [ RunTime:0.031028s ]
INFO: [ view_parse ] --END-- [ RunTime:0.031365s ]
INFO: [ view_filter ] --START--
INFO: Run Behavior\WriteHtmlCacheBehavior [ RunTime:0.001423s ]
INFO: [ view_filter ] --END-- [ RunTime:0.001727s ]
INFO: [ app_end ] --START--
INFO: Run Behavior\ShowPageTraceBehavior [ RunTime:0.001746s ]
INFO: [ app_end ] --END-- [ RunTime:0.002046s ]

[ 2016-02-24T22:38:49+08:00 ] ::1 /zhaopin/index.php/admin/Xexpert/cancle.html
INFO: [ app_init ] --START--
INFO: Run Behavior\BuildLiteBehavior [ RunTime:0.000120s ]
INFO: [ app_init ] --END-- [ RunTime:0.003123s ]
INFO: [ app_begin ] --START--
INFO: Run Behavior\ReadHtmlCacheBehavior [ RunTime:0.003746s ]
INFO: [ app_begin ] --END-- [ RunTime:0.004319s ]
SQL: SHOW COLUMNS FROM `zp_professior` [ RunTime:1.8793s ]
SQL: SELECT * FROM `zp_professior` WHERE `user` = 'w1' AND `grant` = 3 LIMIT 1   [ RunTime:0.0011s ]
SQL: SELECT * FROM `zp_professior` WHERE `user` = 'w1' LIMIT 1   [ RunTime:0.0010s ]
SQL: SHOW COLUMNS FROM `zp_application` [ RunTime:0.0908s ]
SQL: SHOW COLUMNS FROM `zp_zjform` [ RunTime:0.5065s ]
SQL: SELECT * FROM `zp_zjform` WHERE `pid` = 18 AND `state` = 3  [ RunTime:0.0009s ]
NOTIC: [8] Undefined variable: strings E:\ruanjian\wamp\www\zhaopin\Application\Admin\Controller\XexpertController.class.php 第 188 行.
INFO: [ view_parse ] --START--
INFO: [ template_filter ] --START--
INFO: Run Behavior\ContentReplaceBehavior [ RunTime:0.000459s ]
INFO: [ template_filter ] --END-- [ RunTime:0.001491s ]
INFO: Run Behavior\ParseTemplateBehavior [ RunTime:0.049316s ]
INFO: [ view_parse ] --END-- [ RunTime:0.049849s ]
INFO: [ view_filter ] --START--
INFO: Run Behavior\WriteHtmlCacheBehavior [ RunTime:0.003398s ]
INFO: [ view_filter ] --END-- [ RunTime:0.003932s ]
INFO: [ app_end ] --START--
INFO: Run Behavior\ShowPageTraceBehavior [ RunTime:0.003947s ]
INFO: [ app_end ] --END-- [ RunTime:0.004415s ]

[ 2016-02-24T22:39:53+08:00 ] ::1 /zhaopin/index.php/admin/Xexpert/index.html
INFO: [ app_init ] --START--
INFO: Run Behavior\BuildLiteBehavior [ RunTime:0.000097s ]
INFO: [ app_init ] --END-- [ RunTime:0.001923s ]
INFO: [ app_begin ] --START--
INFO: Run Behavior\ReadHtmlCacheBehavior [ RunTime:0.003088s ]
INFO: [ app_begin ] --END-- [ RunTime:0.003575s ]
SQL: SHOW COLUMNS FROM `zp_professior` [ RunTime:0.3279s ]
SQL: SELECT * FROM `zp_professior` WHERE `user` = 'w1' AND `grant` = 3 LIMIT 1   [ RunTime:0.0021s ]
SQL: SELECT * FROM `zp_professior` WHERE `user` = 'w1' LIMIT 1   [ RunTime:0.0012s ]
SQL: SHOW COLUMNS FROM `zp_application` [ RunTime:2.3636s ]
SQL: SHOW COLUMNS FROM `zp_zjform` [ RunTime:0.2482s ]
SQL: SELECT * FROM `zp_zjform` WHERE `pid` = 18 AND `state` = 2  [ RunTime:0.0011s ]
SQL: SELECT * FROM `zp_application` WHERE `numid` = 9 LIMIT 1   [ RunTime:0.0016s ]
SQL: SELECT * FROM `zp_application` WHERE `numid` = 10 LIMIT 1   [ RunTime:0.0010s ]
INFO: [ view_parse ] --START--
INFO: [ template_filter ] --START--
INFO: Run Behavior\ContentReplaceBehavior [ RunTime:0.000352s ]
INFO: [ template_filter ] --END-- [ RunTime:0.000967s ]
INFO: Run Behavior\ParseTemplateBehavior [ RunTime:0.069874s ]
INFO: [ view_parse ] --END-- [ RunTime:0.070528s ]
INFO: [ view_filter ] --START--
INFO: Run Behavior\WriteHtmlCacheBehavior [ RunTime:0.002605s ]
INFO: [ view_filter ] --END-- [ RunTime:0.003070s ]
INFO: [ app_end ] --START--
INFO: Run Behavior\ShowPageTraceBehavior [ RunTime:0.008513s ]
INFO: [ app_end ] --END-- [ RunTime:0.009060s ]

