[ 2016-03-14T10:06:36+08:00 ] 180.153.81.163 /index.php/Admin/Login/login
INFO: [ app_init ] --START--
INFO: Run Behavior\BuildLiteBehavior [ RunTime:0.000000s ]
INFO: [ app_init ] --END-- [ RunTime:0.000000s ]
INFO: [ app_begin ] --START--
INFO: Run Behavior\ReadHtmlCacheBehavior [ RunTime:0.000000s ]
INFO: [ app_begin ] --END-- [ RunTime:0.000000s ]
INFO: [ view_parse ] --START--
INFO: [ template_filter ] --START--
INFO: Run Behavior\ContentReplaceBehavior [ RunTime:0.000000s ]
INFO: [ template_filter ] --END-- [ RunTime:0.000000s ]
INFO: Run Behavior\ParseTemplateBehavior [ RunTime:0.015625s ]
INFO: [ view_parse ] --END-- [ RunTime:0.015625s ]
INFO: [ view_filter ] --START--
INFO: Run Behavior\WriteHtmlCacheBehavior [ RunTime:0.000000s ]
INFO: [ view_filter ] --END-- [ RunTime:0.000000s ]
INFO: [ app_end ] --START--
INFO: Run Behavior\ShowPageTraceBehavior [ RunTime:0.000000s ]
INFO: [ app_end ] --END-- [ RunTime:0.000000s ]

[ 2016-03-14T10:06:44+08:00 ] 180.153.81.183 /index.php/Admin/Login/Sm_login.html
INFO: [ app_init ] --START--
INFO: Run Behavior\BuildLiteBehavior [ RunTime:0.000000s ]
INFO: [ app_init ] --END-- [ RunTime:0.000000s ]
INFO: [ app_begin ] --START--
INFO: Run Behavior\ReadHtmlCacheBehavior [ RunTime:0.000000s ]
INFO: [ app_begin ] --END-- [ RunTime:0.000000s ]
INFO: [ view_parse ] --START--
INFO: [ template_filter ] --START--
INFO: Run Behavior\ContentReplaceBehavior [ RunTime:0.000000s ]
INFO: [ template_filter ] --END-- [ RunTime:0.000000s ]
INFO: Run Behavior\ParseTemplateBehavior [ RunTime:0.015625s ]
INFO: [ view_parse ] --END-- [ RunTime:0.015625s ]
INFO: [ view_filter ] --START--
INFO: Run Behavior\WriteHtmlCacheBehavior [ RunTime:0.000000s ]
INFO: [ view_filter ] --END-- [ RunTime:0.000000s ]
INFO: [ app_end ] --START--
INFO: Run Behavior\ShowPageTraceBehavior [ RunTime:0.000000s ]
INFO: [ app_end ] --END-- [ RunTime:0.000000s ]

[ 2016-03-14T10:08:53+08:00 ] 122.205.66.39 /index.php/Admin/Login/Sm_login.html
INFO: [ app_init ] --START--
INFO: Run Behavior\BuildLiteBehavior [ RunTime:0.000000s ]
INFO: [ app_init ] --END-- [ RunTime:0.015625s ]
INFO: [ app_begin ] --START--
INFO: Run Behavior\ReadHtmlCacheBehavior [ RunTime:0.000000s ]
INFO: [ app_begin ] --END-- [ RunTime:0.000000s ]
INFO: [ view_parse ] --START--
INFO: [ template_filter ] --START--
INFO: Run Behavior\ContentReplaceBehavior [ RunTime:0.000000s ]
INFO: [ template_filter ] --END-- [ RunTime:0.000000s ]
INFO: Run Behavior\ParseTemplateBehavior [ RunTime:0.015625s ]
INFO: [ view_parse ] --END-- [ RunTime:0.015625s ]
INFO: [ view_filter ] --START--
INFO: Run Behavior\WriteHtmlCacheBehavior [ RunTime:0.000000s ]
INFO: [ view_filter ] --END-- [ RunTime:0.000000s ]
INFO: [ app_end ] --START--
INFO: Run Behavior\ShowPageTraceBehavior [ RunTime:0.000000s ]
INFO: [ app_end ] --END-- [ RunTime:0.000000s ]

[ 2016-03-14T10:08:53+08:00 ] 180.153.214.199 /index.php/Admin/Login/Sm_login.html
INFO: [ app_init ] --START--
INFO: Run Behavior\BuildLiteBehavior [ RunTime:0.000000s ]
INFO: [ app_init ] --END-- [ RunTime:0.000000s ]
INFO: [ app_begin ] --START--
INFO: Run Behavior\ReadHtmlCacheBehavior [ RunTime:0.000000s ]
INFO: [ app_begin ] --END-- [ RunTime:0.000000s ]
INFO: [ view_parse ] --START--
INFO: [ template_filter ] --START--
INFO: Run Behavior\ContentReplaceBehavior [ RunTime:0.000000s ]
INFO: [ template_filter ] --END-- [ RunTime:0.000000s ]
INFO: Run Behavior\ParseTemplateBehavior [ RunTime:0.000000s ]
INFO: [ view_parse ] --END-- [ RunTime:0.000000s ]
INFO: [ view_filter ] --START--
INFO: Run Behavior\WriteHtmlCacheBehavior [ RunTime:0.015625s ]
INFO: [ view_filter ] --END-- [ RunTime:0.015625s ]
INFO: [ app_end ] --START--
INFO: Run Behavior\ShowPageTraceBehavior [ RunTime:0.000000s ]
INFO: [ app_end ] --END-- [ RunTime:0.000000s ]

[ 2016-03-14T10:22:52+08:00 ] 122.205.66.39 /index.php/Admin/Login/do_Smlogin
INFO: [ app_init ] --START--
INFO: Run Behavior\BuildLiteBehavior [ RunTime:0.000000s ]
INFO: [ app_init ] --END-- [ RunTime:0.000000s ]
INFO: [ app_begin ] --START--
INFO: Run Behavior\ReadHtmlCacheBehavior [ RunTime:0.000000s ]
INFO: [ app_begin ] --END-- [ RunTime:0.000000s ]
SQL: SHOW COLUMNS FROM `zp_administrator` [ RunTime:0.0000s ]
SQL: SELECT * FROM `zp_administrator` WHERE `user` = 'admin' AND `password` = '123456' LIMIT 1   [ RunTime:0.0000s ]

[ 2016-03-14T10:22:52+08:00 ] 122.205.66.39 /index.php/Admin/Smanager/index.html
INFO: [ app_init ] --START--
INFO: Run Behavior\BuildLiteBehavior [ RunTime:0.000000s ]
INFO: [ app_init ] --END-- [ RunTime:0.000000s ]
INFO: [ app_begin ] --START--
INFO: Run Behavior\ReadHtmlCacheBehavior [ RunTime:0.000000s ]
INFO: [ app_begin ] --END-- [ RunTime:0.000000s ]
SQL: SHOW COLUMNS FROM `zp_administrator` [ RunTime:0.0000s ]
SQL: SELECT * FROM `zp_administrator` WHERE `user` = 'admin' AND `grant` = 10 LIMIT 1   [ RunTime:0.0000s ]
SQL: SHOW COLUMNS FROM `zp_shuoming` [ RunTime:0.0000s ]
SQL: SELECT * FROM `zp_shuoming` WHERE ( sid=1 ) LIMIT 1   [ RunTime:0.0000s ]
INFO: [ view_parse ] --START--
INFO: [ template_filter ] --START--
INFO: Run Behavior\ContentReplaceBehavior [ RunTime:0.000000s ]
INFO: [ template_filter ] --END-- [ RunTime:0.000000s ]
INFO: Run Behavior\ParseTemplateBehavior [ RunTime:0.015625s ]
INFO: [ view_parse ] --END-- [ RunTime:0.015625s ]
INFO: [ view_filter ] --START--
INFO: Run Behavior\WriteHtmlCacheBehavior [ RunTime:0.000000s ]
INFO: [ view_filter ] --END-- [ RunTime:0.000000s ]
INFO: [ app_end ] --START--
INFO: Run Behavior\ShowPageTraceBehavior [ RunTime:0.000000s ]
INFO: [ app_end ] --END-- [ RunTime:0.000000s ]

[ 2016-03-14T10:22:52+08:00 ] 101.226.66.21 /index.php/Admin/Login/do_Smlogin
INFO: [ app_init ] --START--
INFO: Run Behavior\BuildLiteBehavior [ RunTime:0.000000s ]
INFO: [ app_init ] --END-- [ RunTime:0.000000s ]
INFO: [ app_begin ] --START--
INFO: Run Behavior\ReadHtmlCacheBehavior [ RunTime:0.000000s ]
INFO: [ app_begin ] --END-- [ RunTime:0.000000s ]
SQL: SHOW COLUMNS FROM `zp_administrator` [ RunTime:0.0000s ]
SQL: SELECT * FROM `zp_administrator` WHERE `user` = '' AND `password` = '' LIMIT 1   [ RunTime:0.0000s ]
INFO: [ view_parse ] --START--
INFO: [ template_filter ] --START--
INFO: Run Behavior\ContentReplaceBehavior [ RunTime:0.000000s ]
INFO: [ template_filter ] --END-- [ RunTime:0.000000s ]
INFO: Run Behavior\ParseTemplateBehavior [ RunTime:0.015625s ]
INFO: [ view_parse ] --END-- [ RunTime:0.015625s ]
INFO: [ view_filter ] --START--
INFO: Run Behavior\WriteHtmlCacheBehavior [ RunTime:0.000000s ]
INFO: [ view_filter ] --END-- [ RunTime:0.000000s ]

[ 2016-03-14T10:22:54+08:00 ] 101.226.33.228 /index.php/Admin/Smanager/index.html
INFO: [ app_init ] --START--
INFO: Run Behavior\BuildLiteBehavior [ RunTime:0.000000s ]
INFO: [ app_init ] --END-- [ RunTime:0.000000s ]
INFO: [ app_begin ] --START--
INFO: Run Behavior\ReadHtmlCacheBehavior [ RunTime:0.000000s ]
INFO: [ app_begin ] --END-- [ RunTime:0.000000s ]
NOTIC: [8] Undefined index: grant C:\wamp\www\zhaopin\Application\Admin\Controller\SmanagerController.class.php 第 7 行.

[ 2016-03-14T10:22:54+08:00 ] 101.226.33.228 /index.php/Admin/Login/Sm_login.html
INFO: [ app_init ] --START--
INFO: Run Behavior\BuildLiteBehavior [ RunTime:0.000000s ]
INFO: [ app_init ] --END-- [ RunTime:0.000000s ]
INFO: [ app_begin ] --START--
INFO: Run Behavior\ReadHtmlCacheBehavior [ RunTime:0.000000s ]
INFO: [ app_begin ] --END-- [ RunTime:0.000000s ]
INFO: [ view_parse ] --START--
INFO: [ template_filter ] --START--
INFO: Run Behavior\ContentReplaceBehavior [ RunTime:0.000000s ]
INFO: [ template_filter ] --END-- [ RunTime:0.000000s ]
INFO: Run Behavior\ParseTemplateBehavior [ RunTime:0.015625s ]
INFO: [ view_parse ] --END-- [ RunTime:0.015625s ]
INFO: [ view_filter ] --START--
INFO: Run Behavior\WriteHtmlCacheBehavior [ RunTime:0.000000s ]
INFO: [ view_filter ] --END-- [ RunTime:0.000000s ]
INFO: [ app_end ] --START--
INFO: Run Behavior\ShowPageTraceBehavior [ RunTime:0.000000s ]
INFO: [ app_end ] --END-- [ RunTime:0.000000s ]

[ 2016-03-14T10:22:55+08:00 ] 122.205.66.39 /index.php/admin/Smanager/index.html
INFO: [ app_init ] --START--
INFO: Run Behavior\BuildLiteBehavior [ RunTime:0.000000s ]
INFO: [ app_init ] --END-- [ RunTime:0.000000s ]
INFO: [ app_begin ] --START--
INFO: Run Behavior\ReadHtmlCacheBehavior [ RunTime:0.000000s ]
INFO: [ app_begin ] --END-- [ RunTime:0.000000s ]
SQL: SHOW COLUMNS FROM `zp_administrator` [ RunTime:0.0000s ]
SQL: SELECT * FROM `zp_administrator` WHERE `user` = 'admin' AND `grant` = 10 LIMIT 1   [ RunTime:0.0000s ]
SQL: SHOW COLUMNS FROM `zp_shuoming` [ RunTime:0.0000s ]
SQL: SELECT * FROM `zp_shuoming` WHERE ( sid=1 ) LIMIT 1   [ RunTime:0.0000s ]
INFO: [ view_parse ] --START--
INFO: [ template_filter ] --START--
INFO: Run Behavior\ContentReplaceBehavior [ RunTime:0.000000s ]
INFO: [ template_filter ] --END-- [ RunTime:0.015625s ]
INFO: Run Behavior\ParseTemplateBehavior [ RunTime:0.015625s ]
INFO: [ view_parse ] --END-- [ RunTime:0.015625s ]
INFO: [ view_filter ] --START--
INFO: Run Behavior\WriteHtmlCacheBehavior [ RunTime:0.000000s ]
INFO: [ view_filter ] --END-- [ RunTime:0.000000s ]
INFO: [ app_end ] --START--
INFO: Run Behavior\ShowPageTraceBehavior [ RunTime:0.000000s ]
INFO: [ app_end ] --END-- [ RunTime:0.000000s ]

[ 2016-03-14T10:22:57+08:00 ] 122.205.66.39 /index.php/admin/Smanager/photo.html
INFO: [ app_init ] --START--
INFO: Run Behavior\BuildLiteBehavior [ RunTime:0.000000s ]
INFO: [ app_init ] --END-- [ RunTime:0.000000s ]
INFO: [ app_begin ] --START--
INFO: Run Behavior\ReadHtmlCacheBehavior [ RunTime:0.015625s ]
INFO: [ app_begin ] --END-- [ RunTime:0.015625s ]
SQL: SHOW COLUMNS FROM `zp_administrator` [ RunTime:0.0000s ]
SQL: SELECT * FROM `zp_administrator` WHERE `user` = 'admin' AND `grant` = 10 LIMIT 1   [ RunTime:0.0000s ]
SQL: SHOW COLUMNS FROM `zp_img` [ RunTime:0.0000s ]
SQL: SELECT * FROM `zp_img`  [ RunTime:0.0000s ]
INFO: [ view_parse ] --START--
INFO: [ template_filter ] --START--
INFO: Run Behavior\ContentReplaceBehavior [ RunTime:0.000000s ]
INFO: [ template_filter ] --END-- [ RunTime:0.000000s ]
INFO: Run Behavior\ParseTemplateBehavior [ RunTime:0.015625s ]
INFO: [ view_parse ] --END-- [ RunTime:0.015625s ]
INFO: [ view_filter ] --START--
INFO: Run Behavior\WriteHtmlCacheBehavior [ RunTime:0.015625s ]
INFO: [ view_filter ] --END-- [ RunTime:0.015625s ]
INFO: [ app_end ] --START--
INFO: Run Behavior\ShowPageTraceBehavior [ RunTime:0.000000s ]
INFO: [ app_end ] --END-- [ RunTime:0.000000s ]

[ 2016-03-14T10:22:57+08:00 ] 180.153.201.66 /index.php/admin/Smanager/photo.html
INFO: [ app_init ] --START--
INFO: Run Behavior\BuildLiteBehavior [ RunTime:0.000000s ]
INFO: [ app_init ] --END-- [ RunTime:0.000000s ]
INFO: [ app_begin ] --START--
INFO: Run Behavior\ReadHtmlCacheBehavior [ RunTime:0.000000s ]
INFO: [ app_begin ] --END-- [ RunTime:0.000000s ]
NOTIC: [8] Undefined index: grant C:\wamp\www\zhaopin\Application\Admin\Controller\SmanagerController.class.php 第 7 行.

[ 2016-03-14T10:22:57+08:00 ] 180.153.201.66 /index.php/Admin/Login/Sm_login.html
INFO: [ app_init ] --START--
INFO: Run Behavior\BuildLiteBehavior [ RunTime:0.000000s ]
INFO: [ app_init ] --END-- [ RunTime:0.000000s ]
INFO: [ app_begin ] --START--
INFO: Run Behavior\ReadHtmlCacheBehavior [ RunTime:0.000000s ]
INFO: [ app_begin ] --END-- [ RunTime:0.000000s ]
INFO: [ view_parse ] --START--
INFO: [ template_filter ] --START--
INFO: Run Behavior\ContentReplaceBehavior [ RunTime:0.000000s ]
INFO: [ template_filter ] --END-- [ RunTime:0.000000s ]
INFO: Run Behavior\ParseTemplateBehavior [ RunTime:0.000000s ]
INFO: [ view_parse ] --END-- [ RunTime:0.000000s ]
INFO: [ view_filter ] --START--
INFO: Run Behavior\WriteHtmlCacheBehavior [ RunTime:0.000000s ]
INFO: [ view_filter ] --END-- [ RunTime:0.000000s ]
INFO: [ app_end ] --START--
INFO: Run Behavior\ShowPageTraceBehavior [ RunTime:0.015625s ]
INFO: [ app_end ] --END-- [ RunTime:0.015625s ]

[ 2016-03-14T10:22:58+08:00 ] 122.205.66.39 /index.php/admin/Smanager/explain.html
INFO: [ app_init ] --START--
INFO: Run Behavior\BuildLiteBehavior [ RunTime:0.000000s ]
INFO: [ app_init ] --END-- [ RunTime:0.000000s ]
INFO: [ app_begin ] --START--
INFO: Run Behavior\ReadHtmlCacheBehavior [ RunTime:0.000000s ]
INFO: [ app_begin ] --END-- [ RunTime:0.000000s ]
SQL: SHOW COLUMNS FROM `zp_administrator` [ RunTime:0.0000s ]
SQL: SELECT * FROM `zp_administrator` WHERE `user` = 'admin' AND `grant` = 10 LIMIT 1   [ RunTime:0.0000s ]
SQL: SHOW COLUMNS FROM `zp_shuoming` [ RunTime:0.0000s ]
SQL: SELECT * FROM `zp_shuoming` WHERE ( sid=1 ) LIMIT 1   [ RunTime:0.0000s ]
INFO: [ view_parse ] --START--
INFO: [ template_filter ] --START--
INFO: Run Behavior\ContentReplaceBehavior [ RunTime:0.000000s ]
INFO: [ template_filter ] --END-- [ RunTime:0.000000s ]
INFO: Run Behavior\ParseTemplateBehavior [ RunTime:0.015625s ]
INFO: [ view_parse ] --END-- [ RunTime:0.015625s ]
INFO: [ view_filter ] --START--
INFO: Run Behavior\WriteHtmlCacheBehavior [ RunTime:0.000000s ]
INFO: [ view_filter ] --END-- [ RunTime:0.000000s ]
INFO: [ app_end ] --START--
INFO: Run Behavior\ShowPageTraceBehavior [ RunTime:0.000000s ]
INFO: [ app_end ] --END-- [ RunTime:0.000000s ]

[ 2016-03-14T10:23:00+08:00 ] 122.205.66.39 /index.php/admin/Smanager/information.html
INFO: [ app_init ] --START--
INFO: Run Behavior\BuildLiteBehavior [ RunTime:0.000000s ]
INFO: [ app_init ] --END-- [ RunTime:0.000000s ]
INFO: [ app_begin ] --START--
INFO: Run Behavior\ReadHtmlCacheBehavior [ RunTime:0.000000s ]
INFO: [ app_begin ] --END-- [ RunTime:0.000000s ]
SQL: SHOW COLUMNS FROM `zp_administrator` [ RunTime:0.0000s ]
SQL: SELECT * FROM `zp_administrator` WHERE `user` = 'admin' AND `grant` = 10 LIMIT 1   [ RunTime:0.0000s ]
INFO: [ view_parse ] --START--
INFO: [ template_filter ] --START--
INFO: Run Behavior\ContentReplaceBehavior [ RunTime:0.000000s ]
INFO: [ template_filter ] --END-- [ RunTime:0.000000s ]
INFO: Run Behavior\ParseTemplateBehavior [ RunTime:0.015625s ]
INFO: [ view_parse ] --END-- [ RunTime:0.015625s ]
INFO: [ view_filter ] --START--
INFO: Run Behavior\WriteHtmlCacheBehavior [ RunTime:0.000000s ]
INFO: [ view_filter ] --END-- [ RunTime:0.000000s ]
INFO: [ app_end ] --START--
INFO: Run Behavior\ShowPageTraceBehavior [ RunTime:0.000000s ]
INFO: [ app_end ] --END-- [ RunTime:0.000000s ]

[ 2016-03-14T10:23:00+08:00 ] 112.64.235.254 /index.php/admin/Smanager/explain.html
INFO: [ app_init ] --START--
INFO: Run Behavior\BuildLiteBehavior [ RunTime:0.000000s ]
INFO: [ app_init ] --END-- [ RunTime:0.000000s ]
INFO: [ app_begin ] --START--
INFO: Run Behavior\ReadHtmlCacheBehavior [ RunTime:0.000000s ]
INFO: [ app_begin ] --END-- [ RunTime:0.000000s ]
NOTIC: [8] Undefined index: grant C:\wamp\www\zhaopin\Application\Admin\Controller\SmanagerController.class.php 第 7 行.

[ 2016-03-14T10:23:00+08:00 ] 180.153.214.178 /index.php/admin/Smanager/information.html
INFO: [ app_init ] --START--
INFO: Run Behavior\BuildLiteBehavior [ RunTime:0.000000s ]
INFO: [ app_init ] --END-- [ RunTime:0.000000s ]
INFO: [ app_begin ] --START--
INFO: Run Behavior\ReadHtmlCacheBehavior [ RunTime:0.000000s ]
INFO: [ app_begin ] --END-- [ RunTime:0.000000s ]
NOTIC: [8] Undefined index: grant C:\wamp\www\zhaopin\Application\Admin\Controller\SmanagerController.class.php 第 7 行.

[ 2016-03-14T10:23:00+08:00 ] 112.64.235.254 /index.php/Admin/Login/Sm_login.html
INFO: [ app_init ] --START--
INFO: Run Behavior\BuildLiteBehavior [ RunTime:0.000000s ]
INFO: [ app_init ] --END-- [ RunTime:0.000000s ]
INFO: [ app_begin ] --START--
INFO: Run Behavior\ReadHtmlCacheBehavior [ RunTime:0.000000s ]
INFO: [ app_begin ] --END-- [ RunTime:0.000000s ]
INFO: [ view_parse ] --START--
INFO: [ template_filter ] --START--
INFO: Run Behavior\ContentReplaceBehavior [ RunTime:0.000000s ]
INFO: [ template_filter ] --END-- [ RunTime:0.000000s ]
INFO: Run Behavior\ParseTemplateBehavior [ RunTime:0.015625s ]
INFO: [ view_parse ] --END-- [ RunTime:0.015625s ]
INFO: [ view_filter ] --START--
INFO: Run Behavior\WriteHtmlCacheBehavior [ RunTime:0.000000s ]
INFO: [ view_filter ] --END-- [ RunTime:0.000000s ]
INFO: [ app_end ] --START--
INFO: Run Behavior\ShowPageTraceBehavior [ RunTime:0.000000s ]
INFO: [ app_end ] --END-- [ RunTime:0.000000s ]

[ 2016-03-14T10:23:00+08:00 ] 180.153.214.178 /index.php/Admin/Login/Sm_login.html
INFO: [ app_init ] --START--
INFO: Run Behavior\BuildLiteBehavior [ RunTime:0.000000s ]
INFO: [ app_init ] --END-- [ RunTime:0.000000s ]
INFO: [ app_begin ] --START--
INFO: Run Behavior\ReadHtmlCacheBehavior [ RunTime:0.000000s ]
INFO: [ app_begin ] --END-- [ RunTime:0.000000s ]
INFO: [ view_parse ] --START--
INFO: [ template_filter ] --START--
INFO: Run Behavior\ContentReplaceBehavior [ RunTime:0.000000s ]
INFO: [ template_filter ] --END-- [ RunTime:0.000000s ]
INFO: Run Behavior\ParseTemplateBehavior [ RunTime:0.000000s ]
INFO: [ view_parse ] --END-- [ RunTime:0.000000s ]
INFO: [ view_filter ] --START--
INFO: Run Behavior\WriteHtmlCacheBehavior [ RunTime:0.000000s ]
INFO: [ view_filter ] --END-- [ RunTime:0.000000s ]
INFO: [ app_end ] --START--
INFO: Run Behavior\ShowPageTraceBehavior [ RunTime:0.000000s ]
INFO: [ app_end ] --END-- [ RunTime:0.000000s ]

[ 2016-03-14T10:23:01+08:00 ] 122.205.66.39 /index.php/admin/Smanager/time.html
INFO: [ app_init ] --START--
INFO: Run Behavior\BuildLiteBehavior [ RunTime:0.000000s ]
INFO: [ app_init ] --END-- [ RunTime:0.000000s ]
INFO: [ app_begin ] --START--
INFO: Run Behavior\ReadHtmlCacheBehavior [ RunTime:0.000000s ]
INFO: [ app_begin ] --END-- [ RunTime:0.000000s ]
SQL: SHOW COLUMNS FROM `zp_administrator` [ RunTime:0.0000s ]
SQL: SELECT * FROM `zp_administrator` WHERE `user` = 'admin' AND `grant` = 10 LIMIT 1   [ RunTime:0.0000s ]
SQL: SHOW COLUMNS FROM `zp_shuoming` [ RunTime:0.0000s ]
SQL: SELECT * FROM `zp_shuoming` WHERE ( sid=1 ) LIMIT 1   [ RunTime:0.0000s ]
INFO: [ view_parse ] --START--
INFO: [ template_filter ] --START--
INFO: Run Behavior\ContentReplaceBehavior [ RunTime:0.000000s ]
INFO: [ template_filter ] --END-- [ RunTime:0.000000s ]
INFO: Run Behavior\ParseTemplateBehavior [ RunTime:0.015625s ]
INFO: [ view_parse ] --END-- [ RunTime:0.015625s ]
INFO: [ view_filter ] --START--
INFO: Run Behavior\WriteHtmlCacheBehavior [ RunTime:0.000000s ]
INFO: [ view_filter ] --END-- [ RunTime:0.000000s ]
INFO: [ app_end ] --START--
INFO: Run Behavior\ShowPageTraceBehavior [ RunTime:0.000000s ]
INFO: [ app_end ] --END-- [ RunTime:0.000000s ]

[ 2016-03-14T10:23:02+08:00 ] 180.153.206.37 /index.php/admin/Smanager/time.html
INFO: [ app_init ] --START--
INFO: Run Behavior\BuildLiteBehavior [ RunTime:0.000000s ]
INFO: [ app_init ] --END-- [ RunTime:0.000000s ]
INFO: [ app_begin ] --START--
INFO: Run Behavior\ReadHtmlCacheBehavior [ RunTime:0.000000s ]
INFO: [ app_begin ] --END-- [ RunTime:0.000000s ]
NOTIC: [8] Undefined index: grant C:\wamp\www\zhaopin\Application\Admin\Controller\SmanagerController.class.php 第 7 行.

[ 2016-03-14T10:23:02+08:00 ] 180.153.206.37 /index.php/Admin/Login/Sm_login.html
INFO: [ app_init ] --START--
INFO: Run Behavior\BuildLiteBehavior [ RunTime:0.000000s ]
INFO: [ app_init ] --END-- [ RunTime:0.000000s ]
INFO: [ app_begin ] --START--
INFO: Run Behavior\ReadHtmlCacheBehavior [ RunTime:0.000000s ]
INFO: [ app_begin ] --END-- [ RunTime:0.000000s ]
INFO: [ view_parse ] --START--
INFO: [ template_filter ] --START--
INFO: Run Behavior\ContentReplaceBehavior [ RunTime:0.000000s ]
INFO: [ template_filter ] --END-- [ RunTime:0.000000s ]
INFO: Run Behavior\ParseTemplateBehavior [ RunTime:0.015625s ]
INFO: [ view_parse ] --END-- [ RunTime:0.015625s ]
INFO: [ view_filter ] --START--
INFO: Run Behavior\WriteHtmlCacheBehavior [ RunTime:0.000000s ]
INFO: [ view_filter ] --END-- [ RunTime:0.000000s ]
INFO: [ app_end ] --START--
INFO: Run Behavior\ShowPageTraceBehavior [ RunTime:0.000000s ]
INFO: [ app_end ] --END-- [ RunTime:0.000000s ]

[ 2016-03-14T10:23:02+08:00 ] 122.205.66.39 /index.php/admin/Smanager/situation.html
INFO: [ app_init ] --START--
INFO: Run Behavior\BuildLiteBehavior [ RunTime:0.000000s ]
INFO: [ app_init ] --END-- [ RunTime:0.000000s ]
INFO: [ app_begin ] --START--
INFO: Run Behavior\ReadHtmlCacheBehavior [ RunTime:0.000000s ]
INFO: [ app_begin ] --END-- [ RunTime:0.000000s ]
SQL: SHOW COLUMNS FROM `zp_administrator` [ RunTime:0.0000s ]
SQL: SELECT * FROM `zp_administrator` WHERE `user` = 'admin' AND `grant` = 10 LIMIT 1   [ RunTime:0.0000s ]
SQL: SHOW COLUMNS FROM `zp_shuoming` [ RunTime:0.0000s ]
SQL: SELECT * FROM `zp_shuoming` WHERE ( sid=1 ) LIMIT 1   [ RunTime:0.0000s ]
INFO: [ view_parse ] --START--
INFO: [ template_filter ] --START--
INFO: Run Behavior\ContentReplaceBehavior [ RunTime:0.000000s ]
INFO: [ template_filter ] --END-- [ RunTime:0.000000s ]
INFO: Run Behavior\ParseTemplateBehavior [ RunTime:0.015625s ]
INFO: [ view_parse ] --END-- [ RunTime:0.015625s ]
INFO: [ view_filter ] --START--
INFO: Run Behavior\WriteHtmlCacheBehavior [ RunTime:0.000000s ]
INFO: [ view_filter ] --END-- [ RunTime:0.000000s ]
INFO: [ app_end ] --START--
INFO: Run Behavior\ShowPageTraceBehavior [ RunTime:0.000000s ]
INFO: [ app_end ] --END-- [ RunTime:0.000000s ]

[ 2016-03-14T10:23:03+08:00 ] 101.226.93.234 /index.php/admin/Smanager/situation.html
INFO: [ app_init ] --START--
INFO: Run Behavior\BuildLiteBehavior [ RunTime:0.000000s ]
INFO: [ app_init ] --END-- [ RunTime:0.000000s ]
INFO: [ app_begin ] --START--
INFO: Run Behavior\ReadHtmlCacheBehavior [ RunTime:0.000000s ]
INFO: [ app_begin ] --END-- [ RunTime:0.000000s ]
NOTIC: [8] Undefined index: grant C:\wamp\www\zhaopin\Application\Admin\Controller\SmanagerController.class.php 第 7 行.

[ 2016-03-14T10:23:03+08:00 ] 101.226.93.234 /index.php/Admin/Login/Sm_login.html
INFO: [ app_init ] --START--
INFO: Run Behavior\BuildLiteBehavior [ RunTime:0.000000s ]
INFO: [ app_init ] --END-- [ RunTime:0.000000s ]
INFO: [ app_begin ] --START--
INFO: Run Behavior\ReadHtmlCacheBehavior [ RunTime:0.000000s ]
INFO: [ app_begin ] --END-- [ RunTime:0.000000s ]
INFO: [ view_parse ] --START--
INFO: [ template_filter ] --START--
INFO: Run Behavior\ContentReplaceBehavior [ RunTime:0.015625s ]
INFO: [ template_filter ] --END-- [ RunTime:0.015625s ]
INFO: Run Behavior\ParseTemplateBehavior [ RunTime:0.015625s ]
INFO: [ view_parse ] --END-- [ RunTime:0.015625s ]
INFO: [ view_filter ] --START--
INFO: Run Behavior\WriteHtmlCacheBehavior [ RunTime:0.000000s ]
INFO: [ view_filter ] --END-- [ RunTime:0.000000s ]
INFO: [ app_end ] --START--
INFO: Run Behavior\ShowPageTraceBehavior [ RunTime:0.000000s ]
INFO: [ app_end ] --END-- [ RunTime:0.000000s ]

[ 2016-03-14T10:23:04+08:00 ] 122.205.66.39 /index.php/admin/Smanager/index.html
INFO: [ app_init ] --START--
INFO: Run Behavior\BuildLiteBehavior [ RunTime:0.000000s ]
INFO: [ app_init ] --END-- [ RunTime:0.000000s ]
INFO: [ app_begin ] --START--
INFO: Run Behavior\ReadHtmlCacheBehavior [ RunTime:0.000000s ]
INFO: [ app_begin ] --END-- [ RunTime:0.000000s ]
SQL: SHOW COLUMNS FROM `zp_administrator` [ RunTime:0.0156s ]
SQL: SELECT * FROM `zp_administrator` WHERE `user` = 'admin' AND `grant` = 10 LIMIT 1   [ RunTime:0.0000s ]
SQL: SHOW COLUMNS FROM `zp_shuoming` [ RunTime:0.0000s ]
SQL: SELECT * FROM `zp_shuoming` WHERE ( sid=1 ) LIMIT 1   [ RunTime:0.0000s ]
INFO: [ view_parse ] --START--
INFO: [ template_filter ] --START--
INFO: Run Behavior\ContentReplaceBehavior [ RunTime:0.000000s ]
INFO: [ template_filter ] --END-- [ RunTime:0.000000s ]
INFO: Run Behavior\ParseTemplateBehavior [ RunTime:0.015625s ]
INFO: [ view_parse ] --END-- [ RunTime:0.015625s ]
INFO: [ view_filter ] --START--
INFO: Run Behavior\WriteHtmlCacheBehavior [ RunTime:0.000000s ]
INFO: [ view_filter ] --END-- [ RunTime:0.000000s ]
INFO: [ app_end ] --START--
INFO: Run Behavior\ShowPageTraceBehavior [ RunTime:0.000000s ]
INFO: [ app_end ] --END-- [ RunTime:0.000000s ]

[ 2016-03-14T10:23:12+08:00 ] 122.205.66.39 /index.php/admin/Smanager/photo.html
INFO: [ app_init ] --START--
INFO: Run Behavior\BuildLiteBehavior [ RunTime:0.000000s ]
INFO: [ app_init ] --END-- [ RunTime:0.000000s ]
INFO: [ app_begin ] --START--
INFO: Run Behavior\ReadHtmlCacheBehavior [ RunTime:0.000000s ]
INFO: [ app_begin ] --END-- [ RunTime:0.000000s ]
SQL: SHOW COLUMNS FROM `zp_administrator` [ RunTime:0.0000s ]
SQL: SELECT * FROM `zp_administrator` WHERE `user` = 'admin' AND `grant` = 10 LIMIT 1   [ RunTime:0.0000s ]
SQL: SHOW COLUMNS FROM `zp_img` [ RunTime:0.0000s ]
SQL: SELECT * FROM `zp_img`  [ RunTime:0.0000s ]
INFO: [ view_parse ] --START--
INFO: [ template_filter ] --START--
INFO: Run Behavior\ContentReplaceBehavior [ RunTime:0.000000s ]
INFO: [ template_filter ] --END-- [ RunTime:0.000000s ]
INFO: Run Behavior\ParseTemplateBehavior [ RunTime:0.031250s ]
INFO: [ view_parse ] --END-- [ RunTime:0.031250s ]
INFO: [ view_filter ] --START--
INFO: Run Behavior\WriteHtmlCacheBehavior [ RunTime:0.000000s ]
INFO: [ view_filter ] --END-- [ RunTime:0.000000s ]
INFO: [ app_end ] --START--
INFO: Run Behavior\ShowPageTraceBehavior [ RunTime:0.000000s ]
INFO: [ app_end ] --END-- [ RunTime:0.000000s ]

[ 2016-03-14T10:30:54+08:00 ] 101.226.66.21 /index.php/Admin/Login/do_Smlogin/Sm_login
INFO: [ app_init ] --START--
INFO: Run Behavior\BuildLiteBehavior [ RunTime:0.000000s ]
INFO: [ app_init ] --END-- [ RunTime:0.000000s ]
INFO: [ app_begin ] --START--
INFO: Run Behavior\ReadHtmlCacheBehavior [ RunTime:0.000000s ]
INFO: [ app_begin ] --END-- [ RunTime:0.000000s ]
SQL: SHOW COLUMNS FROM `zp_administrator` [ RunTime:0.0156s ]
SQL: SELECT * FROM `zp_administrator` WHERE `user` = '' AND `password` = '' LIMIT 1   [ RunTime:0.0000s ]
INFO: [ view_parse ] --START--
INFO: [ template_filter ] --START--
INFO: Run Behavior\ContentReplaceBehavior [ RunTime:0.000000s ]
INFO: [ template_filter ] --END-- [ RunTime:0.000000s ]
INFO: Run Behavior\ParseTemplateBehavior [ RunTime:0.000000s ]
INFO: [ view_parse ] --END-- [ RunTime:0.000000s ]
INFO: [ view_filter ] --START--
INFO: Run Behavior\WriteHtmlCacheBehavior [ RunTime:0.000000s ]
INFO: [ view_filter ] --END-- [ RunTime:0.015625s ]

[ 2016-03-14T10:58:05+08:00 ] 122.205.66.39 /index.php/Admin/Login/login
INFO: [ app_init ] --START--
INFO: Run Behavior\BuildLiteBehavior [ RunTime:0.000000s ]
INFO: [ app_init ] --END-- [ RunTime:0.000000s ]
INFO: [ app_begin ] --START--
INFO: Run Behavior\ReadHtmlCacheBehavior [ RunTime:0.000000s ]
INFO: [ app_begin ] --END-- [ RunTime:0.000000s ]
INFO: [ view_parse ] --START--
INFO: [ template_filter ] --START--
INFO: Run Behavior\ContentReplaceBehavior [ RunTime:0.000000s ]
INFO: [ template_filter ] --END-- [ RunTime:0.000000s ]
INFO: Run Behavior\ParseTemplateBehavior [ RunTime:0.000000s ]
INFO: [ view_parse ] --END-- [ RunTime:0.000000s ]
INFO: [ view_filter ] --START--
INFO: Run Behavior\WriteHtmlCacheBehavior [ RunTime:0.015625s ]
INFO: [ view_filter ] --END-- [ RunTime:0.015625s ]
INFO: [ app_end ] --START--
INFO: Run Behavior\ShowPageTraceBehavior [ RunTime:0.000000s ]
INFO: [ app_end ] --END-- [ RunTime:0.000000s ]

[ 2016-03-14T10:58:07+08:00 ] 180.153.214.188 /index.php/Admin/Login/login
INFO: [ app_init ] --START--
INFO: Run Behavior\BuildLiteBehavior [ RunTime:0.000000s ]
INFO: [ app_init ] --END-- [ RunTime:0.000000s ]
INFO: [ app_begin ] --START--
INFO: Run Behavior\ReadHtmlCacheBehavior [ RunTime:0.000000s ]
INFO: [ app_begin ] --END-- [ RunTime:0.000000s ]
INFO: [ view_parse ] --START--
INFO: [ template_filter ] --START--
INFO: Run Behavior\ContentReplaceBehavior [ RunTime:0.000000s ]
INFO: [ template_filter ] --END-- [ RunTime:0.000000s ]
INFO: Run Behavior\ParseTemplateBehavior [ RunTime:0.015625s ]
INFO: [ view_parse ] --END-- [ RunTime:0.015625s ]
INFO: [ view_filter ] --START--
INFO: Run Behavior\WriteHtmlCacheBehavior [ RunTime:0.000000s ]
INFO: [ view_filter ] --END-- [ RunTime:0.000000s ]
INFO: [ app_end ] --START--
INFO: Run Behavior\ShowPageTraceBehavior [ RunTime:0.000000s ]
INFO: [ app_end ] --END-- [ RunTime:0.000000s ]

[ 2016-03-14T10:58:11+08:00 ] 122.205.66.39 /index.php/Admin/Login/do_login
INFO: [ app_init ] --START--
INFO: Run Behavior\BuildLiteBehavior [ RunTime:0.000000s ]
INFO: [ app_init ] --END-- [ RunTime:0.000000s ]
INFO: [ app_begin ] --START--
INFO: Run Behavior\ReadHtmlCacheBehavior [ RunTime:0.000000s ]
INFO: [ app_begin ] --END-- [ RunTime:0.000000s ]
SQL: SHOW COLUMNS FROM `zp_professior` [ RunTime:0.0156s ]
SQL: SELECT * FROM `zp_professior` WHERE `user` = '55' AND `password` = '55' LIMIT 1   [ RunTime:0.0000s ]
INFO: [ view_parse ] --START--
INFO: [ template_filter ] --START--
INFO: Run Behavior\ContentReplaceBehavior [ RunTime:0.000000s ]
INFO: [ template_filter ] --END-- [ RunTime:0.000000s ]
INFO: Run Behavior\ParseTemplateBehavior [ RunTime:0.015625s ]
INFO: [ view_parse ] --END-- [ RunTime:0.015625s ]
INFO: [ view_filter ] --START--
INFO: Run Behavior\WriteHtmlCacheBehavior [ RunTime:0.000000s ]
INFO: [ view_filter ] --END-- [ RunTime:0.000000s ]

[ 2016-03-14T10:58:53+08:00 ] 122.205.66.39 /index.php/Admin/Login/do_login
INFO: [ app_init ] --START--
INFO: Run Behavior\BuildLiteBehavior [ RunTime:0.000000s ]
INFO: [ app_init ] --END-- [ RunTime:0.000000s ]
INFO: [ app_begin ] --START--
INFO: Run Behavior\ReadHtmlCacheBehavior [ RunTime:0.000000s ]
INFO: [ app_begin ] --END-- [ RunTime:0.000000s ]
SQL: SHOW COLUMNS FROM `zp_administrator` [ RunTime:0.0000s ]
SQL: SELECT * FROM `zp_administrator` WHERE `user` = '55' AND `password` = '55' LIMIT 1   [ RunTime:0.0000s ]

[ 2016-03-14T10:58:53+08:00 ] 122.205.66.39 /index.php/Admin/Xmanager/index.html
INFO: [ app_init ] --START--
INFO: Run Behavior\BuildLiteBehavior [ RunTime:0.000000s ]
INFO: [ app_init ] --END-- [ RunTime:0.000000s ]
INFO: [ app_begin ] --START--
INFO: Run Behavior\ReadHtmlCacheBehavior [ RunTime:0.000000s ]
INFO: [ app_begin ] --END-- [ RunTime:0.000000s ]
SQL: SHOW COLUMNS FROM `zp_administrator` [ RunTime:0.0000s ]
SQL: SELECT * FROM `zp_administrator` WHERE `user` = '55' AND `grant` = 1 LIMIT 1   [ RunTime:0.0000s ]
SQL: SHOW COLUMNS FROM `zp_proform` [ RunTime:0.0313s ]
SQL: SHOW COLUMNS FROM `zp_application` [ RunTime:0.0313s ]
SQL: SHOW COLUMNS FROM `zp_professior` [ RunTime:0.0000s ]
SQL: SELECT DISTINCT  `numid` FROM `zp_proform`  [ RunTime:0.0000s ]
SQL: SELECT `numid`,`name`,`major`,`aid` FROM `zp_application` WHERE `numid` = 1 LIMIT 1   [ RunTime:0.0000s ]
NOTIC: [8] Undefined variable: list2 C:\wamp\www\zhaopin\Application\Admin\Controller\XmanagerController.class.php 第 53 行.
SQL: SELECT `numid`,`name`,`major`,`aid` FROM `zp_application` WHERE `numid` = 4 LIMIT 1   [ RunTime:0.0000s ]
NOTIC: [8] Undefined variable: list2 C:\wamp\www\zhaopin\Application\Admin\Controller\XmanagerController.class.php 第 53 行.
SQL: SELECT `numid`,`name`,`major`,`aid` FROM `zp_application` WHERE `numid` = 5 LIMIT 1   [ RunTime:0.0000s ]
NOTIC: [8] Undefined variable: list2 C:\wamp\www\zhaopin\Application\Admin\Controller\XmanagerController.class.php 第 53 行.
SQL: SELECT `numid`,`name`,`major`,`aid` FROM `zp_application` WHERE `numid` = 6 LIMIT 1   [ RunTime:0.0000s ]
SQL: SELECT `pid`,`assess`,`sum` FROM `zp_proform` WHERE `numid` = 6  [ RunTime:0.0000s ]
SQL: SELECT `pid`,`name` FROM `zp_professior` WHERE `pid` = 2 LIMIT 1   [ RunTime:0.0000s ]
SQL: SELECT `numid`,`name`,`major`,`aid` FROM `zp_application` WHERE `numid` = 11 LIMIT 1   [ RunTime:0.0000s ]
SQL: SELECT `pid`,`assess`,`sum` FROM `zp_proform` WHERE `numid` = 11  [ RunTime:0.0000s ]
SQL: SELECT `pid`,`name` FROM `zp_professior` WHERE `pid` = 20 LIMIT 1   [ RunTime:0.0000s ]
SQL: SELECT `pid`,`name` FROM `zp_professior` WHERE `pid` = 2 LIMIT 1   [ RunTime:0.0000s ]
SQL: SELECT `pid`,`name` FROM `zp_professior` WHERE `pid` = 0 LIMIT 1   [ RunTime:0.0000s ]
SQL: SELECT `numid`,`name`,`major`,`aid` FROM `zp_application` WHERE `numid` = 8 LIMIT 1   [ RunTime:0.0000s ]
SQL: SELECT `pid`,`assess`,`sum` FROM `zp_proform` WHERE `numid` = 8  [ RunTime:0.0000s ]
SQL: SELECT `pid`,`name` FROM `zp_professior` WHERE `pid` = 2 LIMIT 1   [ RunTime:0.0000s ]
SQL: SELECT `numid`,`name`,`major`,`aid` FROM `zp_application` WHERE `numid` = 10 LIMIT 1   [ RunTime:0.0156s ]
SQL: SELECT `pid`,`assess`,`sum` FROM `zp_proform` WHERE `numid` = 10  [ RunTime:0.0000s ]
SQL: SELECT `pid`,`name` FROM `zp_professior` WHERE `pid` = 20 LIMIT 1   [ RunTime:0.0000s ]
SQL: SELECT `numid`,`name`,`major`,`aid` FROM `zp_application` WHERE `numid` = 9 LIMIT 1   [ RunTime:0.0000s ]
SQL: SELECT `pid`,`assess`,`sum` FROM `zp_proform` WHERE `numid` = 9  [ RunTime:0.0000s ]
SQL: SELECT `pid`,`name` FROM `zp_professior` WHERE `pid` = 18 LIMIT 1   [ RunTime:0.0000s ]
SQL: SELECT * FROM `zp_administrator` WHERE `grant` = 2  [ RunTime:0.0000s ]
SQL: SELECT * FROM `zp_professior` WHERE `grant` = 2  [ RunTime:0.0000s ]
INFO: [ view_parse ] --START--
INFO: [ template_filter ] --START--
INFO: Run Behavior\ContentReplaceBehavior [ RunTime:0.000000s ]
INFO: [ template_filter ] --END-- [ RunTime:0.000000s ]
NOTIC: [8] Undefined offset: 14 C:\wamp\www\zhaopin\Application\Runtime\Cache\Admin\160404f9ccfe64e795931bd711cc3bbe.php 第 134 行.
NOTIC: [8] Undefined variable: page C:\wamp\www\zhaopin\Application\Runtime\Cache\Admin\160404f9ccfe64e795931bd711cc3bbe.php 第 160 行.
INFO: Run Behavior\ParseTemplateBehavior [ RunTime:0.015625s ]
INFO: [ view_parse ] --END-- [ RunTime:0.015625s ]
INFO: [ view_filter ] --START--
INFO: Run Behavior\WriteHtmlCacheBehavior [ RunTime:0.000000s ]
INFO: [ view_filter ] --END-- [ RunTime:0.000000s ]
INFO: [ app_end ] --START--
INFO: Run Behavior\ShowPageTraceBehavior [ RunTime:0.015625s ]
INFO: [ app_end ] --END-- [ RunTime:0.015625s ]

[ 2016-03-14T10:58:53+08:00 ] 180.153.163.209 /index.php/Admin/Xmanager/index.html
INFO: [ app_init ] --START--
INFO: Run Behavior\BuildLiteBehavior [ RunTime:0.000000s ]
INFO: [ app_init ] --END-- [ RunTime:0.000000s ]
INFO: [ app_begin ] --START--
INFO: Run Behavior\ReadHtmlCacheBehavior [ RunTime:0.000000s ]
INFO: [ app_begin ] --END-- [ RunTime:0.000000s ]
NOTIC: [8] Undefined index: grant C:\wamp\www\zhaopin\Application\Admin\Controller\XmanagerController.class.php 第 7 行.

[ 2016-03-14T10:58:54+08:00 ] 180.153.163.209 /index.php/Admin/Login/login.html
INFO: [ app_init ] --START--
INFO: Run Behavior\BuildLiteBehavior [ RunTime:0.000000s ]
INFO: [ app_init ] --END-- [ RunTime:0.000000s ]
INFO: [ app_begin ] --START--
INFO: Run Behavior\ReadHtmlCacheBehavior [ RunTime:0.000000s ]
INFO: [ app_begin ] --END-- [ RunTime:0.000000s ]
INFO: [ view_parse ] --START--
INFO: [ template_filter ] --START--
INFO: Run Behavior\ContentReplaceBehavior [ RunTime:0.000000s ]
INFO: [ template_filter ] --END-- [ RunTime:0.000000s ]
INFO: Run Behavior\ParseTemplateBehavior [ RunTime:0.015625s ]
INFO: [ view_parse ] --END-- [ RunTime:0.015625s ]
INFO: [ view_filter ] --START--
INFO: Run Behavior\WriteHtmlCacheBehavior [ RunTime:0.000000s ]
INFO: [ view_filter ] --END-- [ RunTime:0.000000s ]
INFO: [ app_end ] --START--
INFO: Run Behavior\ShowPageTraceBehavior [ RunTime:0.000000s ]
INFO: [ app_end ] --END-- [ RunTime:0.000000s ]

[ 2016-03-14T10:58:55+08:00 ] 122.205.66.39 /index.php/admin/Xmanager/index.html
INFO: [ app_init ] --START--
INFO: Run Behavior\BuildLiteBehavior [ RunTime:0.000000s ]
INFO: [ app_init ] --END-- [ RunTime:0.000000s ]
INFO: [ app_begin ] --START--
INFO: Run Behavior\ReadHtmlCacheBehavior [ RunTime:0.000000s ]
INFO: [ app_begin ] --END-- [ RunTime:0.000000s ]
SQL: SHOW COLUMNS FROM `zp_administrator` [ RunTime:0.0000s ]
SQL: SELECT * FROM `zp_administrator` WHERE `user` = '55' AND `grant` = 1 LIMIT 1   [ RunTime:0.0000s ]
SQL: SHOW COLUMNS FROM `zp_proform` [ RunTime:0.0000s ]
SQL: SHOW COLUMNS FROM `zp_application` [ RunTime:0.0000s ]
SQL: SHOW COLUMNS FROM `zp_professior` [ RunTime:0.0000s ]
SQL: SELECT DISTINCT  `numid` FROM `zp_proform`  [ RunTime:0.0000s ]
SQL: SELECT `numid`,`name`,`major`,`aid` FROM `zp_application` WHERE `numid` = 1 LIMIT 1   [ RunTime:0.0000s ]
NOTIC: [8] Undefined variable: list2 C:\wamp\www\zhaopin\Application\Admin\Controller\XmanagerController.class.php 第 53 行.
SQL: SELECT `numid`,`name`,`major`,`aid` FROM `zp_application` WHERE `numid` = 4 LIMIT 1   [ RunTime:0.0000s ]
NOTIC: [8] Undefined variable: list2 C:\wamp\www\zhaopin\Application\Admin\Controller\XmanagerController.class.php 第 53 行.
SQL: SELECT `numid`,`name`,`major`,`aid` FROM `zp_application` WHERE `numid` = 5 LIMIT 1   [ RunTime:0.0000s ]
NOTIC: [8] Undefined variable: list2 C:\wamp\www\zhaopin\Application\Admin\Controller\XmanagerController.class.php 第 53 行.
SQL: SELECT `numid`,`name`,`major`,`aid` FROM `zp_application` WHERE `numid` = 6 LIMIT 1   [ RunTime:0.0000s ]
SQL: SELECT `pid`,`assess`,`sum` FROM `zp_proform` WHERE `numid` = 6  [ RunTime:0.0000s ]
SQL: SELECT `pid`,`name` FROM `zp_professior` WHERE `pid` = 2 LIMIT 1   [ RunTime:0.0000s ]
SQL: SELECT `numid`,`name`,`major`,`aid` FROM `zp_application` WHERE `numid` = 11 LIMIT 1   [ RunTime:0.0000s ]
SQL: SELECT `pid`,`assess`,`sum` FROM `zp_proform` WHERE `numid` = 11  [ RunTime:0.0000s ]
SQL: SELECT `pid`,`name` FROM `zp_professior` WHERE `pid` = 20 LIMIT 1   [ RunTime:0.0000s ]
SQL: SELECT `pid`,`name` FROM `zp_professior` WHERE `pid` = 2 LIMIT 1   [ RunTime:0.0000s ]
SQL: SELECT `pid`,`name` FROM `zp_professior` WHERE `pid` = 0 LIMIT 1   [ RunTime:0.0156s ]
SQL: SELECT `numid`,`name`,`major`,`aid` FROM `zp_application` WHERE `numid` = 8 LIMIT 1   [ RunTime:0.0000s ]
SQL: SELECT `pid`,`assess`,`sum` FROM `zp_proform` WHERE `numid` = 8  [ RunTime:0.0000s ]
SQL: SELECT `pid`,`name` FROM `zp_professior` WHERE `pid` = 2 LIMIT 1   [ RunTime:0.0000s ]
SQL: SELECT `numid`,`name`,`major`,`aid` FROM `zp_application` WHERE `numid` = 10 LIMIT 1   [ RunTime:0.0000s ]
SQL: SELECT `pid`,`assess`,`sum` FROM `zp_proform` WHERE `numid` = 10  [ RunTime:0.0000s ]
SQL: SELECT `pid`,`name` FROM `zp_professior` WHERE `pid` = 20 LIMIT 1   [ RunTime:0.0000s ]
SQL: SELECT `numid`,`name`,`major`,`aid` FROM `zp_application` WHERE `numid` = 9 LIMIT 1   [ RunTime:0.0000s ]
SQL: SELECT `pid`,`assess`,`sum` FROM `zp_proform` WHERE `numid` = 9  [ RunTime:0.0000s ]
SQL: SELECT `pid`,`name` FROM `zp_professior` WHERE `pid` = 18 LIMIT 1   [ RunTime:0.0000s ]
SQL: SELECT * FROM `zp_administrator` WHERE `grant` = 2  [ RunTime:0.0000s ]
SQL: SELECT * FROM `zp_professior` WHERE `grant` = 2  [ RunTime:0.0000s ]
INFO: [ view_parse ] --START--
INFO: [ template_filter ] --START--
INFO: Run Behavior\ContentReplaceBehavior [ RunTime:0.000000s ]
INFO: [ template_filter ] --END-- [ RunTime:0.000000s ]
NOTIC: [8] Undefined offset: 14 C:\wamp\www\zhaopin\Application\Runtime\Cache\Admin\160404f9ccfe64e795931bd711cc3bbe.php 第 134 行.
NOTIC: [8] Undefined variable: page C:\wamp\www\zhaopin\Application\Runtime\Cache\Admin\160404f9ccfe64e795931bd711cc3bbe.php 第 160 行.
INFO: Run Behavior\ParseTemplateBehavior [ RunTime:0.031250s ]
INFO: [ view_parse ] --END-- [ RunTime:0.031250s ]
INFO: [ view_filter ] --START--
INFO: Run Behavior\WriteHtmlCacheBehavior [ RunTime:0.000000s ]
INFO: [ view_filter ] --END-- [ RunTime:0.000000s ]
INFO: [ app_end ] --START--
INFO: Run Behavior\ShowPageTraceBehavior [ RunTime:0.000000s ]
INFO: [ app_end ] --END-- [ RunTime:0.000000s ]

[ 2016-03-14T10:58:57+08:00 ] 122.205.66.39 /index.php/admin/Xmanager/index.html
INFO: [ app_init ] --START--
INFO: Run Behavior\BuildLiteBehavior [ RunTime:0.000000s ]
INFO: [ app_init ] --END-- [ RunTime:0.000000s ]
INFO: [ app_begin ] --START--
INFO: Run Behavior\ReadHtmlCacheBehavior [ RunTime:0.000000s ]
INFO: [ app_begin ] --END-- [ RunTime:0.000000s ]
SQL: SHOW COLUMNS FROM `zp_administrator` [ RunTime:0.0000s ]
SQL: SELECT * FROM `zp_administrator` WHERE `user` = '55' AND `grant` = 1 LIMIT 1   [ RunTime:0.0000s ]
SQL: SHOW COLUMNS FROM `zp_proform` [ RunTime:0.0000s ]
SQL: SHOW COLUMNS FROM `zp_application` [ RunTime:0.0000s ]
SQL: SHOW COLUMNS FROM `zp_professior` [ RunTime:0.0156s ]
SQL: SELECT DISTINCT  `numid` FROM `zp_proform`  [ RunTime:0.0000s ]
SQL: SELECT `numid`,`name`,`major`,`aid` FROM `zp_application` WHERE `numid` = 1 LIMIT 1   [ RunTime:0.0000s ]
NOTIC: [8] Undefined variable: list2 C:\wamp\www\zhaopin\Application\Admin\Controller\XmanagerController.class.php 第 53 行.
SQL: SELECT `numid`,`name`,`major`,`aid` FROM `zp_application` WHERE `numid` = 4 LIMIT 1   [ RunTime:0.0000s ]
NOTIC: [8] Undefined variable: list2 C:\wamp\www\zhaopin\Application\Admin\Controller\XmanagerController.class.php 第 53 行.
SQL: SELECT `numid`,`name`,`major`,`aid` FROM `zp_application` WHERE `numid` = 5 LIMIT 1   [ RunTime:0.0000s ]
NOTIC: [8] Undefined variable: list2 C:\wamp\www\zhaopin\Application\Admin\Controller\XmanagerController.class.php 第 53 行.
SQL: SELECT `numid`,`name`,`major`,`aid` FROM `zp_application` WHERE `numid` = 6 LIMIT 1   [ RunTime:0.0000s ]
SQL: SELECT `pid`,`assess`,`sum` FROM `zp_proform` WHERE `numid` = 6  [ RunTime:0.0000s ]
SQL: SELECT `pid`,`name` FROM `zp_professior` WHERE `pid` = 2 LIMIT 1   [ RunTime:0.0000s ]
SQL: SELECT `numid`,`name`,`major`,`aid` FROM `zp_application` WHERE `numid` = 11 LIMIT 1   [ RunTime:0.0000s ]
SQL: SELECT `pid`,`assess`,`sum` FROM `zp_proform` WHERE `numid` = 11  [ RunTime:0.0000s ]
SQL: SELECT `pid`,`name` FROM `zp_professior` WHERE `pid` = 20 LIMIT 1   [ RunTime:0.0000s ]
SQL: SELECT `pid`,`name` FROM `zp_professior` WHERE `pid` = 2 LIMIT 1   [ RunTime:0.0000s ]
SQL: SELECT `pid`,`name` FROM `zp_professior` WHERE `pid` = 0 LIMIT 1   [ RunTime:0.0000s ]
SQL: SELECT `numid`,`name`,`major`,`aid` FROM `zp_application` WHERE `numid` = 8 LIMIT 1   [ RunTime:0.0156s ]
SQL: SELECT `pid`,`assess`,`sum` FROM `zp_proform` WHERE `numid` = 8  [ RunTime:0.0000s ]
SQL: SELECT `pid`,`name` FROM `zp_professior` WHERE `pid` = 2 LIMIT 1   [ RunTime:0.0000s ]
SQL: SELECT `numid`,`name`,`major`,`aid` FROM `zp_application` WHERE `numid` = 10 LIMIT 1   [ RunTime:0.0000s ]
SQL: SELECT `pid`,`assess`,`sum` FROM `zp_proform` WHERE `numid` = 10  [ RunTime:0.0000s ]
SQL: SELECT `pid`,`name` FROM `zp_professior` WHERE `pid` = 20 LIMIT 1   [ RunTime:0.0000s ]
SQL: SELECT `numid`,`name`,`major`,`aid` FROM `zp_application` WHERE `numid` = 9 LIMIT 1   [ RunTime:0.0000s ]
SQL: SELECT `pid`,`assess`,`sum` FROM `zp_proform` WHERE `numid` = 9  [ RunTime:0.0000s ]
SQL: SELECT `pid`,`name` FROM `zp_professior` WHERE `pid` = 18 LIMIT 1   [ RunTime:0.0000s ]
SQL: SELECT * FROM `zp_administrator` WHERE `grant` = 2  [ RunTime:0.0000s ]
SQL: SELECT * FROM `zp_professior` WHERE `grant` = 2  [ RunTime:0.0000s ]
INFO: [ view_parse ] --START--
INFO: [ template_filter ] --START--
INFO: Run Behavior\ContentReplaceBehavior [ RunTime:0.000000s ]
INFO: [ template_filter ] --END-- [ RunTime:0.000000s ]
NOTIC: [8] Undefined offset: 14 C:\wamp\www\zhaopin\Application\Runtime\Cache\Admin\160404f9ccfe64e795931bd711cc3bbe.php 第 134 行.
NOTIC: [8] Undefined variable: page C:\wamp\www\zhaopin\Application\Runtime\Cache\Admin\160404f9ccfe64e795931bd711cc3bbe.php 第 160 行.
INFO: Run Behavior\ParseTemplateBehavior [ RunTime:0.031250s ]
INFO: [ view_parse ] --END-- [ RunTime:0.031250s ]
INFO: [ view_filter ] --START--
INFO: Run Behavior\WriteHtmlCacheBehavior [ RunTime:0.000000s ]
INFO: [ view_filter ] --END-- [ RunTime:0.000000s ]
INFO: [ app_end ] --START--
INFO: Run Behavior\ShowPageTraceBehavior [ RunTime:0.000000s ]
INFO: [ app_end ] --END-- [ RunTime:0.000000s ]

[ 2016-03-14T10:58:59+08:00 ] 122.205.66.39 /index.php/admin/Xmanager/handout.html
INFO: [ app_init ] --START--
INFO: Run Behavior\BuildLiteBehavior [ RunTime:0.000000s ]
INFO: [ app_init ] --END-- [ RunTime:0.000000s ]
INFO: [ app_begin ] --START--
INFO: Run Behavior\ReadHtmlCacheBehavior [ RunTime:0.000000s ]
INFO: [ app_begin ] --END-- [ RunTime:0.000000s ]
SQL: SHOW COLUMNS FROM `zp_administrator` [ RunTime:0.0000s ]
SQL: SELECT * FROM `zp_administrator` WHERE `user` = '55' AND `grant` = 1 LIMIT 1   [ RunTime:0.0000s ]
SQL: SHOW COLUMNS FROM `zp_professior` [ RunTime:0.0000s ]
SQL: SELECT * FROM `zp_administrator` WHERE `grant` = 2  [ RunTime:0.0000s ]
SQL: SELECT * FROM `zp_professior` WHERE `grant` = 2  [ RunTime:0.0000s ]
SQL: SHOW COLUMNS FROM `zp_application` [ RunTime:0.0000s ]
SQL: SELECT `numid` FROM `zp_application` ORDER BY numid desc  [ RunTime:0.0000s ]
SQL: SHOW COLUMNS FROM `zp_adform` [ RunTime:0.0938s ]
SQL: SHOW COLUMNS FROM `zp_zjform` [ RunTime:0.0469s ]
SQL: SELECT * FROM `zp_application` WHERE `numid` = 18 LIMIT 1   [ RunTime:0.0000s ]
SQL: SELECT `pid` FROM `zp_zjform` WHERE `numid` = 18  [ RunTime:0.0000s ]
SQL: SELECT `ad_id` FROM `zp_adform` WHERE `numid` = 18  [ RunTime:0.0000s ]
SQL: SELECT * FROM `zp_application` WHERE `numid` = 17 LIMIT 1   [ RunTime:0.0000s ]
SQL: SELECT `pid` FROM `zp_zjform` WHERE `numid` = 17  [ RunTime:0.0000s ]
SQL: SELECT `pid`,`name` FROM `zp_professior` WHERE `pid` = 2 LIMIT 1   [ RunTime:0.0000s ]
SQL: SELECT `ad_id` FROM `zp_adform` WHERE `numid` = 17  [ RunTime:0.0000s ]
SQL: SELECT `id`,`name` FROM `zp_administrator` WHERE `id` = 7 LIMIT 1   [ RunTime:0.0000s ]
SQL: SELECT * FROM `zp_application` WHERE `numid` = 16 LIMIT 1   [ RunTime:0.0000s ]
SQL: SELECT `pid` FROM `zp_zjform` WHERE `numid` = 16  [ RunTime:0.0000s ]
SQL: SELECT `ad_id` FROM `zp_adform` WHERE `numid` = 16  [ RunTime:0.0000s ]
SQL: SELECT * FROM `zp_application` WHERE `numid` = 14 LIMIT 1   [ RunTime:0.0000s ]
SQL: SELECT `pid` FROM `zp_zjform` WHERE `numid` = 14  [ RunTime:0.0000s ]
SQL: SELECT `ad_id` FROM `zp_adform` WHERE `numid` = 14  [ RunTime:0.0000s ]
SQL: SELECT * FROM `zp_application` WHERE `numid` = 12 LIMIT 1   [ RunTime:0.0156s ]
SQL: SELECT `pid` FROM `zp_zjform` WHERE `numid` = 12  [ RunTime:0.0000s ]
SQL: SELECT `ad_id` FROM `zp_adform` WHERE `numid` = 12  [ RunTime:0.0000s ]
SQL: SELECT * FROM `zp_application` WHERE `numid` = 11 LIMIT 1   [ RunTime:0.0000s ]
SQL: SELECT `pid` FROM `zp_zjform` WHERE `numid` = 11  [ RunTime:0.0000s ]
SQL: SELECT `pid`,`name` FROM `zp_professior` WHERE `pid` = 2 LIMIT 1   [ RunTime:0.0000s ]
SQL: SELECT `pid`,`name` FROM `zp_professior` WHERE `pid` = 20 LIMIT 1   [ RunTime:0.0000s ]
SQL: SELECT `pid`,`name` FROM `zp_professior` WHERE `pid` = 18 LIMIT 1   [ RunTime:0.0000s ]
SQL: SELECT `ad_id` FROM `zp_adform` WHERE `numid` = 11  [ RunTime:0.0000s ]
SQL: SELECT `id`,`name` FROM `zp_administrator` WHERE `id` = 7 LIMIT 1   [ RunTime:0.0000s ]
SQL: SELECT * FROM `zp_application` WHERE `numid` = 10 LIMIT 1   [ RunTime:0.0000s ]
SQL: SELECT `pid` FROM `zp_zjform` WHERE `numid` = 10  [ RunTime:0.0000s ]
SQL: SELECT `pid`,`name` FROM `zp_professior` WHERE `pid` = 9 LIMIT 1   [ RunTime:0.0000s ]
SQL: SELECT `pid`,`name` FROM `zp_professior` WHERE `pid` = 18 LIMIT 1   [ RunTime:0.0000s ]
SQL: SELECT `pid`,`name` FROM `zp_professior` WHERE `pid` = 20 LIMIT 1   [ RunTime:0.0000s ]
SQL: SELECT `ad_id` FROM `zp_adform` WHERE `numid` = 10  [ RunTime:0.0000s ]
SQL: SELECT `id`,`name` FROM `zp_administrator` WHERE `id` = 7 LIMIT 1   [ RunTime:0.0000s ]
SQL: SELECT * FROM `zp_application` WHERE `numid` = 9 LIMIT 1   [ RunTime:0.0000s ]
SQL: SELECT `pid` FROM `zp_zjform` WHERE `numid` = 9  [ RunTime:0.0000s ]
SQL: SELECT `pid`,`name` FROM `zp_professior` WHERE `pid` = 0 LIMIT 1   [ RunTime:0.0000s ]
SQL: SELECT `pid`,`name` FROM `zp_professior` WHERE `pid` = 18 LIMIT 1   [ RunTime:0.0000s ]
SQL: SELECT `pid`,`name` FROM `zp_professior` WHERE `pid` = 20 LIMIT 1   [ RunTime:0.0000s ]
SQL: SELECT `ad_id` FROM `zp_adform` WHERE `numid` = 9  [ RunTime:0.0000s ]
SQL: SELECT `id`,`name` FROM `zp_administrator` WHERE `id` = 7 LIMIT 1   [ RunTime:0.0000s ]
SQL: SELECT * FROM `zp_application` WHERE `numid` = 8 LIMIT 1   [ RunTime:0.0000s ]
SQL: SELECT `pid` FROM `zp_zjform` WHERE `numid` = 8  [ RunTime:0.0000s ]
SQL: SELECT `pid`,`name` FROM `zp_professior` WHERE `pid` = 2 LIMIT 1   [ RunTime:0.0000s ]
SQL: SELECT `pid`,`name` FROM `zp_professior` WHERE `pid` = 10 LIMIT 1   [ RunTime:0.0000s ]
SQL: SELECT `ad_id` FROM `zp_adform` WHERE `numid` = 8  [ RunTime:0.0000s ]
SQL: SELECT `id`,`name` FROM `zp_administrator` WHERE `id` = 2 LIMIT 1   [ RunTime:0.0156s ]
SQL: SELECT * FROM `zp_application` WHERE `numid` = 7 LIMIT 1   [ RunTime:0.0000s ]
SQL: SELECT `pid` FROM `zp_zjform` WHERE `numid` = 7  [ RunTime:0.0000s ]
SQL: SELECT `pid`,`name` FROM `zp_professior` WHERE `pid` = 3 LIMIT 1   [ RunTime:0.0000s ]
SQL: SELECT `ad_id` FROM `zp_adform` WHERE `numid` = 7  [ RunTime:0.0000s ]
SQL: SELECT `id`,`name` FROM `zp_administrator` WHERE `id` = 0 LIMIT 1   [ RunTime:0.0000s ]
SQL: SELECT * FROM `zp_application` WHERE `numid` = 6 LIMIT 1   [ RunTime:0.0000s ]
SQL: SELECT `pid` FROM `zp_zjform` WHERE `numid` = 6  [ RunTime:0.0000s ]
SQL: SELECT `pid`,`name` FROM `zp_professior` WHERE `pid` = 2 LIMIT 1   [ RunTime:0.0000s ]
SQL: SELECT `pid`,`name` FROM `zp_professior` WHERE `pid` = 10 LIMIT 1   [ RunTime:0.0000s ]
SQL: SELECT `ad_id` FROM `zp_adform` WHERE `numid` = 6  [ RunTime:0.0000s ]
SQL: SELECT `id`,`name` FROM `zp_administrator` WHERE `id` = 2 LIMIT 1   [ RunTime:0.0000s ]
SQL: SELECT * FROM `zp_application` WHERE `numid` = 2 LIMIT 1   [ RunTime:0.0000s ]
SQL: SELECT `pid` FROM `zp_zjform` WHERE `numid` = 2  [ RunTime:0.0000s ]
SQL: SELECT `pid`,`name` FROM `zp_professior` WHERE `pid` = 8 LIMIT 1   [ RunTime:0.0000s ]
SQL: SELECT `pid`,`name` FROM `zp_professior` WHERE `pid` = 4 LIMIT 1   [ RunTime:0.0000s ]
SQL: SELECT `pid`,`name` FROM `zp_professior` WHERE `pid` = 3 LIMIT 1   [ RunTime:0.0000s ]
SQL: SELECT `pid`,`name` FROM `zp_professior` WHERE `pid` = 2 LIMIT 1   [ RunTime:0.0000s ]
SQL: SELECT `pid`,`name` FROM `zp_professior` WHERE `pid` = 10 LIMIT 1   [ RunTime:0.0000s ]
SQL: SELECT `ad_id` FROM `zp_adform` WHERE `numid` = 2  [ RunTime:0.0000s ]
SQL: SELECT `id`,`name` FROM `zp_administrator` WHERE `id` = 4 LIMIT 1   [ RunTime:0.0000s ]
SQL: SELECT `id`,`name` FROM `zp_administrator` WHERE `id` = 2 LIMIT 1   [ RunTime:0.0000s ]
INFO: [ view_parse ] --START--
INFO: [ template_filter ] --START--
INFO: Run Behavior\ContentReplaceBehavior [ RunTime:0.000000s ]
INFO: [ template_filter ] --END-- [ RunTime:0.000000s ]
NOTIC: [8] Undefined offset: 18 C:\wamp\www\zhaopin\Application\Runtime\Cache\Admin\27555b3bd8d147a9395ea9af1894cbd7.php 第 82 行.
NOTIC: [2] Invalid argument supplied for foreach() C:\wamp\www\zhaopin\Application\Runtime\Cache\Admin\27555b3bd8d147a9395ea9af1894cbd7.php 第 82 行.
NOTIC: [8] Undefined offset: 18 C:\wamp\www\zhaopin\Application\Runtime\Cache\Admin\27555b3bd8d147a9395ea9af1894cbd7.php 第 89 行.
NOTIC: [2] Invalid argument supplied for foreach() C:\wamp\www\zhaopin\Application\Runtime\Cache\Admin\27555b3bd8d147a9395ea9af1894cbd7.php 第 89 行.
NOTIC: [8] Undefined offset: 16 C:\wamp\www\zhaopin\Application\Runtime\Cache\Admin\27555b3bd8d147a9395ea9af1894cbd7.php 第 82 行.
NOTIC: [2] Invalid argument supplied for foreach() C:\wamp\www\zhaopin\Application\Runtime\Cache\Admin\27555b3bd8d147a9395ea9af1894cbd7.php 第 82 行.
NOTIC: [8] Undefined offset: 16 C:\wamp\www\zhaopin\Application\Runtime\Cache\Admin\27555b3bd8d147a9395ea9af1894cbd7.php 第 89 行.
NOTIC: [2] Invalid argument supplied for foreach() C:\wamp\www\zhaopin\Application\Runtime\Cache\Admin\27555b3bd8d147a9395ea9af1894cbd7.php 第 89 行.
NOTIC: [8] Undefined offset: 14 C:\wamp\www\zhaopin\Application\Runtime\Cache\Admin\27555b3bd8d147a9395ea9af1894cbd7.php 第 82 行.
NOTIC: [2] Invalid argument supplied for foreach() C:\wamp\www\zhaopin\Application\Runtime\Cache\Admin\27555b3bd8d147a9395ea9af1894cbd7.php 第 82 行.
NOTIC: [8] Undefined offset: 14 C:\wamp\www\zhaopin\Application\Runtime\Cache\Admin\27555b3bd8d147a9395ea9af1894cbd7.php 第 89 行.
NOTIC: [2] Invalid argument supplied for foreach() C:\wamp\www\zhaopin\Application\Runtime\Cache\Admin\27555b3bd8d147a9395ea9af1894cbd7.php 第 89 行.
NOTIC: [8] Undefined offset: 12 C:\wamp\www\zhaopin\Application\Runtime\Cache\Admin\27555b3bd8d147a9395ea9af1894cbd7.php 第 82 行.
NOTIC: [2] Invalid argument supplied for foreach() C:\wamp\www\zhaopin\Application\Runtime\Cache\Admin\27555b3bd8d147a9395ea9af1894cbd7.php 第 82 行.
NOTIC: [8] Undefined offset: 12 C:\wamp\www\zhaopin\Application\Runtime\Cache\Admin\27555b3bd8d147a9395ea9af1894cbd7.php 第 89 行.
NOTIC: [2] Invalid argument supplied for foreach() C:\wamp\www\zhaopin\Application\Runtime\Cache\Admin\27555b3bd8d147a9395ea9af1894cbd7.php 第 89 行.
INFO: Run Behavior\ParseTemplateBehavior [ RunTime:0.031250s ]
INFO: [ view_parse ] --END-- [ RunTime:0.031250s ]
INFO: [ view_filter ] --START--
INFO: Run Behavior\WriteHtmlCacheBehavior [ RunTime:0.000000s ]
INFO: [ view_filter ] --END-- [ RunTime:0.000000s ]
INFO: [ app_end ] --START--
INFO: Run Behavior\ShowPageTraceBehavior [ RunTime:0.000000s ]
INFO: [ app_end ] --END-- [ RunTime:0.000000s ]

[ 2016-03-14T10:59:01+08:00 ] 101.226.33.216 /index.php/admin/Xmanager/handout.html
INFO: [ app_init ] --START--
INFO: Run Behavior\BuildLiteBehavior [ RunTime:0.000000s ]
INFO: [ app_init ] --END-- [ RunTime:0.000000s ]
INFO: [ app_begin ] --START--
INFO: Run Behavior\ReadHtmlCacheBehavior [ RunTime:0.000000s ]
INFO: [ app_begin ] --END-- [ RunTime:0.000000s ]
NOTIC: [8] Undefined index: grant C:\wamp\www\zhaopin\Application\Admin\Controller\XmanagerController.class.php 第 7 行.

[ 2016-03-14T10:59:01+08:00 ] 101.226.33.216 /index.php/Admin/Login/login.html
INFO: [ app_init ] --START--
INFO: Run Behavior\BuildLiteBehavior [ RunTime:0.000000s ]
INFO: [ app_init ] --END-- [ RunTime:0.000000s ]
INFO: [ app_begin ] --START--
INFO: Run Behavior\ReadHtmlCacheBehavior [ RunTime:0.000000s ]
INFO: [ app_begin ] --END-- [ RunTime:0.000000s ]
INFO: [ view_parse ] --START--
INFO: [ template_filter ] --START--
INFO: Run Behavior\ContentReplaceBehavior [ RunTime:0.000000s ]
INFO: [ template_filter ] --END-- [ RunTime:0.000000s ]
INFO: Run Behavior\ParseTemplateBehavior [ RunTime:0.015625s ]
INFO: [ view_parse ] --END-- [ RunTime:0.015625s ]
INFO: [ view_filter ] --START--
INFO: Run Behavior\WriteHtmlCacheBehavior [ RunTime:0.000000s ]
INFO: [ view_filter ] --END-- [ RunTime:0.000000s ]
INFO: [ app_end ] --START--
INFO: Run Behavior\ShowPageTraceBehavior [ RunTime:0.000000s ]
INFO: [ app_end ] --END-- [ RunTime:0.000000s ]

[ 2016-03-14T10:59:02+08:00 ] 122.205.66.39 /index.php/admin/Xmanager/add.html
INFO: [ app_init ] --START--
INFO: Run Behavior\BuildLiteBehavior [ RunTime:0.000000s ]
INFO: [ app_init ] --END-- [ RunTime:0.000000s ]
INFO: [ app_begin ] --START--
INFO: Run Behavior\ReadHtmlCacheBehavior [ RunTime:0.000000s ]
INFO: [ app_begin ] --END-- [ RunTime:0.000000s ]
SQL: SHOW COLUMNS FROM `zp_administrator` [ RunTime:0.0156s ]
SQL: SELECT * FROM `zp_administrator` WHERE `user` = '55' AND `grant` = 1 LIMIT 1   [ RunTime:0.0000s ]
SQL: SHOW COLUMNS FROM `zp_professior` [ RunTime:0.0000s ]
SQL: SELECT * FROM `zp_professior` WHERE `grant` = 2  [ RunTime:0.0000s ]
INFO: [ view_parse ] --START--
INFO: [ template_filter ] --START--
INFO: Run Behavior\ContentReplaceBehavior [ RunTime:0.000000s ]
INFO: [ template_filter ] --END-- [ RunTime:0.000000s ]
INFO: Run Behavior\ParseTemplateBehavior [ RunTime:0.015625s ]
INFO: [ view_parse ] --END-- [ RunTime:0.015625s ]
INFO: [ view_filter ] --START--
INFO: Run Behavior\WriteHtmlCacheBehavior [ RunTime:0.000000s ]
INFO: [ view_filter ] --END-- [ RunTime:0.000000s ]
INFO: [ app_end ] --START--
INFO: Run Behavior\ShowPageTraceBehavior [ RunTime:0.000000s ]
INFO: [ app_end ] --END-- [ RunTime:0.000000s ]

[ 2016-03-14T10:59:03+08:00 ] 122.205.66.39 /index.php/admin/Xmanager/index.html
INFO: [ app_init ] --START--
INFO: Run Behavior\BuildLiteBehavior [ RunTime:0.000000s ]
INFO: [ app_init ] --END-- [ RunTime:0.000000s ]
INFO: [ app_begin ] --START--
INFO: Run Behavior\ReadHtmlCacheBehavior [ RunTime:0.000000s ]
INFO: [ app_begin ] --END-- [ RunTime:0.000000s ]
SQL: SHOW COLUMNS FROM `zp_administrator` [ RunTime:0.0000s ]
SQL: SELECT * FROM `zp_administrator` WHERE `user` = '55' AND `grant` = 1 LIMIT 1   [ RunTime:0.0000s ]
SQL: SHOW COLUMNS FROM `zp_proform` [ RunTime:0.0000s ]
SQL: SHOW COLUMNS FROM `zp_application` [ RunTime:0.0000s ]
SQL: SHOW COLUMNS FROM `zp_professior` [ RunTime:0.0156s ]
SQL: SELECT DISTINCT  `numid` FROM `zp_proform`  [ RunTime:0.0000s ]
SQL: SELECT `numid`,`name`,`major`,`aid` FROM `zp_application` WHERE `numid` = 1 LIMIT 1   [ RunTime:0.0000s ]
NOTIC: [8] Undefined variable: list2 C:\wamp\www\zhaopin\Application\Admin\Controller\XmanagerController.class.php 第 53 行.
SQL: SELECT `numid`,`name`,`major`,`aid` FROM `zp_application` WHERE `numid` = 4 LIMIT 1   [ RunTime:0.0000s ]
NOTIC: [8] Undefined variable: list2 C:\wamp\www\zhaopin\Application\Admin\Controller\XmanagerController.class.php 第 53 行.
SQL: SELECT `numid`,`name`,`major`,`aid` FROM `zp_application` WHERE `numid` = 5 LIMIT 1   [ RunTime:0.0000s ]
NOTIC: [8] Undefined variable: list2 C:\wamp\www\zhaopin\Application\Admin\Controller\XmanagerController.class.php 第 53 行.
SQL: SELECT `numid`,`name`,`major`,`aid` FROM `zp_application` WHERE `numid` = 6 LIMIT 1   [ RunTime:0.0000s ]
SQL: SELECT `pid`,`assess`,`sum` FROM `zp_proform` WHERE `numid` = 6  [ RunTime:0.0000s ]
SQL: SELECT `pid`,`name` FROM `zp_professior` WHERE `pid` = 2 LIMIT 1   [ RunTime:0.0000s ]
SQL: SELECT `numid`,`name`,`major`,`aid` FROM `zp_application` WHERE `numid` = 11 LIMIT 1   [ RunTime:0.0000s ]
SQL: SELECT `pid`,`assess`,`sum` FROM `zp_proform` WHERE `numid` = 11  [ RunTime:0.0000s ]
SQL: SELECT `pid`,`name` FROM `zp_professior` WHERE `pid` = 20 LIMIT 1   [ RunTime:0.0000s ]
SQL: SELECT `pid`,`name` FROM `zp_professior` WHERE `pid` = 2 LIMIT 1   [ RunTime:0.0000s ]
SQL: SELECT `pid`,`name` FROM `zp_professior` WHERE `pid` = 0 LIMIT 1   [ RunTime:0.0000s ]
SQL: SELECT `numid`,`name`,`major`,`aid` FROM `zp_application` WHERE `numid` = 8 LIMIT 1   [ RunTime:0.0156s ]
SQL: SELECT `pid`,`assess`,`sum` FROM `zp_proform` WHERE `numid` = 8  [ RunTime:0.0000s ]
SQL: SELECT `pid`,`name` FROM `zp_professior` WHERE `pid` = 2 LIMIT 1   [ RunTime:0.0000s ]
SQL: SELECT `numid`,`name`,`major`,`aid` FROM `zp_application` WHERE `numid` = 10 LIMIT 1   [ RunTime:0.0000s ]
SQL: SELECT `pid`,`assess`,`sum` FROM `zp_proform` WHERE `numid` = 10  [ RunTime:0.0000s ]
SQL: SELECT `pid`,`name` FROM `zp_professior` WHERE `pid` = 20 LIMIT 1   [ RunTime:0.0000s ]
SQL: SELECT `numid`,`name`,`major`,`aid` FROM `zp_application` WHERE `numid` = 9 LIMIT 1   [ RunTime:0.0000s ]
SQL: SELECT `pid`,`assess`,`sum` FROM `zp_proform` WHERE `numid` = 9  [ RunTime:0.0000s ]
SQL: SELECT `pid`,`name` FROM `zp_professior` WHERE `pid` = 18 LIMIT 1   [ RunTime:0.0000s ]
SQL: SELECT * FROM `zp_administrator` WHERE `grant` = 2  [ RunTime:0.0000s ]
SQL: SELECT * FROM `zp_professior` WHERE `grant` = 2  [ RunTime:0.0000s ]
INFO: [ view_parse ] --START--
INFO: [ template_filter ] --START--
INFO: Run Behavior\ContentReplaceBehavior [ RunTime:0.000000s ]
INFO: [ template_filter ] --END-- [ RunTime:0.000000s ]
NOTIC: [8] Undefined offset: 14 C:\wamp\www\zhaopin\Application\Runtime\Cache\Admin\160404f9ccfe64e795931bd711cc3bbe.php 第 134 行.
NOTIC: [8] Undefined variable: page C:\wamp\www\zhaopin\Application\Runtime\Cache\Admin\160404f9ccfe64e795931bd711cc3bbe.php 第 160 行.
INFO: Run Behavior\ParseTemplateBehavior [ RunTime:0.031250s ]
INFO: [ view_parse ] --END-- [ RunTime:0.031250s ]
INFO: [ view_filter ] --START--
INFO: Run Behavior\WriteHtmlCacheBehavior [ RunTime:0.000000s ]
INFO: [ view_filter ] --END-- [ RunTime:0.000000s ]
INFO: [ app_end ] --START--
INFO: Run Behavior\ShowPageTraceBehavior [ RunTime:0.000000s ]
INFO: [ app_end ] --END-- [ RunTime:0.000000s ]

[ 2016-03-14T10:59:04+08:00 ] 180.153.214.191 /index.php/admin/Xmanager/add.html
INFO: [ app_init ] --START--
INFO: Run Behavior\BuildLiteBehavior [ RunTime:0.000000s ]
INFO: [ app_init ] --END-- [ RunTime:0.000000s ]
INFO: [ app_begin ] --START--
INFO: Run Behavior\ReadHtmlCacheBehavior [ RunTime:0.000000s ]
INFO: [ app_begin ] --END-- [ RunTime:0.000000s ]
NOTIC: [8] Undefined index: grant C:\wamp\www\zhaopin\Application\Admin\Controller\XmanagerController.class.php 第 7 行.

[ 2016-03-14T10:59:04+08:00 ] 180.153.214.191 /index.php/Admin/Login/login.html
INFO: [ app_init ] --START--
INFO: Run Behavior\BuildLiteBehavior [ RunTime:0.000000s ]
INFO: [ app_init ] --END-- [ RunTime:0.000000s ]
INFO: [ app_begin ] --START--
INFO: Run Behavior\ReadHtmlCacheBehavior [ RunTime:0.000000s ]
INFO: [ app_begin ] --END-- [ RunTime:0.000000s ]
INFO: [ view_parse ] --START--
INFO: [ template_filter ] --START--
INFO: Run Behavior\ContentReplaceBehavior [ RunTime:0.000000s ]
INFO: [ template_filter ] --END-- [ RunTime:0.000000s ]
INFO: Run Behavior\ParseTemplateBehavior [ RunTime:0.000000s ]
INFO: [ view_parse ] --END-- [ RunTime:0.000000s ]
INFO: [ view_filter ] --START--
INFO: Run Behavior\WriteHtmlCacheBehavior [ RunTime:0.000000s ]
INFO: [ view_filter ] --END-- [ RunTime:0.000000s ]
INFO: [ app_end ] --START--
INFO: Run Behavior\ShowPageTraceBehavior [ RunTime:0.000000s ]
INFO: [ app_end ] --END-- [ RunTime:0.000000s ]

[ 2016-03-14T10:59:05+08:00 ] 122.205.66.39 /index.php/admin/Xmanager/index.html
INFO: [ app_init ] --START--
INFO: Run Behavior\BuildLiteBehavior [ RunTime:0.000000s ]
INFO: [ app_init ] --END-- [ RunTime:0.000000s ]
INFO: [ app_begin ] --START--
INFO: Run Behavior\ReadHtmlCacheBehavior [ RunTime:0.000000s ]
INFO: [ app_begin ] --END-- [ RunTime:0.000000s ]
SQL: SHOW COLUMNS FROM `zp_administrator` [ RunTime:0.0000s ]
SQL: SELECT * FROM `zp_administrator` WHERE `user` = '55' AND `grant` = 1 LIMIT 1   [ RunTime:0.0156s ]
SQL: SHOW COLUMNS FROM `zp_proform` [ RunTime:0.0000s ]
SQL: SHOW COLUMNS FROM `zp_application` [ RunTime:0.0000s ]
SQL: SHOW COLUMNS FROM `zp_professior` [ RunTime:0.0000s ]
SQL: SELECT DISTINCT  `numid` FROM `zp_proform`  [ RunTime:0.0000s ]
SQL: SELECT `numid`,`name`,`major`,`aid` FROM `zp_application` WHERE `numid` = 1 LIMIT 1   [ RunTime:0.0000s ]
NOTIC: [8] Undefined variable: list2 C:\wamp\www\zhaopin\Application\Admin\Controller\XmanagerController.class.php 第 53 行.
SQL: SELECT `numid`,`name`,`major`,`aid` FROM `zp_application` WHERE `numid` = 4 LIMIT 1   [ RunTime:0.0156s ]
NOTIC: [8] Undefined variable: list2 C:\wamp\www\zhaopin\Application\Admin\Controller\XmanagerController.class.php 第 53 行.
SQL: SELECT `numid`,`name`,`major`,`aid` FROM `zp_application` WHERE `numid` = 5 LIMIT 1   [ RunTime:0.0000s ]
NOTIC: [8] Undefined variable: list2 C:\wamp\www\zhaopin\Application\Admin\Controller\XmanagerController.class.php 第 53 行.
SQL: SELECT `numid`,`name`,`major`,`aid` FROM `zp_application` WHERE `numid` = 6 LIMIT 1   [ RunTime:0.0000s ]
SQL: SELECT `pid`,`assess`,`sum` FROM `zp_proform` WHERE `numid` = 6  [ RunTime:0.0000s ]
SQL: SELECT `pid`,`name` FROM `zp_professior` WHERE `pid` = 2 LIMIT 1   [ RunTime:0.0000s ]
SQL: SELECT `numid`,`name`,`major`,`aid` FROM `zp_application` WHERE `numid` = 11 LIMIT 1   [ RunTime:0.0000s ]
SQL: SELECT `pid`,`assess`,`sum` FROM `zp_proform` WHERE `numid` = 11  [ RunTime:0.0000s ]
SQL: SELECT `pid`,`name` FROM `zp_professior` WHERE `pid` = 20 LIMIT 1   [ RunTime:0.0000s ]
SQL: SELECT `pid`,`name` FROM `zp_professior` WHERE `pid` = 2 LIMIT 1   [ RunTime:0.0000s ]
SQL: SELECT `pid`,`name` FROM `zp_professior` WHERE `pid` = 0 LIMIT 1   [ RunTime:0.0000s ]
SQL: SELECT `numid`,`name`,`major`,`aid` FROM `zp_application` WHERE `numid` = 8 LIMIT 1   [ RunTime:0.0000s ]
SQL: SELECT `pid`,`assess`,`sum` FROM `zp_proform` WHERE `numid` = 8  [ RunTime:0.0000s ]
SQL: SELECT `pid`,`name` FROM `zp_professior` WHERE `pid` = 2 LIMIT 1   [ RunTime:0.0000s ]
SQL: SELECT `numid`,`name`,`major`,`aid` FROM `zp_application` WHERE `numid` = 10 LIMIT 1   [ RunTime:0.0000s ]
SQL: SELECT `pid`,`assess`,`sum` FROM `zp_proform` WHERE `numid` = 10  [ RunTime:0.0000s ]
SQL: SELECT `pid`,`name` FROM `zp_professior` WHERE `pid` = 20 LIMIT 1   [ RunTime:0.0000s ]
SQL: SELECT `numid`,`name`,`major`,`aid` FROM `zp_application` WHERE `numid` = 9 LIMIT 1   [ RunTime:0.0000s ]
SQL: SELECT `pid`,`assess`,`sum` FROM `zp_proform` WHERE `numid` = 9  [ RunTime:0.0000s ]
SQL: SELECT `pid`,`name` FROM `zp_professior` WHERE `pid` = 18 LIMIT 1   [ RunTime:0.0000s ]
SQL: SELECT * FROM `zp_administrator` WHERE `grant` = 2  [ RunTime:0.0000s ]
SQL: SELECT * FROM `zp_professior` WHERE `grant` = 2  [ RunTime:0.0000s ]
INFO: [ view_parse ] --START--
INFO: [ template_filter ] --START--
INFO: Run Behavior\ContentReplaceBehavior [ RunTime:0.000000s ]
INFO: [ template_filter ] --END-- [ RunTime:0.000000s ]
NOTIC: [8] Undefined offset: 14 C:\wamp\www\zhaopin\Application\Runtime\Cache\Admin\160404f9ccfe64e795931bd711cc3bbe.php 第 134 行.
NOTIC: [8] Undefined variable: page C:\wamp\www\zhaopin\Application\Runtime\Cache\Admin\160404f9ccfe64e795931bd711cc3bbe.php 第 160 行.
INFO: Run Behavior\ParseTemplateBehavior [ RunTime:0.015625s ]
INFO: [ view_parse ] --END-- [ RunTime:0.015625s ]
INFO: [ view_filter ] --START--
INFO: Run Behavior\WriteHtmlCacheBehavior [ RunTime:0.000000s ]
INFO: [ view_filter ] --END-- [ RunTime:0.000000s ]
INFO: [ app_end ] --START--
INFO: Run Behavior\ShowPageTraceBehavior [ RunTime:0.015625s ]
INFO: [ app_end ] --END-- [ RunTime:0.015625s ]

[ 2016-03-14T10:59:52+08:00 ] 122.205.66.39 /index.php/admin/Xmanager/add.html
INFO: [ app_init ] --START--
INFO: Run Behavior\BuildLiteBehavior [ RunTime:0.000000s ]
INFO: [ app_init ] --END-- [ RunTime:0.000000s ]
INFO: [ app_begin ] --START--
INFO: Run Behavior\ReadHtmlCacheBehavior [ RunTime:0.000000s ]
INFO: [ app_begin ] --END-- [ RunTime:0.000000s ]
SQL: SHOW COLUMNS FROM `zp_administrator` [ RunTime:0.0000s ]
SQL: SELECT * FROM `zp_administrator` WHERE `user` = '55' AND `grant` = 1 LIMIT 1   [ RunTime:0.0156s ]
SQL: SHOW COLUMNS FROM `zp_professior` [ RunTime:0.0000s ]
SQL: SELECT * FROM `zp_professior` WHERE `grant` = 2  [ RunTime:0.0000s ]
INFO: [ view_parse ] --START--
INFO: [ template_filter ] --START--
INFO: Run Behavior\ContentReplaceBehavior [ RunTime:0.000000s ]
INFO: [ template_filter ] --END-- [ RunTime:0.000000s ]
INFO: Run Behavior\ParseTemplateBehavior [ RunTime:0.015625s ]
INFO: [ view_parse ] --END-- [ RunTime:0.015625s ]
INFO: [ view_filter ] --START--
INFO: Run Behavior\WriteHtmlCacheBehavior [ RunTime:0.000000s ]
INFO: [ view_filter ] --END-- [ RunTime:0.000000s ]
INFO: [ app_end ] --START--
INFO: Run Behavior\ShowPageTraceBehavior [ RunTime:0.000000s ]
INFO: [ app_end ] --END-- [ RunTime:0.000000s ]

[ 2016-03-14T10:59:52+08:00 ] 122.205.66.39 /index.php/admin/Xmanager/index.html
INFO: [ app_init ] --START--
INFO: Run Behavior\BuildLiteBehavior [ RunTime:0.000000s ]
INFO: [ app_init ] --END-- [ RunTime:0.000000s ]
INFO: [ app_begin ] --START--
INFO: Run Behavior\ReadHtmlCacheBehavior [ RunTime:0.000000s ]
INFO: [ app_begin ] --END-- [ RunTime:0.000000s ]
SQL: SHOW COLUMNS FROM `zp_administrator` [ RunTime:0.0000s ]
SQL: SELECT * FROM `zp_administrator` WHERE `user` = '55' AND `grant` = 1 LIMIT 1   [ RunTime:0.0000s ]
SQL: SHOW COLUMNS FROM `zp_proform` [ RunTime:0.0000s ]
SQL: SHOW COLUMNS FROM `zp_application` [ RunTime:0.0156s ]
SQL: SHOW COLUMNS FROM `zp_professior` [ RunTime:0.0000s ]
SQL: SELECT DISTINCT  `numid` FROM `zp_proform`  [ RunTime:0.0000s ]
SQL: SELECT `numid`,`name`,`major`,`aid` FROM `zp_application` WHERE `numid` = 1 LIMIT 1   [ RunTime:0.0000s ]
NOTIC: [8] Undefined variable: list2 C:\wamp\www\zhaopin\Application\Admin\Controller\XmanagerController.class.php 第 53 行.
SQL: SELECT `numid`,`name`,`major`,`aid` FROM `zp_application` WHERE `numid` = 4 LIMIT 1   [ RunTime:0.0000s ]
NOTIC: [8] Undefined variable: list2 C:\wamp\www\zhaopin\Application\Admin\Controller\XmanagerController.class.php 第 53 行.
SQL: SELECT `numid`,`name`,`major`,`aid` FROM `zp_application` WHERE `numid` = 5 LIMIT 1   [ RunTime:0.0000s ]
NOTIC: [8] Undefined variable: list2 C:\wamp\www\zhaopin\Application\Admin\Controller\XmanagerController.class.php 第 53 行.
SQL: SELECT `numid`,`name`,`major`,`aid` FROM `zp_application` WHERE `numid` = 6 LIMIT 1   [ RunTime:0.0000s ]
SQL: SELECT `pid`,`assess`,`sum` FROM `zp_proform` WHERE `numid` = 6  [ RunTime:0.0000s ]
SQL: SELECT `pid`,`name` FROM `zp_professior` WHERE `pid` = 2 LIMIT 1   [ RunTime:0.0000s ]
SQL: SELECT `numid`,`name`,`major`,`aid` FROM `zp_application` WHERE `numid` = 11 LIMIT 1   [ RunTime:0.0000s ]
SQL: SELECT `pid`,`assess`,`sum` FROM `zp_proform` WHERE `numid` = 11  [ RunTime:0.0000s ]
SQL: SELECT `pid`,`name` FROM `zp_professior` WHERE `pid` = 20 LIMIT 1   [ RunTime:0.0000s ]
SQL: SELECT `pid`,`name` FROM `zp_professior` WHERE `pid` = 2 LIMIT 1   [ RunTime:0.0000s ]
SQL: SELECT `pid`,`name` FROM `zp_professior` WHERE `pid` = 0 LIMIT 1   [ RunTime:0.0000s ]
SQL: SELECT `numid`,`name`,`major`,`aid` FROM `zp_application` WHERE `numid` = 8 LIMIT 1   [ RunTime:0.0000s ]
SQL: SELECT `pid`,`assess`,`sum` FROM `zp_proform` WHERE `numid` = 8  [ RunTime:0.0000s ]
SQL: SELECT `pid`,`name` FROM `zp_professior` WHERE `pid` = 2 LIMIT 1   [ RunTime:0.0000s ]
SQL: SELECT `numid`,`name`,`major`,`aid` FROM `zp_application` WHERE `numid` = 10 LIMIT 1   [ RunTime:0.0000s ]
SQL: SELECT `pid`,`assess`,`sum` FROM `zp_proform` WHERE `numid` = 10  [ RunTime:0.0000s ]
SQL: SELECT `pid`,`name` FROM `zp_professior` WHERE `pid` = 20 LIMIT 1   [ RunTime:0.0000s ]
SQL: SELECT `numid`,`name`,`major`,`aid` FROM `zp_application` WHERE `numid` = 9 LIMIT 1   [ RunTime:0.0000s ]
SQL: SELECT `pid`,`assess`,`sum` FROM `zp_proform` WHERE `numid` = 9  [ RunTime:0.0000s ]
SQL: SELECT `pid`,`name` FROM `zp_professior` WHERE `pid` = 18 LIMIT 1   [ RunTime:0.0000s ]
SQL: SELECT * FROM `zp_administrator` WHERE `grant` = 2  [ RunTime:0.0000s ]
SQL: SELECT * FROM `zp_professior` WHERE `grant` = 2  [ RunTime:0.0000s ]
INFO: [ view_parse ] --START--
INFO: [ template_filter ] --START--
INFO: Run Behavior\ContentReplaceBehavior [ RunTime:0.000000s ]
INFO: [ template_filter ] --END-- [ RunTime:0.015625s ]
NOTIC: [8] Undefined offset: 14 C:\wamp\www\zhaopin\Application\Runtime\Cache\Admin\160404f9ccfe64e795931bd711cc3bbe.php 第 134 行.
NOTIC: [8] Undefined variable: page C:\wamp\www\zhaopin\Application\Runtime\Cache\Admin\160404f9ccfe64e795931bd711cc3bbe.php 第 160 行.
INFO: Run Behavior\ParseTemplateBehavior [ RunTime:0.015625s ]
INFO: [ view_parse ] --END-- [ RunTime:0.015625s ]
INFO: [ view_filter ] --START--
INFO: Run Behavior\WriteHtmlCacheBehavior [ RunTime:0.000000s ]
INFO: [ view_filter ] --END-- [ RunTime:0.000000s ]
INFO: [ app_end ] --START--
INFO: Run Behavior\ShowPageTraceBehavior [ RunTime:0.000000s ]
INFO: [ app_end ] --END-- [ RunTime:0.000000s ]

[ 2016-03-14T10:59:53+08:00 ] 122.205.66.39 /index.php/admin/Xmanager/add.html
INFO: [ app_init ] --START--
INFO: Run Behavior\BuildLiteBehavior [ RunTime:0.000000s ]
INFO: [ app_init ] --END-- [ RunTime:0.000000s ]
INFO: [ app_begin ] --START--
INFO: Run Behavior\ReadHtmlCacheBehavior [ RunTime:0.000000s ]
INFO: [ app_begin ] --END-- [ RunTime:0.000000s ]
SQL: SHOW COLUMNS FROM `zp_administrator` [ RunTime:0.0000s ]
SQL: SELECT * FROM `zp_administrator` WHERE `user` = '55' AND `grant` = 1 LIMIT 1   [ RunTime:0.0000s ]
SQL: SHOW COLUMNS FROM `zp_professior` [ RunTime:0.0000s ]
SQL: SELECT * FROM `zp_professior` WHERE `grant` = 2  [ RunTime:0.0000s ]
INFO: [ view_parse ] --START--
INFO: [ template_filter ] --START--
INFO: Run Behavior\ContentReplaceBehavior [ RunTime:0.000000s ]
INFO: [ template_filter ] --END-- [ RunTime:0.000000s ]
INFO: Run Behavior\ParseTemplateBehavior [ RunTime:0.015625s ]
INFO: [ view_parse ] --END-- [ RunTime:0.015625s ]
INFO: [ view_filter ] --START--
INFO: Run Behavior\WriteHtmlCacheBehavior [ RunTime:0.015625s ]
INFO: [ view_filter ] --END-- [ RunTime:0.015625s ]
INFO: [ app_end ] --START--
INFO: Run Behavior\ShowPageTraceBehavior [ RunTime:0.000000s ]
INFO: [ app_end ] --END-- [ RunTime:0.000000s ]

[ 2016-03-14T10:59:54+08:00 ] 122.205.66.39 /index.php/admin/Xmanager/handout.html
INFO: [ app_init ] --START--
INFO: Run Behavior\BuildLiteBehavior [ RunTime:0.000000s ]
INFO: [ app_init ] --END-- [ RunTime:0.000000s ]
INFO: [ app_begin ] --START--
INFO: Run Behavior\ReadHtmlCacheBehavior [ RunTime:0.000000s ]
INFO: [ app_begin ] --END-- [ RunTime:0.000000s ]
SQL: SHOW COLUMNS FROM `zp_administrator` [ RunTime:0.0000s ]
SQL: SELECT * FROM `zp_administrator` WHERE `user` = '55' AND `grant` = 1 LIMIT 1   [ RunTime:0.0000s ]
SQL: SHOW COLUMNS FROM `zp_professior` [ RunTime:0.0000s ]
SQL: SELECT * FROM `zp_administrator` WHERE `grant` = 2  [ RunTime:0.0000s ]
SQL: SELECT * FROM `zp_professior` WHERE `grant` = 2  [ RunTime:0.0000s ]
SQL: SHOW COLUMNS FROM `zp_application` [ RunTime:0.0156s ]
SQL: SELECT `numid` FROM `zp_application` ORDER BY numid desc  [ RunTime:0.0000s ]
SQL: SHOW COLUMNS FROM `zp_adform` [ RunTime:0.0000s ]
SQL: SHOW COLUMNS FROM `zp_zjform` [ RunTime:0.0000s ]
SQL: SELECT * FROM `zp_application` WHERE `numid` = 18 LIMIT 1   [ RunTime:0.0000s ]
SQL: SELECT `pid` FROM `zp_zjform` WHERE `numid` = 18  [ RunTime:0.0000s ]
SQL: SELECT `ad_id` FROM `zp_adform` WHERE `numid` = 18  [ RunTime:0.0000s ]
SQL: SELECT * FROM `zp_application` WHERE `numid` = 17 LIMIT 1   [ RunTime:0.0000s ]
SQL: SELECT `pid` FROM `zp_zjform` WHERE `numid` = 17  [ RunTime:0.0000s ]
SQL: SELECT `pid`,`name` FROM `zp_professior` WHERE `pid` = 2 LIMIT 1   [ RunTime:0.0000s ]
SQL: SELECT `ad_id` FROM `zp_adform` WHERE `numid` = 17  [ RunTime:0.0000s ]
SQL: SELECT `id`,`name` FROM `zp_administrator` WHERE `id` = 7 LIMIT 1   [ RunTime:0.0000s ]
SQL: SELECT * FROM `zp_application` WHERE `numid` = 16 LIMIT 1   [ RunTime:0.0000s ]
SQL: SELECT `pid` FROM `zp_zjform` WHERE `numid` = 16  [ RunTime:0.0000s ]
SQL: SELECT `ad_id` FROM `zp_adform` WHERE `numid` = 16  [ RunTime:0.0000s ]
SQL: SELECT * FROM `zp_application` WHERE `numid` = 14 LIMIT 1   [ RunTime:0.0000s ]
SQL: SELECT `pid` FROM `zp_zjform` WHERE `numid` = 14  [ RunTime:0.0000s ]
SQL: SELECT `ad_id` FROM `zp_adform` WHERE `numid` = 14  [ RunTime:0.0000s ]
SQL: SELECT * FROM `zp_application` WHERE `numid` = 12 LIMIT 1   [ RunTime:0.0000s ]
SQL: SELECT `pid` FROM `zp_zjform` WHERE `numid` = 12  [ RunTime:0.0000s ]
SQL: SELECT `ad_id` FROM `zp_adform` WHERE `numid` = 12  [ RunTime:0.0000s ]
SQL: SELECT * FROM `zp_application` WHERE `numid` = 11 LIMIT 1   [ RunTime:0.0000s ]
SQL: SELECT `pid` FROM `zp_zjform` WHERE `numid` = 11  [ RunTime:0.0000s ]
SQL: SELECT `pid`,`name` FROM `zp_professior` WHERE `pid` = 2 LIMIT 1   [ RunTime:0.0000s ]
SQL: SELECT `pid`,`name` FROM `zp_professior` WHERE `pid` = 20 LIMIT 1   [ RunTime:0.0000s ]
SQL: SELECT `pid`,`name` FROM `zp_professior` WHERE `pid` = 18 LIMIT 1   [ RunTime:0.0000s ]
SQL: SELECT `ad_id` FROM `zp_adform` WHERE `numid` = 11  [ RunTime:0.0000s ]
SQL: SELECT `id`,`name` FROM `zp_administrator` WHERE `id` = 7 LIMIT 1   [ RunTime:0.0000s ]
SQL: SELECT * FROM `zp_application` WHERE `numid` = 10 LIMIT 1   [ RunTime:0.0000s ]
SQL: SELECT `pid` FROM `zp_zjform` WHERE `numid` = 10  [ RunTime:0.0000s ]
SQL: SELECT `pid`,`name` FROM `zp_professior` WHERE `pid` = 9 LIMIT 1   [ RunTime:0.0000s ]
SQL: SELECT `pid`,`name` FROM `zp_professior` WHERE `pid` = 18 LIMIT 1   [ RunTime:0.0000s ]
SQL: SELECT `pid`,`name` FROM `zp_professior` WHERE `pid` = 20 LIMIT 1   [ RunTime:0.0000s ]
SQL: SELECT `ad_id` FROM `zp_adform` WHERE `numid` = 10  [ RunTime:0.0000s ]
SQL: SELECT `id`,`name` FROM `zp_administrator` WHERE `id` = 7 LIMIT 1   [ RunTime:0.0000s ]
SQL: SELECT * FROM `zp_application` WHERE `numid` = 9 LIMIT 1   [ RunTime:0.0000s ]
SQL: SELECT `pid` FROM `zp_zjform` WHERE `numid` = 9  [ RunTime:0.0000s ]
SQL: SELECT `pid`,`name` FROM `zp_professior` WHERE `pid` = 0 LIMIT 1   [ RunTime:0.0000s ]
SQL: SELECT `pid`,`name` FROM `zp_professior` WHERE `pid` = 18 LIMIT 1   [ RunTime:0.0000s ]
SQL: SELECT `pid`,`name` FROM `zp_professior` WHERE `pid` = 20 LIMIT 1   [ RunTime:0.0000s ]
SQL: SELECT `ad_id` FROM `zp_adform` WHERE `numid` = 9  [ RunTime:0.0000s ]
SQL: SELECT `id`,`name` FROM `zp_administrator` WHERE `id` = 7 LIMIT 1   [ RunTime:0.0000s ]
SQL: SELECT * FROM `zp_application` WHERE `numid` = 8 LIMIT 1   [ RunTime:0.0000s ]
SQL: SELECT `pid` FROM `zp_zjform` WHERE `numid` = 8  [ RunTime:0.0000s ]
SQL: SELECT `pid`,`name` FROM `zp_professior` WHERE `pid` = 2 LIMIT 1   [ RunTime:0.0000s ]
SQL: SELECT `pid`,`name` FROM `zp_professior` WHERE `pid` = 10 LIMIT 1   [ RunTime:0.0000s ]
SQL: SELECT `ad_id` FROM `zp_adform` WHERE `numid` = 8  [ RunTime:0.0000s ]
SQL: SELECT `id`,`name` FROM `zp_administrator` WHERE `id` = 2 LIMIT 1   [ RunTime:0.0000s ]
SQL: SELECT * FROM `zp_application` WHERE `numid` = 7 LIMIT 1   [ RunTime:0.0000s ]
SQL: SELECT `pid` FROM `zp_zjform` WHERE `numid` = 7  [ RunTime:0.0000s ]
SQL: SELECT `pid`,`name` FROM `zp_professior` WHERE `pid` = 3 LIMIT 1   [ RunTime:0.0000s ]
SQL: SELECT `ad_id` FROM `zp_adform` WHERE `numid` = 7  [ RunTime:0.0000s ]
SQL: SELECT `id`,`name` FROM `zp_administrator` WHERE `id` = 0 LIMIT 1   [ RunTime:0.0000s ]
SQL: SELECT * FROM `zp_application` WHERE `numid` = 6 LIMIT 1   [ RunTime:0.0000s ]
SQL: SELECT `pid` FROM `zp_zjform` WHERE `numid` = 6  [ RunTime:0.0000s ]
SQL: SELECT `pid`,`name` FROM `zp_professior` WHERE `pid` = 2 LIMIT 1   [ RunTime:0.0000s ]
SQL: SELECT `pid`,`name` FROM `zp_professior` WHERE `pid` = 10 LIMIT 1   [ RunTime:0.0000s ]
SQL: SELECT `ad_id` FROM `zp_adform` WHERE `numid` = 6  [ RunTime:0.0000s ]
SQL: SELECT `id`,`name` FROM `zp_administrator` WHERE `id` = 2 LIMIT 1   [ RunTime:0.0156s ]
SQL: SELECT * FROM `zp_application` WHERE `numid` = 2 LIMIT 1   [ RunTime:0.0000s ]
SQL: SELECT `pid` FROM `zp_zjform` WHERE `numid` = 2  [ RunTime:0.0000s ]
SQL: SELECT `pid`,`name` FROM `zp_professior` WHERE `pid` = 8 LIMIT 1   [ RunTime:0.0000s ]
SQL: SELECT `pid`,`name` FROM `zp_professior` WHERE `pid` = 4 LIMIT 1   [ RunTime:0.0000s ]
SQL: SELECT `pid`,`name` FROM `zp_professior` WHERE `pid` = 3 LIMIT 1   [ RunTime:0.0000s ]
SQL: SELECT `pid`,`name` FROM `zp_professior` WHERE `pid` = 2 LIMIT 1   [ RunTime:0.0000s ]
SQL: SELECT `pid`,`name` FROM `zp_professior` WHERE `pid` = 10 LIMIT 1   [ RunTime:0.0000s ]
SQL: SELECT `ad_id` FROM `zp_adform` WHERE `numid` = 2  [ RunTime:0.0000s ]
SQL: SELECT `id`,`name` FROM `zp_administrator` WHERE `id` = 4 LIMIT 1   [ RunTime:0.0000s ]
SQL: SELECT `id`,`name` FROM `zp_administrator` WHERE `id` = 2 LIMIT 1   [ RunTime:0.0000s ]
INFO: [ view_parse ] --START--
INFO: [ template_filter ] --START--
INFO: Run Behavior\ContentReplaceBehavior [ RunTime:0.015625s ]
INFO: [ template_filter ] --END-- [ RunTime:0.015625s ]
NOTIC: [8] Undefined offset: 18 C:\wamp\www\zhaopin\Application\Runtime\Cache\Admin\27555b3bd8d147a9395ea9af1894cbd7.php 第 82 行.
NOTIC: [2] Invalid argument supplied for foreach() C:\wamp\www\zhaopin\Application\Runtime\Cache\Admin\27555b3bd8d147a9395ea9af1894cbd7.php 第 82 行.
NOTIC: [8] Undefined offset: 18 C:\wamp\www\zhaopin\Application\Runtime\Cache\Admin\27555b3bd8d147a9395ea9af1894cbd7.php 第 89 行.
NOTIC: [2] Invalid argument supplied for foreach() C:\wamp\www\zhaopin\Application\Runtime\Cache\Admin\27555b3bd8d147a9395ea9af1894cbd7.php 第 89 行.
NOTIC: [8] Undefined offset: 16 C:\wamp\www\zhaopin\Application\Runtime\Cache\Admin\27555b3bd8d147a9395ea9af1894cbd7.php 第 82 行.
NOTIC: [2] Invalid argument supplied for foreach() C:\wamp\www\zhaopin\Application\Runtime\Cache\Admin\27555b3bd8d147a9395ea9af1894cbd7.php 第 82 行.
NOTIC: [8] Undefined offset: 16 C:\wamp\www\zhaopin\Application\Runtime\Cache\Admin\27555b3bd8d147a9395ea9af1894cbd7.php 第 89 行.
NOTIC: [2] Invalid argument supplied for foreach() C:\wamp\www\zhaopin\Application\Runtime\Cache\Admin\27555b3bd8d147a9395ea9af1894cbd7.php 第 89 行.
NOTIC: [8] Undefined offset: 14 C:\wamp\www\zhaopin\Application\Runtime\Cache\Admin\27555b3bd8d147a9395ea9af1894cbd7.php 第 82 行.
NOTIC: [2] Invalid argument supplied for foreach() C:\wamp\www\zhaopin\Application\Runtime\Cache\Admin\27555b3bd8d147a9395ea9af1894cbd7.php 第 82 行.
NOTIC: [8] Undefined offset: 14 C:\wamp\www\zhaopin\Application\Runtime\Cache\Admin\27555b3bd8d147a9395ea9af1894cbd7.php 第 89 行.
NOTIC: [2] Invalid argument supplied for foreach() C:\wamp\www\zhaopin\Application\Runtime\Cache\Admin\27555b3bd8d147a9395ea9af1894cbd7.php 第 89 行.
NOTIC: [8] Undefined offset: 12 C:\wamp\www\zhaopin\Application\Runtime\Cache\Admin\27555b3bd8d147a9395ea9af1894cbd7.php 第 82 行.
NOTIC: [2] Invalid argument supplied for foreach() C:\wamp\www\zhaopin\Application\Runtime\Cache\Admin\27555b3bd8d147a9395ea9af1894cbd7.php 第 82 行.
NOTIC: [8] Undefined offset: 12 C:\wamp\www\zhaopin\Application\Runtime\Cache\Admin\27555b3bd8d147a9395ea9af1894cbd7.php 第 89 行.
NOTIC: [2] Invalid argument supplied for foreach() C:\wamp\www\zhaopin\Application\Runtime\Cache\Admin\27555b3bd8d147a9395ea9af1894cbd7.php 第 89 行.
INFO: Run Behavior\ParseTemplateBehavior [ RunTime:0.031250s ]
INFO: [ view_parse ] --END-- [ RunTime:0.031250s ]
INFO: [ view_filter ] --START--
INFO: Run Behavior\WriteHtmlCacheBehavior [ RunTime:0.000000s ]
INFO: [ view_filter ] --END-- [ RunTime:0.000000s ]
INFO: [ app_end ] --START--
INFO: Run Behavior\ShowPageTraceBehavior [ RunTime:0.000000s ]
INFO: [ app_end ] --END-- [ RunTime:0.000000s ]

[ 2016-03-14T11:00:25+08:00 ] 122.205.66.39 /index.php/admin/Login/login
INFO: [ app_init ] --START--
INFO: Run Behavior\BuildLiteBehavior [ RunTime:0.000000s ]
INFO: [ app_init ] --END-- [ RunTime:0.000000s ]
INFO: [ app_begin ] --START--
INFO: Run Behavior\ReadHtmlCacheBehavior [ RunTime:0.000000s ]
INFO: [ app_begin ] --END-- [ RunTime:0.000000s ]
INFO: [ view_parse ] --START--
INFO: [ template_filter ] --START--
INFO: Run Behavior\ContentReplaceBehavior [ RunTime:0.000000s ]
INFO: [ template_filter ] --END-- [ RunTime:0.000000s ]
INFO: Run Behavior\ParseTemplateBehavior [ RunTime:0.015625s ]
INFO: [ view_parse ] --END-- [ RunTime:0.015625s ]
INFO: [ view_filter ] --START--
INFO: Run Behavior\WriteHtmlCacheBehavior [ RunTime:0.000000s ]
INFO: [ view_filter ] --END-- [ RunTime:0.000000s ]
INFO: [ app_end ] --START--
INFO: Run Behavior\ShowPageTraceBehavior [ RunTime:0.000000s ]
INFO: [ app_end ] --END-- [ RunTime:0.000000s ]

[ 2016-03-14T18:53:52+08:00 ] 218.199.69.242 /index.php/Admin/Login/login
INFO: [ app_init ] --START--
INFO: Run Behavior\BuildLiteBehavior [ RunTime:0.000000s ]
INFO: [ app_init ] --END-- [ RunTime:0.000000s ]
INFO: [ app_begin ] --START--
INFO: Run Behavior\ReadHtmlCacheBehavior [ RunTime:0.000000s ]
INFO: [ app_begin ] --END-- [ RunTime:0.000000s ]
INFO: [ view_parse ] --START--
INFO: [ template_filter ] --START--
INFO: Run Behavior\ContentReplaceBehavior [ RunTime:0.000000s ]
INFO: [ template_filter ] --END-- [ RunTime:0.000000s ]
INFO: Run Behavior\ParseTemplateBehavior [ RunTime:0.015625s ]
INFO: [ view_parse ] --END-- [ RunTime:0.015625s ]
INFO: [ view_filter ] --START--
INFO: Run Behavior\WriteHtmlCacheBehavior [ RunTime:0.000000s ]
INFO: [ view_filter ] --END-- [ RunTime:0.000000s ]
INFO: [ app_end ] --START--
INFO: Run Behavior\ShowPageTraceBehavior [ RunTime:0.000000s ]
INFO: [ app_end ] --END-- [ RunTime:0.000000s ]

[ 2016-03-14T18:54:08+08:00 ] 218.199.69.242 /index.php/Admin/Login/do_login
INFO: [ app_init ] --START--
INFO: Run Behavior\BuildLiteBehavior [ RunTime:0.000000s ]
INFO: [ app_init ] --END-- [ RunTime:0.000000s ]
INFO: [ app_begin ] --START--
INFO: Run Behavior\ReadHtmlCacheBehavior [ RunTime:0.000000s ]
INFO: [ app_begin ] --END-- [ RunTime:0.000000s ]
SQL: SHOW COLUMNS FROM `zp_administrator` [ RunTime:0.0000s ]
SQL: SELECT * FROM `zp_administrator` WHERE `user` = '55' AND `password` = '55' LIMIT 1   [ RunTime:0.0000s ]

[ 2016-03-14T18:54:09+08:00 ] 218.199.69.242 /index.php/Admin/Xmanager/index.html
INFO: [ app_init ] --START--
INFO: Run Behavior\BuildLiteBehavior [ RunTime:0.000000s ]
INFO: [ app_init ] --END-- [ RunTime:0.000000s ]
INFO: [ app_begin ] --START--
INFO: Run Behavior\ReadHtmlCacheBehavior [ RunTime:0.000000s ]
INFO: [ app_begin ] --END-- [ RunTime:0.000000s ]
SQL: SHOW COLUMNS FROM `zp_administrator` [ RunTime:0.0000s ]
SQL: SELECT * FROM `zp_administrator` WHERE `user` = '55' AND `grant` = 1 LIMIT 1   [ RunTime:0.0000s ]
SQL: SHOW COLUMNS FROM `zp_proform` [ RunTime:0.0000s ]
SQL: SHOW COLUMNS FROM `zp_application` [ RunTime:0.0000s ]
SQL: SHOW COLUMNS FROM `zp_professior` [ RunTime:0.0000s ]
SQL: SELECT DISTINCT  `numid` FROM `zp_proform`  [ RunTime:0.0000s ]
SQL: SELECT * FROM `zp_administrator` WHERE `grant` = 2  [ RunTime:0.0000s ]
SQL: SELECT * FROM `zp_professior` WHERE `grant` = 2  [ RunTime:0.0000s ]
NOTIC: [8] Undefined variable: hk C:\wamp\www\zhaopin\Application\Admin\Controller\XmanagerController.class.php 第 62 行.
NOTIC: [8] Undefined variable: klp C:\wamp\www\zhaopin\Application\Admin\Controller\XmanagerController.class.php 第 63 行.
NOTIC: [8] Undefined variable: tr C:\wamp\www\zhaopin\Application\Admin\Controller\XmanagerController.class.php 第 64 行.
INFO: [ view_parse ] --START--
INFO: [ template_filter ] --START--
INFO: Run Behavior\ContentReplaceBehavior [ RunTime:0.000000s ]
INFO: [ template_filter ] --END-- [ RunTime:0.000000s ]
NOTIC: [8] Undefined variable: page C:\wamp\www\zhaopin\Application\Runtime\Cache\Admin\160404f9ccfe64e795931bd711cc3bbe.php 第 160 行.
INFO: Run Behavior\ParseTemplateBehavior [ RunTime:0.015625s ]
INFO: [ view_parse ] --END-- [ RunTime:0.015625s ]
INFO: [ view_filter ] --START--
INFO: Run Behavior\WriteHtmlCacheBehavior [ RunTime:0.000000s ]
INFO: [ view_filter ] --END-- [ RunTime:0.000000s ]
INFO: [ app_end ] --START--
INFO: Run Behavior\ShowPageTraceBehavior [ RunTime:0.000000s ]
INFO: [ app_end ] --END-- [ RunTime:0.000000s ]

[ 2016-03-14T18:54:20+08:00 ] 218.199.69.242 /index.php/Admin/Smanager/Login
INFO: [ app_init ] --START--
INFO: Run Behavior\BuildLiteBehavior [ RunTime:0.000000s ]
INFO: [ app_init ] --END-- [ RunTime:0.000000s ]
INFO: [ app_begin ] --START--
INFO: Run Behavior\ReadHtmlCacheBehavior [ RunTime:0.000000s ]
INFO: [ app_begin ] --END-- [ RunTime:0.000000s ]

[ 2016-03-14T18:54:20+08:00 ] 218.199.69.242 /index.php/Admin/Login/Sm_login.html
INFO: [ app_init ] --START--
INFO: Run Behavior\BuildLiteBehavior [ RunTime:0.000000s ]
INFO: [ app_init ] --END-- [ RunTime:0.000000s ]
INFO: [ app_begin ] --START--
INFO: Run Behavior\ReadHtmlCacheBehavior [ RunTime:0.000000s ]
INFO: [ app_begin ] --END-- [ RunTime:0.000000s ]
INFO: [ view_parse ] --START--
INFO: [ template_filter ] --START--
INFO: Run Behavior\ContentReplaceBehavior [ RunTime:0.000000s ]
INFO: [ template_filter ] --END-- [ RunTime:0.000000s ]
INFO: Run Behavior\ParseTemplateBehavior [ RunTime:0.015625s ]
INFO: [ view_parse ] --END-- [ RunTime:0.015625s ]
INFO: [ view_filter ] --START--
INFO: Run Behavior\WriteHtmlCacheBehavior [ RunTime:0.000000s ]
INFO: [ view_filter ] --END-- [ RunTime:0.000000s ]
INFO: [ app_end ] --START--
INFO: Run Behavior\ShowPageTraceBehavior [ RunTime:0.000000s ]
INFO: [ app_end ] --END-- [ RunTime:0.000000s ]

[ 2016-03-14T18:54:25+08:00 ] 218.199.69.242 /index.php/Admin/Login/do_Smlogin
INFO: [ app_init ] --START--
INFO: Run Behavior\BuildLiteBehavior [ RunTime:0.000000s ]
INFO: [ app_init ] --END-- [ RunTime:0.000000s ]
INFO: [ app_begin ] --START--
INFO: Run Behavior\ReadHtmlCacheBehavior [ RunTime:0.000000s ]
INFO: [ app_begin ] --END-- [ RunTime:0.000000s ]
SQL: SHOW COLUMNS FROM `zp_administrator` [ RunTime:0.0000s ]
SQL: SELECT * FROM `zp_administrator` WHERE `user` = 'admin' AND `password` = '123456' LIMIT 1   [ RunTime:0.0000s ]

[ 2016-03-14T18:54:25+08:00 ] 218.199.69.242 /index.php/Admin/Smanager/index.html
INFO: [ app_init ] --START--
INFO: Run Behavior\BuildLiteBehavior [ RunTime:0.000000s ]
INFO: [ app_init ] --END-- [ RunTime:0.000000s ]
INFO: [ app_begin ] --START--
INFO: Run Behavior\ReadHtmlCacheBehavior [ RunTime:0.000000s ]
INFO: [ app_begin ] --END-- [ RunTime:0.000000s ]
SQL: SHOW COLUMNS FROM `zp_administrator` [ RunTime:0.0156s ]
SQL: SELECT * FROM `zp_administrator` WHERE `user` = 'admin' AND `grant` = 10 LIMIT 1   [ RunTime:0.0000s ]
SQL: SHOW COLUMNS FROM `zp_shuoming` [ RunTime:0.0000s ]
SQL: SELECT * FROM `zp_shuoming` WHERE ( sid=1 ) LIMIT 1   [ RunTime:0.0000s ]
INFO: [ view_parse ] --START--
INFO: [ template_filter ] --START--
INFO: Run Behavior\ContentReplaceBehavior [ RunTime:0.000000s ]
INFO: [ template_filter ] --END-- [ RunTime:0.000000s ]
INFO: Run Behavior\ParseTemplateBehavior [ RunTime:0.015625s ]
INFO: [ view_parse ] --END-- [ RunTime:0.015625s ]
INFO: [ view_filter ] --START--
INFO: Run Behavior\WriteHtmlCacheBehavior [ RunTime:0.000000s ]
INFO: [ view_filter ] --END-- [ RunTime:0.000000s ]
INFO: [ app_end ] --START--
INFO: Run Behavior\ShowPageTraceBehavior [ RunTime:0.000000s ]
INFO: [ app_end ] --END-- [ RunTime:0.000000s ]

[ 2016-03-14T18:54:31+08:00 ] 218.199.69.242 /index.php/admin/Smanager/index.html
INFO: [ app_init ] --START--
INFO: Run Behavior\BuildLiteBehavior [ RunTime:0.000000s ]
INFO: [ app_init ] --END-- [ RunTime:0.000000s ]
INFO: [ app_begin ] --START--
INFO: Run Behavior\ReadHtmlCacheBehavior [ RunTime:0.000000s ]
INFO: [ app_begin ] --END-- [ RunTime:0.000000s ]
SQL: SHOW COLUMNS FROM `zp_administrator` [ RunTime:0.0156s ]
SQL: SELECT * FROM `zp_administrator` WHERE `user` = 'admin' AND `grant` = 10 LIMIT 1   [ RunTime:0.0000s ]
SQL: SHOW COLUMNS FROM `zp_shuoming` [ RunTime:0.0000s ]
SQL: SELECT * FROM `zp_shuoming` WHERE ( sid=1 ) LIMIT 1   [ RunTime:0.0000s ]
INFO: [ view_parse ] --START--
INFO: [ template_filter ] --START--
INFO: Run Behavior\ContentReplaceBehavior [ RunTime:0.000000s ]
INFO: [ template_filter ] --END-- [ RunTime:0.000000s ]
INFO: Run Behavior\ParseTemplateBehavior [ RunTime:0.015625s ]
INFO: [ view_parse ] --END-- [ RunTime:0.015625s ]
INFO: [ view_filter ] --START--
INFO: Run Behavior\WriteHtmlCacheBehavior [ RunTime:0.000000s ]
INFO: [ view_filter ] --END-- [ RunTime:0.000000s ]
INFO: [ app_end ] --START--
INFO: Run Behavior\ShowPageTraceBehavior [ RunTime:0.000000s ]
INFO: [ app_end ] --END-- [ RunTime:0.000000s ]

[ 2016-03-14T18:54:32+08:00 ] 218.199.69.242 /index.php/admin/Smanager/situation.html
INFO: [ app_init ] --START--
INFO: Run Behavior\BuildLiteBehavior [ RunTime:0.000000s ]
INFO: [ app_init ] --END-- [ RunTime:0.015625s ]
INFO: [ app_begin ] --START--
INFO: Run Behavior\ReadHtmlCacheBehavior [ RunTime:0.000000s ]
INFO: [ app_begin ] --END-- [ RunTime:0.000000s ]
SQL: SHOW COLUMNS FROM `zp_administrator` [ RunTime:0.0000s ]
SQL: SELECT * FROM `zp_administrator` WHERE `user` = 'admin' AND `grant` = 10 LIMIT 1   [ RunTime:0.0000s ]
SQL: SHOW COLUMNS FROM `zp_shuoming` [ RunTime:0.0000s ]
SQL: SELECT * FROM `zp_shuoming` WHERE ( sid=1 ) LIMIT 1   [ RunTime:0.0000s ]
INFO: [ view_parse ] --START--
INFO: [ template_filter ] --START--
INFO: Run Behavior\ContentReplaceBehavior [ RunTime:0.000000s ]
INFO: [ template_filter ] --END-- [ RunTime:0.015625s ]
INFO: Run Behavior\ParseTemplateBehavior [ RunTime:0.031250s ]
INFO: [ view_parse ] --END-- [ RunTime:0.031250s ]
INFO: [ view_filter ] --START--
INFO: Run Behavior\WriteHtmlCacheBehavior [ RunTime:0.000000s ]
INFO: [ view_filter ] --END-- [ RunTime:0.000000s ]
INFO: [ app_end ] --START--
INFO: Run Behavior\ShowPageTraceBehavior [ RunTime:0.000000s ]
INFO: [ app_end ] --END-- [ RunTime:0.000000s ]

[ 2016-03-14T18:54:33+08:00 ] 218.199.69.242 /index.php/admin/Smanager/time.html
INFO: [ app_init ] --START--
INFO: Run Behavior\BuildLiteBehavior [ RunTime:0.000000s ]
INFO: [ app_init ] --END-- [ RunTime:0.000000s ]
INFO: [ app_begin ] --START--
INFO: Run Behavior\ReadHtmlCacheBehavior [ RunTime:0.000000s ]
INFO: [ app_begin ] --END-- [ RunTime:0.000000s ]
SQL: SHOW COLUMNS FROM `zp_administrator` [ RunTime:0.0000s ]
SQL: SELECT * FROM `zp_administrator` WHERE `user` = 'admin' AND `grant` = 10 LIMIT 1   [ RunTime:0.0000s ]
SQL: SHOW COLUMNS FROM `zp_shuoming` [ RunTime:0.0000s ]
SQL: SELECT * FROM `zp_shuoming` WHERE ( sid=1 ) LIMIT 1   [ RunTime:0.0000s ]
INFO: [ view_parse ] --START--
INFO: [ template_filter ] --START--
INFO: Run Behavior\ContentReplaceBehavior [ RunTime:0.000000s ]
INFO: [ template_filter ] --END-- [ RunTime:0.000000s ]
INFO: Run Behavior\ParseTemplateBehavior [ RunTime:0.000000s ]
INFO: [ view_parse ] --END-- [ RunTime:0.000000s ]
INFO: [ view_filter ] --START--
INFO: Run Behavior\WriteHtmlCacheBehavior [ RunTime:0.000000s ]
INFO: [ view_filter ] --END-- [ RunTime:0.000000s ]
INFO: [ app_end ] --START--
INFO: Run Behavior\ShowPageTraceBehavior [ RunTime:0.015625s ]
INFO: [ app_end ] --END-- [ RunTime:0.015625s ]

[ 2016-03-14T18:54:33+08:00 ] 218.199.69.242 /index.php/admin/Smanager/photo.html
INFO: [ app_init ] --START--
INFO: Run Behavior\BuildLiteBehavior [ RunTime:0.000000s ]
INFO: [ app_init ] --END-- [ RunTime:0.000000s ]
INFO: [ app_begin ] --START--
INFO: Run Behavior\ReadHtmlCacheBehavior [ RunTime:0.000000s ]
INFO: [ app_begin ] --END-- [ RunTime:0.000000s ]
SQL: SHOW COLUMNS FROM `zp_administrator` [ RunTime:0.0000s ]
SQL: SELECT * FROM `zp_administrator` WHERE `user` = 'admin' AND `grant` = 10 LIMIT 1   [ RunTime:0.0000s ]
SQL: SHOW COLUMNS FROM `zp_img` [ RunTime:0.0000s ]
SQL: SELECT * FROM `zp_img`  [ RunTime:0.0000s ]
INFO: [ view_parse ] --START--
INFO: [ template_filter ] --START--
INFO: Run Behavior\ContentReplaceBehavior [ RunTime:0.000000s ]
INFO: [ template_filter ] --END-- [ RunTime:0.000000s ]
INFO: Run Behavior\ParseTemplateBehavior [ RunTime:0.015625s ]
INFO: [ view_parse ] --END-- [ RunTime:0.015625s ]
INFO: [ view_filter ] --START--
INFO: Run Behavior\WriteHtmlCacheBehavior [ RunTime:0.000000s ]
INFO: [ view_filter ] --END-- [ RunTime:0.000000s ]
INFO: [ app_end ] --START--
INFO: Run Behavior\ShowPageTraceBehavior [ RunTime:0.000000s ]
INFO: [ app_end ] --END-- [ RunTime:0.000000s ]

[ 2016-03-14T18:54:37+08:00 ] 218.199.69.242 /index.php/admin/Smanager/explain.html
INFO: [ app_init ] --START--
INFO: Run Behavior\BuildLiteBehavior [ RunTime:0.000000s ]
INFO: [ app_init ] --END-- [ RunTime:0.015625s ]
INFO: [ app_begin ] --START--
INFO: Run Behavior\ReadHtmlCacheBehavior [ RunTime:0.000000s ]
INFO: [ app_begin ] --END-- [ RunTime:0.000000s ]
SQL: SHOW COLUMNS FROM `zp_administrator` [ RunTime:0.0000s ]
SQL: SELECT * FROM `zp_administrator` WHERE `user` = 'admin' AND `grant` = 10 LIMIT 1   [ RunTime:0.0000s ]
SQL: SHOW COLUMNS FROM `zp_shuoming` [ RunTime:0.0000s ]
SQL: SELECT * FROM `zp_shuoming` WHERE ( sid=1 ) LIMIT 1   [ RunTime:0.0000s ]
INFO: [ view_parse ] --START--
INFO: [ template_filter ] --START--
INFO: Run Behavior\ContentReplaceBehavior [ RunTime:0.000000s ]
INFO: [ template_filter ] --END-- [ RunTime:0.000000s ]
INFO: Run Behavior\ParseTemplateBehavior [ RunTime:0.015625s ]
INFO: [ view_parse ] --END-- [ RunTime:0.015625s ]
INFO: [ view_filter ] --START--
INFO: Run Behavior\WriteHtmlCacheBehavior [ RunTime:0.000000s ]
INFO: [ view_filter ] --END-- [ RunTime:0.000000s ]
INFO: [ app_end ] --START--
INFO: Run Behavior\ShowPageTraceBehavior [ RunTime:0.000000s ]
INFO: [ app_end ] --END-- [ RunTime:0.000000s ]

[ 2016-03-14T18:54:40+08:00 ] 218.199.69.242 /index.php/admin/Smanager/information.html
INFO: [ app_init ] --START--
INFO: Run Behavior\BuildLiteBehavior [ RunTime:0.000000s ]
INFO: [ app_init ] --END-- [ RunTime:0.000000s ]
INFO: [ app_begin ] --START--
INFO: Run Behavior\ReadHtmlCacheBehavior [ RunTime:0.000000s ]
INFO: [ app_begin ] --END-- [ RunTime:0.000000s ]
SQL: SHOW COLUMNS FROM `zp_administrator` [ RunTime:0.0156s ]
SQL: SELECT * FROM `zp_administrator` WHERE `user` = 'admin' AND `grant` = 10 LIMIT 1   [ RunTime:0.0000s ]
INFO: [ view_parse ] --START--
INFO: [ template_filter ] --START--
INFO: Run Behavior\ContentReplaceBehavior [ RunTime:0.000000s ]
INFO: [ template_filter ] --END-- [ RunTime:0.000000s ]
INFO: Run Behavior\ParseTemplateBehavior [ RunTime:0.015625s ]
INFO: [ view_parse ] --END-- [ RunTime:0.015625s ]
INFO: [ view_filter ] --START--
INFO: Run Behavior\WriteHtmlCacheBehavior [ RunTime:0.000000s ]
INFO: [ view_filter ] --END-- [ RunTime:0.000000s ]
INFO: [ app_end ] --START--
INFO: Run Behavior\ShowPageTraceBehavior [ RunTime:0.000000s ]
INFO: [ app_end ] --END-- [ RunTime:0.000000s ]

