[ 2016-03-05T14:57:38+08:00 ] ::1 /zhaopin/index.php/Admin/Smanager/
INFO: [ app_init ] --START--
INFO: Run Behavior\BuildLiteBehavior [ RunTime:0.000028s ]
INFO: [ app_init ] --END-- [ RunTime:0.000648s ]
INFO: [ app_begin ] --START--
INFO: Run Behavior\ReadHtmlCacheBehavior [ RunTime:0.000775s ]
INFO: [ app_begin ] --END-- [ RunTime:0.000899s ]
NOTIC: [8] Undefined index: grant D:\wamp\www\zhaopin\Application\Admin\Controller\SmanagerController.class.php 第 7 行.

[ 2016-03-05T14:57:38+08:00 ] ::1 /zhaopin/index.php/Admin/Login/Sm_login.html
INFO: [ app_init ] --START--
INFO: Run Behavior\BuildLiteBehavior [ RunTime:0.000027s ]
INFO: [ app_init ] --END-- [ RunTime:0.000564s ]
INFO: [ app_begin ] --START--
INFO: Run Behavior\ReadHtmlCacheBehavior [ RunTime:0.001164s ]
INFO: [ app_begin ] --END-- [ RunTime:0.001353s ]
INFO: [ view_parse ] --START--
INFO: [ template_filter ] --START--
INFO: Run Behavior\ContentReplaceBehavior [ RunTime:0.000070s ]
INFO: [ template_filter ] --END-- [ RunTime:0.000186s ]
INFO: Run Behavior\ParseTemplateBehavior [ RunTime:0.155958s ]
INFO: [ view_parse ] --END-- [ RunTime:0.156111s ]
INFO: [ view_filter ] --START--
INFO: Run Behavior\WriteHtmlCacheBehavior [ RunTime:0.000764s ]
INFO: [ view_filter ] --END-- [ RunTime:0.000884s ]
INFO: [ app_end ] --START--
INFO: Run Behavior\ShowPageTraceBehavior [ RunTime:0.000870s ]
INFO: [ app_end ] --END-- [ RunTime:0.000978s ]

[ 2016-03-05T14:57:42+08:00 ] ::1 /zhaopin/index.php/Admin/Login/do_Smlogin
INFO: [ app_init ] --START--
INFO: Run Behavior\BuildLiteBehavior [ RunTime:0.000044s ]
INFO: [ app_init ] --END-- [ RunTime:0.000808s ]
INFO: [ app_begin ] --START--
INFO: Run Behavior\ReadHtmlCacheBehavior [ RunTime:0.000784s ]
INFO: [ app_begin ] --END-- [ RunTime:0.000922s ]
SQL: SHOW COLUMNS FROM `zp_administrator` [ RunTime:0.0414s ]
SQL: SELECT * FROM `zp_administrator` WHERE `user` = 'admin' AND `password` = '123456' LIMIT 1   [ RunTime:0.0006s ]

[ 2016-03-05T14:57:43+08:00 ] ::1 /zhaopin/index.php/Admin/Smanager/index.html
INFO: [ app_init ] --START--
INFO: Run Behavior\BuildLiteBehavior [ RunTime:0.000043s ]
INFO: [ app_init ] --END-- [ RunTime:0.000851s ]
INFO: [ app_begin ] --START--
INFO: Run Behavior\ReadHtmlCacheBehavior [ RunTime:0.000876s ]
INFO: [ app_begin ] --END-- [ RunTime:0.001051s ]
SQL: SHOW COLUMNS FROM `zp_administrator` [ RunTime:0.0087s ]
SQL: SELECT * FROM `zp_administrator` WHERE `user` = 'admin' AND `grant` = 10 LIMIT 1   [ RunTime:0.0005s ]
SQL: SHOW COLUMNS FROM `zp_shuoming` [ RunTime:0.0105s ]
SQL: SELECT * FROM `zp_shuoming` WHERE ( sid=1 ) LIMIT 1   [ RunTime:0.0006s ]
INFO: [ view_parse ] --START--
INFO: [ template_filter ] --START--
INFO: Run Behavior\ContentReplaceBehavior [ RunTime:0.000154s ]
INFO: [ template_filter ] --END-- [ RunTime:0.000403s ]
INFO: Run Behavior\ParseTemplateBehavior [ RunTime:0.083607s ]
INFO: [ view_parse ] --END-- [ RunTime:0.083777s ]
INFO: [ view_filter ] --START--
INFO: Run Behavior\WriteHtmlCacheBehavior [ RunTime:0.000722s ]
INFO: [ view_filter ] --END-- [ RunTime:0.000904s ]
INFO: [ app_end ] --START--
INFO: Run Behavior\ShowPageTraceBehavior [ RunTime:0.001275s ]
INFO: [ app_end ] --END-- [ RunTime:0.001516s ]

[ 2016-03-05T14:57:49+08:00 ] ::1 /zhaopin/index.php/admin/Smanager/index.html
INFO: [ app_init ] --START--
INFO: Run Behavior\BuildLiteBehavior [ RunTime:0.000071s ]
INFO: [ app_init ] --END-- [ RunTime:0.002328s ]
INFO: [ app_begin ] --START--
INFO: Run Behavior\ReadHtmlCacheBehavior [ RunTime:0.001415s ]
INFO: [ app_begin ] --END-- [ RunTime:0.001617s ]
SQL: SHOW COLUMNS FROM `zp_administrator` [ RunTime:0.0171s ]
SQL: SELECT * FROM `zp_administrator` WHERE `user` = 'admin' AND `grant` = 10 LIMIT 1   [ RunTime:0.0006s ]
SQL: SHOW COLUMNS FROM `zp_shuoming` [ RunTime:0.0140s ]
SQL: SELECT * FROM `zp_shuoming` WHERE ( sid=1 ) LIMIT 1   [ RunTime:0.0005s ]
INFO: [ view_parse ] --START--
INFO: [ template_filter ] --START--
INFO: Run Behavior\ContentReplaceBehavior [ RunTime:0.000102s ]
INFO: [ template_filter ] --END-- [ RunTime:0.000257s ]
INFO: Run Behavior\ParseTemplateBehavior [ RunTime:0.012904s ]
INFO: [ view_parse ] --END-- [ RunTime:0.013094s ]
INFO: [ view_filter ] --START--
INFO: Run Behavior\WriteHtmlCacheBehavior [ RunTime:0.000664s ]
INFO: [ view_filter ] --END-- [ RunTime:0.000790s ]
INFO: [ app_end ] --START--
INFO: Run Behavior\ShowPageTraceBehavior [ RunTime:0.000819s ]
INFO: [ app_end ] --END-- [ RunTime:0.000953s ]

[ 2016-03-05T14:57:59+08:00 ] ::1 /zhaopin/index.php/admin/Smanager/index.html
INFO: [ app_init ] --START--
INFO: Run Behavior\BuildLiteBehavior [ RunTime:0.000055s ]
INFO: [ app_init ] --END-- [ RunTime:0.000788s ]
INFO: [ app_begin ] --START--
INFO: Run Behavior\ReadHtmlCacheBehavior [ RunTime:0.000860s ]
INFO: [ app_begin ] --END-- [ RunTime:0.000997s ]
SQL: SHOW COLUMNS FROM `zp_administrator` [ RunTime:0.0286s ]
SQL: SELECT * FROM `zp_administrator` WHERE `user` = 'admin' AND `grant` = 10 LIMIT 1   [ RunTime:0.0004s ]
SQL: SHOW COLUMNS FROM `zp_shuoming` [ RunTime:0.0111s ]
SQL: SELECT * FROM `zp_shuoming` WHERE ( sid=1 ) LIMIT 1   [ RunTime:0.0004s ]
INFO: [ view_parse ] --START--
INFO: [ template_filter ] --START--
INFO: Run Behavior\ContentReplaceBehavior [ RunTime:0.000085s ]
INFO: [ template_filter ] --END-- [ RunTime:0.000208s ]
INFO: Run Behavior\ParseTemplateBehavior [ RunTime:0.011242s ]
INFO: [ view_parse ] --END-- [ RunTime:0.011436s ]
INFO: [ view_filter ] --START--
INFO: Run Behavior\WriteHtmlCacheBehavior [ RunTime:0.001140s ]
INFO: [ view_filter ] --END-- [ RunTime:0.001357s ]
INFO: [ app_end ] --START--
INFO: Run Behavior\ShowPageTraceBehavior [ RunTime:0.001364s ]
INFO: [ app_end ] --END-- [ RunTime:0.001574s ]

[ 2016-03-05T14:59:18+08:00 ] ::1 /zhaopin/index.php/Admin/Smanager/record?zd=ltjs
INFO: [ app_init ] --START--
INFO: Run Behavior\BuildLiteBehavior [ RunTime:0.000034s ]
INFO: [ app_init ] --END-- [ RunTime:0.000763s ]
INFO: [ app_begin ] --START--
INFO: Run Behavior\ReadHtmlCacheBehavior [ RunTime:0.000716s ]
INFO: [ app_begin ] --END-- [ RunTime:0.000885s ]
SQL: SHOW COLUMNS FROM `zp_administrator` [ RunTime:0.0183s ]
SQL: SELECT * FROM `zp_administrator` WHERE `user` = 'admin' AND `grant` = 10 LIMIT 1   [ RunTime:0.0004s ]
SQL: SHOW COLUMNS FROM `zp_shuoming` [ RunTime:0.0086s ]
SQL: SELECT * FROM `zp_shuoming`  [ RunTime:0.0004s ]
SQL: UPDATE `zp_shuoming` SET `ltjs`='　　南湖国际青年科学家论坛，旨在汇聚国际一流机构的优秀中外青年科学工作者，来华中农业大学开展学术交流，共同探讨学术前沿，提高跨学科研究水平，并加深友谊，促进国际合作。

　　一、论坛形式
　　1．主论坛设校长报告、专家特邀报告；
　　2．设置分论坛若干，按照我校学科规划布局确定主题，申请人在相应分论坛做学术报告。
　　二、申请条件
　　1．年龄在40岁以下；
　　2．具有海外知名大学博士学位，或具有国内博士学位并工作2年以上，具备独立开展科学研究能力，在相关领域取得代表性成果，具有发展潜力的海内、外优秀青年人才；
　　3．从事（但不限于）生命科学、环境与地球科学、化学、信息科学、工程与材料科学、人文社会科学、数学、物理等领域研究。
　　三、时间安排
　　2016年4月30日前，在线提交申请，学校确定并邀请;
　　2016年5月31日，确定参会人员和具体安排；
　　2016年6月24日，参会人员报到；
　　2016年6月25-26日，论坛报告与交流。
　　我们热忱欢迎海内外青年才俊参加此次论坛！因故不能参加集中论坛活动的学者，我们依然竭诚欢迎您与我们联系，协商确定您在合适时段来校考察交流。
　　四、差旅及食宿
　　受邀参会学者往返差旅经费由主办单位提供，论坛期间食宿由主办单位统一安排。相关说明如下：
　　1．根据财务要求，国际差旅应有电子机票行程单、登机牌，国内差旅应有原始票据；护照复印件，含出入境时间联，应注明仅用于财务报销；国内银行卡复印件，注明仅用于财务报销；
　　2．报销最高限额人民币1万元/人。国内多日多地停留的，仅报销回国第一站费用（当日转机除外）和到武汉的最后一站费用。
　　六、联系人与联系方式
   　 联系人：李金山
　　联系电话：+86（27）8728-1181，+86（27）8728-1386
　　联系邮箱：zhuanjia@mail.hzau.edu.cn

　　　　　　　　　　　　　　　　　　　　　　　　　　　　　　　　　　　　　　　　　　　　　　　　　　华中农业大学
　　　　　　　　　　　　　　　　　　　　　　　　　　　　　　　　　　　　　　　　　　　　　　　　　　2016年3月3日
' WHERE ( sid=1 ) [ RunTime:0.0602s ]

[ 2016-03-05T14:59:18+08:00 ] ::1 /zhaopin/index.php/Admin/Smanager/index.html
INFO: [ app_init ] --START--
INFO: Run Behavior\BuildLiteBehavior [ RunTime:0.000030s ]
INFO: [ app_init ] --END-- [ RunTime:0.000562s ]
INFO: [ app_begin ] --START--
INFO: Run Behavior\ReadHtmlCacheBehavior [ RunTime:0.000604s ]
INFO: [ app_begin ] --END-- [ RunTime:0.000730s ]
SQL: SHOW COLUMNS FROM `zp_administrator` [ RunTime:0.0064s ]
SQL: SELECT * FROM `zp_administrator` WHERE `user` = 'admin' AND `grant` = 10 LIMIT 1   [ RunTime:0.0004s ]
SQL: SHOW COLUMNS FROM `zp_shuoming` [ RunTime:0.0076s ]
SQL: SELECT * FROM `zp_shuoming` WHERE ( sid=1 ) LIMIT 1   [ RunTime:0.0004s ]
INFO: [ view_parse ] --START--
INFO: [ template_filter ] --START--
INFO: Run Behavior\ContentReplaceBehavior [ RunTime:0.000091s ]
INFO: [ template_filter ] --END-- [ RunTime:0.000221s ]
INFO: Run Behavior\ParseTemplateBehavior [ RunTime:0.011412s ]
INFO: [ view_parse ] --END-- [ RunTime:0.011615s ]
INFO: [ view_filter ] --START--
INFO: Run Behavior\WriteHtmlCacheBehavior [ RunTime:0.000674s ]
INFO: [ view_filter ] --END-- [ RunTime:0.000833s ]
INFO: [ app_end ] --START--
INFO: Run Behavior\ShowPageTraceBehavior [ RunTime:0.000672s ]
INFO: [ app_end ] --END-- [ RunTime:0.000787s ]

[ 2016-03-05T15:00:21+08:00 ] ::1 /zhaopin/index.php/Admin/Smanager/record?zd=ltjs
INFO: [ app_init ] --START--
INFO: Run Behavior\BuildLiteBehavior [ RunTime:0.000048s ]
INFO: [ app_init ] --END-- [ RunTime:0.001016s ]
INFO: [ app_begin ] --START--
INFO: Run Behavior\ReadHtmlCacheBehavior [ RunTime:0.001162s ]
INFO: [ app_begin ] --END-- [ RunTime:0.001385s ]
SQL: SHOW COLUMNS FROM `zp_administrator` [ RunTime:0.0141s ]
SQL: SELECT * FROM `zp_administrator` WHERE `user` = 'admin' AND `grant` = 10 LIMIT 1   [ RunTime:0.0004s ]
SQL: SHOW COLUMNS FROM `zp_shuoming` [ RunTime:0.0086s ]
SQL: SELECT * FROM `zp_shuoming`  [ RunTime:0.0004s ]
SQL: UPDATE `zp_shuoming` SET `ltjs`='　　南湖国际青年科学家论坛，旨在汇聚国际一流机构的优秀中外青年科学工作者，来华中农业大学开展学术交流，共同探讨学术前沿，提高跨学科研究水平，并加深友谊，促进国际合作。
　　一、论坛形式
　　1．主论坛设校长报告、专家特邀报告；
　　2．设置分论坛若干，按照我校学科规划布局确定主题，申请人在相应分论坛做学术报告。
　　二、申请条件
　　1．年龄在40岁以下；
　　2．具有海外知名大学博士学位，或具有国内博士学位并工作2年以上，具备独立开展科学研究能力，在相关领域取得代表性成果，具有发展潜力的海内、外优秀青年人才；
　　3．从事（但不限于）生命科学、环境与地球科学、化学、信息科学、工程与材料科学、人文社会科学、数学、物理等领域研究。
　　三、时间安排
　　2016年4月30日前，在线提交申请，学校确定并邀请;
　　2016年5月31日，确定参会人员和具体安排；
　　2016年6月24日，参会人员报到；
　　2016年6月25-26日，论坛报告与交流。
　　我们热忱欢迎海内外青年才俊参加此次论坛！因故不能参加集中论坛活动的学者，我们依然竭诚欢迎您与我们联系，协商确定您在合适时段来校考察交流。
　　四、差旅及食宿
　　受邀参会学者往返差旅经费由主办单位提供，论坛期间食宿由主办单位统一安排。相关说明如下：
　　1．根据财务要求，国际差旅应有电子机票行程单、登机牌，国内差旅应有原始票据；护照复印件，含出入境时间联，应注明仅用于财务报销；国内银行卡复印件，注明仅用于财务报销；
　　2．报销最高限额人民币1万元/人。国内多日多地停留的，仅报销回国第一站费用（当日转机除外）和到武汉的最后一站费用。
　　六、联系人与联系方式
   　 联系人：李金山
　　联系电话：+86（27）8728-1181，+86（27）8728-1386
　　联系邮箱：zhuanjia@mail.hzau.edu.cn

　　　　　　　　　　　　　　　　　　　　　　　　　　　　　　　　　　　　　　　　　　　　　　　　　　华中农业大学
　　　　　　　　　　　　　　　　　　　　　　　　　　　　　　　　　　　　　　　　　　　　　　　　　　2016年3月3日
' WHERE ( sid=1 ) [ RunTime:0.0896s ]

[ 2016-03-05T15:00:21+08:00 ] ::1 /zhaopin/index.php/Admin/Smanager/index.html
INFO: [ app_init ] --START--
INFO: Run Behavior\BuildLiteBehavior [ RunTime:0.000027s ]
INFO: [ app_init ] --END-- [ RunTime:0.000634s ]
INFO: [ app_begin ] --START--
INFO: Run Behavior\ReadHtmlCacheBehavior [ RunTime:0.000799s ]
INFO: [ app_begin ] --END-- [ RunTime:0.000925s ]
SQL: SHOW COLUMNS FROM `zp_administrator` [ RunTime:0.0063s ]
SQL: SELECT * FROM `zp_administrator` WHERE `user` = 'admin' AND `grant` = 10 LIMIT 1   [ RunTime:0.0004s ]
SQL: SHOW COLUMNS FROM `zp_shuoming` [ RunTime:0.0062s ]
SQL: SELECT * FROM `zp_shuoming` WHERE ( sid=1 ) LIMIT 1   [ RunTime:0.0004s ]
INFO: [ view_parse ] --START--
INFO: [ template_filter ] --START--
INFO: Run Behavior\ContentReplaceBehavior [ RunTime:0.000089s ]
INFO: [ template_filter ] --END-- [ RunTime:0.000215s ]
INFO: Run Behavior\ParseTemplateBehavior [ RunTime:0.017519s ]
INFO: [ view_parse ] --END-- [ RunTime:0.017664s ]
INFO: [ view_filter ] --START--
INFO: Run Behavior\WriteHtmlCacheBehavior [ RunTime:0.000667s ]
INFO: [ view_filter ] --END-- [ RunTime:0.000828s ]
INFO: [ app_end ] --START--
INFO: Run Behavior\ShowPageTraceBehavior [ RunTime:0.000990s ]
INFO: [ app_end ] --END-- [ RunTime:0.001182s ]

[ 2016-03-05T15:00:54+08:00 ] ::1 /zhaopin/index.php/Admin/Smanager/record?zd=ltjs
INFO: [ app_init ] --START--
INFO: Run Behavior\BuildLiteBehavior [ RunTime:0.000045s ]
INFO: [ app_init ] --END-- [ RunTime:0.001054s ]
INFO: [ app_begin ] --START--
INFO: Run Behavior\ReadHtmlCacheBehavior [ RunTime:0.000840s ]
INFO: [ app_begin ] --END-- [ RunTime:0.000978s ]
SQL: SHOW COLUMNS FROM `zp_administrator` [ RunTime:0.0167s ]
SQL: SELECT * FROM `zp_administrator` WHERE `user` = 'admin' AND `grant` = 10 LIMIT 1   [ RunTime:0.0008s ]
SQL: SHOW COLUMNS FROM `zp_shuoming` [ RunTime:0.0431s ]
SQL: SELECT * FROM `zp_shuoming`  [ RunTime:0.0005s ]
SQL: UPDATE `zp_shuoming` SET `ltjs`='　　南湖国际青年科学家论坛，旨在汇聚国际一流机构的优秀中外青年科学工作者，来华中农业大学开展学术交流，共同探讨学术前沿，提高跨学科研究水平，并加深友谊，促进国际合作。
　　一、论坛形式
　　1．主论坛设校长报告、专家特邀报告；
　　2．设置分论坛若干，按照我校学科规划布局确定主题，申请人在相应分论坛做学术报告。
　　二、申请条件
　　1．年龄在40岁以下；
　　2．具有海外知名大学博士学位，或具有国内博士学位并工作2年以上，具备独立开展科学研究能力，在相关领域取得代表性成果，具有发展潜力的海内、外优秀青年人才；
　　3．从事（但不限于）生命科学、环境与地球科学、化学、信息科学、工程与材料科学、人文社会科学、数学、物理等领域研究。
　　三、时间安排
　　2016年4月30日前，在线提交申请，学校确定并邀请;
　　2016年5月31日，确定参会人员和具体安排；
　　2016年6月24日，参会人员报到；
　　2016年6月25-26日，论坛报告与交流。
　　我们热忱欢迎海内外青年才俊参加此次论坛！因故不能参加集中论坛活动的学者，我们依然竭诚欢迎您与我们联系，协商确定您在合适时段来校考察交流。
　　四、差旅及食宿
　　受邀参会学者往返差旅经费由主办单位提供，论坛期间食宿由主办单位统一安排。相关说明如下：
　　1．根据财务要求，国际差旅应有电子机票行程单、登机牌，国内差旅应有原始票据；护照复印件，含出入境时间联，应注明仅用于财务报销；国内银行卡复印件，注明仅用于财务报销；
　　2．报销最高限额人民币1万元/人。国内多日多地停留的，仅报销回国第一站费用（当日转机除外）和到武汉的最后一站费用。
　　六、联系人与联系方式
　　联系人：李金山
　　联系电话：+86（27）8728-1181，+86（27）8728-1386
　　联系邮箱：zhuanjia@mail.hzau.edu.cn

　　　　　　　　　　　　　　　　　　　　　　　　　　　　　　　　　　　　　　　　　　　　　　　　　　华中农业大学
　　　　　　　　　　　　　　　　　　　　　　　　　　　　　　　　　　　　　　　　　　　　　　　　　　2016年3月3日
' WHERE ( sid=1 ) [ RunTime:0.0714s ]

[ 2016-03-05T15:00:54+08:00 ] ::1 /zhaopin/index.php/Admin/Smanager/index.html
INFO: [ app_init ] --START--
INFO: Run Behavior\BuildLiteBehavior [ RunTime:0.000028s ]
INFO: [ app_init ] --END-- [ RunTime:0.000602s ]
INFO: [ app_begin ] --START--
INFO: Run Behavior\ReadHtmlCacheBehavior [ RunTime:0.001105s ]
INFO: [ app_begin ] --END-- [ RunTime:0.001316s ]
SQL: SHOW COLUMNS FROM `zp_administrator` [ RunTime:0.0069s ]
SQL: SELECT * FROM `zp_administrator` WHERE `user` = 'admin' AND `grant` = 10 LIMIT 1   [ RunTime:0.0004s ]
SQL: SHOW COLUMNS FROM `zp_shuoming` [ RunTime:0.0061s ]
SQL: SELECT * FROM `zp_shuoming` WHERE ( sid=1 ) LIMIT 1   [ RunTime:0.0004s ]
INFO: [ view_parse ] --START--
INFO: [ template_filter ] --START--
INFO: Run Behavior\ContentReplaceBehavior [ RunTime:0.000095s ]
INFO: [ template_filter ] --END-- [ RunTime:0.000238s ]
INFO: Run Behavior\ParseTemplateBehavior [ RunTime:0.012617s ]
INFO: [ view_parse ] --END-- [ RunTime:0.012759s ]
INFO: [ view_filter ] --START--
INFO: Run Behavior\WriteHtmlCacheBehavior [ RunTime:0.000666s ]
INFO: [ view_filter ] --END-- [ RunTime:0.000785s ]
INFO: [ app_end ] --START--
INFO: Run Behavior\ShowPageTraceBehavior [ RunTime:0.000850s ]
INFO: [ app_end ] --END-- [ RunTime:0.000972s ]

[ 2016-03-05T15:01:12+08:00 ] ::1 /zhaopin/index.php/Admin/Smanager/record?zd=ltjs
INFO: [ app_init ] --START--
INFO: Run Behavior\BuildLiteBehavior [ RunTime:0.000042s ]
INFO: [ app_init ] --END-- [ RunTime:0.002239s ]
INFO: [ app_begin ] --START--
INFO: Run Behavior\ReadHtmlCacheBehavior [ RunTime:0.001345s ]
INFO: [ app_begin ] --END-- [ RunTime:0.001594s ]
SQL: SHOW COLUMNS FROM `zp_administrator` [ RunTime:0.0163s ]
SQL: SELECT * FROM `zp_administrator` WHERE `user` = 'admin' AND `grant` = 10 LIMIT 1   [ RunTime:0.0005s ]
SQL: SHOW COLUMNS FROM `zp_shuoming` [ RunTime:0.0131s ]
SQL: SELECT * FROM `zp_shuoming`  [ RunTime:0.0006s ]
SQL: UPDATE `zp_shuoming` SET `ltjs`='　　南湖国际青年科学家论坛，旨在汇聚国际一流机构的优秀中外青年科学工作者，来华中农业大学开展学术交流，共同探讨学术前沿，提高跨学科研究水平，并加深友谊，促进国际合作。
　　一、论坛形式
　　1．主论坛设校长报告、专家特邀报告；
　　2．设置分论坛若干，按照我校学科规划布局确定主题，申请人在相应分论坛做学术报告。
　　二、申请条件
　　1．年龄在40岁以下；
　　2．具有海外知名大学博士学位，或具有国内博士学位并工作2年以上，具备独立开展科学研究能力，在相关领域取得代表性成果，具有发展潜力的海内、外优秀青年人才；
　　3．从事（但不限于）生命科学、环境与地球科学、化学、信息科学、工程与材料科学、人文社会科学、数学、物理等领域研究。
　　三、时间安排
　　2016年4月30日前，在线提交申请，学校确定并邀请;
　　2016年5月31日，确定参会人员和具体安排；
　　2016年6月24日，参会人员报到；
　　2016年6月25-26日，论坛报告与交流。
　　我们热忱欢迎海内外青年才俊参加此次论坛！因故不能参加集中论坛活动的学者，我们依然竭诚欢迎您与我们联系，协商确定您在合适时段来校考察交流。
　　四、差旅及食宿
　　受邀参会学者往返差旅经费由主办单位提供，论坛期间食宿由主办单位统一安排。相关说明如下：
　　1．根据财务要求，国际差旅应有电子机票行程单、登机牌，国内差旅应有原始票据；护照复印件，含出入境时间联，应注明仅用于财务报销；国内银行卡复印件，注明仅用于财务报销；
　　2．报销最高限额人民币1万元/人。国内多日多地停留的，仅报销回国第一站费用（当日转机除外）和到武汉的最后一站费用。
　　六、联系人与联系方式
　　联系人：李金山
　　联系电话：+86（27）8728-1181，+86（27）8728-1386
　　联系邮箱：zhuanjia@mail.hzau.edu.cn

　　　　　　　　　　　　　　　　　　　　　　　　　　　　　　　　　　　　　　　　　　　　　　　　　　　　华中农业大学
　　　　　　　　　　　　　　　　　　　　　　　　　　　　　　　　　　　　　　　　　　　　　　　　　　　　2016年3月3日
' WHERE ( sid=1 ) [ RunTime:0.0848s ]

[ 2016-03-05T15:01:12+08:00 ] ::1 /zhaopin/index.php/Admin/Smanager/index.html
INFO: [ app_init ] --START--
INFO: Run Behavior\BuildLiteBehavior [ RunTime:0.000044s ]
INFO: [ app_init ] --END-- [ RunTime:0.000652s ]
INFO: [ app_begin ] --START--
INFO: Run Behavior\ReadHtmlCacheBehavior [ RunTime:0.000916s ]
INFO: [ app_begin ] --END-- [ RunTime:0.001100s ]
SQL: SHOW COLUMNS FROM `zp_administrator` [ RunTime:0.0116s ]
SQL: SELECT * FROM `zp_administrator` WHERE `user` = 'admin' AND `grant` = 10 LIMIT 1   [ RunTime:0.0004s ]
SQL: SHOW COLUMNS FROM `zp_shuoming` [ RunTime:0.0098s ]
SQL: SELECT * FROM `zp_shuoming` WHERE ( sid=1 ) LIMIT 1   [ RunTime:0.0004s ]
INFO: [ view_parse ] --START--
INFO: [ template_filter ] --START--
INFO: Run Behavior\ContentReplaceBehavior [ RunTime:0.000086s ]
INFO: [ template_filter ] --END-- [ RunTime:0.000212s ]
INFO: Run Behavior\ParseTemplateBehavior [ RunTime:0.010226s ]
INFO: [ view_parse ] --END-- [ RunTime:0.010358s ]
INFO: [ view_filter ] --START--
INFO: Run Behavior\WriteHtmlCacheBehavior [ RunTime:0.000630s ]
INFO: [ view_filter ] --END-- [ RunTime:0.000754s ]
INFO: [ app_end ] --START--
INFO: Run Behavior\ShowPageTraceBehavior [ RunTime:0.000840s ]
INFO: [ app_end ] --END-- [ RunTime:0.000987s ]

[ 2016-03-05T15:02:22+08:00 ] ::1 /zhaopin/index.php/admin/Smanager/information.html
INFO: [ app_init ] --START--
INFO: Run Behavior\BuildLiteBehavior [ RunTime:0.000027s ]
INFO: [ app_init ] --END-- [ RunTime:0.001018s ]
INFO: [ app_begin ] --START--
INFO: Run Behavior\ReadHtmlCacheBehavior [ RunTime:0.000866s ]
INFO: [ app_begin ] --END-- [ RunTime:0.001004s ]
SQL: SHOW COLUMNS FROM `zp_administrator` [ RunTime:0.0117s ]
SQL: SELECT * FROM `zp_administrator` WHERE `user` = 'admin' AND `grant` = 10 LIMIT 1   [ RunTime:0.0009s ]
INFO: [ view_parse ] --START--
INFO: [ template_filter ] --START--
INFO: Run Behavior\ContentReplaceBehavior [ RunTime:0.000307s ]
INFO: [ template_filter ] --END-- [ RunTime:0.000498s ]
INFO: Run Behavior\ParseTemplateBehavior [ RunTime:0.018219s ]
INFO: [ view_parse ] --END-- [ RunTime:0.018400s ]
INFO: [ view_filter ] --START--
INFO: Run Behavior\WriteHtmlCacheBehavior [ RunTime:0.000675s ]
INFO: [ view_filter ] --END-- [ RunTime:0.000798s ]
INFO: [ app_end ] --START--
INFO: Run Behavior\ShowPageTraceBehavior [ RunTime:0.000858s ]
INFO: [ app_end ] --END-- [ RunTime:0.000965s ]

[ 2016-03-05T15:02:26+08:00 ] ::1 /zhaopin/index.php/admin/Smanager/explain.html
INFO: [ app_init ] --START--
INFO: Run Behavior\BuildLiteBehavior [ RunTime:0.000057s ]
INFO: [ app_init ] --END-- [ RunTime:0.001134s ]
INFO: [ app_begin ] --START--
INFO: Run Behavior\ReadHtmlCacheBehavior [ RunTime:0.000884s ]
INFO: [ app_begin ] --END-- [ RunTime:0.001018s ]
SQL: SHOW COLUMNS FROM `zp_administrator` [ RunTime:0.0133s ]
SQL: SELECT * FROM `zp_administrator` WHERE `user` = 'admin' AND `grant` = 10 LIMIT 1   [ RunTime:0.0004s ]
SQL: SHOW COLUMNS FROM `zp_shuoming` [ RunTime:0.0127s ]
SQL: SELECT * FROM `zp_shuoming` WHERE ( sid=1 ) LIMIT 1   [ RunTime:0.0004s ]
INFO: [ view_parse ] --START--
INFO: [ template_filter ] --START--
INFO: Run Behavior\ContentReplaceBehavior [ RunTime:0.000198s ]
INFO: [ template_filter ] --END-- [ RunTime:0.000434s ]
INFO: Run Behavior\ParseTemplateBehavior [ RunTime:0.036274s ]
INFO: [ view_parse ] --END-- [ RunTime:0.036424s ]
INFO: [ view_filter ] --START--
INFO: Run Behavior\WriteHtmlCacheBehavior [ RunTime:0.000690s ]
INFO: [ view_filter ] --END-- [ RunTime:0.000813s ]
INFO: [ app_end ] --START--
INFO: Run Behavior\ShowPageTraceBehavior [ RunTime:0.000856s ]
INFO: [ app_end ] --END-- [ RunTime:0.000982s ]

[ 2016-03-05T15:02:29+08:00 ] ::1 /zhaopin/index.php/admin/Smanager/phone.html
INFO: [ app_init ] --START--
INFO: Run Behavior\BuildLiteBehavior [ RunTime:0.000030s ]
INFO: [ app_init ] --END-- [ RunTime:0.000658s ]
INFO: [ app_begin ] --START--
INFO: Run Behavior\ReadHtmlCacheBehavior [ RunTime:0.000910s ]
INFO: [ app_begin ] --END-- [ RunTime:0.001099s ]
SQL: SHOW COLUMNS FROM `zp_administrator` [ RunTime:0.0127s ]
SQL: SELECT * FROM `zp_administrator` WHERE `user` = 'admin' AND `grant` = 10 LIMIT 1   [ RunTime:0.0006s ]
SQL: SHOW COLUMNS FROM `zp_shuoming` [ RunTime:0.0079s ]
SQL: SELECT * FROM `zp_shuoming` WHERE ( sid=1 ) LIMIT 1   [ RunTime:0.0004s ]
INFO: [ view_parse ] --START--
INFO: [ template_filter ] --START--
INFO: Run Behavior\ContentReplaceBehavior [ RunTime:0.000086s ]
INFO: [ template_filter ] --END-- [ RunTime:0.000216s ]
INFO: Run Behavior\ParseTemplateBehavior [ RunTime:0.018768s ]
INFO: [ view_parse ] --END-- [ RunTime:0.018926s ]
INFO: [ view_filter ] --START--
INFO: Run Behavior\WriteHtmlCacheBehavior [ RunTime:0.000718s ]
INFO: [ view_filter ] --END-- [ RunTime:0.000833s ]
INFO: [ app_end ] --START--
INFO: Run Behavior\ShowPageTraceBehavior [ RunTime:0.001036s ]
INFO: [ app_end ] --END-- [ RunTime:0.001197s ]

[ 2016-03-05T15:02:42+08:00 ] ::1 /zhaopin/index.php/admin/Smanager/phone.html
INFO: [ app_init ] --START--
INFO: Run Behavior\BuildLiteBehavior [ RunTime:0.000027s ]
INFO: [ app_init ] --END-- [ RunTime:0.000573s ]
INFO: [ app_begin ] --START--
INFO: Run Behavior\ReadHtmlCacheBehavior [ RunTime:0.001002s ]
INFO: [ app_begin ] --END-- [ RunTime:0.001172s ]
SQL: SHOW COLUMNS FROM `zp_administrator` [ RunTime:0.0108s ]
SQL: SELECT * FROM `zp_administrator` WHERE `user` = 'admin' AND `grant` = 10 LIMIT 1   [ RunTime:0.0005s ]
SQL: SHOW COLUMNS FROM `zp_shuoming` [ RunTime:0.0094s ]
SQL: SELECT * FROM `zp_shuoming` WHERE ( sid=1 ) LIMIT 1   [ RunTime:0.0005s ]
INFO: [ view_parse ] --START--
INFO: [ template_filter ] --START--
INFO: Run Behavior\ContentReplaceBehavior [ RunTime:0.000090s ]
INFO: [ template_filter ] --END-- [ RunTime:0.000218s ]
INFO: Run Behavior\ParseTemplateBehavior [ RunTime:0.021164s ]
INFO: [ view_parse ] --END-- [ RunTime:0.021336s ]
INFO: [ view_filter ] --START--
INFO: Run Behavior\WriteHtmlCacheBehavior [ RunTime:0.000629s ]
INFO: [ view_filter ] --END-- [ RunTime:0.000745s ]
INFO: [ app_end ] --START--
INFO: Run Behavior\ShowPageTraceBehavior [ RunTime:0.001009s ]
INFO: [ app_end ] --END-- [ RunTime:0.001131s ]

[ 2016-03-05T15:03:42+08:00 ] ::1 /zhaopin/index.php/admin/Smanager/phone.html
INFO: [ app_init ] --START--
INFO: Run Behavior\BuildLiteBehavior [ RunTime:0.000057s ]
INFO: [ app_init ] --END-- [ RunTime:0.000815s ]
INFO: [ app_begin ] --START--
INFO: Run Behavior\ReadHtmlCacheBehavior [ RunTime:0.000986s ]
INFO: [ app_begin ] --END-- [ RunTime:0.001118s ]
SQL: SHOW COLUMNS FROM `zp_administrator` [ RunTime:0.0131s ]
SQL: SELECT * FROM `zp_administrator` WHERE `user` = 'admin' AND `grant` = 10 LIMIT 1   [ RunTime:0.0004s ]
SQL: SHOW COLUMNS FROM `zp_shuoming` [ RunTime:0.0093s ]
SQL: SELECT * FROM `zp_shuoming` WHERE ( sid=1 ) LIMIT 1   [ RunTime:0.0004s ]
INFO: [ view_parse ] --START--
INFO: [ template_filter ] --START--
INFO: Run Behavior\ContentReplaceBehavior [ RunTime:0.000089s ]
INFO: [ template_filter ] --END-- [ RunTime:0.000220s ]
INFO: Run Behavior\ParseTemplateBehavior [ RunTime:0.020735s ]
INFO: [ view_parse ] --END-- [ RunTime:0.020904s ]
INFO: [ view_filter ] --START--
INFO: Run Behavior\WriteHtmlCacheBehavior [ RunTime:0.000621s ]
INFO: [ view_filter ] --END-- [ RunTime:0.000739s ]
INFO: [ app_end ] --START--
INFO: Run Behavior\ShowPageTraceBehavior [ RunTime:0.000832s ]
INFO: [ app_end ] --END-- [ RunTime:0.000949s ]

[ 2016-03-05T15:03:44+08:00 ] ::1 /zhaopin/index.php/admin/Smanager/index.html
INFO: [ app_init ] --START--
INFO: Run Behavior\BuildLiteBehavior [ RunTime:0.000046s ]
INFO: [ app_init ] --END-- [ RunTime:0.000978s ]
INFO: [ app_begin ] --START--
INFO: Run Behavior\ReadHtmlCacheBehavior [ RunTime:0.000831s ]
INFO: [ app_begin ] --END-- [ RunTime:0.000967s ]
SQL: SHOW COLUMNS FROM `zp_administrator` [ RunTime:0.0353s ]
SQL: SELECT * FROM `zp_administrator` WHERE `user` = 'admin' AND `grant` = 10 LIMIT 1   [ RunTime:0.0004s ]
SQL: SHOW COLUMNS FROM `zp_shuoming` [ RunTime:0.0100s ]
SQL: SELECT * FROM `zp_shuoming` WHERE ( sid=1 ) LIMIT 1   [ RunTime:0.0005s ]
INFO: [ view_parse ] --START--
INFO: [ template_filter ] --START--
INFO: Run Behavior\ContentReplaceBehavior [ RunTime:0.000139s ]
INFO: [ template_filter ] --END-- [ RunTime:0.000352s ]
INFO: Run Behavior\ParseTemplateBehavior [ RunTime:0.016012s ]
INFO: [ view_parse ] --END-- [ RunTime:0.016190s ]
INFO: [ view_filter ] --START--
INFO: Run Behavior\WriteHtmlCacheBehavior [ RunTime:0.000647s ]
INFO: [ view_filter ] --END-- [ RunTime:0.000805s ]
INFO: [ app_end ] --START--
INFO: Run Behavior\ShowPageTraceBehavior [ RunTime:0.000813s ]
INFO: [ app_end ] --END-- [ RunTime:0.000929s ]

[ 2016-03-05T15:04:37+08:00 ] ::1 /zhaopin/index.php/admin/Smanager/index.html
INFO: [ app_init ] --START--
INFO: Run Behavior\BuildLiteBehavior [ RunTime:0.000026s ]
INFO: [ app_init ] --END-- [ RunTime:0.000614s ]
INFO: [ app_begin ] --START--
INFO: Run Behavior\ReadHtmlCacheBehavior [ RunTime:0.000937s ]
INFO: [ app_begin ] --END-- [ RunTime:0.001104s ]
SQL: SHOW COLUMNS FROM `zp_administrator` [ RunTime:0.0124s ]
SQL: SELECT * FROM `zp_administrator` WHERE `user` = 'admin' AND `grant` = 10 LIMIT 1   [ RunTime:0.0006s ]
SQL: SHOW COLUMNS FROM `zp_shuoming` [ RunTime:0.0095s ]
SQL: SELECT * FROM `zp_shuoming` WHERE ( sid=1 ) LIMIT 1   [ RunTime:0.0004s ]
INFO: [ view_parse ] --START--
INFO: [ template_filter ] --START--
INFO: Run Behavior\ContentReplaceBehavior [ RunTime:0.000088s ]
INFO: [ template_filter ] --END-- [ RunTime:0.000217s ]
INFO: Run Behavior\ParseTemplateBehavior [ RunTime:0.012871s ]
INFO: [ view_parse ] --END-- [ RunTime:0.013049s ]
INFO: [ view_filter ] --START--
INFO: Run Behavior\WriteHtmlCacheBehavior [ RunTime:0.000544s ]
INFO: [ view_filter ] --END-- [ RunTime:0.000659s ]
INFO: [ app_end ] --START--
INFO: Run Behavior\ShowPageTraceBehavior [ RunTime:0.000734s ]
INFO: [ app_end ] --END-- [ RunTime:0.000852s ]

[ 2016-03-05T15:04:38+08:00 ] ::1 /zhaopin/index.php/admin/Smanager/situation.html
INFO: [ app_init ] --START--
INFO: Run Behavior\BuildLiteBehavior [ RunTime:0.000028s ]
INFO: [ app_init ] --END-- [ RunTime:0.000648s ]
INFO: [ app_begin ] --START--
INFO: Run Behavior\ReadHtmlCacheBehavior [ RunTime:0.000788s ]
INFO: [ app_begin ] --END-- [ RunTime:0.000926s ]
SQL: SHOW COLUMNS FROM `zp_administrator` [ RunTime:0.0132s ]
SQL: SELECT * FROM `zp_administrator` WHERE `user` = 'admin' AND `grant` = 10 LIMIT 1   [ RunTime:0.0005s ]
SQL: SHOW COLUMNS FROM `zp_shuoming` [ RunTime:0.0118s ]
SQL: SELECT * FROM `zp_shuoming` WHERE ( sid=1 ) LIMIT 1   [ RunTime:0.0006s ]
INFO: [ view_parse ] --START--
INFO: [ template_filter ] --START--
INFO: Run Behavior\ContentReplaceBehavior [ RunTime:0.000085s ]
INFO: [ template_filter ] --END-- [ RunTime:0.000209s ]
INFO: Run Behavior\ParseTemplateBehavior [ RunTime:0.059971s ]
INFO: [ view_parse ] --END-- [ RunTime:0.060207s ]
INFO: [ view_filter ] --START--
INFO: Run Behavior\WriteHtmlCacheBehavior [ RunTime:0.000623s ]
INFO: [ view_filter ] --END-- [ RunTime:0.000781s ]
INFO: [ app_end ] --START--
INFO: Run Behavior\ShowPageTraceBehavior [ RunTime:0.000742s ]
INFO: [ app_end ] --END-- [ RunTime:0.000857s ]

[ 2016-03-05T15:04:43+08:00 ] ::1 /zhaopin/index.php/admin/Smanager/situation.html
INFO: [ app_init ] --START--
INFO: Run Behavior\BuildLiteBehavior [ RunTime:0.000047s ]
INFO: [ app_init ] --END-- [ RunTime:0.000948s ]
INFO: [ app_begin ] --START--
INFO: Run Behavior\ReadHtmlCacheBehavior [ RunTime:0.000728s ]
INFO: [ app_begin ] --END-- [ RunTime:0.000862s ]
SQL: SHOW COLUMNS FROM `zp_administrator` [ RunTime:0.0140s ]
SQL: SELECT * FROM `zp_administrator` WHERE `user` = 'admin' AND `grant` = 10 LIMIT 1   [ RunTime:0.0005s ]
SQL: SHOW COLUMNS FROM `zp_shuoming` [ RunTime:0.0109s ]
SQL: SELECT * FROM `zp_shuoming` WHERE ( sid=1 ) LIMIT 1   [ RunTime:0.0004s ]
INFO: [ view_parse ] --START--
INFO: [ template_filter ] --START--
INFO: Run Behavior\ContentReplaceBehavior [ RunTime:0.000101s ]
INFO: [ template_filter ] --END-- [ RunTime:0.000233s ]
INFO: Run Behavior\ParseTemplateBehavior [ RunTime:0.012785s ]
INFO: [ view_parse ] --END-- [ RunTime:0.012971s ]
INFO: [ view_filter ] --START--
INFO: Run Behavior\WriteHtmlCacheBehavior [ RunTime:0.000562s ]
INFO: [ view_filter ] --END-- [ RunTime:0.000697s ]
INFO: [ app_end ] --START--
INFO: Run Behavior\ShowPageTraceBehavior [ RunTime:0.000866s ]
INFO: [ app_end ] --END-- [ RunTime:0.000992s ]

[ 2016-03-05T15:05:54+08:00 ] ::1 /zhaopin/index.php/Admin/Smanager/record?zd=sqtj
INFO: [ app_init ] --START--
INFO: Run Behavior\BuildLiteBehavior [ RunTime:0.000142s ]
INFO: [ app_init ] --END-- [ RunTime:0.001707s ]
INFO: [ app_begin ] --START--
INFO: Run Behavior\ReadHtmlCacheBehavior [ RunTime:0.001643s ]
INFO: [ app_begin ] --END-- [ RunTime:0.001842s ]
SQL: SHOW COLUMNS FROM `zp_administrator` [ RunTime:0.0149s ]
SQL: SELECT * FROM `zp_administrator` WHERE `user` = 'admin' AND `grant` = 10 LIMIT 1   [ RunTime:0.0004s ]
SQL: SHOW COLUMNS FROM `zp_shuoming` [ RunTime:0.0090s ]
SQL: SELECT * FROM `zp_shuoming`  [ RunTime:0.0004s ]
SQL: UPDATE `zp_shuoming` SET `sqtj`='　　华中农业大学位于湖北省武汉市，是教育部直属、国家“211工程”建设的全国重点大学。学校肇端于1898年湖广总督张之洞创办的湖北农务学堂，迄今已有110余年办学历程。2008年、2011年、2014年、2015年学校四度荣膺全国文明单位。
　　校园占地7425亩，三面环湖，坐拥青山，是理想的教学科研园地。现设18个学院（部），教职工2600多人，在校学生25000余人。学校已成为以农科为优势，以生命科学为特色，农、理、工、文、法、经、管、艺相协调的多科性大学。
　　学校现有国家重点实验室2个，国家地方联合工程实验室1个，国家级研究中心4个，国家专业实验室4个,部省级重点(工程)实验室19个。在杂交油菜、绿色水稻、优质种猪、动物疫苗、优质柑橘、试管种薯等研究领域，取得一批享誉国内外的标志性成果。
近年来，本科毕业生初次就业率稳定在94%左右。校友中有一批两院院士、省部级领导干部、知名企业家以及“感动中国”人物徐本禹等新一代大学生典范。
　　全校师生秉承“勤读力耕、立己达人”的校训，践行“育人为本、崇尚学术”的办学理念，意气风发地朝着把学校建设成为优势学科国际一流，特色鲜明的世界知名研究型大学的宏伟目标迈进！
　　Located in Wuhan, Huazhong Agricultural University (HZAU) is a national key university of &quot;Project 211&quot; directly under the Ministry of Education. HZAU enjoys a history of more than 110 years, tracing back to Hubei Farming School founded in 1898 by Zhang Zhidong, the governor of Hubei and Hunan provinces at the time. The university was entitled National Civilized Institute three times, in 2008, 2011, 2014 and 2015.
　　Surrounded on three sides by tranquil lakes and backed by verdant hills, the campus covers an area of 495 hectares with well-spaced teaching blocks and lab buildings, making it an ideal place for teaching and research. HZAU consists of 18 colleges and departments, with more than 2600 faculty and staff, and over 25,000 of enrollment. Featuring life sciences and giving prominence to agricultural disciplines, HZAU has achieved coordinated development of multi-disciplines of agriculture, science, engineering, humanities, law, economics, management, art,and etc. 
　　HZAU boasts 2 national key laboratories, 1 national and local joint engineering laboratory, 4 National Research Centers ,4national professional laboratory, 19provincial and ministerial key laboratories. Significant achievements have been obtained in the fields of modern biotechnology, hybrid rapeseeds, green super rice, lean swine, animal vaccines, high-quality citrus and etc.
Over the past few years, HZAU has stabilized the annual employment rate of its college graduates at a high of around 94%. HZAU has produced notable alumni, including academicians of the two Academies, senior provincial government officials, well-known entrepreneurs and the role models of college students like Xu Benyu, who was awarded Touching China Figures for his dedication in volunteer works. 
In the dawn of the new age, we as HZAUers, under our school motto “Learn and Practice; Achieve and Help Achieve” and the guideline of “educating the mind while cultivating academic atmosphere”, are striving for creating a top-ranking, world-famous research university with distinctive characteristics.' WHERE ( sid=1 ) [ RunTime:0.0513s ]

[ 2016-03-05T15:05:54+08:00 ] ::1 /zhaopin/index.php/Admin/Smanager/index.html
INFO: [ app_init ] --START--
INFO: Run Behavior\BuildLiteBehavior [ RunTime:0.000107s ]
INFO: [ app_init ] --END-- [ RunTime:0.001139s ]
INFO: [ app_begin ] --START--
INFO: Run Behavior\ReadHtmlCacheBehavior [ RunTime:0.000724s ]
INFO: [ app_begin ] --END-- [ RunTime:0.000853s ]
SQL: SHOW COLUMNS FROM `zp_administrator` [ RunTime:0.0070s ]
SQL: SELECT * FROM `zp_administrator` WHERE `user` = 'admin' AND `grant` = 10 LIMIT 1   [ RunTime:0.0004s ]
SQL: SHOW COLUMNS FROM `zp_shuoming` [ RunTime:0.0053s ]
SQL: SELECT * FROM `zp_shuoming` WHERE ( sid=1 ) LIMIT 1   [ RunTime:0.0153s ]
INFO: [ view_parse ] --START--
INFO: [ template_filter ] --START--
INFO: Run Behavior\ContentReplaceBehavior [ RunTime:0.000100s ]
INFO: [ template_filter ] --END-- [ RunTime:0.000242s ]
INFO: Run Behavior\ParseTemplateBehavior [ RunTime:0.012689s ]
INFO: [ view_parse ] --END-- [ RunTime:0.012859s ]
INFO: [ view_filter ] --START--
INFO: Run Behavior\WriteHtmlCacheBehavior [ RunTime:0.000596s ]
INFO: [ view_filter ] --END-- [ RunTime:0.000739s ]
INFO: [ app_end ] --START--
INFO: Run Behavior\ShowPageTraceBehavior [ RunTime:0.000745s ]
INFO: [ app_end ] --END-- [ RunTime:0.000864s ]

[ 2016-03-05T15:12:12+08:00 ] ::1 /zhaopin/index.php/admin/Smanager/time.html
INFO: [ app_init ] --START--
INFO: Run Behavior\BuildLiteBehavior [ RunTime:0.000027s ]
INFO: [ app_init ] --END-- [ RunTime:0.000650s ]
INFO: [ app_begin ] --START--
INFO: Run Behavior\ReadHtmlCacheBehavior [ RunTime:0.000895s ]
INFO: [ app_begin ] --END-- [ RunTime:0.001020s ]
SQL: SHOW COLUMNS FROM `zp_administrator` [ RunTime:0.0128s ]
SQL: SELECT * FROM `zp_administrator` WHERE `user` = 'admin' AND `grant` = 10 LIMIT 1   [ RunTime:0.0005s ]
SQL: SHOW COLUMNS FROM `zp_shuoming` [ RunTime:0.0084s ]
SQL: SELECT * FROM `zp_shuoming` WHERE ( sid=1 ) LIMIT 1   [ RunTime:0.0005s ]
INFO: [ view_parse ] --START--
INFO: [ template_filter ] --START--
INFO: Run Behavior\ContentReplaceBehavior [ RunTime:0.000464s ]
INFO: [ template_filter ] --END-- [ RunTime:0.001385s ]
INFO: Run Behavior\ParseTemplateBehavior [ RunTime:0.426446s ]
INFO: [ view_parse ] --END-- [ RunTime:0.426792s ]
INFO: [ view_filter ] --START--
INFO: Run Behavior\WriteHtmlCacheBehavior [ RunTime:0.002145s ]
INFO: [ view_filter ] --END-- [ RunTime:0.002526s ]
INFO: [ app_end ] --START--
INFO: Run Behavior\ShowPageTraceBehavior [ RunTime:0.002226s ]
INFO: [ app_end ] --END-- [ RunTime:0.002599s ]

[ 2016-03-05T15:12:13+08:00 ] ::1 /zhaopin/index.php/admin/Smanager/time.html
INFO: [ app_init ] --START--
INFO: Run Behavior\BuildLiteBehavior [ RunTime:0.000027s ]
INFO: [ app_init ] --END-- [ RunTime:0.000696s ]
INFO: [ app_begin ] --START--
INFO: Run Behavior\ReadHtmlCacheBehavior [ RunTime:0.000872s ]
INFO: [ app_begin ] --END-- [ RunTime:0.001006s ]
SQL: SHOW COLUMNS FROM `zp_administrator` [ RunTime:0.0497s ]
SQL: SELECT * FROM `zp_administrator` WHERE `user` = 'admin' AND `grant` = 10 LIMIT 1   [ RunTime:0.0004s ]
SQL: SHOW COLUMNS FROM `zp_shuoming` [ RunTime:0.0086s ]
SQL: SELECT * FROM `zp_shuoming` WHERE ( sid=1 ) LIMIT 1   [ RunTime:0.0004s ]
INFO: [ view_parse ] --START--
INFO: [ template_filter ] --START--
INFO: Run Behavior\ContentReplaceBehavior [ RunTime:0.000099s ]
INFO: [ template_filter ] --END-- [ RunTime:0.000232s ]
INFO: Run Behavior\ParseTemplateBehavior [ RunTime:0.009370s ]
INFO: [ view_parse ] --END-- [ RunTime:0.009522s ]
INFO: [ view_filter ] --START--
INFO: Run Behavior\WriteHtmlCacheBehavior [ RunTime:0.000692s ]
INFO: [ view_filter ] --END-- [ RunTime:0.000820s ]
INFO: [ app_end ] --START--
INFO: Run Behavior\ShowPageTraceBehavior [ RunTime:0.001056s ]
INFO: [ app_end ] --END-- [ RunTime:0.001186s ]

[ 2016-03-05T15:14:47+08:00 ] ::1 /zhaopin/index.php/Admin/Smanager/record?zd=sqsj
INFO: [ app_init ] --START--
INFO: Run Behavior\BuildLiteBehavior [ RunTime:0.000037s ]
INFO: [ app_init ] --END-- [ RunTime:0.001424s ]
INFO: [ app_begin ] --START--
INFO: Run Behavior\ReadHtmlCacheBehavior [ RunTime:0.000891s ]
INFO: [ app_begin ] --END-- [ RunTime:0.001038s ]
SQL: SHOW COLUMNS FROM `zp_administrator` [ RunTime:0.0142s ]
SQL: SELECT * FROM `zp_administrator` WHERE `user` = 'admin' AND `grant` = 10 LIMIT 1   [ RunTime:0.0008s ]
SQL: SHOW COLUMNS FROM `zp_shuoming` [ RunTime:0.0097s ]
SQL: SELECT * FROM `zp_shuoming`  [ RunTime:0.0005s ]
SQL: UPDATE `zp_shuoming` SET `sqsj`='　　　　　　　　　　　　　　　　　　　　　　　　　华中农业大学诚聘海内外英才
 
　　一、招聘岗位及条件
　　（一）教授岗位
　　1.“千人计划”长期、短期项目候选人：
在海外取得博士学位，年龄不超过55周岁；在国外著名高校、科研院所担任相当于教授职务的专家学者，保证每年来校工作2个月以上。
　　2.“千人计划”青年项目候选人：
自然科学或工程技术领域，年龄不超过40周岁；在海外知名高校取得博士学位并有3年以上的海外科研工作经历，或国内博士在海外科研工作5年以上；全职来校工作。
　　3.湖北省“百人计划”候选人：
在国外著名高校、科研院所担任相当于副教授职务的专家学者，年龄不超过55周岁，引进后每年来校工作不少于6个月。
　　4.“长江学者奖励计划”候选人：
特聘教授要求自然科学类不超过45周岁，人文社会科学类不超过55周岁，担任海外高水平大学副教授及其他相应职位，全职来校工作；讲座教授要求担任海外高水平大学、研究机构教授或相应职位，保证每年来校工作2个月以上；青年学者要求自然科学、工程技术领域人选年龄不超过38周岁，人文社会科学领域不超过45周岁，保证全职来校工作。
　　5.“楚天学者”候选人：
特聘教授要求年龄不超过45周岁，担任海外高水平大学助理教授或相应职位（业绩突出的博士后），全职来校工作；讲座教授要求担任海外高水平大学或研究机构副教授或相应职位，保证每年来校工作2个月以上。
　　6.其他优秀人才：
经学校岗位评审达到教授任职条件的优秀人才，年龄一般不超过40周岁。
　　（二）副教授及以下岗位
　　青年人才一般不超过35周岁；基础学历原则上应为“211”或“985”高校或国家重点学科支撑专业（海外归国人员不作要求）、在所从事领域的国际主流期刊（人文社科类权威期刊）发表研究成果的博士学位获得者，体育、外语可考虑特别优秀的硕士。
　　（三）师资博士后
具有全日制博士学位，原则上博士毕业不超过2年；在SCI期刊上发表有高水平学术论文（第一作者或通讯作者）达到学院讲师引进标准。 
　　二、相应待遇  
　　（一）教授岗位  
 　　1.“千人计划”创新人才长期、短期项目岗位  
 创新人才长期项目：国家津贴标准为100万元；学校提供年薪60-80万，科研启动费自科500万、社科200-300万； 住房和配偶安置面议。
 创新人才短期项目：国家津贴标准为50万元；学校提供免费安排工作期间住房；5-10万月薪，启动费自科200-300万、社科100-200万。  
 　　2.“长江学者奖励计划”岗位  
 特聘教授：聘期5年，聘期内享受奖金20万元/年；学校聘为教授二级岗或执行协议工资；科研启动费自科300万、社科100-200万； 住房和配偶安置面议。
讲座教授：聘期3年，聘期内薪酬5万元/月；提供100万启动费，免费安排工作期间住房。  
青年学者：聘期3年，聘期内享受奖金10万元/年；学校提供年薪30万；科研启动费200-300万；住房和配偶安置面议。
　　3.“青年千人计划” 岗位  
 国家津贴标准为50万元；年薪30万，学校按照获批经费1:1配套科研启动经费（200-300万）；住房和配偶安置面议。
　　4. “万人计划”青年拔尖人才岗位  
 学校直接聘为教授岗位，享受综合奖励津贴；学校提供年薪30万，学校按照获批经费1:1配套科研启动经费（200-300万）；住房和配偶安置面议。  
　　5.湖北省“百人计划”岗位  
 湖北省提供津贴50万；学校提供年薪30万，免费提供人才房，科研启动费自然科学200万、人文社科100万；住房和配偶安置面议。  
　　6.湖北省“楚天学者计划”岗位  
 薪酬和住房一人一议，提供科研启动费100-200万。
　　7．其他教授  
 学校提供50-100万元的科研启动费，薪酬和住房面议。  
　　（二）副教授及以下教师岗位  
　　科研支持：提供科研启动费，新进博士文科10万、理科15万、工科20万；副教授文科15万元、理科20万元、工科25万。所属团队提供相应的实验和办公条件。  
　　薪酬待遇：提供在同类地区和高校具有竞争力的薪酬和住房待遇，新进博士提供1000元/月生活津贴（急需发展学科和海外博士学位获得者2000元/月），连续发放3年。  
　　（三）师资博士后 
　　薪酬待遇：在站期间，学校逐月发放人民币9000元/月•人；合作导师（课题组）根据业绩提供一定的绩效津贴，自科类师资博士后绩效津贴不少于3万元/年•人。其中生命科学技术学院为其博士后提供绩效津贴5.2万元/年•人，达到副研究员标准的博士后提供8.2万元/年•人。 
 其他待遇：在子女入托、上学、医疗方面享受与校内在职教职工相同待遇。
　　三、应聘程序与相关材料  
　　1.申报教授岗位  
　　个人申请、院学术委员会考核推荐、校评审委员会评审、校办公会审定共4个环节，学校在启动引进程序2个月内反馈校内评审结果。  
　　申请者填写《华中农业大学教授岗位申请表》，申报“千人计划”等平台项目的按照项目要求提供材料，学校据需提供协助。  
　　2.申报副教授及以下岗位  
　　个人申请、院学术委员会考核推荐、校人事处审核、分管校领导审批共4个环节，学校在启动招聘程序1个月内反馈结果。 
　　申请者填写《华中农业大学教师招聘申请表》，申报“楚天学子”等平台项目的按照项目要求提供材料，学校据需提供协助。 
　　3.师资博士后 
　　个人申请、院学术委员会考核推荐、校人事处审核、分管校领导审批共4个环节，学校在启动招聘程序1个月内反馈结果。 
　　申请者填写《华中农业大学教师招聘申请表》；学校审批通过后，按照博士后招收程序提供相关材料，报上级有关部门审批。
　　四、联系方式 
　　人事处联系人：任超 欧金荣 赵希庆
　　联系电话：027-87280957  
　　 E-mail：rcb@mail.hzau.edu.cn  
　　地址：湖北省武汉市洪山区狮子山街1号华中农业大学行政楼209
　　各用人单位联系方式请浏览学校主页人才招聘栏目  
　　 学校主页：http://www.hzau.edu.cn/ 
' WHERE ( sid=1 ) [ RunTime:0.0913s ]

[ 2016-03-05T15:14:48+08:00 ] ::1 /zhaopin/index.php/Admin/Smanager/index.html
INFO: [ app_init ] --START--
INFO: Run Behavior\BuildLiteBehavior [ RunTime:0.000026s ]
INFO: [ app_init ] --END-- [ RunTime:0.000672s ]
INFO: [ app_begin ] --START--
INFO: Run Behavior\ReadHtmlCacheBehavior [ RunTime:0.000850s ]
INFO: [ app_begin ] --END-- [ RunTime:0.000990s ]
SQL: SHOW COLUMNS FROM `zp_administrator` [ RunTime:0.0059s ]
SQL: SELECT * FROM `zp_administrator` WHERE `user` = 'admin' AND `grant` = 10 LIMIT 1   [ RunTime:0.0005s ]
SQL: SHOW COLUMNS FROM `zp_shuoming` [ RunTime:0.0063s ]
SQL: SELECT * FROM `zp_shuoming` WHERE ( sid=1 ) LIMIT 1   [ RunTime:0.0005s ]
INFO: [ view_parse ] --START--
INFO: [ template_filter ] --START--
INFO: Run Behavior\ContentReplaceBehavior [ RunTime:0.000080s ]
INFO: [ template_filter ] --END-- [ RunTime:0.000197s ]
INFO: Run Behavior\ParseTemplateBehavior [ RunTime:0.029865s ]
INFO: [ view_parse ] --END-- [ RunTime:0.030002s ]
INFO: [ view_filter ] --START--
INFO: Run Behavior\WriteHtmlCacheBehavior [ RunTime:0.000616s ]
INFO: [ view_filter ] --END-- [ RunTime:0.000723s ]
INFO: [ app_end ] --START--
INFO: Run Behavior\ShowPageTraceBehavior [ RunTime:0.000976s ]
INFO: [ app_end ] --END-- [ RunTime:0.001095s ]

[ 2016-03-05T15:14:58+08:00 ] ::1 /zhaopin/index.php/admin/Smanager/time.html
INFO: [ app_init ] --START--
INFO: Run Behavior\BuildLiteBehavior [ RunTime:0.000030s ]
INFO: [ app_init ] --END-- [ RunTime:0.001159s ]
INFO: [ app_begin ] --START--
INFO: Run Behavior\ReadHtmlCacheBehavior [ RunTime:0.003234s ]
INFO: [ app_begin ] --END-- [ RunTime:0.003594s ]
SQL: SHOW COLUMNS FROM `zp_administrator` [ RunTime:0.0137s ]
SQL: SELECT * FROM `zp_administrator` WHERE `user` = 'admin' AND `grant` = 10 LIMIT 1   [ RunTime:0.0006s ]
SQL: SHOW COLUMNS FROM `zp_shuoming` [ RunTime:0.0121s ]
SQL: SELECT * FROM `zp_shuoming` WHERE ( sid=1 ) LIMIT 1   [ RunTime:0.0005s ]
INFO: [ view_parse ] --START--
INFO: [ template_filter ] --START--
INFO: Run Behavior\ContentReplaceBehavior [ RunTime:0.000103s ]
INFO: [ template_filter ] --END-- [ RunTime:0.000264s ]
INFO: Run Behavior\ParseTemplateBehavior [ RunTime:0.012793s ]
INFO: [ view_parse ] --END-- [ RunTime:0.012960s ]
INFO: [ view_filter ] --START--
INFO: Run Behavior\WriteHtmlCacheBehavior [ RunTime:0.000586s ]
INFO: [ view_filter ] --END-- [ RunTime:0.000764s ]
INFO: [ app_end ] --START--
INFO: Run Behavior\ShowPageTraceBehavior [ RunTime:0.001398s ]
INFO: [ app_end ] --END-- [ RunTime:0.001661s ]

[ 2016-03-05T15:15:02+08:00 ] ::1 /zhaopin/index.php/Admin/Smanager/record?zd=sqsj
INFO: [ app_init ] --START--
INFO: Run Behavior\BuildLiteBehavior [ RunTime:0.000043s ]
INFO: [ app_init ] --END-- [ RunTime:0.001514s ]
INFO: [ app_begin ] --START--
INFO: Run Behavior\ReadHtmlCacheBehavior [ RunTime:0.000892s ]
INFO: [ app_begin ] --END-- [ RunTime:0.001109s ]
SQL: SHOW COLUMNS FROM `zp_administrator` [ RunTime:0.0410s ]
SQL: SELECT * FROM `zp_administrator` WHERE `user` = 'admin' AND `grant` = 10 LIMIT 1   [ RunTime:0.0005s ]
SQL: SHOW COLUMNS FROM `zp_shuoming` [ RunTime:0.0086s ]
SQL: SELECT * FROM `zp_shuoming`  [ RunTime:0.0004s ]
SQL: UPDATE `zp_shuoming` SET `sqsj`='　　　　　　　　　　　　　　　　　　　　　　　　华中农业大学诚聘海内外英才
 
　　一、招聘岗位及条件
　　（一）教授岗位
　　1.“千人计划”长期、短期项目候选人：
在海外取得博士学位，年龄不超过55周岁；在国外著名高校、科研院所担任相当于教授职务的专家学者，保证每年来校工作2个月以上。
　　2.“千人计划”青年项目候选人：
自然科学或工程技术领域，年龄不超过40周岁；在海外知名高校取得博士学位并有3年以上的海外科研工作经历，或国内博士在海外科研工作5年以上；全职来校工作。
　　3.湖北省“百人计划”候选人：
在国外著名高校、科研院所担任相当于副教授职务的专家学者，年龄不超过55周岁，引进后每年来校工作不少于6个月。
　　4.“长江学者奖励计划”候选人：
特聘教授要求自然科学类不超过45周岁，人文社会科学类不超过55周岁，担任海外高水平大学副教授及其他相应职位，全职来校工作；讲座教授要求担任海外高水平大学、研究机构教授或相应职位，保证每年来校工作2个月以上；青年学者要求自然科学、工程技术领域人选年龄不超过38周岁，人文社会科学领域不超过45周岁，保证全职来校工作。
　　5.“楚天学者”候选人：
特聘教授要求年龄不超过45周岁，担任海外高水平大学助理教授或相应职位（业绩突出的博士后），全职来校工作；讲座教授要求担任海外高水平大学或研究机构副教授或相应职位，保证每年来校工作2个月以上。
　　6.其他优秀人才：
经学校岗位评审达到教授任职条件的优秀人才，年龄一般不超过40周岁。
　　（二）副教授及以下岗位
　　青年人才一般不超过35周岁；基础学历原则上应为“211”或“985”高校或国家重点学科支撑专业（海外归国人员不作要求）、在所从事领域的国际主流期刊（人文社科类权威期刊）发表研究成果的博士学位获得者，体育、外语可考虑特别优秀的硕士。
　　（三）师资博士后
具有全日制博士学位，原则上博士毕业不超过2年；在SCI期刊上发表有高水平学术论文（第一作者或通讯作者）达到学院讲师引进标准。 
　　二、相应待遇  
　　（一）教授岗位  
 　　1.“千人计划”创新人才长期、短期项目岗位  
 创新人才长期项目：国家津贴标准为100万元；学校提供年薪60-80万，科研启动费自科500万、社科200-300万； 住房和配偶安置面议。
 创新人才短期项目：国家津贴标准为50万元；学校提供免费安排工作期间住房；5-10万月薪，启动费自科200-300万、社科100-200万。  
 　　2.“长江学者奖励计划”岗位  
 特聘教授：聘期5年，聘期内享受奖金20万元/年；学校聘为教授二级岗或执行协议工资；科研启动费自科300万、社科100-200万； 住房和配偶安置面议。
讲座教授：聘期3年，聘期内薪酬5万元/月；提供100万启动费，免费安排工作期间住房。  
青年学者：聘期3年，聘期内享受奖金10万元/年；学校提供年薪30万；科研启动费200-300万；住房和配偶安置面议。
　　3.“青年千人计划” 岗位  
 国家津贴标准为50万元；年薪30万，学校按照获批经费1:1配套科研启动经费（200-300万）；住房和配偶安置面议。
　　4. “万人计划”青年拔尖人才岗位  
 学校直接聘为教授岗位，享受综合奖励津贴；学校提供年薪30万，学校按照获批经费1:1配套科研启动经费（200-300万）；住房和配偶安置面议。  
　　5.湖北省“百人计划”岗位  
 湖北省提供津贴50万；学校提供年薪30万，免费提供人才房，科研启动费自然科学200万、人文社科100万；住房和配偶安置面议。  
　　6.湖北省“楚天学者计划”岗位  
 薪酬和住房一人一议，提供科研启动费100-200万。
　　7．其他教授  
 学校提供50-100万元的科研启动费，薪酬和住房面议。  
　　（二）副教授及以下教师岗位  
　　科研支持：提供科研启动费，新进博士文科10万、理科15万、工科20万；副教授文科15万元、理科20万元、工科25万。所属团队提供相应的实验和办公条件。  
　　薪酬待遇：提供在同类地区和高校具有竞争力的薪酬和住房待遇，新进博士提供1000元/月生活津贴（急需发展学科和海外博士学位获得者2000元/月），连续发放3年。  
　　（三）师资博士后 
　　薪酬待遇：在站期间，学校逐月发放人民币9000元/月•人；合作导师（课题组）根据业绩提供一定的绩效津贴，自科类师资博士后绩效津贴不少于3万元/年•人。其中生命科学技术学院为其博士后提供绩效津贴5.2万元/年•人，达到副研究员标准的博士后提供8.2万元/年•人。 
 其他待遇：在子女入托、上学、医疗方面享受与校内在职教职工相同待遇。
　　三、应聘程序与相关材料  
　　1.申报教授岗位  
　　个人申请、院学术委员会考核推荐、校评审委员会评审、校办公会审定共4个环节，学校在启动引进程序2个月内反馈校内评审结果。  
　　申请者填写《华中农业大学教授岗位申请表》，申报“千人计划”等平台项目的按照项目要求提供材料，学校据需提供协助。  
　　2.申报副教授及以下岗位  
　　个人申请、院学术委员会考核推荐、校人事处审核、分管校领导审批共4个环节，学校在启动招聘程序1个月内反馈结果。 
　　申请者填写《华中农业大学教师招聘申请表》，申报“楚天学子”等平台项目的按照项目要求提供材料，学校据需提供协助。 
　　3.师资博士后 
　　个人申请、院学术委员会考核推荐、校人事处审核、分管校领导审批共4个环节，学校在启动招聘程序1个月内反馈结果。 
　　申请者填写《华中农业大学教师招聘申请表》；学校审批通过后，按照博士后招收程序提供相关材料，报上级有关部门审批。
　　四、联系方式 
　　人事处联系人：任超 欧金荣 赵希庆
　　联系电话：027-87280957  
　　 E-mail：rcb@mail.hzau.edu.cn  
　　地址：湖北省武汉市洪山区狮子山街1号华中农业大学行政楼209
　　各用人单位联系方式请浏览学校主页人才招聘栏目  
　　 学校主页：http://www.hzau.edu.cn/ 
' WHERE ( sid=1 ) [ RunTime:0.0781s ]

[ 2016-03-05T15:15:02+08:00 ] ::1 /zhaopin/index.php/Admin/Smanager/index.html
INFO: [ app_init ] --START--
INFO: Run Behavior\BuildLiteBehavior [ RunTime:0.000027s ]
INFO: [ app_init ] --END-- [ RunTime:0.000992s ]
INFO: [ app_begin ] --START--
INFO: Run Behavior\ReadHtmlCacheBehavior [ RunTime:0.000989s ]
INFO: [ app_begin ] --END-- [ RunTime:0.001109s ]
SQL: SHOW COLUMNS FROM `zp_administrator` [ RunTime:0.0056s ]
SQL: SELECT * FROM `zp_administrator` WHERE `user` = 'admin' AND `grant` = 10 LIMIT 1   [ RunTime:0.0005s ]
SQL: SHOW COLUMNS FROM `zp_shuoming` [ RunTime:0.0071s ]
SQL: SELECT * FROM `zp_shuoming` WHERE ( sid=1 ) LIMIT 1   [ RunTime:0.0005s ]
INFO: [ view_parse ] --START--
INFO: [ template_filter ] --START--
INFO: Run Behavior\ContentReplaceBehavior [ RunTime:0.000108s ]
INFO: [ template_filter ] --END-- [ RunTime:0.000309s ]
INFO: Run Behavior\ParseTemplateBehavior [ RunTime:0.012432s ]
INFO: [ view_parse ] --END-- [ RunTime:0.012597s ]
INFO: [ view_filter ] --START--
INFO: Run Behavior\WriteHtmlCacheBehavior [ RunTime:0.000736s ]
INFO: [ view_filter ] --END-- [ RunTime:0.000862s ]
INFO: [ app_end ] --START--
INFO: Run Behavior\ShowPageTraceBehavior [ RunTime:0.000897s ]
INFO: [ app_end ] --END-- [ RunTime:0.001060s ]

[ 2016-03-05T15:15:08+08:00 ] ::1 /zhaopin/index.php/admin/Smanager/time.html
INFO: [ app_init ] --START--
INFO: Run Behavior\BuildLiteBehavior [ RunTime:0.000032s ]
INFO: [ app_init ] --END-- [ RunTime:0.000624s ]
INFO: [ app_begin ] --START--
INFO: Run Behavior\ReadHtmlCacheBehavior [ RunTime:0.001235s ]
INFO: [ app_begin ] --END-- [ RunTime:0.001439s ]
SQL: SHOW COLUMNS FROM `zp_administrator` [ RunTime:0.0131s ]
SQL: SELECT * FROM `zp_administrator` WHERE `user` = 'admin' AND `grant` = 10 LIMIT 1   [ RunTime:0.0005s ]
SQL: SHOW COLUMNS FROM `zp_shuoming` [ RunTime:0.0097s ]
SQL: SELECT * FROM `zp_shuoming` WHERE ( sid=1 ) LIMIT 1   [ RunTime:0.0004s ]
INFO: [ view_parse ] --START--
INFO: [ template_filter ] --START--
INFO: Run Behavior\ContentReplaceBehavior [ RunTime:0.000173s ]
INFO: [ template_filter ] --END-- [ RunTime:0.000468s ]
INFO: Run Behavior\ParseTemplateBehavior [ RunTime:0.014348s ]
INFO: [ view_parse ] --END-- [ RunTime:0.014568s ]
INFO: [ view_filter ] --START--
INFO: Run Behavior\WriteHtmlCacheBehavior [ RunTime:0.001063s ]
INFO: [ view_filter ] --END-- [ RunTime:0.001293s ]
INFO: [ app_end ] --START--
INFO: Run Behavior\ShowPageTraceBehavior [ RunTime:0.001493s ]
INFO: [ app_end ] --END-- [ RunTime:0.001749s ]

[ 2016-03-05T15:15:15+08:00 ] ::1 /zhaopin/index.php/Admin/Smanager/record?zd=sqsj
INFO: [ app_init ] --START--
INFO: Run Behavior\BuildLiteBehavior [ RunTime:0.000051s ]
INFO: [ app_init ] --END-- [ RunTime:0.001660s ]
INFO: [ app_begin ] --START--
INFO: Run Behavior\ReadHtmlCacheBehavior [ RunTime:0.001534s ]
INFO: [ app_begin ] --END-- [ RunTime:0.001725s ]
SQL: SHOW COLUMNS FROM `zp_administrator` [ RunTime:0.0147s ]
SQL: SELECT * FROM `zp_administrator` WHERE `user` = 'admin' AND `grant` = 10 LIMIT 1   [ RunTime:0.0006s ]
SQL: SHOW COLUMNS FROM `zp_shuoming` [ RunTime:0.0088s ]
SQL: SELECT * FROM `zp_shuoming`  [ RunTime:0.0005s ]
SQL: UPDATE `zp_shuoming` SET `sqsj`='　　　　　　　　　　　　　　　　　　　　　　　华中农业大学诚聘海内外英才
　　一、招聘岗位及条件
　　（一）教授岗位
　　1.“千人计划”长期、短期项目候选人：
在海外取得博士学位，年龄不超过55周岁；在国外著名高校、科研院所担任相当于教授职务的专家学者，保证每年来校工作2个月以上。
　　2.“千人计划”青年项目候选人：
自然科学或工程技术领域，年龄不超过40周岁；在海外知名高校取得博士学位并有3年以上的海外科研工作经历，或国内博士在海外科研工作5年以上；全职来校工作。
　　3.湖北省“百人计划”候选人：
在国外著名高校、科研院所担任相当于副教授职务的专家学者，年龄不超过55周岁，引进后每年来校工作不少于6个月。
　　4.“长江学者奖励计划”候选人：
特聘教授要求自然科学类不超过45周岁，人文社会科学类不超过55周岁，担任海外高水平大学副教授及其他相应职位，全职来校工作；讲座教授要求担任海外高水平大学、研究机构教授或相应职位，保证每年来校工作2个月以上；青年学者要求自然科学、工程技术领域人选年龄不超过38周岁，人文社会科学领域不超过45周岁，保证全职来校工作。
　　5.“楚天学者”候选人：
特聘教授要求年龄不超过45周岁，担任海外高水平大学助理教授或相应职位（业绩突出的博士后），全职来校工作；讲座教授要求担任海外高水平大学或研究机构副教授或相应职位，保证每年来校工作2个月以上。
　　6.其他优秀人才：
经学校岗位评审达到教授任职条件的优秀人才，年龄一般不超过40周岁。
　　（二）副教授及以下岗位
　　青年人才一般不超过35周岁；基础学历原则上应为“211”或“985”高校或国家重点学科支撑专业（海外归国人员不作要求）、在所从事领域的国际主流期刊（人文社科类权威期刊）发表研究成果的博士学位获得者，体育、外语可考虑特别优秀的硕士。
　　（三）师资博士后
具有全日制博士学位，原则上博士毕业不超过2年；在SCI期刊上发表有高水平学术论文（第一作者或通讯作者）达到学院讲师引进标准。 
　　二、相应待遇  
　　（一）教授岗位  
 　　1.“千人计划”创新人才长期、短期项目岗位  
 创新人才长期项目：国家津贴标准为100万元；学校提供年薪60-80万，科研启动费自科500万、社科200-300万； 住房和配偶安置面议。
 创新人才短期项目：国家津贴标准为50万元；学校提供免费安排工作期间住房；5-10万月薪，启动费自科200-300万、社科100-200万。  
 　　2.“长江学者奖励计划”岗位  
 特聘教授：聘期5年，聘期内享受奖金20万元/年；学校聘为教授二级岗或执行协议工资；科研启动费自科300万、社科100-200万； 住房和配偶安置面议。
讲座教授：聘期3年，聘期内薪酬5万元/月；提供100万启动费，免费安排工作期间住房。  
青年学者：聘期3年，聘期内享受奖金10万元/年；学校提供年薪30万；科研启动费200-300万；住房和配偶安置面议。
　　3.“青年千人计划” 岗位  
 国家津贴标准为50万元；年薪30万，学校按照获批经费1:1配套科研启动经费（200-300万）；住房和配偶安置面议。
　　4. “万人计划”青年拔尖人才岗位  
 学校直接聘为教授岗位，享受综合奖励津贴；学校提供年薪30万，学校按照获批经费1:1配套科研启动经费（200-300万）；住房和配偶安置面议。  
　　5.湖北省“百人计划”岗位  
 湖北省提供津贴50万；学校提供年薪30万，免费提供人才房，科研启动费自然科学200万、人文社科100万；住房和配偶安置面议。  
　　6.湖北省“楚天学者计划”岗位  
 薪酬和住房一人一议，提供科研启动费100-200万。
　　7．其他教授  
 学校提供50-100万元的科研启动费，薪酬和住房面议。  
　　（二）副教授及以下教师岗位  
　　科研支持：提供科研启动费，新进博士文科10万、理科15万、工科20万；副教授文科15万元、理科20万元、工科25万。所属团队提供相应的实验和办公条件。  
　　薪酬待遇：提供在同类地区和高校具有竞争力的薪酬和住房待遇，新进博士提供1000元/月生活津贴（急需发展学科和海外博士学位获得者2000元/月），连续发放3年。  
　　（三）师资博士后 
　　薪酬待遇：在站期间，学校逐月发放人民币9000元/月•人；合作导师（课题组）根据业绩提供一定的绩效津贴，自科类师资博士后绩效津贴不少于3万元/年•人。其中生命科学技术学院为其博士后提供绩效津贴5.2万元/年•人，达到副研究员标准的博士后提供8.2万元/年•人。 
 其他待遇：在子女入托、上学、医疗方面享受与校内在职教职工相同待遇。
　　三、应聘程序与相关材料  
　　1.申报教授岗位  
　　个人申请、院学术委员会考核推荐、校评审委员会评审、校办公会审定共4个环节，学校在启动引进程序2个月内反馈校内评审结果。  
　　申请者填写《华中农业大学教授岗位申请表》，申报“千人计划”等平台项目的按照项目要求提供材料，学校据需提供协助。  
　　2.申报副教授及以下岗位  
　　个人申请、院学术委员会考核推荐、校人事处审核、分管校领导审批共4个环节，学校在启动招聘程序1个月内反馈结果。 
　　申请者填写《华中农业大学教师招聘申请表》，申报“楚天学子”等平台项目的按照项目要求提供材料，学校据需提供协助。 
　　3.师资博士后 
　　个人申请、院学术委员会考核推荐、校人事处审核、分管校领导审批共4个环节，学校在启动招聘程序1个月内反馈结果。 
　　申请者填写《华中农业大学教师招聘申请表》；学校审批通过后，按照博士后招收程序提供相关材料，报上级有关部门审批。
　　四、联系方式 
　　人事处联系人：任超 欧金荣 赵希庆
　　联系电话：027-87280957  
　　 E-mail：rcb@mail.hzau.edu.cn  
　　地址：湖北省武汉市洪山区狮子山街1号华中农业大学行政楼209
　　各用人单位联系方式请浏览学校主页人才招聘栏目  
　　 学校主页：http://www.hzau.edu.cn/ 
' WHERE ( sid=1 ) [ RunTime:0.0913s ]

[ 2016-03-05T15:15:16+08:00 ] ::1 /zhaopin/index.php/Admin/Smanager/index.html
INFO: [ app_init ] --START--
INFO: Run Behavior\BuildLiteBehavior [ RunTime:0.000027s ]
INFO: [ app_init ] --END-- [ RunTime:0.000571s ]
INFO: [ app_begin ] --START--
INFO: Run Behavior\ReadHtmlCacheBehavior [ RunTime:0.000853s ]
INFO: [ app_begin ] --END-- [ RunTime:0.001000s ]
SQL: SHOW COLUMNS FROM `zp_administrator` [ RunTime:0.0065s ]
SQL: SELECT * FROM `zp_administrator` WHERE `user` = 'admin' AND `grant` = 10 LIMIT 1   [ RunTime:0.0004s ]
SQL: SHOW COLUMNS FROM `zp_shuoming` [ RunTime:0.0067s ]
SQL: SELECT * FROM `zp_shuoming` WHERE ( sid=1 ) LIMIT 1   [ RunTime:0.0004s ]
INFO: [ view_parse ] --START--
INFO: [ template_filter ] --START--
INFO: Run Behavior\ContentReplaceBehavior [ RunTime:0.000109s ]
INFO: [ template_filter ] --END-- [ RunTime:0.000288s ]
INFO: Run Behavior\ParseTemplateBehavior [ RunTime:0.015305s ]
INFO: [ view_parse ] --END-- [ RunTime:0.015465s ]
INFO: [ view_filter ] --START--
INFO: Run Behavior\WriteHtmlCacheBehavior [ RunTime:0.000650s ]
INFO: [ view_filter ] --END-- [ RunTime:0.000781s ]
INFO: [ app_end ] --START--
INFO: Run Behavior\ShowPageTraceBehavior [ RunTime:0.001017s ]
INFO: [ app_end ] --END-- [ RunTime:0.001170s ]

[ 2016-03-05T15:15:25+08:00 ] ::1 /zhaopin/index.php/admin/Smanager/time.html
INFO: [ app_init ] --START--
INFO: Run Behavior\BuildLiteBehavior [ RunTime:0.000027s ]
INFO: [ app_init ] --END-- [ RunTime:0.000915s ]
INFO: [ app_begin ] --START--
INFO: Run Behavior\ReadHtmlCacheBehavior [ RunTime:0.000769s ]
INFO: [ app_begin ] --END-- [ RunTime:0.000896s ]
SQL: SHOW COLUMNS FROM `zp_administrator` [ RunTime:0.0103s ]
SQL: SELECT * FROM `zp_administrator` WHERE `user` = 'admin' AND `grant` = 10 LIMIT 1   [ RunTime:0.0004s ]
SQL: SHOW COLUMNS FROM `zp_shuoming` [ RunTime:0.0101s ]
SQL: SELECT * FROM `zp_shuoming` WHERE ( sid=1 ) LIMIT 1   [ RunTime:0.0005s ]
INFO: [ view_parse ] --START--
INFO: [ template_filter ] --START--
INFO: Run Behavior\ContentReplaceBehavior [ RunTime:0.000109s ]
INFO: [ template_filter ] --END-- [ RunTime:0.000265s ]
INFO: Run Behavior\ParseTemplateBehavior [ RunTime:0.013726s ]
INFO: [ view_parse ] --END-- [ RunTime:0.013898s ]
INFO: [ view_filter ] --START--
INFO: Run Behavior\WriteHtmlCacheBehavior [ RunTime:0.000701s ]
INFO: [ view_filter ] --END-- [ RunTime:0.000902s ]
INFO: [ app_end ] --START--
INFO: Run Behavior\ShowPageTraceBehavior [ RunTime:0.001293s ]
INFO: [ app_end ] --END-- [ RunTime:0.001624s ]

[ 2016-03-05T15:15:28+08:00 ] ::1 /zhaopin/index.php/Admin/Smanager/record?zd=sqsj
INFO: [ app_init ] --START--
INFO: Run Behavior\BuildLiteBehavior [ RunTime:0.000028s ]
INFO: [ app_init ] --END-- [ RunTime:0.000712s ]
INFO: [ app_begin ] --START--
INFO: Run Behavior\ReadHtmlCacheBehavior [ RunTime:0.000895s ]
INFO: [ app_begin ] --END-- [ RunTime:0.001129s ]
SQL: SHOW COLUMNS FROM `zp_administrator` [ RunTime:0.0149s ]
SQL: SELECT * FROM `zp_administrator` WHERE `user` = 'admin' AND `grant` = 10 LIMIT 1   [ RunTime:0.0004s ]
SQL: SHOW COLUMNS FROM `zp_shuoming` [ RunTime:0.0123s ]
SQL: SELECT * FROM `zp_shuoming`  [ RunTime:0.0005s ]
SQL: UPDATE `zp_shuoming` SET `sqsj`='　　　　　　　　　　　　　　　　　　　　　　　华中农业大学诚聘海内外英才

　　一、招聘岗位及条件
　　（一）教授岗位
　　1.“千人计划”长期、短期项目候选人：
在海外取得博士学位，年龄不超过55周岁；在国外著名高校、科研院所担任相当于教授职务的专家学者，保证每年来校工作2个月以上。
　　2.“千人计划”青年项目候选人：
自然科学或工程技术领域，年龄不超过40周岁；在海外知名高校取得博士学位并有3年以上的海外科研工作经历，或国内博士在海外科研工作5年以上；全职来校工作。
　　3.湖北省“百人计划”候选人：
在国外著名高校、科研院所担任相当于副教授职务的专家学者，年龄不超过55周岁，引进后每年来校工作不少于6个月。
　　4.“长江学者奖励计划”候选人：
特聘教授要求自然科学类不超过45周岁，人文社会科学类不超过55周岁，担任海外高水平大学副教授及其他相应职位，全职来校工作；讲座教授要求担任海外高水平大学、研究机构教授或相应职位，保证每年来校工作2个月以上；青年学者要求自然科学、工程技术领域人选年龄不超过38周岁，人文社会科学领域不超过45周岁，保证全职来校工作。
　　5.“楚天学者”候选人：
特聘教授要求年龄不超过45周岁，担任海外高水平大学助理教授或相应职位（业绩突出的博士后），全职来校工作；讲座教授要求担任海外高水平大学或研究机构副教授或相应职位，保证每年来校工作2个月以上。
　　6.其他优秀人才：
经学校岗位评审达到教授任职条件的优秀人才，年龄一般不超过40周岁。
　　（二）副教授及以下岗位
　　青年人才一般不超过35周岁；基础学历原则上应为“211”或“985”高校或国家重点学科支撑专业（海外归国人员不作要求）、在所从事领域的国际主流期刊（人文社科类权威期刊）发表研究成果的博士学位获得者，体育、外语可考虑特别优秀的硕士。
　　（三）师资博士后
具有全日制博士学位，原则上博士毕业不超过2年；在SCI期刊上发表有高水平学术论文（第一作者或通讯作者）达到学院讲师引进标准。 
　　二、相应待遇  
　　（一）教授岗位  
 　　1.“千人计划”创新人才长期、短期项目岗位  
 创新人才长期项目：国家津贴标准为100万元；学校提供年薪60-80万，科研启动费自科500万、社科200-300万； 住房和配偶安置面议。
 创新人才短期项目：国家津贴标准为50万元；学校提供免费安排工作期间住房；5-10万月薪，启动费自科200-300万、社科100-200万。  
 　　2.“长江学者奖励计划”岗位  
 特聘教授：聘期5年，聘期内享受奖金20万元/年；学校聘为教授二级岗或执行协议工资；科研启动费自科300万、社科100-200万； 住房和配偶安置面议。
讲座教授：聘期3年，聘期内薪酬5万元/月；提供100万启动费，免费安排工作期间住房。  
青年学者：聘期3年，聘期内享受奖金10万元/年；学校提供年薪30万；科研启动费200-300万；住房和配偶安置面议。
　　3.“青年千人计划” 岗位  
 国家津贴标准为50万元；年薪30万，学校按照获批经费1:1配套科研启动经费（200-300万）；住房和配偶安置面议。
　　4. “万人计划”青年拔尖人才岗位  
 学校直接聘为教授岗位，享受综合奖励津贴；学校提供年薪30万，学校按照获批经费1:1配套科研启动经费（200-300万）；住房和配偶安置面议。  
　　5.湖北省“百人计划”岗位  
 湖北省提供津贴50万；学校提供年薪30万，免费提供人才房，科研启动费自然科学200万、人文社科100万；住房和配偶安置面议。  
　　6.湖北省“楚天学者计划”岗位  
 薪酬和住房一人一议，提供科研启动费100-200万。
　　7．其他教授  
 学校提供50-100万元的科研启动费，薪酬和住房面议。  
　　（二）副教授及以下教师岗位  
　　科研支持：提供科研启动费，新进博士文科10万、理科15万、工科20万；副教授文科15万元、理科20万元、工科25万。所属团队提供相应的实验和办公条件。  
　　薪酬待遇：提供在同类地区和高校具有竞争力的薪酬和住房待遇，新进博士提供1000元/月生活津贴（急需发展学科和海外博士学位获得者2000元/月），连续发放3年。  
　　（三）师资博士后 
　　薪酬待遇：在站期间，学校逐月发放人民币9000元/月•人；合作导师（课题组）根据业绩提供一定的绩效津贴，自科类师资博士后绩效津贴不少于3万元/年•人。其中生命科学技术学院为其博士后提供绩效津贴5.2万元/年•人，达到副研究员标准的博士后提供8.2万元/年•人。 
 其他待遇：在子女入托、上学、医疗方面享受与校内在职教职工相同待遇。
　　三、应聘程序与相关材料  
　　1.申报教授岗位  
　　个人申请、院学术委员会考核推荐、校评审委员会评审、校办公会审定共4个环节，学校在启动引进程序2个月内反馈校内评审结果。  
　　申请者填写《华中农业大学教授岗位申请表》，申报“千人计划”等平台项目的按照项目要求提供材料，学校据需提供协助。  
　　2.申报副教授及以下岗位  
　　个人申请、院学术委员会考核推荐、校人事处审核、分管校领导审批共4个环节，学校在启动招聘程序1个月内反馈结果。 
　　申请者填写《华中农业大学教师招聘申请表》，申报“楚天学子”等平台项目的按照项目要求提供材料，学校据需提供协助。 
　　3.师资博士后 
　　个人申请、院学术委员会考核推荐、校人事处审核、分管校领导审批共4个环节，学校在启动招聘程序1个月内反馈结果。 
　　申请者填写《华中农业大学教师招聘申请表》；学校审批通过后，按照博士后招收程序提供相关材料，报上级有关部门审批。
　　四、联系方式 
　　人事处联系人：任超 欧金荣 赵希庆
　　联系电话：027-87280957  
　　 E-mail：rcb@mail.hzau.edu.cn  
　　地址：湖北省武汉市洪山区狮子山街1号华中农业大学行政楼209
　　各用人单位联系方式请浏览学校主页人才招聘栏目  
　　 学校主页：http://www.hzau.edu.cn/ 
' WHERE ( sid=1 ) [ RunTime:0.0446s ]

[ 2016-03-05T15:15:28+08:00 ] ::1 /zhaopin/index.php/Admin/Smanager/index.html
INFO: [ app_init ] --START--
INFO: Run Behavior\BuildLiteBehavior [ RunTime:0.000027s ]
INFO: [ app_init ] --END-- [ RunTime:0.000707s ]
INFO: [ app_begin ] --START--
INFO: Run Behavior\ReadHtmlCacheBehavior [ RunTime:0.000707s ]
INFO: [ app_begin ] --END-- [ RunTime:0.000844s ]
SQL: SHOW COLUMNS FROM `zp_administrator` [ RunTime:0.0060s ]
SQL: SELECT * FROM `zp_administrator` WHERE `user` = 'admin' AND `grant` = 10 LIMIT 1   [ RunTime:0.0003s ]
SQL: SHOW COLUMNS FROM `zp_shuoming` [ RunTime:0.0060s ]
SQL: SELECT * FROM `zp_shuoming` WHERE ( sid=1 ) LIMIT 1   [ RunTime:0.0005s ]
INFO: [ view_parse ] --START--
INFO: [ template_filter ] --START--
INFO: Run Behavior\ContentReplaceBehavior [ RunTime:0.000086s ]
INFO: [ template_filter ] --END-- [ RunTime:0.000210s ]
INFO: Run Behavior\ParseTemplateBehavior [ RunTime:0.010402s ]
INFO: [ view_parse ] --END-- [ RunTime:0.010565s ]
INFO: [ view_filter ] --START--
INFO: Run Behavior\WriteHtmlCacheBehavior [ RunTime:0.000496s ]
INFO: [ view_filter ] --END-- [ RunTime:0.000646s ]
INFO: [ app_end ] --START--
INFO: Run Behavior\ShowPageTraceBehavior [ RunTime:0.001150s ]
INFO: [ app_end ] --END-- [ RunTime:0.001352s ]

[ 2016-03-05T15:15:54+08:00 ] ::1 /zhaopin/index.php/admin/Smanager/time.html
INFO: [ app_init ] --START--
INFO: Run Behavior\BuildLiteBehavior [ RunTime:0.000025s ]
INFO: [ app_init ] --END-- [ RunTime:0.000678s ]
INFO: [ app_begin ] --START--
INFO: Run Behavior\ReadHtmlCacheBehavior [ RunTime:0.001006s ]
INFO: [ app_begin ] --END-- [ RunTime:0.001159s ]
SQL: SHOW COLUMNS FROM `zp_administrator` [ RunTime:0.0142s ]
SQL: SELECT * FROM `zp_administrator` WHERE `user` = 'admin' AND `grant` = 10 LIMIT 1   [ RunTime:0.0007s ]
SQL: SHOW COLUMNS FROM `zp_shuoming` [ RunTime:0.0092s ]
SQL: SELECT * FROM `zp_shuoming` WHERE ( sid=1 ) LIMIT 1   [ RunTime:0.0005s ]
INFO: [ view_parse ] --START--
INFO: [ template_filter ] --START--
INFO: Run Behavior\ContentReplaceBehavior [ RunTime:0.000100s ]
INFO: [ template_filter ] --END-- [ RunTime:0.000241s ]
INFO: Run Behavior\ParseTemplateBehavior [ RunTime:0.012638s ]
INFO: [ view_parse ] --END-- [ RunTime:0.012806s ]
INFO: [ view_filter ] --START--
INFO: Run Behavior\WriteHtmlCacheBehavior [ RunTime:0.000977s ]
INFO: [ view_filter ] --END-- [ RunTime:0.001130s ]
INFO: [ app_end ] --START--
INFO: Run Behavior\ShowPageTraceBehavior [ RunTime:0.001495s ]
INFO: [ app_end ] --END-- [ RunTime:0.001788s ]

[ 2016-03-05T15:16:37+08:00 ] ::1 /zhaopin/index.php/Admin/Smanager/record?zd=sqsj
INFO: [ app_init ] --START--
INFO: Run Behavior\BuildLiteBehavior [ RunTime:0.000103s ]
INFO: [ app_init ] --END-- [ RunTime:0.001103s ]
INFO: [ app_begin ] --START--
INFO: Run Behavior\ReadHtmlCacheBehavior [ RunTime:0.000887s ]
INFO: [ app_begin ] --END-- [ RunTime:0.001044s ]
SQL: SHOW COLUMNS FROM `zp_administrator` [ RunTime:0.0135s ]
SQL: SELECT * FROM `zp_administrator` WHERE `user` = 'admin' AND `grant` = 10 LIMIT 1   [ RunTime:0.0004s ]
SQL: SHOW COLUMNS FROM `zp_shuoming` [ RunTime:0.0116s ]
SQL: SELECT * FROM `zp_shuoming`  [ RunTime:0.0004s ]
SQL: UPDATE `zp_shuoming` SET `sqsj`='　　　　　　　　　　　　　　　　　　　　　　　华中农业大学诚聘海内外英才

一、招聘岗位及条件
　（一）教授岗位
　　1.“千人计划”长期、短期项目候选人：
在海外取得博士学位，年龄不超过55周岁；在国外著名高校、科研院所担任相当于教授职务的专家学者，保证每年来校工作2个月以上。
　　2.“千人计划”青年项目候选人：
自然科学或工程技术领域，年龄不超过40周岁；在海外知名高校取得博士学位并有3年以上的海外科研工作经历，或国内博士在海外科研工作5年以上；全职来校工作。
　　3.湖北省“百人计划”候选人：
在国外著名高校、科研院所担任相当于副教授职务的专家学者，年龄不超过55周岁，引进后每年来校工作不少于6个月。
　　4.“长江学者奖励计划”候选人：
特聘教授要求自然科学类不超过45周岁，人文社会科学类不超过55周岁，担任海外高水平大学副教授及其他相应职位，全职来校工作；讲座教授要求担任海外高水平大学、研究机构教授或相应职位，保证每年来校工作2个月以上；青年学者要求自然科学、工程技术领域人选年龄不超过38周岁，人文社会科学领域不超过45周岁，保证全职来校工作。
　　5.“楚天学者”候选人：
特聘教授要求年龄不超过45周岁，担任海外高水平大学助理教授或相应职位（业绩突出的博士后），全职来校工作；讲座教授要求担任海外高水平大学或研究机构副教授或相应职位，保证每年来校工作2个月以上。
　　6.其他优秀人才：
经学校岗位评审达到教授任职条件的优秀人才，年龄一般不超过40周岁。
　（二）副教授及以下岗位
　　青年人才一般不超过35周岁；基础学历原则上应为“211”或“985”高校或国家重点学科支撑专业（海外归国人员不作要求）、在所从事领域的国际主流期刊（人文社科类权威期刊）发表研究成果的博士学位获得者，体育、外语可考虑特别优秀的硕士。
　（三）师资博士后
具有全日制博士学位，原则上博士毕业不超过2年；在SCI期刊上发表有高水平学术论文（第一作者或通讯作者）达到学院讲师引进标准。 
二、相应待遇  
　（一）教授岗位  
 　　1.“千人计划”创新人才长期、短期项目岗位  
 创新人才长期项目：国家津贴标准为100万元；学校提供年薪60-80万，科研启动费自科500万、社科200-300万； 住房和配偶安置面议。
 创新人才短期项目：国家津贴标准为50万元；学校提供免费安排工作期间住房；5-10万月薪，启动费自科200-300万、社科100-200万。  
 　　2.“长江学者奖励计划”岗位  
 特聘教授：聘期5年，聘期内享受奖金20万元/年；学校聘为教授二级岗或执行协议工资；科研启动费自科300万、社科100-200万； 住房和配偶安置面议。
讲座教授：聘期3年，聘期内薪酬5万元/月；提供100万启动费，免费安排工作期间住房。  
青年学者：聘期3年，聘期内享受奖金10万元/年；学校提供年薪30万；科研启动费200-300万；住房和配偶安置面议。
　　3.“青年千人计划” 岗位  
 国家津贴标准为50万元；年薪30万，学校按照获批经费1:1配套科研启动经费（200-300万）；住房和配偶安置面议。
　　4. “万人计划”青年拔尖人才岗位  
 学校直接聘为教授岗位，享受综合奖励津贴；学校提供年薪30万，学校按照获批经费1:1配套科研启动经费（200-300万）；住房和配偶安置面议。  
　　5.湖北省“百人计划”岗位  
 湖北省提供津贴50万；学校提供年薪30万，免费提供人才房，科研启动费自然科学200万、人文社科100万；住房和配偶安置面议。  
　　6.湖北省“楚天学者计划”岗位  
 薪酬和住房一人一议，提供科研启动费100-200万。
　　7．其他教授  
 学校提供50-100万元的科研启动费，薪酬和住房面议。  
　（二）副教授及以下教师岗位  
　　科研支持：提供科研启动费，新进博士文科10万、理科15万、工科20万；副教授文科15万元、理科20万元、工科25万。所属团队提供相应的实验和办公条件。  
　　薪酬待遇：提供在同类地区和高校具有竞争力的薪酬和住房待遇，新进博士提供1000元/月生活津贴（急需发展学科和海外博士学位获得者2000元/月），连续发放3年。  
　（三）师资博士后 
　　薪酬待遇：在站期间，学校逐月发放人民币9000元/月•人；合作导师（课题组）根据业绩提供一定的绩效津贴，自科类师资博士后绩效津贴不少于3万元/年•人。其中生命科学技术学院为其博士后提供绩效津贴5.2万元/年•人，达到副研究员标准的博士后提供8.2万元/年•人。 
 其他待遇：在子女入托、上学、医疗方面享受与校内在职教职工相同待遇。
三、应聘程序与相关材料  
　　1.申报教授岗位  
　　个人申请、院学术委员会考核推荐、校评审委员会评审、校办公会审定共4个环节，学校在启动引进程序2个月内反馈校内评审结果。  
　　申请者填写《华中农业大学教授岗位申请表》，申报“千人计划”等平台项目的按照项目要求提供材料，学校据需提供协助。  
　　2.申报副教授及以下岗位  
　　个人申请、院学术委员会考核推荐、校人事处审核、分管校领导审批共4个环节，学校在启动招聘程序1个月内反馈结果。 
　　申请者填写《华中农业大学教师招聘申请表》，申报“楚天学子”等平台项目的按照项目要求提供材料，学校据需提供协助。 
　　3.师资博士后 
　　个人申请、院学术委员会考核推荐、校人事处审核、分管校领导审批共4个环节，学校在启动招聘程序1个月内反馈结果。 
　　申请者填写《华中农业大学教师招聘申请表》；学校审批通过后，按照博士后招收程序提供相关材料，报上级有关部门审批。
　　四、联系方式 
　　人事处联系人：任超 欧金荣 赵希庆
　　联系电话：027-87280957  
　　 E-mail：rcb@mail.hzau.edu.cn  
　　地址：湖北省武汉市洪山区狮子山街1号华中农业大学行政楼209
　　各用人单位联系方式请浏览学校主页人才招聘栏目  
　　 学校主页：http://www.hzau.edu.cn/ 
' WHERE ( sid=1 ) [ RunTime:0.0591s ]

[ 2016-03-05T15:16:37+08:00 ] ::1 /zhaopin/index.php/Admin/Smanager/index.html
INFO: [ app_init ] --START--
INFO: Run Behavior\BuildLiteBehavior [ RunTime:0.000026s ]
INFO: [ app_init ] --END-- [ RunTime:0.000612s ]
INFO: [ app_begin ] --START--
INFO: Run Behavior\ReadHtmlCacheBehavior [ RunTime:0.000800s ]
INFO: [ app_begin ] --END-- [ RunTime:0.000948s ]
SQL: SHOW COLUMNS FROM `zp_administrator` [ RunTime:0.0068s ]
SQL: SELECT * FROM `zp_administrator` WHERE `user` = 'admin' AND `grant` = 10 LIMIT 1   [ RunTime:0.0004s ]
SQL: SHOW COLUMNS FROM `zp_shuoming` [ RunTime:0.0059s ]
SQL: SELECT * FROM `zp_shuoming` WHERE ( sid=1 ) LIMIT 1   [ RunTime:0.0007s ]
INFO: [ view_parse ] --START--
INFO: [ template_filter ] --START--
INFO: Run Behavior\ContentReplaceBehavior [ RunTime:0.000100s ]
INFO: [ template_filter ] --END-- [ RunTime:0.000258s ]
INFO: Run Behavior\ParseTemplateBehavior [ RunTime:0.010791s ]
INFO: [ view_parse ] --END-- [ RunTime:0.010942s ]
INFO: [ view_filter ] --START--
INFO: Run Behavior\WriteHtmlCacheBehavior [ RunTime:0.000639s ]
INFO: [ view_filter ] --END-- [ RunTime:0.000822s ]
INFO: [ app_end ] --START--
INFO: Run Behavior\ShowPageTraceBehavior [ RunTime:0.000966s ]
INFO: [ app_end ] --END-- [ RunTime:0.001108s ]

[ 2016-03-05T15:16:56+08:00 ] ::1 /zhaopin/index.php/admin/Smanager/time.html
INFO: [ app_init ] --START--
INFO: Run Behavior\BuildLiteBehavior [ RunTime:0.000027s ]
INFO: [ app_init ] --END-- [ RunTime:0.000689s ]
INFO: [ app_begin ] --START--
INFO: Run Behavior\ReadHtmlCacheBehavior [ RunTime:0.000824s ]
INFO: [ app_begin ] --END-- [ RunTime:0.000942s ]
SQL: SHOW COLUMNS FROM `zp_administrator` [ RunTime:0.0137s ]
SQL: SELECT * FROM `zp_administrator` WHERE `user` = 'admin' AND `grant` = 10 LIMIT 1   [ RunTime:0.0005s ]
SQL: SHOW COLUMNS FROM `zp_shuoming` [ RunTime:0.0076s ]
SQL: SELECT * FROM `zp_shuoming` WHERE ( sid=1 ) LIMIT 1   [ RunTime:0.0005s ]
INFO: [ view_parse ] --START--
INFO: [ template_filter ] --START--
INFO: Run Behavior\ContentReplaceBehavior [ RunTime:0.000088s ]
INFO: [ template_filter ] --END-- [ RunTime:0.000227s ]
INFO: Run Behavior\ParseTemplateBehavior [ RunTime:0.010874s ]
INFO: [ view_parse ] --END-- [ RunTime:0.011045s ]
INFO: [ view_filter ] --START--
INFO: Run Behavior\WriteHtmlCacheBehavior [ RunTime:0.000721s ]
INFO: [ view_filter ] --END-- [ RunTime:0.000834s ]
INFO: [ app_end ] --START--
INFO: Run Behavior\ShowPageTraceBehavior [ RunTime:0.001569s ]
INFO: [ app_end ] --END-- [ RunTime:0.001805s ]

[ 2016-03-05T15:17:07+08:00 ] ::1 /zhaopin/index.php/Admin/Smanager/record?zd=sqsj
INFO: [ app_init ] --START--
INFO: Run Behavior\BuildLiteBehavior [ RunTime:0.000029s ]
INFO: [ app_init ] --END-- [ RunTime:0.000595s ]
INFO: [ app_begin ] --START--
INFO: Run Behavior\ReadHtmlCacheBehavior [ RunTime:0.001265s ]
INFO: [ app_begin ] --END-- [ RunTime:0.001510s ]
SQL: SHOW COLUMNS FROM `zp_administrator` [ RunTime:0.0456s ]
SQL: SELECT * FROM `zp_administrator` WHERE `user` = 'admin' AND `grant` = 10 LIMIT 1   [ RunTime:0.0004s ]
SQL: SHOW COLUMNS FROM `zp_shuoming` [ RunTime:0.0099s ]
SQL: SELECT * FROM `zp_shuoming`  [ RunTime:0.0004s ]
SQL: UPDATE `zp_shuoming` SET `sqsj`='　　　　　　　　　　　　　　　　　　　　　　　华中农业大学诚聘海内外英才

一、招聘岗位及条件
　（一）教授岗位
　　1.“千人计划”长期、短期项目候选人：
在海外取得博士学位，年龄不超过55周岁；在国外著名高校、科研院所担任相当于教授职务的专家学者，保证每年来校工作2个月以上。
　　2.“千人计划”青年项目候选人：
自然科学或工程技术领域，年龄不超过40周岁；在海外知名高校取得博士学位并有3年以上的海外科研工作经历，或国内博士在海外科研工作5年以上；全职来校工作。
　　3.湖北省“百人计划”候选人：
在国外著名高校、科研院所担任相当于副教授职务的专家学者，年龄不超过55周岁，引进后每年来校工作不少于6个月。
　　4.“长江学者奖励计划”候选人：
特聘教授要求自然科学类不超过45周岁，人文社会科学类不超过55周岁，担任海外高水平大学副教授及其他相应职位，全职来校工作；讲座教授要求担任海外高水平大学、研究机构教授或相应职位，保证每年来校工作2个月以上；青年学者要求自然科学、工程技术领域人选年龄不超过38周岁，人文社会科学领域不超过45周岁，保证全职来校工作。
　　5.“楚天学者”候选人：
特聘教授要求年龄不超过45周岁，担任海外高水平大学助理教授或相应职位（业绩突出的博士后），全职来校工作；讲座教授要求担任海外高水平大学或研究机构副教授或相应职位，保证每年来校工作2个月以上。
　　6.其他优秀人才：
经学校岗位评审达到教授任职条件的优秀人才，年龄一般不超过40周岁。
　（二）副教授及以下岗位
　　青年人才一般不超过35周岁；基础学历原则上应为“211”或“985”高校或国家重点学科支撑专业（海外归国人员不作要求）、在所从事领域的国际主流期刊（人文社科类权威期刊）发表研究成果的博士学位获得者，体育、外语可考虑特别优秀的硕士。
　（三）师资博士后
具有全日制博士学位，原则上博士毕业不超过2年；在SCI期刊上发表有高水平学术论文（第一作者或通讯作者）达到学院讲师引进标准。 
二、相应待遇  
　（一）教授岗位  
　　1.“千人计划”创新人才长期、短期项目岗位  
 创新人才长期项目：国家津贴标准为100万元；学校提供年薪60-80万，科研启动费自科500万、社科200-300万； 住房和配偶安置面议。
 创新人才短期项目：国家津贴标准为50万元；学校提供免费安排工作期间住房；5-10万月薪，启动费自科200-300万、社科100-200万。  
　　2.“长江学者奖励计划”岗位  
 特聘教授：聘期5年，聘期内享受奖金20万元/年；学校聘为教授二级岗或执行协议工资；科研启动费自科300万、社科100-200万； 住房和配偶安置面议。
讲座教授：聘期3年，聘期内薪酬5万元/月；提供100万启动费，免费安排工作期间住房。  
青年学者：聘期3年，聘期内享受奖金10万元/年；学校提供年薪30万；科研启动费200-300万；住房和配偶安置面议。
　　3.“青年千人计划” 岗位  
 国家津贴标准为50万元；年薪30万，学校按照获批经费1:1配套科研启动经费（200-300万）；住房和配偶安置面议。
　　4. “万人计划”青年拔尖人才岗位  
 学校直接聘为教授岗位，享受综合奖励津贴；学校提供年薪30万，学校按照获批经费1:1配套科研启动经费（200-300万）；住房和配偶安置面议。  
　　5.湖北省“百人计划”岗位  
 湖北省提供津贴50万；学校提供年薪30万，免费提供人才房，科研启动费自然科学200万、人文社科100万；住房和配偶安置面议。  
　　6.湖北省“楚天学者计划”岗位  
 薪酬和住房一人一议，提供科研启动费100-200万。
　　7．其他教授  
 学校提供50-100万元的科研启动费，薪酬和住房面议。  
　（二）副教授及以下教师岗位  
　　科研支持：提供科研启动费，新进博士文科10万、理科15万、工科20万；副教授文科15万元、理科20万元、工科25万。所属团队提供相应的实验和办公条件。  
　　薪酬待遇：提供在同类地区和高校具有竞争力的薪酬和住房待遇，新进博士提供1000元/月生活津贴（急需发展学科和海外博士学位获得者2000元/月），连续发放3年。  
　（三）师资博士后 
　　薪酬待遇：在站期间，学校逐月发放人民币9000元/月•人；合作导师（课题组）根据业绩提供一定的绩效津贴，自科类师资博士后绩效津贴不少于3万元/年•人。其中生命科学技术学院为其博士后提供绩效津贴5.2万元/年•人，达到副研究员标准的博士后提供8.2万元/年•人。 
 其他待遇：在子女入托、上学、医疗方面享受与校内在职教职工相同待遇。
三、应聘程序与相关材料  
　　1.申报教授岗位  
　　个人申请、院学术委员会考核推荐、校评审委员会评审、校办公会审定共4个环节，学校在启动引进程序2个月内反馈校内评审结果。  
　　申请者填写《华中农业大学教授岗位申请表》，申报“千人计划”等平台项目的按照项目要求提供材料，学校据需提供协助。  
　　2.申报副教授及以下岗位  
　　个人申请、院学术委员会考核推荐、校人事处审核、分管校领导审批共4个环节，学校在启动招聘程序1个月内反馈结果。 
　　申请者填写《华中农业大学教师招聘申请表》，申报“楚天学子”等平台项目的按照项目要求提供材料，学校据需提供协助。 
　　3.师资博士后 
　　个人申请、院学术委员会考核推荐、校人事处审核、分管校领导审批共4个环节，学校在启动招聘程序1个月内反馈结果。 
　　申请者填写《华中农业大学教师招聘申请表》；学校审批通过后，按照博士后招收程序提供相关材料，报上级有关部门审批。
　　四、联系方式 
　　人事处联系人：任超 欧金荣 赵希庆
　　联系电话：027-87280957  
　　 E-mail：rcb@mail.hzau.edu.cn  
　　地址：湖北省武汉市洪山区狮子山街1号华中农业大学行政楼209
　　各用人单位联系方式请浏览学校主页人才招聘栏目  
　　 学校主页：http://www.hzau.edu.cn/ 
' WHERE ( sid=1 ) [ RunTime:0.0880s ]

[ 2016-03-05T15:17:07+08:00 ] ::1 /zhaopin/index.php/Admin/Smanager/index.html
INFO: [ app_init ] --START--
INFO: Run Behavior\BuildLiteBehavior [ RunTime:0.000028s ]
INFO: [ app_init ] --END-- [ RunTime:0.000627s ]
INFO: [ app_begin ] --START--
INFO: Run Behavior\ReadHtmlCacheBehavior [ RunTime:0.001224s ]
INFO: [ app_begin ] --END-- [ RunTime:0.001384s ]
SQL: SHOW COLUMNS FROM `zp_administrator` [ RunTime:0.0066s ]
SQL: SELECT * FROM `zp_administrator` WHERE `user` = 'admin' AND `grant` = 10 LIMIT 1   [ RunTime:0.0004s ]
SQL: SHOW COLUMNS FROM `zp_shuoming` [ RunTime:0.0060s ]
SQL: SELECT * FROM `zp_shuoming` WHERE ( sid=1 ) LIMIT 1   [ RunTime:0.0004s ]
INFO: [ view_parse ] --START--
INFO: [ template_filter ] --START--
INFO: Run Behavior\ContentReplaceBehavior [ RunTime:0.000088s ]
INFO: [ template_filter ] --END-- [ RunTime:0.000225s ]
INFO: Run Behavior\ParseTemplateBehavior [ RunTime:0.010385s ]
INFO: [ view_parse ] --END-- [ RunTime:0.010528s ]
INFO: [ view_filter ] --START--
INFO: Run Behavior\WriteHtmlCacheBehavior [ RunTime:0.000683s ]
INFO: [ view_filter ] --END-- [ RunTime:0.000861s ]
INFO: [ app_end ] --START--
INFO: Run Behavior\ShowPageTraceBehavior [ RunTime:0.000915s ]
INFO: [ app_end ] --END-- [ RunTime:0.001027s ]

