[ 2017-02-07T09:49:00+08:00 ] 122.205.70.13 /index.php/Admin/Login/login
INFO: [ app_init ] --START--
INFO: Run Behavior\BuildLiteBehavior [ RunTime:0.000000s ]
INFO: [ app_init ] --END-- [ RunTime:0.000000s ]
INFO: [ app_begin ] --START--
INFO: Run Behavior\ReadHtmlCacheBehavior [ RunTime:0.000000s ]
INFO: [ app_begin ] --END-- [ RunTime:0.000000s ]
INFO: [ view_parse ] --START--
INFO: [ template_filter ] --START--
INFO: Run Behavior\ContentReplaceBehavior [ RunTime:0.000000s ]
INFO: [ template_filter ] --END-- [ RunTime:0.000000s ]
INFO: Run Behavior\ParseTemplateBehavior [ RunTime:0.015625s ]
INFO: [ view_parse ] --END-- [ RunTime:0.015625s ]
INFO: [ view_filter ] --START--
INFO: Run Behavior\WriteHtmlCacheBehavior [ RunTime:0.000000s ]
INFO: [ view_filter ] --END-- [ RunTime:0.000000s ]
INFO: [ app_end ] --START--
INFO: Run Behavior\ShowPageTraceBehavior [ RunTime:0.000000s ]
INFO: [ app_end ] --END-- [ RunTime:0.000000s ]

[ 2017-02-07T09:49:10+08:00 ] 122.205.70.13 /index.php/Admin/Login/do_login
INFO: [ app_init ] --START--
INFO: Run Behavior\BuildLiteBehavior [ RunTime:0.000000s ]
INFO: [ app_init ] --END-- [ RunTime:0.000000s ]
INFO: [ app_begin ] --START--
INFO: Run Behavior\ReadHtmlCacheBehavior [ RunTime:0.000000s ]
INFO: [ app_begin ] --END-- [ RunTime:0.000000s ]
INFO: [ app_end ] --START--
INFO: Run Behavior\ShowPageTraceBehavior [ RunTime:0.000000s ]
INFO: [ app_end ] --END-- [ RunTime:0.000000s ]

[ 2017-02-07T09:49:17+08:00 ] 122.205.70.13 /index.php/Admin/Login/do_login
INFO: [ app_init ] --START--
INFO: Run Behavior\BuildLiteBehavior [ RunTime:0.000000s ]
INFO: [ app_init ] --END-- [ RunTime:0.000000s ]
INFO: [ app_begin ] --START--
INFO: Run Behavior\ReadHtmlCacheBehavior [ RunTime:0.000000s ]
INFO: [ app_begin ] --END-- [ RunTime:0.000000s ]
SQL: SHOW COLUMNS FROM `zp_administrator` [ RunTime:0.0000s ]
SQL: SELECT * FROM `zp_administrator` WHERE `user` = '55' AND `password` = '55' LIMIT 1   [ RunTime:0.0000s ]

[ 2017-02-07T09:49:17+08:00 ] 122.205.70.13 /index.php/Admin/Xmanager/index.html
INFO: [ app_init ] --START--
INFO: Run Behavior\BuildLiteBehavior [ RunTime:0.000000s ]
INFO: [ app_init ] --END-- [ RunTime:0.000000s ]
INFO: [ app_begin ] --START--
INFO: Run Behavior\ReadHtmlCacheBehavior [ RunTime:0.000000s ]
INFO: [ app_begin ] --END-- [ RunTime:0.000000s ]
SQL: SHOW COLUMNS FROM `zp_administrator` [ RunTime:0.0000s ]
SQL: SELECT * FROM `zp_administrator` WHERE `user` = '55' AND `grant` = 1 LIMIT 1   [ RunTime:0.0000s ]
SQL: SHOW COLUMNS FROM `zp_proform` [ RunTime:0.0313s ]
SQL: SHOW COLUMNS FROM `zp_application` [ RunTime:0.0000s ]
SQL: SHOW COLUMNS FROM `zp_professior` [ RunTime:0.0469s ]
SQL: SELECT DISTINCT  `numid` FROM `zp_proform`  [ RunTime:0.0469s ]
SQL: SELECT * FROM `zp_administrator` WHERE `grant` = 2  [ RunTime:0.0000s ]
SQL: SELECT * FROM `zp_professior` WHERE `grant` = 2  [ RunTime:0.0000s ]
NOTIC: [8] Undefined variable: hk C:\wamp\www\zhaopin\Application\Admin\Controller\XmanagerController.class.php 第 62 行.
NOTIC: [8] Undefined variable: klp C:\wamp\www\zhaopin\Application\Admin\Controller\XmanagerController.class.php 第 63 行.
NOTIC: [8] Undefined variable: tr C:\wamp\www\zhaopin\Application\Admin\Controller\XmanagerController.class.php 第 64 行.
INFO: [ view_parse ] --START--
INFO: [ template_filter ] --START--
INFO: Run Behavior\ContentReplaceBehavior [ RunTime:0.000000s ]
INFO: [ template_filter ] --END-- [ RunTime:0.000000s ]
NOTIC: [8] Undefined variable: page C:\wamp\www\zhaopin\Application\Runtime\Cache\Admin\160404f9ccfe64e795931bd711cc3bbe.php 第 160 行.
INFO: Run Behavior\ParseTemplateBehavior [ RunTime:0.062500s ]
INFO: [ view_parse ] --END-- [ RunTime:0.062500s ]
INFO: [ view_filter ] --START--
INFO: Run Behavior\WriteHtmlCacheBehavior [ RunTime:0.000000s ]
INFO: [ view_filter ] --END-- [ RunTime:0.000000s ]
INFO: [ app_end ] --START--
INFO: Run Behavior\ShowPageTraceBehavior [ RunTime:0.000000s ]
INFO: [ app_end ] --END-- [ RunTime:0.000000s ]

[ 2017-02-07T09:49:23+08:00 ] 122.205.70.13 /index.php/admin/Xmanager/handout.html
INFO: [ app_init ] --START--
INFO: Run Behavior\BuildLiteBehavior [ RunTime:0.000000s ]
INFO: [ app_init ] --END-- [ RunTime:0.000000s ]
INFO: [ app_begin ] --START--
INFO: Run Behavior\ReadHtmlCacheBehavior [ RunTime:0.000000s ]
INFO: [ app_begin ] --END-- [ RunTime:0.000000s ]
SQL: SHOW COLUMNS FROM `zp_administrator` [ RunTime:0.0000s ]
SQL: SELECT * FROM `zp_administrator` WHERE `user` = '55' AND `grant` = 1 LIMIT 1   [ RunTime:0.0000s ]
SQL: SHOW COLUMNS FROM `zp_professior` [ RunTime:0.0000s ]
SQL: SELECT * FROM `zp_administrator` WHERE `grant` = 2  [ RunTime:0.0000s ]
SQL: SELECT * FROM `zp_professior` WHERE `grant` = 2  [ RunTime:0.0000s ]
SQL: SHOW COLUMNS FROM `zp_application` [ RunTime:0.0000s ]
SQL: SELECT `numid` FROM `zp_application` ORDER BY numid desc  [ RunTime:0.0000s ]
SQL: SHOW COLUMNS FROM `zp_adform` [ RunTime:0.0469s ]
SQL: SHOW COLUMNS FROM `zp_zjform` [ RunTime:0.0313s ]
SQL: SELECT * FROM `zp_application` WHERE `numid` = 28 LIMIT 1   [ RunTime:0.0000s ]
SQL: SELECT `pid` FROM `zp_zjform` WHERE `numid` = 28  [ RunTime:0.0000s ]
SQL: SELECT `ad_id` FROM `zp_adform` WHERE `numid` = 28  [ RunTime:0.0000s ]
SQL: SELECT * FROM `zp_application` WHERE `numid` = 27 LIMIT 1   [ RunTime:0.0000s ]
SQL: SELECT `pid` FROM `zp_zjform` WHERE `numid` = 27  [ RunTime:0.0000s ]
SQL: SELECT `ad_id` FROM `zp_adform` WHERE `numid` = 27  [ RunTime:0.0000s ]
SQL: SELECT * FROM `zp_application` WHERE `numid` = 26 LIMIT 1   [ RunTime:0.0000s ]
SQL: SELECT `pid` FROM `zp_zjform` WHERE `numid` = 26  [ RunTime:0.0000s ]
SQL: SELECT `ad_id` FROM `zp_adform` WHERE `numid` = 26  [ RunTime:0.0000s ]
SQL: SELECT * FROM `zp_application` WHERE `numid` = 25 LIMIT 1   [ RunTime:0.0000s ]
SQL: SELECT `pid` FROM `zp_zjform` WHERE `numid` = 25  [ RunTime:0.0000s ]
SQL: SELECT `ad_id` FROM `zp_adform` WHERE `numid` = 25  [ RunTime:0.0000s ]
SQL: SELECT * FROM `zp_application` WHERE `numid` = 24 LIMIT 1   [ RunTime:0.0000s ]
SQL: SELECT `pid` FROM `zp_zjform` WHERE `numid` = 24  [ RunTime:0.0000s ]
SQL: SELECT `ad_id` FROM `zp_adform` WHERE `numid` = 24  [ RunTime:0.0000s ]
SQL: SELECT * FROM `zp_application` WHERE `numid` = 23 LIMIT 1   [ RunTime:0.0000s ]
SQL: SELECT `pid` FROM `zp_zjform` WHERE `numid` = 23  [ RunTime:0.0000s ]
SQL: SELECT `ad_id` FROM `zp_adform` WHERE `numid` = 23  [ RunTime:0.0000s ]
SQL: SELECT * FROM `zp_application` WHERE `numid` = 22 LIMIT 1   [ RunTime:0.0000s ]
SQL: SELECT `pid` FROM `zp_zjform` WHERE `numid` = 22  [ RunTime:0.0156s ]
SQL: SELECT `ad_id` FROM `zp_adform` WHERE `numid` = 22  [ RunTime:0.0000s ]
SQL: SELECT * FROM `zp_application` WHERE `numid` = 21 LIMIT 1   [ RunTime:0.0000s ]
SQL: SELECT `pid` FROM `zp_zjform` WHERE `numid` = 21  [ RunTime:0.0000s ]
SQL: SELECT `ad_id` FROM `zp_adform` WHERE `numid` = 21  [ RunTime:0.0000s ]
SQL: SELECT * FROM `zp_application` WHERE `numid` = 20 LIMIT 1   [ RunTime:0.0000s ]
SQL: SELECT `pid` FROM `zp_zjform` WHERE `numid` = 20  [ RunTime:0.0000s ]
SQL: SELECT `ad_id` FROM `zp_adform` WHERE `numid` = 20  [ RunTime:0.0000s ]
SQL: SELECT * FROM `zp_application` WHERE `numid` = 19 LIMIT 1   [ RunTime:0.0000s ]
SQL: SELECT `pid` FROM `zp_zjform` WHERE `numid` = 19  [ RunTime:0.0000s ]
SQL: SELECT `ad_id` FROM `zp_adform` WHERE `numid` = 19  [ RunTime:0.0000s ]
NOTIC: [8] Undefined variable: trp1 C:\wamp\www\zhaopin\Application\Admin\Controller\XmanagerController.class.php 第 420 行.
NOTIC: [8] Undefined variable: trp2 C:\wamp\www\zhaopin\Application\Admin\Controller\XmanagerController.class.php 第 421 行.
INFO: [ view_parse ] --START--
INFO: [ template_filter ] --START--
INFO: Run Behavior\ContentReplaceBehavior [ RunTime:0.000000s ]
INFO: [ template_filter ] --END-- [ RunTime:0.000000s ]
NOTIC: [2] Invalid argument supplied for foreach() C:\wamp\www\zhaopin\Application\Runtime\Cache\Admin\27555b3bd8d147a9395ea9af1894cbd7.php 第 82 行.
NOTIC: [2] Invalid argument supplied for foreach() C:\wamp\www\zhaopin\Application\Runtime\Cache\Admin\27555b3bd8d147a9395ea9af1894cbd7.php 第 89 行.
NOTIC: [2] Invalid argument supplied for foreach() C:\wamp\www\zhaopin\Application\Runtime\Cache\Admin\27555b3bd8d147a9395ea9af1894cbd7.php 第 82 行.
NOTIC: [2] Invalid argument supplied for foreach() C:\wamp\www\zhaopin\Application\Runtime\Cache\Admin\27555b3bd8d147a9395ea9af1894cbd7.php 第 89 行.
NOTIC: [2] Invalid argument supplied for foreach() C:\wamp\www\zhaopin\Application\Runtime\Cache\Admin\27555b3bd8d147a9395ea9af1894cbd7.php 第 82 行.
NOTIC: [2] Invalid argument supplied for foreach() C:\wamp\www\zhaopin\Application\Runtime\Cache\Admin\27555b3bd8d147a9395ea9af1894cbd7.php 第 89 行.
NOTIC: [2] Invalid argument supplied for foreach() C:\wamp\www\zhaopin\Application\Runtime\Cache\Admin\27555b3bd8d147a9395ea9af1894cbd7.php 第 82 行.
NOTIC: [2] Invalid argument supplied for foreach() C:\wamp\www\zhaopin\Application\Runtime\Cache\Admin\27555b3bd8d147a9395ea9af1894cbd7.php 第 89 行.
NOTIC: [2] Invalid argument supplied for foreach() C:\wamp\www\zhaopin\Application\Runtime\Cache\Admin\27555b3bd8d147a9395ea9af1894cbd7.php 第 82 行.
NOTIC: [2] Invalid argument supplied for foreach() C:\wamp\www\zhaopin\Application\Runtime\Cache\Admin\27555b3bd8d147a9395ea9af1894cbd7.php 第 89 行.
NOTIC: [2] Invalid argument supplied for foreach() C:\wamp\www\zhaopin\Application\Runtime\Cache\Admin\27555b3bd8d147a9395ea9af1894cbd7.php 第 82 行.
NOTIC: [2] Invalid argument supplied for foreach() C:\wamp\www\zhaopin\Application\Runtime\Cache\Admin\27555b3bd8d147a9395ea9af1894cbd7.php 第 89 行.
NOTIC: [2] Invalid argument supplied for foreach() C:\wamp\www\zhaopin\Application\Runtime\Cache\Admin\27555b3bd8d147a9395ea9af1894cbd7.php 第 82 行.
NOTIC: [2] Invalid argument supplied for foreach() C:\wamp\www\zhaopin\Application\Runtime\Cache\Admin\27555b3bd8d147a9395ea9af1894cbd7.php 第 89 行.
NOTIC: [2] Invalid argument supplied for foreach() C:\wamp\www\zhaopin\Application\Runtime\Cache\Admin\27555b3bd8d147a9395ea9af1894cbd7.php 第 82 行.
NOTIC: [2] Invalid argument supplied for foreach() C:\wamp\www\zhaopin\Application\Runtime\Cache\Admin\27555b3bd8d147a9395ea9af1894cbd7.php 第 89 行.
NOTIC: [2] Invalid argument supplied for foreach() C:\wamp\www\zhaopin\Application\Runtime\Cache\Admin\27555b3bd8d147a9395ea9af1894cbd7.php 第 82 行.
NOTIC: [2] Invalid argument supplied for foreach() C:\wamp\www\zhaopin\Application\Runtime\Cache\Admin\27555b3bd8d147a9395ea9af1894cbd7.php 第 89 行.
NOTIC: [2] Invalid argument supplied for foreach() C:\wamp\www\zhaopin\Application\Runtime\Cache\Admin\27555b3bd8d147a9395ea9af1894cbd7.php 第 82 行.
NOTIC: [2] Invalid argument supplied for foreach() C:\wamp\www\zhaopin\Application\Runtime\Cache\Admin\27555b3bd8d147a9395ea9af1894cbd7.php 第 89 行.
INFO: Run Behavior\ParseTemplateBehavior [ RunTime:0.062500s ]
INFO: [ view_parse ] --END-- [ RunTime:0.062500s ]
INFO: [ view_filter ] --START--
INFO: Run Behavior\WriteHtmlCacheBehavior [ RunTime:0.000000s ]
INFO: [ view_filter ] --END-- [ RunTime:0.000000s ]
INFO: [ app_end ] --START--
INFO: Run Behavior\ShowPageTraceBehavior [ RunTime:0.000000s ]
INFO: [ app_end ] --END-- [ RunTime:0.000000s ]

[ 2017-02-07T09:49:36+08:00 ] 122.205.70.13 /index.php/Admin/Xmanager/hl?numid=28&aid=29
INFO: [ app_init ] --START--
INFO: Run Behavior\BuildLiteBehavior [ RunTime:0.000000s ]
INFO: [ app_init ] --END-- [ RunTime:0.000000s ]
INFO: [ app_begin ] --START--
INFO: Run Behavior\ReadHtmlCacheBehavior [ RunTime:0.000000s ]
INFO: [ app_begin ] --END-- [ RunTime:0.000000s ]
SQL: SHOW COLUMNS FROM `zp_administrator` [ RunTime:0.0000s ]
SQL: SELECT * FROM `zp_administrator` WHERE `user` = '55' AND `grant` = 1 LIMIT 1   [ RunTime:0.0000s ]
SQL: SHOW COLUMNS FROM `zp_application` [ RunTime:0.0156s ]
SQL: SHOW COLUMNS FROM `zp_education_experience` [ RunTime:0.0000s ]
SQL: SHOW COLUMNS FROM `zp_work_experience` [ RunTime:0.0000s ]
SQL: SELECT * FROM `zp_application` WHERE `numid` = 28 LIMIT 1   [ RunTime:0.0000s ]
SQL: SELECT * FROM `zp_education_experience` WHERE `aid` = 29  [ RunTime:0.0000s ]
SQL: SELECT * FROM `zp_work_experience` WHERE `aid` = 29  [ RunTime:0.0000s ]
NOTIC: [8] Undefined variable: str4 C:\wamp\www\zhaopin\Application\Admin\Controller\XmanagerController.class.php 第 231 行.
NOTIC: [8] Undefined variable: str5 C:\wamp\www\zhaopin\Application\Admin\Controller\XmanagerController.class.php 第 238 行.
INFO: [ view_parse ] --START--
INFO: [ template_filter ] --START--
INFO: Run Behavior\ContentReplaceBehavior [ RunTime:0.000000s ]
INFO: [ template_filter ] --END-- [ RunTime:0.000000s ]
INFO: Run Behavior\ParseTemplateBehavior [ RunTime:0.062500s ]
INFO: [ view_parse ] --END-- [ RunTime:0.062500s ]
INFO: [ view_filter ] --START--
INFO: Run Behavior\WriteHtmlCacheBehavior [ RunTime:0.000000s ]
INFO: [ view_filter ] --END-- [ RunTime:0.000000s ]
INFO: [ app_end ] --START--
INFO: Run Behavior\ShowPageTraceBehavior [ RunTime:0.000000s ]
INFO: [ app_end ] --END-- [ RunTime:0.000000s ]

[ 2017-02-07T09:49:45+08:00 ] 122.205.70.13 /index.php/Admin/Xmanager/hl?numid=27&aid=28
INFO: [ app_init ] --START--
INFO: Run Behavior\BuildLiteBehavior [ RunTime:0.000000s ]
INFO: [ app_init ] --END-- [ RunTime:0.000000s ]
INFO: [ app_begin ] --START--
INFO: Run Behavior\ReadHtmlCacheBehavior [ RunTime:0.000000s ]
INFO: [ app_begin ] --END-- [ RunTime:0.000000s ]
SQL: SHOW COLUMNS FROM `zp_administrator` [ RunTime:0.0156s ]
SQL: SELECT * FROM `zp_administrator` WHERE `user` = '55' AND `grant` = 1 LIMIT 1   [ RunTime:0.0000s ]
SQL: SHOW COLUMNS FROM `zp_application` [ RunTime:0.0000s ]
SQL: SHOW COLUMNS FROM `zp_education_experience` [ RunTime:0.0000s ]
SQL: SHOW COLUMNS FROM `zp_work_experience` [ RunTime:0.0156s ]
SQL: SELECT * FROM `zp_application` WHERE `numid` = 27 LIMIT 1   [ RunTime:0.0000s ]
SQL: SELECT * FROM `zp_education_experience` WHERE `aid` = 28  [ RunTime:0.0000s ]
SQL: SELECT * FROM `zp_work_experience` WHERE `aid` = 28  [ RunTime:0.0000s ]
INFO: [ view_parse ] --START--
INFO: [ template_filter ] --START--
INFO: Run Behavior\ContentReplaceBehavior [ RunTime:0.000000s ]
INFO: [ template_filter ] --END-- [ RunTime:0.000000s ]
INFO: Run Behavior\ParseTemplateBehavior [ RunTime:0.031250s ]
INFO: [ view_parse ] --END-- [ RunTime:0.031250s ]
INFO: [ view_filter ] --START--
INFO: Run Behavior\WriteHtmlCacheBehavior [ RunTime:0.000000s ]
INFO: [ view_filter ] --END-- [ RunTime:0.000000s ]
INFO: [ app_end ] --START--
INFO: Run Behavior\ShowPageTraceBehavior [ RunTime:0.000000s ]
INFO: [ app_end ] --END-- [ RunTime:0.000000s ]

[ 2017-02-07T09:50:30+08:00 ] 122.205.70.13 /index.php/admin/Xmanager/handout.html
INFO: [ app_init ] --START--
INFO: Run Behavior\BuildLiteBehavior [ RunTime:0.000000s ]
INFO: [ app_init ] --END-- [ RunTime:0.000000s ]
INFO: [ app_begin ] --START--
INFO: Run Behavior\ReadHtmlCacheBehavior [ RunTime:0.000000s ]
INFO: [ app_begin ] --END-- [ RunTime:0.000000s ]
SQL: SHOW COLUMNS FROM `zp_administrator` [ RunTime:0.0000s ]
SQL: SELECT * FROM `zp_administrator` WHERE `user` = '55' AND `grant` = 1 LIMIT 1   [ RunTime:0.0000s ]
SQL: SHOW COLUMNS FROM `zp_professior` [ RunTime:0.0000s ]
SQL: SELECT * FROM `zp_administrator` WHERE `grant` = 2  [ RunTime:0.0000s ]
SQL: SELECT * FROM `zp_professior` WHERE `grant` = 2  [ RunTime:0.0000s ]
SQL: SHOW COLUMNS FROM `zp_application` [ RunTime:0.0156s ]
SQL: SELECT `numid` FROM `zp_application` ORDER BY numid desc  [ RunTime:0.0000s ]
SQL: SHOW COLUMNS FROM `zp_adform` [ RunTime:0.0000s ]
SQL: SHOW COLUMNS FROM `zp_zjform` [ RunTime:0.0000s ]
SQL: SELECT * FROM `zp_application` WHERE `numid` = 28 LIMIT 1   [ RunTime:0.0000s ]
SQL: SELECT `pid` FROM `zp_zjform` WHERE `numid` = 28  [ RunTime:0.0000s ]
SQL: SELECT `ad_id` FROM `zp_adform` WHERE `numid` = 28  [ RunTime:0.0000s ]
SQL: SELECT * FROM `zp_application` WHERE `numid` = 27 LIMIT 1   [ RunTime:0.0000s ]
SQL: SELECT `pid` FROM `zp_zjform` WHERE `numid` = 27  [ RunTime:0.0156s ]
SQL: SELECT `ad_id` FROM `zp_adform` WHERE `numid` = 27  [ RunTime:0.0000s ]
SQL: SELECT * FROM `zp_application` WHERE `numid` = 26 LIMIT 1   [ RunTime:0.0000s ]
SQL: SELECT `pid` FROM `zp_zjform` WHERE `numid` = 26  [ RunTime:0.0000s ]
SQL: SELECT `ad_id` FROM `zp_adform` WHERE `numid` = 26  [ RunTime:0.0000s ]
SQL: SELECT * FROM `zp_application` WHERE `numid` = 25 LIMIT 1   [ RunTime:0.0000s ]
SQL: SELECT `pid` FROM `zp_zjform` WHERE `numid` = 25  [ RunTime:0.0000s ]
SQL: SELECT `ad_id` FROM `zp_adform` WHERE `numid` = 25  [ RunTime:0.0000s ]
SQL: SELECT * FROM `zp_application` WHERE `numid` = 24 LIMIT 1   [ RunTime:0.0000s ]
SQL: SELECT `pid` FROM `zp_zjform` WHERE `numid` = 24  [ RunTime:0.0000s ]
SQL: SELECT `ad_id` FROM `zp_adform` WHERE `numid` = 24  [ RunTime:0.0000s ]
SQL: SELECT * FROM `zp_application` WHERE `numid` = 23 LIMIT 1   [ RunTime:0.0000s ]
SQL: SELECT `pid` FROM `zp_zjform` WHERE `numid` = 23  [ RunTime:0.0000s ]
SQL: SELECT `ad_id` FROM `zp_adform` WHERE `numid` = 23  [ RunTime:0.0000s ]
SQL: SELECT * FROM `zp_application` WHERE `numid` = 22 LIMIT 1   [ RunTime:0.0000s ]
SQL: SELECT `pid` FROM `zp_zjform` WHERE `numid` = 22  [ RunTime:0.0000s ]
SQL: SELECT `ad_id` FROM `zp_adform` WHERE `numid` = 22  [ RunTime:0.0000s ]
SQL: SELECT * FROM `zp_application` WHERE `numid` = 21 LIMIT 1   [ RunTime:0.0000s ]
SQL: SELECT `pid` FROM `zp_zjform` WHERE `numid` = 21  [ RunTime:0.0000s ]
SQL: SELECT `ad_id` FROM `zp_adform` WHERE `numid` = 21  [ RunTime:0.0000s ]
SQL: SELECT * FROM `zp_application` WHERE `numid` = 20 LIMIT 1   [ RunTime:0.0000s ]
SQL: SELECT `pid` FROM `zp_zjform` WHERE `numid` = 20  [ RunTime:0.0000s ]
SQL: SELECT `ad_id` FROM `zp_adform` WHERE `numid` = 20  [ RunTime:0.0000s ]
SQL: SELECT * FROM `zp_application` WHERE `numid` = 19 LIMIT 1   [ RunTime:0.0000s ]
SQL: SELECT `pid` FROM `zp_zjform` WHERE `numid` = 19  [ RunTime:0.0000s ]
SQL: SELECT `ad_id` FROM `zp_adform` WHERE `numid` = 19  [ RunTime:0.0000s ]
NOTIC: [8] Undefined variable: trp1 C:\wamp\www\zhaopin\Application\Admin\Controller\XmanagerController.class.php 第 420 行.
NOTIC: [8] Undefined variable: trp2 C:\wamp\www\zhaopin\Application\Admin\Controller\XmanagerController.class.php 第 421 行.
INFO: [ view_parse ] --START--
INFO: [ template_filter ] --START--
INFO: Run Behavior\ContentReplaceBehavior [ RunTime:0.000000s ]
INFO: [ template_filter ] --END-- [ RunTime:0.000000s ]
NOTIC: [2] Invalid argument supplied for foreach() C:\wamp\www\zhaopin\Application\Runtime\Cache\Admin\27555b3bd8d147a9395ea9af1894cbd7.php 第 82 行.
NOTIC: [2] Invalid argument supplied for foreach() C:\wamp\www\zhaopin\Application\Runtime\Cache\Admin\27555b3bd8d147a9395ea9af1894cbd7.php 第 89 行.
NOTIC: [2] Invalid argument supplied for foreach() C:\wamp\www\zhaopin\Application\Runtime\Cache\Admin\27555b3bd8d147a9395ea9af1894cbd7.php 第 82 行.
NOTIC: [2] Invalid argument supplied for foreach() C:\wamp\www\zhaopin\Application\Runtime\Cache\Admin\27555b3bd8d147a9395ea9af1894cbd7.php 第 89 行.
NOTIC: [2] Invalid argument supplied for foreach() C:\wamp\www\zhaopin\Application\Runtime\Cache\Admin\27555b3bd8d147a9395ea9af1894cbd7.php 第 82 行.
NOTIC: [2] Invalid argument supplied for foreach() C:\wamp\www\zhaopin\Application\Runtime\Cache\Admin\27555b3bd8d147a9395ea9af1894cbd7.php 第 89 行.
NOTIC: [2] Invalid argument supplied for foreach() C:\wamp\www\zhaopin\Application\Runtime\Cache\Admin\27555b3bd8d147a9395ea9af1894cbd7.php 第 82 行.
NOTIC: [2] Invalid argument supplied for foreach() C:\wamp\www\zhaopin\Application\Runtime\Cache\Admin\27555b3bd8d147a9395ea9af1894cbd7.php 第 89 行.
NOTIC: [2] Invalid argument supplied for foreach() C:\wamp\www\zhaopin\Application\Runtime\Cache\Admin\27555b3bd8d147a9395ea9af1894cbd7.php 第 82 行.
NOTIC: [2] Invalid argument supplied for foreach() C:\wamp\www\zhaopin\Application\Runtime\Cache\Admin\27555b3bd8d147a9395ea9af1894cbd7.php 第 89 行.
NOTIC: [2] Invalid argument supplied for foreach() C:\wamp\www\zhaopin\Application\Runtime\Cache\Admin\27555b3bd8d147a9395ea9af1894cbd7.php 第 82 行.
NOTIC: [2] Invalid argument supplied for foreach() C:\wamp\www\zhaopin\Application\Runtime\Cache\Admin\27555b3bd8d147a9395ea9af1894cbd7.php 第 89 行.
NOTIC: [2] Invalid argument supplied for foreach() C:\wamp\www\zhaopin\Application\Runtime\Cache\Admin\27555b3bd8d147a9395ea9af1894cbd7.php 第 82 行.
NOTIC: [2] Invalid argument supplied for foreach() C:\wamp\www\zhaopin\Application\Runtime\Cache\Admin\27555b3bd8d147a9395ea9af1894cbd7.php 第 89 行.
NOTIC: [2] Invalid argument supplied for foreach() C:\wamp\www\zhaopin\Application\Runtime\Cache\Admin\27555b3bd8d147a9395ea9af1894cbd7.php 第 82 行.
NOTIC: [2] Invalid argument supplied for foreach() C:\wamp\www\zhaopin\Application\Runtime\Cache\Admin\27555b3bd8d147a9395ea9af1894cbd7.php 第 89 行.
NOTIC: [2] Invalid argument supplied for foreach() C:\wamp\www\zhaopin\Application\Runtime\Cache\Admin\27555b3bd8d147a9395ea9af1894cbd7.php 第 82 行.
NOTIC: [2] Invalid argument supplied for foreach() C:\wamp\www\zhaopin\Application\Runtime\Cache\Admin\27555b3bd8d147a9395ea9af1894cbd7.php 第 89 行.
NOTIC: [2] Invalid argument supplied for foreach() C:\wamp\www\zhaopin\Application\Runtime\Cache\Admin\27555b3bd8d147a9395ea9af1894cbd7.php 第 82 行.
NOTIC: [2] Invalid argument supplied for foreach() C:\wamp\www\zhaopin\Application\Runtime\Cache\Admin\27555b3bd8d147a9395ea9af1894cbd7.php 第 89 行.
INFO: Run Behavior\ParseTemplateBehavior [ RunTime:0.031250s ]
INFO: [ view_parse ] --END-- [ RunTime:0.031250s ]
INFO: [ view_filter ] --START--
INFO: Run Behavior\WriteHtmlCacheBehavior [ RunTime:0.000000s ]
INFO: [ view_filter ] --END-- [ RunTime:0.000000s ]
INFO: [ app_end ] --START--
INFO: Run Behavior\ShowPageTraceBehavior [ RunTime:0.000000s ]
INFO: [ app_end ] --END-- [ RunTime:0.000000s ]

[ 2017-02-07T09:50:39+08:00 ] 122.205.70.13 /index.php/Admin/Xmanager/hl?numid=27&aid=28
INFO: [ app_init ] --START--
INFO: Run Behavior\BuildLiteBehavior [ RunTime:0.000000s ]
INFO: [ app_init ] --END-- [ RunTime:0.000000s ]
INFO: [ app_begin ] --START--
INFO: Run Behavior\ReadHtmlCacheBehavior [ RunTime:0.000000s ]
INFO: [ app_begin ] --END-- [ RunTime:0.000000s ]
SQL: SHOW COLUMNS FROM `zp_administrator` [ RunTime:0.0000s ]
SQL: SELECT * FROM `zp_administrator` WHERE `user` = '55' AND `grant` = 1 LIMIT 1   [ RunTime:0.0000s ]
SQL: SHOW COLUMNS FROM `zp_application` [ RunTime:0.0000s ]
SQL: SHOW COLUMNS FROM `zp_education_experience` [ RunTime:0.0156s ]
SQL: SHOW COLUMNS FROM `zp_work_experience` [ RunTime:0.0000s ]
SQL: SELECT * FROM `zp_application` WHERE `numid` = 27 LIMIT 1   [ RunTime:0.0000s ]
SQL: SELECT * FROM `zp_education_experience` WHERE `aid` = 28  [ RunTime:0.0000s ]
SQL: SELECT * FROM `zp_work_experience` WHERE `aid` = 28  [ RunTime:0.0000s ]
INFO: [ view_parse ] --START--
INFO: [ template_filter ] --START--
INFO: Run Behavior\ContentReplaceBehavior [ RunTime:0.000000s ]
INFO: [ template_filter ] --END-- [ RunTime:0.000000s ]
INFO: Run Behavior\ParseTemplateBehavior [ RunTime:0.031250s ]
INFO: [ view_parse ] --END-- [ RunTime:0.031250s ]
INFO: [ view_filter ] --START--
INFO: Run Behavior\WriteHtmlCacheBehavior [ RunTime:0.000000s ]
INFO: [ view_filter ] --END-- [ RunTime:0.000000s ]
INFO: [ app_end ] --START--
INFO: Run Behavior\ShowPageTraceBehavior [ RunTime:0.000000s ]
INFO: [ app_end ] --END-- [ RunTime:0.000000s ]

[ 2017-02-07T09:50:53+08:00 ] 122.205.70.13 /index.php/admin/Xmanager/handout.html
INFO: [ app_init ] --START--
INFO: Run Behavior\BuildLiteBehavior [ RunTime:0.000000s ]
INFO: [ app_init ] --END-- [ RunTime:0.000000s ]
INFO: [ app_begin ] --START--
INFO: Run Behavior\ReadHtmlCacheBehavior [ RunTime:0.000000s ]
INFO: [ app_begin ] --END-- [ RunTime:0.000000s ]
SQL: SHOW COLUMNS FROM `zp_administrator` [ RunTime:0.0000s ]
SQL: SELECT * FROM `zp_administrator` WHERE `user` = '55' AND `grant` = 1 LIMIT 1   [ RunTime:0.0000s ]
SQL: SHOW COLUMNS FROM `zp_professior` [ RunTime:0.0000s ]
SQL: SELECT * FROM `zp_administrator` WHERE `grant` = 2  [ RunTime:0.0000s ]
SQL: SELECT * FROM `zp_professior` WHERE `grant` = 2  [ RunTime:0.0000s ]
SQL: SHOW COLUMNS FROM `zp_application` [ RunTime:0.0156s ]
SQL: SELECT `numid` FROM `zp_application` ORDER BY numid desc  [ RunTime:0.0000s ]
SQL: SHOW COLUMNS FROM `zp_adform` [ RunTime:0.0000s ]
SQL: SHOW COLUMNS FROM `zp_zjform` [ RunTime:0.0000s ]
SQL: SELECT * FROM `zp_application` WHERE `numid` = 28 LIMIT 1   [ RunTime:0.0000s ]
SQL: SELECT `pid` FROM `zp_zjform` WHERE `numid` = 28  [ RunTime:0.0000s ]
SQL: SELECT `ad_id` FROM `zp_adform` WHERE `numid` = 28  [ RunTime:0.0000s ]
SQL: SELECT * FROM `zp_application` WHERE `numid` = 27 LIMIT 1   [ RunTime:0.0000s ]
SQL: SELECT `pid` FROM `zp_zjform` WHERE `numid` = 27  [ RunTime:0.0000s ]
SQL: SELECT `ad_id` FROM `zp_adform` WHERE `numid` = 27  [ RunTime:0.0000s ]
SQL: SELECT * FROM `zp_application` WHERE `numid` = 26 LIMIT 1   [ RunTime:0.0000s ]
SQL: SELECT `pid` FROM `zp_zjform` WHERE `numid` = 26  [ RunTime:0.0000s ]
SQL: SELECT `ad_id` FROM `zp_adform` WHERE `numid` = 26  [ RunTime:0.0000s ]
SQL: SELECT * FROM `zp_application` WHERE `numid` = 25 LIMIT 1   [ RunTime:0.0000s ]
SQL: SELECT `pid` FROM `zp_zjform` WHERE `numid` = 25  [ RunTime:0.0000s ]
SQL: SELECT `ad_id` FROM `zp_adform` WHERE `numid` = 25  [ RunTime:0.0000s ]
SQL: SELECT * FROM `zp_application` WHERE `numid` = 24 LIMIT 1   [ RunTime:0.0000s ]
SQL: SELECT `pid` FROM `zp_zjform` WHERE `numid` = 24  [ RunTime:0.0000s ]
SQL: SELECT `ad_id` FROM `zp_adform` WHERE `numid` = 24  [ RunTime:0.0000s ]
SQL: SELECT * FROM `zp_application` WHERE `numid` = 23 LIMIT 1   [ RunTime:0.0000s ]
SQL: SELECT `pid` FROM `zp_zjform` WHERE `numid` = 23  [ RunTime:0.0000s ]
SQL: SELECT `ad_id` FROM `zp_adform` WHERE `numid` = 23  [ RunTime:0.0000s ]
SQL: SELECT * FROM `zp_application` WHERE `numid` = 22 LIMIT 1   [ RunTime:0.0000s ]
SQL: SELECT `pid` FROM `zp_zjform` WHERE `numid` = 22  [ RunTime:0.0000s ]
SQL: SELECT `ad_id` FROM `zp_adform` WHERE `numid` = 22  [ RunTime:0.0000s ]
SQL: SELECT * FROM `zp_application` WHERE `numid` = 21 LIMIT 1   [ RunTime:0.0000s ]
SQL: SELECT `pid` FROM `zp_zjform` WHERE `numid` = 21  [ RunTime:0.0156s ]
SQL: SELECT `ad_id` FROM `zp_adform` WHERE `numid` = 21  [ RunTime:0.0000s ]
SQL: SELECT * FROM `zp_application` WHERE `numid` = 20 LIMIT 1   [ RunTime:0.0000s ]
SQL: SELECT `pid` FROM `zp_zjform` WHERE `numid` = 20  [ RunTime:0.0000s ]
SQL: SELECT `ad_id` FROM `zp_adform` WHERE `numid` = 20  [ RunTime:0.0000s ]
SQL: SELECT * FROM `zp_application` WHERE `numid` = 19 LIMIT 1   [ RunTime:0.0000s ]
SQL: SELECT `pid` FROM `zp_zjform` WHERE `numid` = 19  [ RunTime:0.0000s ]
SQL: SELECT `ad_id` FROM `zp_adform` WHERE `numid` = 19  [ RunTime:0.0000s ]
NOTIC: [8] Undefined variable: trp1 C:\wamp\www\zhaopin\Application\Admin\Controller\XmanagerController.class.php 第 420 行.
NOTIC: [8] Undefined variable: trp2 C:\wamp\www\zhaopin\Application\Admin\Controller\XmanagerController.class.php 第 421 行.
INFO: [ view_parse ] --START--
INFO: [ template_filter ] --START--
INFO: Run Behavior\ContentReplaceBehavior [ RunTime:0.000000s ]
INFO: [ template_filter ] --END-- [ RunTime:0.000000s ]
NOTIC: [2] Invalid argument supplied for foreach() C:\wamp\www\zhaopin\Application\Runtime\Cache\Admin\27555b3bd8d147a9395ea9af1894cbd7.php 第 82 行.
NOTIC: [2] Invalid argument supplied for foreach() C:\wamp\www\zhaopin\Application\Runtime\Cache\Admin\27555b3bd8d147a9395ea9af1894cbd7.php 第 89 行.
NOTIC: [2] Invalid argument supplied for foreach() C:\wamp\www\zhaopin\Application\Runtime\Cache\Admin\27555b3bd8d147a9395ea9af1894cbd7.php 第 82 行.
NOTIC: [2] Invalid argument supplied for foreach() C:\wamp\www\zhaopin\Application\Runtime\Cache\Admin\27555b3bd8d147a9395ea9af1894cbd7.php 第 89 行.
NOTIC: [2] Invalid argument supplied for foreach() C:\wamp\www\zhaopin\Application\Runtime\Cache\Admin\27555b3bd8d147a9395ea9af1894cbd7.php 第 82 行.
NOTIC: [2] Invalid argument supplied for foreach() C:\wamp\www\zhaopin\Application\Runtime\Cache\Admin\27555b3bd8d147a9395ea9af1894cbd7.php 第 89 行.
NOTIC: [2] Invalid argument supplied for foreach() C:\wamp\www\zhaopin\Application\Runtime\Cache\Admin\27555b3bd8d147a9395ea9af1894cbd7.php 第 82 行.
NOTIC: [2] Invalid argument supplied for foreach() C:\wamp\www\zhaopin\Application\Runtime\Cache\Admin\27555b3bd8d147a9395ea9af1894cbd7.php 第 89 行.
NOTIC: [2] Invalid argument supplied for foreach() C:\wamp\www\zhaopin\Application\Runtime\Cache\Admin\27555b3bd8d147a9395ea9af1894cbd7.php 第 82 行.
NOTIC: [2] Invalid argument supplied for foreach() C:\wamp\www\zhaopin\Application\Runtime\Cache\Admin\27555b3bd8d147a9395ea9af1894cbd7.php 第 89 行.
NOTIC: [2] Invalid argument supplied for foreach() C:\wamp\www\zhaopin\Application\Runtime\Cache\Admin\27555b3bd8d147a9395ea9af1894cbd7.php 第 82 行.
NOTIC: [2] Invalid argument supplied for foreach() C:\wamp\www\zhaopin\Application\Runtime\Cache\Admin\27555b3bd8d147a9395ea9af1894cbd7.php 第 89 行.
NOTIC: [2] Invalid argument supplied for foreach() C:\wamp\www\zhaopin\Application\Runtime\Cache\Admin\27555b3bd8d147a9395ea9af1894cbd7.php 第 82 行.
NOTIC: [2] Invalid argument supplied for foreach() C:\wamp\www\zhaopin\Application\Runtime\Cache\Admin\27555b3bd8d147a9395ea9af1894cbd7.php 第 89 行.
NOTIC: [2] Invalid argument supplied for foreach() C:\wamp\www\zhaopin\Application\Runtime\Cache\Admin\27555b3bd8d147a9395ea9af1894cbd7.php 第 82 行.
NOTIC: [2] Invalid argument supplied for foreach() C:\wamp\www\zhaopin\Application\Runtime\Cache\Admin\27555b3bd8d147a9395ea9af1894cbd7.php 第 89 行.
NOTIC: [2] Invalid argument supplied for foreach() C:\wamp\www\zhaopin\Application\Runtime\Cache\Admin\27555b3bd8d147a9395ea9af1894cbd7.php 第 82 行.
NOTIC: [2] Invalid argument supplied for foreach() C:\wamp\www\zhaopin\Application\Runtime\Cache\Admin\27555b3bd8d147a9395ea9af1894cbd7.php 第 89 行.
NOTIC: [2] Invalid argument supplied for foreach() C:\wamp\www\zhaopin\Application\Runtime\Cache\Admin\27555b3bd8d147a9395ea9af1894cbd7.php 第 82 行.
NOTIC: [2] Invalid argument supplied for foreach() C:\wamp\www\zhaopin\Application\Runtime\Cache\Admin\27555b3bd8d147a9395ea9af1894cbd7.php 第 89 行.
INFO: Run Behavior\ParseTemplateBehavior [ RunTime:0.031250s ]
INFO: [ view_parse ] --END-- [ RunTime:0.031250s ]
INFO: [ view_filter ] --START--
INFO: Run Behavior\WriteHtmlCacheBehavior [ RunTime:0.000000s ]
INFO: [ view_filter ] --END-- [ RunTime:0.000000s ]
INFO: [ app_end ] --START--
INFO: Run Behavior\ShowPageTraceBehavior [ RunTime:0.000000s ]
INFO: [ app_end ] --END-- [ RunTime:0.000000s ]

[ 2017-02-07T09:50:56+08:00 ] 122.205.70.13 /index.php/Admin/Xmanager/hl?numid=25&aid=26
INFO: [ app_init ] --START--
INFO: Run Behavior\BuildLiteBehavior [ RunTime:0.000000s ]
INFO: [ app_init ] --END-- [ RunTime:0.000000s ]
INFO: [ app_begin ] --START--
INFO: Run Behavior\ReadHtmlCacheBehavior [ RunTime:0.000000s ]
INFO: [ app_begin ] --END-- [ RunTime:0.000000s ]
SQL: SHOW COLUMNS FROM `zp_administrator` [ RunTime:0.0000s ]
SQL: SELECT * FROM `zp_administrator` WHERE `user` = '55' AND `grant` = 1 LIMIT 1   [ RunTime:0.0000s ]
SQL: SHOW COLUMNS FROM `zp_application` [ RunTime:0.0156s ]
SQL: SHOW COLUMNS FROM `zp_education_experience` [ RunTime:0.0000s ]
SQL: SHOW COLUMNS FROM `zp_work_experience` [ RunTime:0.0000s ]
SQL: SELECT * FROM `zp_application` WHERE `numid` = 25 LIMIT 1   [ RunTime:0.0000s ]
SQL: SELECT * FROM `zp_education_experience` WHERE `aid` = 26  [ RunTime:0.0000s ]
SQL: SELECT * FROM `zp_work_experience` WHERE `aid` = 26  [ RunTime:0.0000s ]
INFO: [ view_parse ] --START--
INFO: [ template_filter ] --START--
INFO: Run Behavior\ContentReplaceBehavior [ RunTime:0.000000s ]
INFO: [ template_filter ] --END-- [ RunTime:0.000000s ]
INFO: Run Behavior\ParseTemplateBehavior [ RunTime:0.031250s ]
INFO: [ view_parse ] --END-- [ RunTime:0.031250s ]
INFO: [ view_filter ] --START--
INFO: Run Behavior\WriteHtmlCacheBehavior [ RunTime:0.000000s ]
INFO: [ view_filter ] --END-- [ RunTime:0.000000s ]
INFO: [ app_end ] --START--
INFO: Run Behavior\ShowPageTraceBehavior [ RunTime:0.000000s ]
INFO: [ app_end ] --END-- [ RunTime:0.000000s ]

[ 2017-02-07T09:50:59+08:00 ] 122.205.70.13 /index.php/Admin/Xmanager/test?filename=5898f214d59f8.doc&username=%E6%9B%BE%E5%BF%97%E5%87%AF
INFO: [ app_init ] --START--
INFO: Run Behavior\BuildLiteBehavior [ RunTime:0.000000s ]
INFO: [ app_init ] --END-- [ RunTime:0.000000s ]
INFO: [ app_begin ] --START--
INFO: Run Behavior\ReadHtmlCacheBehavior [ RunTime:0.000000s ]
INFO: [ app_begin ] --END-- [ RunTime:0.000000s ]
SQL: SHOW COLUMNS FROM `zp_administrator` [ RunTime:0.0156s ]
SQL: SELECT * FROM `zp_administrator` WHERE `user` = '55' AND `grant` = 1 LIMIT 1   [ RunTime:0.0000s ]

[ 2017-02-07T09:51:51+08:00 ] 122.205.70.13 /index.php/Admin/Xmanager/hl?numid=24&aid=25
INFO: [ app_init ] --START--
INFO: Run Behavior\BuildLiteBehavior [ RunTime:0.000000s ]
INFO: [ app_init ] --END-- [ RunTime:0.000000s ]
INFO: [ app_begin ] --START--
INFO: Run Behavior\ReadHtmlCacheBehavior [ RunTime:0.000000s ]
INFO: [ app_begin ] --END-- [ RunTime:0.015625s ]
SQL: SHOW COLUMNS FROM `zp_administrator` [ RunTime:0.0000s ]
SQL: SELECT * FROM `zp_administrator` WHERE `user` = '55' AND `grant` = 1 LIMIT 1   [ RunTime:0.0000s ]
SQL: SHOW COLUMNS FROM `zp_application` [ RunTime:0.0156s ]
SQL: SHOW COLUMNS FROM `zp_education_experience` [ RunTime:0.0000s ]
SQL: SHOW COLUMNS FROM `zp_work_experience` [ RunTime:0.0000s ]
SQL: SELECT * FROM `zp_application` WHERE `numid` = 24 LIMIT 1   [ RunTime:0.0000s ]
SQL: SELECT * FROM `zp_education_experience` WHERE `aid` = 25  [ RunTime:0.0000s ]
SQL: SELECT * FROM `zp_work_experience` WHERE `aid` = 25  [ RunTime:0.0000s ]
INFO: [ view_parse ] --START--
INFO: [ template_filter ] --START--
INFO: Run Behavior\ContentReplaceBehavior [ RunTime:0.000000s ]
INFO: [ template_filter ] --END-- [ RunTime:0.000000s ]
INFO: Run Behavior\ParseTemplateBehavior [ RunTime:0.031250s ]
INFO: [ view_parse ] --END-- [ RunTime:0.031250s ]
INFO: [ view_filter ] --START--
INFO: Run Behavior\WriteHtmlCacheBehavior [ RunTime:0.000000s ]
INFO: [ view_filter ] --END-- [ RunTime:0.000000s ]
INFO: [ app_end ] --START--
INFO: Run Behavior\ShowPageTraceBehavior [ RunTime:0.000000s ]
INFO: [ app_end ] --END-- [ RunTime:0.000000s ]

[ 2017-02-07T09:52:11+08:00 ] 122.205.70.13 /index.php/Admin/Xmanager/test?filename=588756c13567e.pdf&username=%E6%9D%8E%E5%81%A5%E7%BB%B4
INFO: [ app_init ] --START--
INFO: Run Behavior\BuildLiteBehavior [ RunTime:0.000000s ]
INFO: [ app_init ] --END-- [ RunTime:0.000000s ]
INFO: [ app_begin ] --START--
INFO: Run Behavior\ReadHtmlCacheBehavior [ RunTime:0.000000s ]
INFO: [ app_begin ] --END-- [ RunTime:0.000000s ]
SQL: SHOW COLUMNS FROM `zp_administrator` [ RunTime:0.0000s ]
SQL: SELECT * FROM `zp_administrator` WHERE `user` = '55' AND `grant` = 1 LIMIT 1   [ RunTime:0.0000s ]

[ 2017-02-07T09:53:10+08:00 ] 122.205.70.13 /index.php/Admin/Xmanager/hl?numid=23&aid=24
INFO: [ app_init ] --START--
INFO: Run Behavior\BuildLiteBehavior [ RunTime:0.015625s ]
INFO: [ app_init ] --END-- [ RunTime:0.015625s ]
INFO: [ app_begin ] --START--
INFO: Run Behavior\ReadHtmlCacheBehavior [ RunTime:0.000000s ]
INFO: [ app_begin ] --END-- [ RunTime:0.000000s ]
SQL: SHOW COLUMNS FROM `zp_administrator` [ RunTime:0.0156s ]
SQL: SELECT * FROM `zp_administrator` WHERE `user` = '55' AND `grant` = 1 LIMIT 1   [ RunTime:0.0000s ]
SQL: SHOW COLUMNS FROM `zp_application` [ RunTime:0.0000s ]
SQL: SHOW COLUMNS FROM `zp_education_experience` [ RunTime:0.0000s ]
SQL: SHOW COLUMNS FROM `zp_work_experience` [ RunTime:0.0000s ]
SQL: SELECT * FROM `zp_application` WHERE `numid` = 23 LIMIT 1   [ RunTime:0.0000s ]
SQL: SELECT * FROM `zp_education_experience` WHERE `aid` = 24  [ RunTime:0.0000s ]
SQL: SELECT * FROM `zp_work_experience` WHERE `aid` = 24  [ RunTime:0.0000s ]
NOTIC: [8] Undefined variable: str4 C:\wamp\www\zhaopin\Application\Admin\Controller\XmanagerController.class.php 第 231 行.
NOTIC: [8] Undefined variable: str5 C:\wamp\www\zhaopin\Application\Admin\Controller\XmanagerController.class.php 第 238 行.
INFO: [ view_parse ] --START--
INFO: [ template_filter ] --START--
INFO: Run Behavior\ContentReplaceBehavior [ RunTime:0.000000s ]
INFO: [ template_filter ] --END-- [ RunTime:0.000000s ]
INFO: Run Behavior\ParseTemplateBehavior [ RunTime:0.015625s ]
INFO: [ view_parse ] --END-- [ RunTime:0.015625s ]
INFO: [ view_filter ] --START--
INFO: Run Behavior\WriteHtmlCacheBehavior [ RunTime:0.015625s ]
INFO: [ view_filter ] --END-- [ RunTime:0.015625s ]
INFO: [ app_end ] --START--
INFO: Run Behavior\ShowPageTraceBehavior [ RunTime:0.000000s ]
INFO: [ app_end ] --END-- [ RunTime:0.000000s ]

[ 2017-02-07T09:53:23+08:00 ] 122.205.70.13 /index.php/Admin/Xmanager/hl?numid=21&aid=22
INFO: [ app_init ] --START--
INFO: Run Behavior\BuildLiteBehavior [ RunTime:0.000000s ]
INFO: [ app_init ] --END-- [ RunTime:0.000000s ]
INFO: [ app_begin ] --START--
INFO: Run Behavior\ReadHtmlCacheBehavior [ RunTime:0.000000s ]
INFO: [ app_begin ] --END-- [ RunTime:0.000000s ]
SQL: SHOW COLUMNS FROM `zp_administrator` [ RunTime:0.0000s ]
SQL: SELECT * FROM `zp_administrator` WHERE `user` = '55' AND `grant` = 1 LIMIT 1   [ RunTime:0.0000s ]
SQL: SHOW COLUMNS FROM `zp_application` [ RunTime:0.0000s ]
SQL: SHOW COLUMNS FROM `zp_education_experience` [ RunTime:0.0000s ]
SQL: SHOW COLUMNS FROM `zp_work_experience` [ RunTime:0.0000s ]
SQL: SELECT * FROM `zp_application` WHERE `numid` = 21 LIMIT 1   [ RunTime:0.0000s ]
SQL: SELECT * FROM `zp_education_experience` WHERE `aid` = 22  [ RunTime:0.0000s ]
SQL: SELECT * FROM `zp_work_experience` WHERE `aid` = 22  [ RunTime:0.0000s ]
NOTIC: [8] Undefined variable: str4 C:\wamp\www\zhaopin\Application\Admin\Controller\XmanagerController.class.php 第 231 行.
NOTIC: [8] Undefined variable: str5 C:\wamp\www\zhaopin\Application\Admin\Controller\XmanagerController.class.php 第 238 行.
INFO: [ view_parse ] --START--
INFO: [ template_filter ] --START--
INFO: Run Behavior\ContentReplaceBehavior [ RunTime:0.000000s ]
INFO: [ template_filter ] --END-- [ RunTime:0.000000s ]
INFO: Run Behavior\ParseTemplateBehavior [ RunTime:0.031250s ]
INFO: [ view_parse ] --END-- [ RunTime:0.031250s ]
INFO: [ view_filter ] --START--
INFO: Run Behavior\WriteHtmlCacheBehavior [ RunTime:0.000000s ]
INFO: [ view_filter ] --END-- [ RunTime:0.000000s ]
INFO: [ app_end ] --START--
INFO: Run Behavior\ShowPageTraceBehavior [ RunTime:0.000000s ]
INFO: [ app_end ] --END-- [ RunTime:0.000000s ]

[ 2017-02-07T09:53:38+08:00 ] 122.205.70.13 /index.php/Admin/Xmanager/hl?numid=23&aid=24
INFO: [ app_init ] --START--
INFO: Run Behavior\BuildLiteBehavior [ RunTime:0.000000s ]
INFO: [ app_init ] --END-- [ RunTime:0.000000s ]
INFO: [ app_begin ] --START--
INFO: Run Behavior\ReadHtmlCacheBehavior [ RunTime:0.000000s ]
INFO: [ app_begin ] --END-- [ RunTime:0.000000s ]
SQL: SHOW COLUMNS FROM `zp_administrator` [ RunTime:0.0156s ]
SQL: SELECT * FROM `zp_administrator` WHERE `user` = '55' AND `grant` = 1 LIMIT 1   [ RunTime:0.0000s ]
SQL: SHOW COLUMNS FROM `zp_application` [ RunTime:0.0000s ]
SQL: SHOW COLUMNS FROM `zp_education_experience` [ RunTime:0.0000s ]
SQL: SHOW COLUMNS FROM `zp_work_experience` [ RunTime:0.0000s ]
SQL: SELECT * FROM `zp_application` WHERE `numid` = 23 LIMIT 1   [ RunTime:0.0000s ]
SQL: SELECT * FROM `zp_education_experience` WHERE `aid` = 24  [ RunTime:0.0156s ]
SQL: SELECT * FROM `zp_work_experience` WHERE `aid` = 24  [ RunTime:0.0000s ]
NOTIC: [8] Undefined variable: str4 C:\wamp\www\zhaopin\Application\Admin\Controller\XmanagerController.class.php 第 231 行.
NOTIC: [8] Undefined variable: str5 C:\wamp\www\zhaopin\Application\Admin\Controller\XmanagerController.class.php 第 238 行.
INFO: [ view_parse ] --START--
INFO: [ template_filter ] --START--
INFO: Run Behavior\ContentReplaceBehavior [ RunTime:0.000000s ]
INFO: [ template_filter ] --END-- [ RunTime:0.000000s ]
INFO: Run Behavior\ParseTemplateBehavior [ RunTime:0.015625s ]
INFO: [ view_parse ] --END-- [ RunTime:0.015625s ]
INFO: [ view_filter ] --START--
INFO: Run Behavior\WriteHtmlCacheBehavior [ RunTime:0.000000s ]
INFO: [ view_filter ] --END-- [ RunTime:0.000000s ]
INFO: [ app_end ] --START--
INFO: Run Behavior\ShowPageTraceBehavior [ RunTime:0.015625s ]
INFO: [ app_end ] --END-- [ RunTime:0.015625s ]

[ 2017-02-07T09:53:44+08:00 ] 122.205.70.13 /index.php/Admin/Xmanager/hl?numid=20&aid=21
INFO: [ app_init ] --START--
INFO: Run Behavior\BuildLiteBehavior [ RunTime:0.000000s ]
INFO: [ app_init ] --END-- [ RunTime:0.000000s ]
INFO: [ app_begin ] --START--
INFO: Run Behavior\ReadHtmlCacheBehavior [ RunTime:0.015625s ]
INFO: [ app_begin ] --END-- [ RunTime:0.015625s ]
SQL: SHOW COLUMNS FROM `zp_administrator` [ RunTime:0.0000s ]
SQL: SELECT * FROM `zp_administrator` WHERE `user` = '55' AND `grant` = 1 LIMIT 1   [ RunTime:0.0000s ]
SQL: SHOW COLUMNS FROM `zp_application` [ RunTime:0.0000s ]
SQL: SHOW COLUMNS FROM `zp_education_experience` [ RunTime:0.0000s ]
SQL: SHOW COLUMNS FROM `zp_work_experience` [ RunTime:0.0000s ]
SQL: SELECT * FROM `zp_application` WHERE `numid` = 20 LIMIT 1   [ RunTime:0.0000s ]
SQL: SELECT * FROM `zp_education_experience` WHERE `aid` = 21  [ RunTime:0.0000s ]
SQL: SELECT * FROM `zp_work_experience` WHERE `aid` = 21  [ RunTime:0.0000s ]
INFO: [ view_parse ] --START--
INFO: [ template_filter ] --START--
INFO: Run Behavior\ContentReplaceBehavior [ RunTime:0.000000s ]
INFO: [ template_filter ] --END-- [ RunTime:0.000000s ]
INFO: Run Behavior\ParseTemplateBehavior [ RunTime:0.031250s ]
INFO: [ view_parse ] --END-- [ RunTime:0.031250s ]
INFO: [ view_filter ] --START--
INFO: Run Behavior\WriteHtmlCacheBehavior [ RunTime:0.000000s ]
INFO: [ view_filter ] --END-- [ RunTime:0.000000s ]
INFO: [ app_end ] --START--
INFO: Run Behavior\ShowPageTraceBehavior [ RunTime:0.000000s ]
INFO: [ app_end ] --END-- [ RunTime:0.000000s ]

[ 2017-02-07T09:54:06+08:00 ] 122.205.70.13 /index.php/Admin/Xmanager/hl?numid=19&aid=20
INFO: [ app_init ] --START--
INFO: Run Behavior\BuildLiteBehavior [ RunTime:0.000000s ]
INFO: [ app_init ] --END-- [ RunTime:0.000000s ]
INFO: [ app_begin ] --START--
INFO: Run Behavior\ReadHtmlCacheBehavior [ RunTime:0.000000s ]
INFO: [ app_begin ] --END-- [ RunTime:0.000000s ]
SQL: SHOW COLUMNS FROM `zp_administrator` [ RunTime:0.0000s ]
SQL: SELECT * FROM `zp_administrator` WHERE `user` = '55' AND `grant` = 1 LIMIT 1   [ RunTime:0.0000s ]
SQL: SHOW COLUMNS FROM `zp_application` [ RunTime:0.0000s ]
SQL: SHOW COLUMNS FROM `zp_education_experience` [ RunTime:0.0000s ]
SQL: SHOW COLUMNS FROM `zp_work_experience` [ RunTime:0.0156s ]
SQL: SELECT * FROM `zp_application` WHERE `numid` = 19 LIMIT 1   [ RunTime:0.0000s ]
SQL: SELECT * FROM `zp_education_experience` WHERE `aid` = 20  [ RunTime:0.0000s ]
SQL: SELECT * FROM `zp_work_experience` WHERE `aid` = 20  [ RunTime:0.0000s ]
NOTIC: [8] Undefined variable: str4 C:\wamp\www\zhaopin\Application\Admin\Controller\XmanagerController.class.php 第 231 行.
NOTIC: [8] Undefined variable: str5 C:\wamp\www\zhaopin\Application\Admin\Controller\XmanagerController.class.php 第 238 行.
INFO: [ view_parse ] --START--
INFO: [ template_filter ] --START--
INFO: Run Behavior\ContentReplaceBehavior [ RunTime:0.000000s ]
INFO: [ template_filter ] --END-- [ RunTime:0.000000s ]
INFO: Run Behavior\ParseTemplateBehavior [ RunTime:0.031250s ]
INFO: [ view_parse ] --END-- [ RunTime:0.031250s ]
INFO: [ view_filter ] --START--
INFO: Run Behavior\WriteHtmlCacheBehavior [ RunTime:0.000000s ]
INFO: [ view_filter ] --END-- [ RunTime:0.000000s ]
INFO: [ app_end ] --START--
INFO: Run Behavior\ShowPageTraceBehavior [ RunTime:0.000000s ]
INFO: [ app_end ] --END-- [ RunTime:0.000000s ]

[ 2017-02-07T09:54:16+08:00 ] 122.205.70.13 /index.php/admin/Login/login
INFO: [ app_init ] --START--
INFO: Run Behavior\BuildLiteBehavior [ RunTime:0.000000s ]
INFO: [ app_init ] --END-- [ RunTime:0.000000s ]
INFO: [ app_begin ] --START--
INFO: Run Behavior\ReadHtmlCacheBehavior [ RunTime:0.015625s ]
INFO: [ app_begin ] --END-- [ RunTime:0.015625s ]
INFO: [ view_parse ] --START--
INFO: [ template_filter ] --START--
INFO: Run Behavior\ContentReplaceBehavior [ RunTime:0.000000s ]
INFO: [ template_filter ] --END-- [ RunTime:0.000000s ]
INFO: Run Behavior\ParseTemplateBehavior [ RunTime:0.000000s ]
INFO: [ view_parse ] --END-- [ RunTime:0.000000s ]
INFO: [ view_filter ] --START--
INFO: Run Behavior\WriteHtmlCacheBehavior [ RunTime:0.000000s ]
INFO: [ view_filter ] --END-- [ RunTime:0.000000s ]
INFO: [ app_end ] --START--
INFO: Run Behavior\ShowPageTraceBehavior [ RunTime:0.015625s ]
INFO: [ app_end ] --END-- [ RunTime:0.015625s ]

