[ 2017-02-09T15:49:36+08:00 ] 180.163.2.88 /index.php/Admin/Login/login
INFO: [ app_init ] --START--
INFO: Run Behavior\BuildLiteBehavior [ RunTime:0.000000s ]
INFO: [ app_init ] --END-- [ RunTime:0.000000s ]
INFO: [ app_begin ] --START--
INFO: Run Behavior\ReadHtmlCacheBehavior [ RunTime:0.015625s ]
INFO: [ app_begin ] --END-- [ RunTime:0.015625s ]
INFO: [ view_parse ] --START--
INFO: [ template_filter ] --START--
INFO: Run Behavior\ContentReplaceBehavior [ RunTime:0.000000s ]
INFO: [ template_filter ] --END-- [ RunTime:0.000000s ]
INFO: Run Behavior\ParseTemplateBehavior [ RunTime:0.015625s ]
INFO: [ view_parse ] --END-- [ RunTime:0.015625s ]
INFO: [ view_filter ] --START--
INFO: Run Behavior\WriteHtmlCacheBehavior [ RunTime:0.000000s ]
INFO: [ view_filter ] --END-- [ RunTime:0.000000s ]
INFO: [ app_end ] --START--
INFO: Run Behavior\ShowPageTraceBehavior [ RunTime:0.000000s ]
INFO: [ app_end ] --END-- [ RunTime:0.000000s ]

[ 2017-02-09T15:49:36+08:00 ] 101.226.99.197 /index.php/Admin/Login/Sm_login.html
INFO: [ app_init ] --START--
INFO: Run Behavior\BuildLiteBehavior [ RunTime:0.000000s ]
INFO: [ app_init ] --END-- [ RunTime:0.000000s ]
INFO: [ app_begin ] --START--
INFO: Run Behavior\ReadHtmlCacheBehavior [ RunTime:0.000000s ]
INFO: [ app_begin ] --END-- [ RunTime:0.000000s ]
INFO: [ view_parse ] --START--
INFO: [ template_filter ] --START--
INFO: Run Behavior\ContentReplaceBehavior [ RunTime:0.000000s ]
INFO: [ template_filter ] --END-- [ RunTime:0.000000s ]
INFO: Run Behavior\ParseTemplateBehavior [ RunTime:0.000000s ]
INFO: [ view_parse ] --END-- [ RunTime:0.000000s ]
INFO: [ view_filter ] --START--
INFO: Run Behavior\WriteHtmlCacheBehavior [ RunTime:0.015625s ]
INFO: [ view_filter ] --END-- [ RunTime:0.015625s ]
INFO: [ app_end ] --START--
INFO: Run Behavior\ShowPageTraceBehavior [ RunTime:0.000000s ]
INFO: [ app_end ] --END-- [ RunTime:0.000000s ]

[ 2017-02-09T15:49:38+08:00 ] 101.226.89.122 /index.php/Admin/Login/login
INFO: [ app_init ] --START--
INFO: Run Behavior\BuildLiteBehavior [ RunTime:0.000000s ]
INFO: [ app_init ] --END-- [ RunTime:0.000000s ]
INFO: [ app_begin ] --START--
INFO: Run Behavior\ReadHtmlCacheBehavior [ RunTime:0.000000s ]
INFO: [ app_begin ] --END-- [ RunTime:0.000000s ]
INFO: [ view_parse ] --START--
INFO: [ template_filter ] --START--
INFO: Run Behavior\ContentReplaceBehavior [ RunTime:0.000000s ]
INFO: [ template_filter ] --END-- [ RunTime:0.000000s ]
INFO: Run Behavior\ParseTemplateBehavior [ RunTime:0.000000s ]
INFO: [ view_parse ] --END-- [ RunTime:0.000000s ]
INFO: [ view_filter ] --START--
INFO: Run Behavior\WriteHtmlCacheBehavior [ RunTime:0.000000s ]
INFO: [ view_filter ] --END-- [ RunTime:0.000000s ]
INFO: [ app_end ] --START--
INFO: Run Behavior\ShowPageTraceBehavior [ RunTime:0.015625s ]
INFO: [ app_end ] --END-- [ RunTime:0.015625s ]

[ 2017-02-09T15:52:26+08:00 ] 122.205.66.51 /index.php/Admin/Login/login
INFO: [ app_init ] --START--
INFO: Run Behavior\BuildLiteBehavior [ RunTime:0.000000s ]
INFO: [ app_init ] --END-- [ RunTime:0.000000s ]
INFO: [ app_begin ] --START--
INFO: Run Behavior\ReadHtmlCacheBehavior [ RunTime:0.000000s ]
INFO: [ app_begin ] --END-- [ RunTime:0.000000s ]
INFO: [ view_parse ] --START--
INFO: [ template_filter ] --START--
INFO: Run Behavior\ContentReplaceBehavior [ RunTime:0.000000s ]
INFO: [ template_filter ] --END-- [ RunTime:0.000000s ]
INFO: Run Behavior\ParseTemplateBehavior [ RunTime:0.000000s ]
INFO: [ view_parse ] --END-- [ RunTime:0.015625s ]
INFO: [ view_filter ] --START--
INFO: Run Behavior\WriteHtmlCacheBehavior [ RunTime:0.000000s ]
INFO: [ view_filter ] --END-- [ RunTime:0.000000s ]
INFO: [ app_end ] --START--
INFO: Run Behavior\ShowPageTraceBehavior [ RunTime:0.000000s ]
INFO: [ app_end ] --END-- [ RunTime:0.000000s ]

[ 2017-02-09T15:52:34+08:00 ] 122.205.66.51 /index.php/Admin/Login/do_login
INFO: [ app_init ] --START--
INFO: Run Behavior\BuildLiteBehavior [ RunTime:0.000000s ]
INFO: [ app_init ] --END-- [ RunTime:0.000000s ]
INFO: [ app_begin ] --START--
INFO: Run Behavior\ReadHtmlCacheBehavior [ RunTime:0.000000s ]
INFO: [ app_begin ] --END-- [ RunTime:0.000000s ]
SQL: SHOW COLUMNS FROM `zp_administrator` [ RunTime:0.0000s ]
SQL: SELECT * FROM `zp_administrator` WHERE `user` = '55' AND `password` = '55' LIMIT 1   [ RunTime:0.0000s ]

[ 2017-02-09T15:52:34+08:00 ] 122.205.66.51 /index.php/Admin/Xmanager/index.html
INFO: [ app_init ] --START--
INFO: Run Behavior\BuildLiteBehavior [ RunTime:0.000000s ]
INFO: [ app_init ] --END-- [ RunTime:0.000000s ]
INFO: [ app_begin ] --START--
INFO: Run Behavior\ReadHtmlCacheBehavior [ RunTime:0.000000s ]
INFO: [ app_begin ] --END-- [ RunTime:0.000000s ]
SQL: SHOW COLUMNS FROM `zp_administrator` [ RunTime:0.0000s ]
SQL: SELECT * FROM `zp_administrator` WHERE `user` = '55' AND `grant` = 1 LIMIT 1   [ RunTime:0.0000s ]
SQL: SHOW COLUMNS FROM `zp_proform` [ RunTime:0.0156s ]
SQL: SHOW COLUMNS FROM `zp_application` [ RunTime:0.0000s ]
SQL: SHOW COLUMNS FROM `zp_professior` [ RunTime:0.0000s ]
SQL: SELECT DISTINCT  `numid` FROM `zp_proform`  [ RunTime:0.0000s ]
SQL: SELECT * FROM `zp_administrator` WHERE `grant` = 2  [ RunTime:0.0000s ]
SQL: SELECT * FROM `zp_professior` WHERE `grant` = 2  [ RunTime:0.0000s ]
NOTIC: [8] Undefined variable: hk C:\wamp\www\zhaopin\Application\Admin\Controller\XmanagerController.class.php 第 62 行.
NOTIC: [8] Undefined variable: klp C:\wamp\www\zhaopin\Application\Admin\Controller\XmanagerController.class.php 第 63 行.
NOTIC: [8] Undefined variable: tr C:\wamp\www\zhaopin\Application\Admin\Controller\XmanagerController.class.php 第 64 行.
INFO: [ view_parse ] --START--
INFO: [ template_filter ] --START--
INFO: Run Behavior\ContentReplaceBehavior [ RunTime:0.000000s ]
INFO: [ template_filter ] --END-- [ RunTime:0.000000s ]
NOTIC: [8] Undefined variable: page C:\wamp\www\zhaopin\Application\Runtime\Cache\Admin\160404f9ccfe64e795931bd711cc3bbe.php 第 160 行.
INFO: Run Behavior\ParseTemplateBehavior [ RunTime:0.031250s ]
INFO: [ view_parse ] --END-- [ RunTime:0.031250s ]
INFO: [ view_filter ] --START--
INFO: Run Behavior\WriteHtmlCacheBehavior [ RunTime:0.000000s ]
INFO: [ view_filter ] --END-- [ RunTime:0.000000s ]
INFO: [ app_end ] --START--
INFO: Run Behavior\ShowPageTraceBehavior [ RunTime:0.000000s ]
INFO: [ app_end ] --END-- [ RunTime:0.000000s ]

[ 2017-02-09T15:52:42+08:00 ] 122.205.66.51 /index.php/admin/Xmanager/index.html
INFO: [ app_init ] --START--
INFO: Run Behavior\BuildLiteBehavior [ RunTime:0.000000s ]
INFO: [ app_init ] --END-- [ RunTime:0.000000s ]
INFO: [ app_begin ] --START--
INFO: Run Behavior\ReadHtmlCacheBehavior [ RunTime:0.015625s ]
INFO: [ app_begin ] --END-- [ RunTime:0.015625s ]
SQL: SHOW COLUMNS FROM `zp_administrator` [ RunTime:0.0000s ]
SQL: SELECT * FROM `zp_administrator` WHERE `user` = '55' AND `grant` = 1 LIMIT 1   [ RunTime:0.0000s ]
SQL: SHOW COLUMNS FROM `zp_proform` [ RunTime:0.0000s ]
SQL: SHOW COLUMNS FROM `zp_application` [ RunTime:0.0000s ]
SQL: SHOW COLUMNS FROM `zp_professior` [ RunTime:0.0000s ]
SQL: SELECT DISTINCT  `numid` FROM `zp_proform`  [ RunTime:0.0000s ]
SQL: SELECT * FROM `zp_administrator` WHERE `grant` = 2  [ RunTime:0.0000s ]
SQL: SELECT * FROM `zp_professior` WHERE `grant` = 2  [ RunTime:0.0000s ]
NOTIC: [8] Undefined variable: hk C:\wamp\www\zhaopin\Application\Admin\Controller\XmanagerController.class.php 第 62 行.
NOTIC: [8] Undefined variable: klp C:\wamp\www\zhaopin\Application\Admin\Controller\XmanagerController.class.php 第 63 行.
NOTIC: [8] Undefined variable: tr C:\wamp\www\zhaopin\Application\Admin\Controller\XmanagerController.class.php 第 64 行.
INFO: [ view_parse ] --START--
INFO: [ template_filter ] --START--
INFO: Run Behavior\ContentReplaceBehavior [ RunTime:0.000000s ]
INFO: [ template_filter ] --END-- [ RunTime:0.000000s ]
NOTIC: [8] Undefined variable: page C:\wamp\www\zhaopin\Application\Runtime\Cache\Admin\160404f9ccfe64e795931bd711cc3bbe.php 第 160 行.
INFO: Run Behavior\ParseTemplateBehavior [ RunTime:0.031250s ]
INFO: [ view_parse ] --END-- [ RunTime:0.031250s ]
INFO: [ view_filter ] --START--
INFO: Run Behavior\WriteHtmlCacheBehavior [ RunTime:0.000000s ]
INFO: [ view_filter ] --END-- [ RunTime:0.000000s ]
INFO: [ app_end ] --START--
INFO: Run Behavior\ShowPageTraceBehavior [ RunTime:0.000000s ]
INFO: [ app_end ] --END-- [ RunTime:0.000000s ]

[ 2017-02-09T15:52:43+08:00 ] 122.205.66.51 /index.php/admin/Xmanager/handout.html
INFO: [ app_init ] --START--
INFO: Run Behavior\BuildLiteBehavior [ RunTime:0.000000s ]
INFO: [ app_init ] --END-- [ RunTime:0.000000s ]
INFO: [ app_begin ] --START--
INFO: Run Behavior\ReadHtmlCacheBehavior [ RunTime:0.000000s ]
INFO: [ app_begin ] --END-- [ RunTime:0.000000s ]
SQL: SHOW COLUMNS FROM `zp_administrator` [ RunTime:0.0156s ]
SQL: SELECT * FROM `zp_administrator` WHERE `user` = '55' AND `grant` = 1 LIMIT 1   [ RunTime:0.0000s ]
SQL: SHOW COLUMNS FROM `zp_professior` [ RunTime:0.0000s ]
SQL: SELECT * FROM `zp_administrator` WHERE `grant` = 2  [ RunTime:0.0000s ]
SQL: SELECT * FROM `zp_professior` WHERE `grant` = 2  [ RunTime:0.0000s ]
SQL: SHOW COLUMNS FROM `zp_application` [ RunTime:0.0000s ]
SQL: SELECT `numid` FROM `zp_application` ORDER BY numid desc  [ RunTime:0.0000s ]
SQL: SHOW COLUMNS FROM `zp_adform` [ RunTime:0.0000s ]
SQL: SHOW COLUMNS FROM `zp_zjform` [ RunTime:0.0000s ]
SQL: SELECT * FROM `zp_application` WHERE `numid` = 28 LIMIT 1   [ RunTime:0.0000s ]
SQL: SELECT `pid` FROM `zp_zjform` WHERE `numid` = 28  [ RunTime:0.0000s ]
SQL: SELECT `ad_id` FROM `zp_adform` WHERE `numid` = 28  [ RunTime:0.0000s ]
SQL: SELECT * FROM `zp_application` WHERE `numid` = 27 LIMIT 1   [ RunTime:0.0000s ]
SQL: SELECT `pid` FROM `zp_zjform` WHERE `numid` = 27  [ RunTime:0.0000s ]
SQL: SELECT `ad_id` FROM `zp_adform` WHERE `numid` = 27  [ RunTime:0.0000s ]
SQL: SELECT * FROM `zp_application` WHERE `numid` = 26 LIMIT 1   [ RunTime:0.0000s ]
SQL: SELECT `pid` FROM `zp_zjform` WHERE `numid` = 26  [ RunTime:0.0000s ]
SQL: SELECT `ad_id` FROM `zp_adform` WHERE `numid` = 26  [ RunTime:0.0000s ]
SQL: SELECT * FROM `zp_application` WHERE `numid` = 25 LIMIT 1   [ RunTime:0.0000s ]
SQL: SELECT `pid` FROM `zp_zjform` WHERE `numid` = 25  [ RunTime:0.0000s ]
SQL: SELECT `ad_id` FROM `zp_adform` WHERE `numid` = 25  [ RunTime:0.0000s ]
SQL: SELECT * FROM `zp_application` WHERE `numid` = 24 LIMIT 1   [ RunTime:0.0000s ]
SQL: SELECT `pid` FROM `zp_zjform` WHERE `numid` = 24  [ RunTime:0.0000s ]
SQL: SELECT `ad_id` FROM `zp_adform` WHERE `numid` = 24  [ RunTime:0.0000s ]
SQL: SELECT * FROM `zp_application` WHERE `numid` = 23 LIMIT 1   [ RunTime:0.0000s ]
SQL: SELECT `pid` FROM `zp_zjform` WHERE `numid` = 23  [ RunTime:0.0000s ]
SQL: SELECT `ad_id` FROM `zp_adform` WHERE `numid` = 23  [ RunTime:0.0000s ]
SQL: SELECT * FROM `zp_application` WHERE `numid` = 22 LIMIT 1   [ RunTime:0.0000s ]
SQL: SELECT `pid` FROM `zp_zjform` WHERE `numid` = 22  [ RunTime:0.0000s ]
SQL: SELECT `ad_id` FROM `zp_adform` WHERE `numid` = 22  [ RunTime:0.0000s ]
SQL: SELECT * FROM `zp_application` WHERE `numid` = 21 LIMIT 1   [ RunTime:0.0000s ]
SQL: SELECT `pid` FROM `zp_zjform` WHERE `numid` = 21  [ RunTime:0.0000s ]
SQL: SELECT `ad_id` FROM `zp_adform` WHERE `numid` = 21  [ RunTime:0.0000s ]
SQL: SELECT * FROM `zp_application` WHERE `numid` = 20 LIMIT 1   [ RunTime:0.0000s ]
SQL: SELECT `pid` FROM `zp_zjform` WHERE `numid` = 20  [ RunTime:0.0000s ]
SQL: SELECT `ad_id` FROM `zp_adform` WHERE `numid` = 20  [ RunTime:0.0000s ]
SQL: SELECT * FROM `zp_application` WHERE `numid` = 19 LIMIT 1   [ RunTime:0.0156s ]
SQL: SELECT `pid` FROM `zp_zjform` WHERE `numid` = 19  [ RunTime:0.0000s ]
SQL: SELECT `ad_id` FROM `zp_adform` WHERE `numid` = 19  [ RunTime:0.0000s ]
NOTIC: [8] Undefined variable: trp1 C:\wamp\www\zhaopin\Application\Admin\Controller\XmanagerController.class.php 第 420 行.
NOTIC: [8] Undefined variable: trp2 C:\wamp\www\zhaopin\Application\Admin\Controller\XmanagerController.class.php 第 421 行.
INFO: [ view_parse ] --START--
INFO: [ template_filter ] --START--
INFO: Run Behavior\ContentReplaceBehavior [ RunTime:0.000000s ]
INFO: [ template_filter ] --END-- [ RunTime:0.000000s ]
NOTIC: [2] Invalid argument supplied for foreach() C:\wamp\www\zhaopin\Application\Runtime\Cache\Admin\27555b3bd8d147a9395ea9af1894cbd7.php 第 82 行.
NOTIC: [2] Invalid argument supplied for foreach() C:\wamp\www\zhaopin\Application\Runtime\Cache\Admin\27555b3bd8d147a9395ea9af1894cbd7.php 第 89 行.
NOTIC: [2] Invalid argument supplied for foreach() C:\wamp\www\zhaopin\Application\Runtime\Cache\Admin\27555b3bd8d147a9395ea9af1894cbd7.php 第 82 行.
NOTIC: [2] Invalid argument supplied for foreach() C:\wamp\www\zhaopin\Application\Runtime\Cache\Admin\27555b3bd8d147a9395ea9af1894cbd7.php 第 89 行.
NOTIC: [2] Invalid argument supplied for foreach() C:\wamp\www\zhaopin\Application\Runtime\Cache\Admin\27555b3bd8d147a9395ea9af1894cbd7.php 第 82 行.
NOTIC: [2] Invalid argument supplied for foreach() C:\wamp\www\zhaopin\Application\Runtime\Cache\Admin\27555b3bd8d147a9395ea9af1894cbd7.php 第 89 行.
NOTIC: [2] Invalid argument supplied for foreach() C:\wamp\www\zhaopin\Application\Runtime\Cache\Admin\27555b3bd8d147a9395ea9af1894cbd7.php 第 82 行.
NOTIC: [2] Invalid argument supplied for foreach() C:\wamp\www\zhaopin\Application\Runtime\Cache\Admin\27555b3bd8d147a9395ea9af1894cbd7.php 第 89 行.
NOTIC: [2] Invalid argument supplied for foreach() C:\wamp\www\zhaopin\Application\Runtime\Cache\Admin\27555b3bd8d147a9395ea9af1894cbd7.php 第 82 行.
NOTIC: [2] Invalid argument supplied for foreach() C:\wamp\www\zhaopin\Application\Runtime\Cache\Admin\27555b3bd8d147a9395ea9af1894cbd7.php 第 89 行.
NOTIC: [2] Invalid argument supplied for foreach() C:\wamp\www\zhaopin\Application\Runtime\Cache\Admin\27555b3bd8d147a9395ea9af1894cbd7.php 第 82 行.
NOTIC: [2] Invalid argument supplied for foreach() C:\wamp\www\zhaopin\Application\Runtime\Cache\Admin\27555b3bd8d147a9395ea9af1894cbd7.php 第 89 行.
NOTIC: [2] Invalid argument supplied for foreach() C:\wamp\www\zhaopin\Application\Runtime\Cache\Admin\27555b3bd8d147a9395ea9af1894cbd7.php 第 82 行.
NOTIC: [2] Invalid argument supplied for foreach() C:\wamp\www\zhaopin\Application\Runtime\Cache\Admin\27555b3bd8d147a9395ea9af1894cbd7.php 第 89 行.
NOTIC: [2] Invalid argument supplied for foreach() C:\wamp\www\zhaopin\Application\Runtime\Cache\Admin\27555b3bd8d147a9395ea9af1894cbd7.php 第 82 行.
NOTIC: [2] Invalid argument supplied for foreach() C:\wamp\www\zhaopin\Application\Runtime\Cache\Admin\27555b3bd8d147a9395ea9af1894cbd7.php 第 89 行.
NOTIC: [2] Invalid argument supplied for foreach() C:\wamp\www\zhaopin\Application\Runtime\Cache\Admin\27555b3bd8d147a9395ea9af1894cbd7.php 第 82 行.
NOTIC: [2] Invalid argument supplied for foreach() C:\wamp\www\zhaopin\Application\Runtime\Cache\Admin\27555b3bd8d147a9395ea9af1894cbd7.php 第 89 行.
NOTIC: [2] Invalid argument supplied for foreach() C:\wamp\www\zhaopin\Application\Runtime\Cache\Admin\27555b3bd8d147a9395ea9af1894cbd7.php 第 82 行.
NOTIC: [2] Invalid argument supplied for foreach() C:\wamp\www\zhaopin\Application\Runtime\Cache\Admin\27555b3bd8d147a9395ea9af1894cbd7.php 第 89 行.
INFO: Run Behavior\ParseTemplateBehavior [ RunTime:0.015625s ]
INFO: [ view_parse ] --END-- [ RunTime:0.015625s ]
INFO: [ view_filter ] --START--
INFO: Run Behavior\WriteHtmlCacheBehavior [ RunTime:0.000000s ]
INFO: [ view_filter ] --END-- [ RunTime:0.000000s ]
INFO: [ app_end ] --START--
INFO: Run Behavior\ShowPageTraceBehavior [ RunTime:0.015625s ]
INFO: [ app_end ] --END-- [ RunTime:0.015625s ]

[ 2017-02-09T15:52:50+08:00 ] 122.205.66.51 /index.php/Admin/Xmanager/hl?numid=26&aid=27
INFO: [ app_init ] --START--
INFO: Run Behavior\BuildLiteBehavior [ RunTime:0.000000s ]
INFO: [ app_init ] --END-- [ RunTime:0.000000s ]
INFO: [ app_begin ] --START--
INFO: Run Behavior\ReadHtmlCacheBehavior [ RunTime:0.015625s ]
INFO: [ app_begin ] --END-- [ RunTime:0.015625s ]
SQL: SHOW COLUMNS FROM `zp_administrator` [ RunTime:0.0000s ]
SQL: SELECT * FROM `zp_administrator` WHERE `user` = '55' AND `grant` = 1 LIMIT 1   [ RunTime:0.0000s ]
SQL: SHOW COLUMNS FROM `zp_application` [ RunTime:0.0156s ]
SQL: SHOW COLUMNS FROM `zp_education_experience` [ RunTime:0.0000s ]
SQL: SHOW COLUMNS FROM `zp_work_experience` [ RunTime:0.0000s ]
SQL: SELECT * FROM `zp_application` WHERE `numid` = 26 LIMIT 1   [ RunTime:0.0000s ]
SQL: SELECT * FROM `zp_education_experience` WHERE `aid` = 27  [ RunTime:0.0000s ]
SQL: SELECT * FROM `zp_work_experience` WHERE `aid` = 27  [ RunTime:0.0000s ]
INFO: [ view_parse ] --START--
INFO: [ template_filter ] --START--
INFO: Run Behavior\ContentReplaceBehavior [ RunTime:0.000000s ]
INFO: [ template_filter ] --END-- [ RunTime:0.000000s ]
INFO: Run Behavior\ParseTemplateBehavior [ RunTime:0.031250s ]
INFO: [ view_parse ] --END-- [ RunTime:0.031250s ]
INFO: [ view_filter ] --START--
INFO: Run Behavior\WriteHtmlCacheBehavior [ RunTime:0.000000s ]
INFO: [ view_filter ] --END-- [ RunTime:0.000000s ]
INFO: [ app_end ] --START--
INFO: Run Behavior\ShowPageTraceBehavior [ RunTime:0.000000s ]
INFO: [ app_end ] --END-- [ RunTime:0.000000s ]

[ 2017-02-09T15:53:46+08:00 ] 122.205.66.51 /index.php/Admin/Xmanager/test?filename=588ccfe07270e.doc&username=Dr.%20Mohamed%20Frahat%20Foda%20Ali%20Foda
INFO: [ app_init ] --START--
INFO: Run Behavior\BuildLiteBehavior [ RunTime:0.000000s ]
INFO: [ app_init ] --END-- [ RunTime:0.000000s ]
INFO: [ app_begin ] --START--
INFO: Run Behavior\ReadHtmlCacheBehavior [ RunTime:0.000000s ]
INFO: [ app_begin ] --END-- [ RunTime:0.000000s ]
SQL: SHOW COLUMNS FROM `zp_administrator` [ RunTime:0.0000s ]
SQL: SELECT * FROM `zp_administrator` WHERE `user` = '55' AND `grant` = 1 LIMIT 1   [ RunTime:0.0000s ]

[ 2017-02-09T15:53:51+08:00 ] 122.205.66.51 /index.php/Admin/Xmanager/test?filename=588ccfe07270e.doc&username=Dr.%20Mohamed%20Frahat%20Foda%20Ali%20Foda
INFO: [ app_init ] --START--
INFO: Run Behavior\BuildLiteBehavior [ RunTime:0.000000s ]
INFO: [ app_init ] --END-- [ RunTime:0.000000s ]
INFO: [ app_begin ] --START--
INFO: Run Behavior\ReadHtmlCacheBehavior [ RunTime:0.000000s ]
INFO: [ app_begin ] --END-- [ RunTime:0.015625s ]
SQL: SHOW COLUMNS FROM `zp_administrator` [ RunTime:0.0000s ]
SQL: SELECT * FROM `zp_administrator` WHERE `user` = '55' AND `grant` = 1 LIMIT 1   [ RunTime:0.0000s ]

[ 2017-02-09T15:56:54+08:00 ] 122.205.66.51 /index.php/admin/Xmanager/index.html
INFO: [ app_init ] --START--
INFO: Run Behavior\BuildLiteBehavior [ RunTime:0.000000s ]
INFO: [ app_init ] --END-- [ RunTime:0.000000s ]
INFO: [ app_begin ] --START--
INFO: Run Behavior\ReadHtmlCacheBehavior [ RunTime:0.000000s ]
INFO: [ app_begin ] --END-- [ RunTime:0.000000s ]
SQL: SHOW COLUMNS FROM `zp_administrator` [ RunTime:0.0000s ]
SQL: SELECT * FROM `zp_administrator` WHERE `user` = '55' AND `grant` = 1 LIMIT 1   [ RunTime:0.0000s ]
SQL: SHOW COLUMNS FROM `zp_proform` [ RunTime:0.0000s ]
SQL: SHOW COLUMNS FROM `zp_application` [ RunTime:0.0000s ]
SQL: SHOW COLUMNS FROM `zp_professior` [ RunTime:0.0000s ]
SQL: SELECT DISTINCT  `numid` FROM `zp_proform`  [ RunTime:0.0000s ]
SQL: SELECT * FROM `zp_administrator` WHERE `grant` = 2  [ RunTime:0.0000s ]
SQL: SELECT * FROM `zp_professior` WHERE `grant` = 2  [ RunTime:0.0000s ]
NOTIC: [8] Undefined variable: hk C:\wamp\www\zhaopin\Application\Admin\Controller\XmanagerController.class.php 第 62 行.
NOTIC: [8] Undefined variable: klp C:\wamp\www\zhaopin\Application\Admin\Controller\XmanagerController.class.php 第 63 行.
NOTIC: [8] Undefined variable: tr C:\wamp\www\zhaopin\Application\Admin\Controller\XmanagerController.class.php 第 64 行.
INFO: [ view_parse ] --START--
INFO: [ template_filter ] --START--
INFO: Run Behavior\ContentReplaceBehavior [ RunTime:0.000000s ]
INFO: [ template_filter ] --END-- [ RunTime:0.000000s ]
NOTIC: [8] Undefined variable: page C:\wamp\www\zhaopin\Application\Runtime\Cache\Admin\160404f9ccfe64e795931bd711cc3bbe.php 第 160 行.
INFO: Run Behavior\ParseTemplateBehavior [ RunTime:0.015625s ]
INFO: [ view_parse ] --END-- [ RunTime:0.015625s ]
INFO: [ view_filter ] --START--
INFO: Run Behavior\WriteHtmlCacheBehavior [ RunTime:0.000000s ]
INFO: [ view_filter ] --END-- [ RunTime:0.000000s ]
INFO: [ app_end ] --START--
INFO: Run Behavior\ShowPageTraceBehavior [ RunTime:0.000000s ]
INFO: [ app_end ] --END-- [ RunTime:0.015625s ]

[ 2017-02-09T15:56:55+08:00 ] 122.205.66.51 /index.php/admin/Xmanager/add.html
INFO: [ app_init ] --START--
INFO: Run Behavior\BuildLiteBehavior [ RunTime:0.000000s ]
INFO: [ app_init ] --END-- [ RunTime:0.000000s ]
INFO: [ app_begin ] --START--
INFO: Run Behavior\ReadHtmlCacheBehavior [ RunTime:0.000000s ]
INFO: [ app_begin ] --END-- [ RunTime:0.000000s ]
SQL: SHOW COLUMNS FROM `zp_administrator` [ RunTime:0.0000s ]
SQL: SELECT * FROM `zp_administrator` WHERE `user` = '55' AND `grant` = 1 LIMIT 1   [ RunTime:0.0000s ]
SQL: SHOW COLUMNS FROM `zp_professior` [ RunTime:0.0000s ]
SQL: SELECT * FROM `zp_professior` WHERE `grant` = 2  [ RunTime:0.0000s ]
INFO: [ view_parse ] --START--
INFO: [ template_filter ] --START--
INFO: Run Behavior\ContentReplaceBehavior [ RunTime:0.000000s ]
INFO: [ template_filter ] --END-- [ RunTime:0.000000s ]
INFO: Run Behavior\ParseTemplateBehavior [ RunTime:0.062500s ]
INFO: [ view_parse ] --END-- [ RunTime:0.062500s ]
INFO: [ view_filter ] --START--
INFO: Run Behavior\WriteHtmlCacheBehavior [ RunTime:0.000000s ]
INFO: [ view_filter ] --END-- [ RunTime:0.000000s ]
INFO: [ app_end ] --START--
INFO: Run Behavior\ShowPageTraceBehavior [ RunTime:0.000000s ]
INFO: [ app_end ] --END-- [ RunTime:0.000000s ]

[ 2017-02-09T15:56:58+08:00 ] 122.205.66.51 /index.php/admin/Login/login
INFO: [ app_init ] --START--
INFO: Run Behavior\BuildLiteBehavior [ RunTime:0.000000s ]
INFO: [ app_init ] --END-- [ RunTime:0.000000s ]
INFO: [ app_begin ] --START--
INFO: Run Behavior\ReadHtmlCacheBehavior [ RunTime:0.000000s ]
INFO: [ app_begin ] --END-- [ RunTime:0.000000s ]
INFO: [ view_parse ] --START--
INFO: [ template_filter ] --START--
INFO: Run Behavior\ContentReplaceBehavior [ RunTime:0.000000s ]
INFO: [ template_filter ] --END-- [ RunTime:0.000000s ]
INFO: Run Behavior\ParseTemplateBehavior [ RunTime:0.000000s ]
INFO: [ view_parse ] --END-- [ RunTime:0.000000s ]
INFO: [ view_filter ] --START--
INFO: Run Behavior\WriteHtmlCacheBehavior [ RunTime:0.000000s ]
INFO: [ view_filter ] --END-- [ RunTime:0.000000s ]
INFO: [ app_end ] --START--
INFO: Run Behavior\ShowPageTraceBehavior [ RunTime:0.000000s ]
INFO: [ app_end ] --END-- [ RunTime:0.000000s ]

